[2020-05-03 15:19:19]--[src_cgi/login_cgi.c:288]--buf = {
    "pwd": "e10adc3949ba59abbe56e057f20f883e",
    "user": "Mario"
}

[2020-05-03 15:19:19]--[src_cgi/login_cgi.c:294]--user = Mario, pwd = e10adc3949ba59abbe56e057f20f883e
[2020-05-03 15:19:19]--[src_cgi/login_cgi.c:101]--mysql_user = root, mysql_pwd = 123456, mysql_db = cloud_disk
[2020-05-03 15:19:19]--[src_cgi/login_cgi.c:161]--redis:[ip=127.0.0.1,port=6379]
[2020-05-03 15:19:19]--[src_cgi/login_cgi.c:185]--tmp = Mario469844737901
[2020-05-03 15:19:19]--[src_cgi/login_cgi.c:201]--base64 = 0+7PTkfFDf0lNs/X7WjjjPlvnLKu4lWq
[2020-05-03 15:19:19]--[src_cgi/login_cgi.c:303]--token = b6353f898b2040e7e9beb38750c8bf12
[2020-05-03 16:05:15]--[src_cgi/login_cgi.c:288]--buf = {
    "pwd": "e10adc3949ba59abbe56e057f20f883e",
    "user": "Mario"
}

[2020-05-03 16:05:15]--[src_cgi/login_cgi.c:294]--user = Mario, pwd = e10adc3949ba59abbe56e057f20f883e
[2020-05-03 16:05:15]--[src_cgi/login_cgi.c:101]--mysql_user = root, mysql_pwd = 123456, mysql_db = cloud_disk
[2020-05-03 16:05:15]--[src_cgi/login_cgi.c:161]--redis:[ip=127.0.0.1,port=6379]
[2020-05-03 16:05:15]--[src_cgi/login_cgi.c:185]--tmp = Mario58169469526
[2020-05-03 16:05:15]--[src_cgi/login_cgi.c:201]--base64 = 4p4FZ28wuE2XUxWDj4Sdpi0ZxLNK7pNJ
[2020-05-03 16:05:15]--[src_cgi/login_cgi.c:303]--token = 4d91bf9c19d00b843db9d7d1c82fb36c
[2020-05-03 16:07:09]--[src_cgi/login_cgi.c:288]--buf = {
    "pwd": "e10adc3949ba59abbe56e057f20f883e",
    "user": "Mario"
}

[2020-05-03 16:07:09]--[src_cgi/login_cgi.c:294]--user = Mario, pwd = e10adc3949ba59abbe56e057f20f883e
[2020-05-03 16:07:09]--[src_cgi/login_cgi.c:101]--mysql_user = root, mysql_pwd = 123456, mysql_db = cloud_disk
[2020-05-03 16:07:09]--[src_cgi/login_cgi.c:161]--redis:[ip=127.0.0.1,port=6379]
[2020-05-03 16:07:09]--[src_cgi/login_cgi.c:185]--tmp = Mario450464709324
[2020-05-03 16:07:09]--[src_cgi/login_cgi.c:201]--base64 = cd0bREdkO+IJw9EFZYg9bp+HwxKUAZ0k
[2020-05-03 16:07:09]--[src_cgi/login_cgi.c:303]--token = 4cf63b9bf373ed7f9da8d2cd0f9f0add
[2020-05-03 16:10:18]--[src_cgi/login_cgi.c:288]--buf = {
    "pwd": "e10adc3949ba59abbe56e057f20f883e",
    "user": "Mario"
}

[2020-05-03 16:10:18]--[src_cgi/login_cgi.c:294]--user = Mario, pwd = e10adc3949ba59abbe56e057f20f883e
[2020-05-03 16:10:18]--[src_cgi/login_cgi.c:101]--mysql_user = root, mysql_pwd = 123456, mysql_db = cloud_disk
[2020-05-03 16:10:18]--[src_cgi/login_cgi.c:161]--redis:[ip=127.0.0.1,port=6379]
[2020-05-03 16:10:18]--[src_cgi/login_cgi.c:185]--tmp = Mario148437308
[2020-05-03 16:10:18]--[src_cgi/login_cgi.c:201]--base64 = EAaBf1SNwgmGbK6fPnFlMA==
[2020-05-03 16:10:18]--[src_cgi/login_cgi.c:303]--token = c3011fbdad92048047de8309e064f10a
[2020-05-03 16:13:32]--[src_cgi/login_cgi.c:288]--buf = {
    "pwd": "e10adc3949ba59abbe56e057f20f883e",
    "user": "Mario"
}

[2020-05-03 16:13:32]--[src_cgi/login_cgi.c:294]--user = Mario, pwd = e10adc3949ba59abbe56e057f20f883e
[2020-05-03 16:13:32]--[src_cgi/login_cgi.c:101]--mysql_user = root, mysql_pwd = 123456, mysql_db = cloud_disk
[2020-05-03 16:13:32]--[src_cgi/login_cgi.c:161]--redis:[ip=127.0.0.1,port=6379]
[2020-05-03 16:13:32]--[src_cgi/login_cgi.c:185]--tmp = Mario98142248924
[2020-05-03 16:13:32]--[src_cgi/login_cgi.c:201]--base64 = L79N8nC/vczUmjwcyTvAES0ZxLNK7pNJ
[2020-05-03 16:13:32]--[src_cgi/login_cgi.c:303]--token = 6a16f593003973218710635a10167335
[2020-05-03 16:19:57]--[src_cgi/login_cgi.c:288]--buf = {
    "pwd": "e10adc3949ba59abbe56e057f20f883e",
    "user": "Mario"
}

[2020-05-03 16:19:57]--[src_cgi/login_cgi.c:294]--user = Mario, pwd = e10adc3949ba59abbe56e057f20f883e
[2020-05-03 16:19:57]--[src_cgi/login_cgi.c:101]--mysql_user = root, mysql_pwd = 123456, mysql_db = cloud_disk
[2020-05-03 16:19:57]--[src_cgi/login_cgi.c:161]--redis:[ip=127.0.0.1,port=6379]
[2020-05-03 16:19:57]--[src_cgi/login_cgi.c:185]--tmp = Mario454256111782
[2020-05-03 16:19:57]--[src_cgi/login_cgi.c:201]--base64 = IvCNkZC14mj0TtRli48EMnj7pjZQFtzO
[2020-05-03 16:19:57]--[src_cgi/login_cgi.c:303]--token = ebf575567af9491b123957dff8156550
[2020-05-03 16:21:08]--[src_cgi/login_cgi.c:288]--buf = {
    "pwd": "e10adc3949ba59abbe56e057f20f883e",
    "user": "Mario"
}

[2020-05-03 16:21:08]--[src_cgi/login_cgi.c:294]--user = Mario, pwd = e10adc3949ba59abbe56e057f20f883e
[2020-05-03 16:21:08]--[src_cgi/login_cgi.c:101]--mysql_user = root, mysql_pwd = 123456, mysql_db = cloud_disk
[2020-05-03 16:21:08]--[src_cgi/login_cgi.c:161]--redis:[ip=127.0.0.1,port=6379]
[2020-05-03 16:21:08]--[src_cgi/login_cgi.c:185]--tmp = Mario340924309374
[2020-05-03 16:21:08]--[src_cgi/login_cgi.c:201]--base64 = UplUo3oOZsUipYU74nJMFJ+HwxKUAZ0k
[2020-05-03 16:21:08]--[src_cgi/login_cgi.c:303]--token = 75692cd43433663e7d44c56041a90b8b
[2020-05-03 16:22:13]--[src_cgi/login_cgi.c:288]--buf = {
    "pwd": "e10adc3949ba59abbe56e057f20f883e",
    "user": "Mario"
}

[2020-05-03 16:22:13]--[src_cgi/login_cgi.c:294]--user = Mario, pwd = e10adc3949ba59abbe56e057f20f883e
[2020-05-03 16:22:13]--[src_cgi/login_cgi.c:101]--mysql_user = root, mysql_pwd = 123456, mysql_db = cloud_disk
[2020-05-03 16:22:13]--[src_cgi/login_cgi.c:161]--redis:[ip=127.0.0.1,port=6379]
[2020-05-03 16:22:13]--[src_cgi/login_cgi.c:185]--tmp = Mario781544844851
[2020-05-03 16:22:13]--[src_cgi/login_cgi.c:201]--base64 = YT5h17IBQi0DXtt3R0YZXvlvnLKu4lWq
[2020-05-03 16:22:13]--[src_cgi/login_cgi.c:303]--token = 7a44fba267d4031e54b436e5abcf3c7b
[2020-05-03 16:22:27]--[src_cgi/login_cgi.c:288]--buf = {
    "pwd": "e10adc3949ba59abbe56e057f20f883e",
    "user": "Mario"
}

[2020-05-03 16:22:27]--[src_cgi/login_cgi.c:294]--user = Mario, pwd = e10adc3949ba59abbe56e057f20f883e
[2020-05-03 16:22:27]--[src_cgi/login_cgi.c:101]--mysql_user = root, mysql_pwd = 123456, mysql_db = cloud_disk
[2020-05-03 16:22:27]--[src_cgi/login_cgi.c:161]--redis:[ip=127.0.0.1,port=6379]
[2020-05-03 16:22:27]--[src_cgi/login_cgi.c:185]--tmp = Mario559689196474
[2020-05-03 16:22:27]--[src_cgi/login_cgi.c:201]--base64 = utu3tOfvpFstNgkHMD12JZ+HwxKUAZ0k
[2020-05-03 16:22:27]--[src_cgi/login_cgi.c:303]--token = 966d8f0cc3bcd6c19142f92a89f819db
[2020-05-03 16:41:58]--[src_cgi/login_cgi.c:288]--buf = {
    "pwd": "e10adc3949ba59abbe56e057f20f883e",
    "user": "Mario"
}

[2020-05-03 16:41:58]--[src_cgi/login_cgi.c:294]--user = Mario, pwd = e10adc3949ba59abbe56e057f20f883e
[2020-05-03 16:41:58]--[src_cgi/login_cgi.c:101]--mysql_user = root, mysql_pwd = 123456, mysql_db = cloud_disk
[2020-05-03 16:41:58]--[src_cgi/login_cgi.c:161]--redis:[ip=127.0.0.1,port=6379]
[2020-05-03 16:41:58]--[src_cgi/login_cgi.c:185]--tmp = Mario93385475779
[2020-05-03 16:41:58]--[src_cgi/login_cgi.c:201]--base64 = C1Q13gRBc+PVcqPDvBuP4S0ZxLNK7pNJ
[2020-05-03 16:41:58]--[src_cgi/login_cgi.c:303]--token = f17c884a7514f7fc0025b9f048ed1a8b
[2020-05-03 16:42:22]--[src_cgi/login_cgi.c:288]--buf = {
    "pwd": "e10adc3949ba59abbe56e057f20f883e",
    "user": "Mario"
}

[2020-05-03 16:42:22]--[src_cgi/login_cgi.c:294]--user = Mario, pwd = e10adc3949ba59abbe56e057f20f883e
[2020-05-03 16:42:22]--[src_cgi/login_cgi.c:101]--mysql_user = root, mysql_pwd = 123456, mysql_db = cloud_disk
[2020-05-03 16:42:22]--[src_cgi/login_cgi.c:161]--redis:[ip=127.0.0.1,port=6379]
[2020-05-03 16:42:22]--[src_cgi/login_cgi.c:185]--tmp = Mario65699551350
[2020-05-03 16:42:22]--[src_cgi/login_cgi.c:201]--base64 = k0RLVhISFbOH+raUR1K/5y0ZxLNK7pNJ
[2020-05-03 16:42:22]--[src_cgi/login_cgi.c:303]--token = d14f58ee9acc591a696bd99a16e73a3f
[2020-05-03 16:46:49]--[src_cgi/login_cgi.c:288]--buf = {
    "pwd": "e10adc3949ba59abbe56e057f20f883e",
    "user": "Mario"
}

[2020-05-03 16:46:49]--[src_cgi/login_cgi.c:294]--user = Mario, pwd = e10adc3949ba59abbe56e057f20f883e
[2020-05-03 16:46:49]--[src_cgi/login_cgi.c:101]--mysql_user = root, mysql_pwd = 123456, mysql_db = cloud_disk
[2020-05-03 16:46:49]--[src_cgi/login_cgi.c:161]--redis:[ip=127.0.0.1,port=6379]
[2020-05-03 16:46:49]--[src_cgi/login_cgi.c:185]--tmp = Mario415324408427
[2020-05-03 16:46:49]--[src_cgi/login_cgi.c:201]--base64 = xlACLKbpbiGNJilQoaYetfUujTBmz0dF
[2020-05-03 16:46:49]--[src_cgi/login_cgi.c:303]--token = 3de835037534f943bb010e34a559b0bf
[2020-05-03 16:51:47]--[src_cgi/login_cgi.c:288]--buf = {
    "pwd": "e10adc3949ba59abbe56e057f20f883e",
    "user": "Mario"
}

[2020-05-03 16:51:47]--[src_cgi/login_cgi.c:294]--user = Mario, pwd = e10adc3949ba59abbe56e057f20f883e
[2020-05-03 16:51:47]--[src_cgi/login_cgi.c:101]--mysql_user = root, mysql_pwd = 123456, mysql_db = cloud_disk
[2020-05-03 16:51:47]--[src_cgi/login_cgi.c:161]--redis:[ip=127.0.0.1,port=6379]
[2020-05-03 16:51:47]--[src_cgi/login_cgi.c:185]--tmp = Mario466859523815
[2020-05-03 16:51:47]--[src_cgi/login_cgi.c:201]--base64 = wy8P9zYvkiaEl8NNHNbvHG+Ut+5trQL2
[2020-05-03 16:51:47]--[src_cgi/login_cgi.c:303]--token = c58122b608a1e1993a54f3cce1983d6e
[2020-05-03 16:53:35]--[src_cgi/login_cgi.c:288]--buf = {
    "pwd": "e10adc3949ba59abbe56e057f20f883e",
    "user": "Mario"
}

[2020-05-03 16:53:35]--[src_cgi/login_cgi.c:294]--user = Mario, pwd = e10adc3949ba59abbe56e057f20f883e
[2020-05-03 16:53:35]--[src_cgi/login_cgi.c:101]--mysql_user = root, mysql_pwd = 123456, mysql_db = cloud_disk
[2020-05-03 16:53:35]--[src_cgi/login_cgi.c:161]--redis:[ip=127.0.0.1,port=6379]
[2020-05-03 16:53:35]--[src_cgi/login_cgi.c:185]--tmp = Mario521838749535
[2020-05-03 16:53:35]--[src_cgi/login_cgi.c:201]--base64 = gZJNNiKdwL6ax/DRagzgn2+Ut+5trQL2
[2020-05-03 16:53:35]--[src_cgi/login_cgi.c:303]--token = 52213fa1c64663a8a4bc375d8b273c66
[2020-05-03 16:54:43]--[src_cgi/login_cgi.c:288]--buf = {
    "pwd": "e10adc3949ba59abbe56e057f20f883e",
    "user": "Mario"
}

[2020-05-03 16:54:43]--[src_cgi/login_cgi.c:294]--user = Mario, pwd = e10adc3949ba59abbe56e057f20f883e
[2020-05-03 16:54:43]--[src_cgi/login_cgi.c:101]--mysql_user = root, mysql_pwd = 123456, mysql_db = cloud_disk
[2020-05-03 16:54:43]--[src_cgi/login_cgi.c:161]--redis:[ip=127.0.0.1,port=6379]
[2020-05-03 16:54:43]--[src_cgi/login_cgi.c:185]--tmp = Mario269104693152
[2020-05-03 16:54:43]--[src_cgi/login_cgi.c:201]--base64 = qhovBhDFlBsUka/9tomxY3j7pjZQFtzO
[2020-05-03 16:54:43]--[src_cgi/login_cgi.c:303]--token = c04433d213edf21c29ead0c472585467
[2020-05-03 16:55:08]--[src_cgi/login_cgi.c:288]--buf = {
    "pwd": "e10adc3949ba59abbe56e057f20f883e",
    "user": "Mario"
}

[2020-05-03 16:55:08]--[src_cgi/login_cgi.c:294]--user = Mario, pwd = e10adc3949ba59abbe56e057f20f883e
[2020-05-03 16:55:08]--[src_cgi/login_cgi.c:101]--mysql_user = root, mysql_pwd = 123456, mysql_db = cloud_disk
[2020-05-03 16:55:08]--[src_cgi/login_cgi.c:161]--redis:[ip=127.0.0.1,port=6379]
[2020-05-03 16:55:08]--[src_cgi/login_cgi.c:185]--tmp = Mario62571563221
[2020-05-03 16:55:08]--[src_cgi/login_cgi.c:201]--base64 = 8a6mG5fOLzCkPOoCI9VYAi0ZxLNK7pNJ
[2020-05-03 16:55:08]--[src_cgi/login_cgi.c:303]--token = 98db60b661b5417aaad04b0754d4a492
[2020-05-03 16:55:23]--[src_cgi/login_cgi.c:288]--buf = {
    "pwd": "e10adc3949ba59abbe56e057f20f883e",
    "user": "Mario"
}

[2020-05-03 16:55:23]--[src_cgi/login_cgi.c:294]--user = Mario, pwd = e10adc3949ba59abbe56e057f20f883e
[2020-05-03 16:55:23]--[src_cgi/login_cgi.c:101]--mysql_user = root, mysql_pwd = 123456, mysql_db = cloud_disk
[2020-05-03 16:55:23]--[src_cgi/login_cgi.c:161]--redis:[ip=127.0.0.1,port=6379]
[2020-05-03 16:55:23]--[src_cgi/login_cgi.c:185]--tmp = Mario494584365996
[2020-05-03 16:55:23]--[src_cgi/login_cgi.c:201]--base64 = VMnzCoHpAG0FL23Ltt8eO+wb1egIr+tu
[2020-05-03 16:55:23]--[src_cgi/login_cgi.c:303]--token = 483214e49cc592361fd66ee6b372f9b6
[2020-05-03 16:56:51]--[src_cgi/login_cgi.c:288]--buf = {
    "pwd": "e10adc3949ba59abbe56e057f20f883e",
    "user": "Mario"
}

[2020-05-03 16:56:51]--[src_cgi/login_cgi.c:294]--user = Mario, pwd = e10adc3949ba59abbe56e057f20f883e
[2020-05-03 16:56:51]--[src_cgi/login_cgi.c:101]--mysql_user = root, mysql_pwd = 123456, mysql_db = cloud_disk
[2020-05-03 16:56:51]--[src_cgi/login_cgi.c:161]--redis:[ip=127.0.0.1,port=6379]
[2020-05-03 16:56:51]--[src_cgi/login_cgi.c:185]--tmp = Mario18268960540
[2020-05-03 16:56:51]--[src_cgi/login_cgi.c:201]--base64 = a4yq8W0RLP//58+IknR/Ki0ZxLNK7pNJ
[2020-05-03 16:56:51]--[src_cgi/login_cgi.c:303]--token = f581e6b7af393fd9b5d22c29e899c44e
[2020-05-03 16:59:15]--[src_cgi/login_cgi.c:288]--buf = {
    "pwd": "e10adc3949ba59abbe56e057f20f883e",
    "user": "Mario"
}

[2020-05-03 16:59:15]--[src_cgi/login_cgi.c:294]--user = Mario, pwd = e10adc3949ba59abbe56e057f20f883e
[2020-05-03 16:59:15]--[src_cgi/login_cgi.c:101]--mysql_user = root, mysql_pwd = 123456, mysql_db = cloud_disk
[2020-05-03 16:59:15]--[src_cgi/login_cgi.c:161]--redis:[ip=127.0.0.1,port=6379]
[2020-05-03 16:59:15]--[src_cgi/login_cgi.c:185]--tmp = Mario240351734711
[2020-05-03 16:59:15]--[src_cgi/login_cgi.c:201]--base64 = w6/tmDtefdCCw/ugzgHBv/lvnLKu4lWq
[2020-05-03 16:59:15]--[src_cgi/login_cgi.c:303]--token = b1a7d7803acf1471bde1273a118341a4
[2020-05-03 17:00:39]--[src_cgi/login_cgi.c:288]--buf = {
    "pwd": "e10adc3949ba59abbe56e057f20f883e",
    "user": "Mario"
}

[2020-05-03 17:00:39]--[src_cgi/login_cgi.c:294]--user = Mario, pwd = e10adc3949ba59abbe56e057f20f883e
[2020-05-03 17:00:39]--[src_cgi/login_cgi.c:101]--mysql_user = root, mysql_pwd = 123456, mysql_db = cloud_disk
[2020-05-03 17:00:39]--[src_cgi/login_cgi.c:161]--redis:[ip=127.0.0.1,port=6379]
[2020-05-03 17:00:39]--[src_cgi/login_cgi.c:185]--tmp = Mario901308453854
[2020-05-03 17:00:39]--[src_cgi/login_cgi.c:201]--base64 = 0CMfByw3sjI1HI1tyUwc/p+HwxKUAZ0k
[2020-05-03 17:00:39]--[src_cgi/login_cgi.c:303]--token = fd29d7ba72d9b946618f0a1afde263e5
[2020-05-03 17:03:55]--[src_cgi/login_cgi.c:288]--buf = {
    "pwd": "e10adc3949ba59abbe56e057f20f883e",
    "user": "Mario"
}

[2020-05-03 17:03:55]--[src_cgi/login_cgi.c:294]--user = Mario, pwd = e10adc3949ba59abbe56e057f20f883e
[2020-05-03 17:03:55]--[src_cgi/login_cgi.c:101]--mysql_user = root, mysql_pwd = 123456, mysql_db = cloud_disk
[2020-05-03 17:03:55]--[src_cgi/login_cgi.c:161]--redis:[ip=127.0.0.1,port=6379]
[2020-05-03 17:03:55]--[src_cgi/login_cgi.c:185]--tmp = Mario261762582184
[2020-05-03 17:03:55]--[src_cgi/login_cgi.c:201]--base64 = ekYDzskML0qohrRM0/yJHp+HwxKUAZ0k
[2020-05-03 17:03:55]--[src_cgi/login_cgi.c:303]--token = ab25856ae4fd81dfc05577bafc1ef582
[2020-05-03 17:25:38]--[src_cgi/login_cgi.c:288]--buf = {
    "pwd": "e10adc3949ba59abbe56e057f20f883e",
    "user": "Mario"
}

[2020-05-03 17:25:38]--[src_cgi/login_cgi.c:294]--user = Mario, pwd = e10adc3949ba59abbe56e057f20f883e
[2020-05-03 17:25:38]--[src_cgi/login_cgi.c:101]--mysql_user = root, mysql_pwd = 123456, mysql_db = cloud_disk
[2020-05-03 17:25:38]--[src_cgi/login_cgi.c:161]--redis:[ip=127.0.0.1,port=6379]
[2020-05-03 17:25:38]--[src_cgi/login_cgi.c:185]--tmp = Mario476223154656
[2020-05-03 17:25:38]--[src_cgi/login_cgi.c:201]--base64 = v96dCwOe7vBfwBNnPqVkuuwb1egIr+tu
[2020-05-03 17:25:38]--[src_cgi/login_cgi.c:303]--token = f38851f35310e5afa22698e19767c3ad
[2020-05-03 17:29:48]--[src_cgi/login_cgi.c:288]--buf = {
    "pwd": "e10adc3949ba59abbe56e057f20f883e",
    "user": "Mario"
}

[2020-05-03 17:29:48]--[src_cgi/login_cgi.c:294]--user = Mario, pwd = e10adc3949ba59abbe56e057f20f883e
[2020-05-03 17:29:48]--[src_cgi/login_cgi.c:101]--mysql_user = root, mysql_pwd = 123456, mysql_db = cloud_disk
[2020-05-03 17:29:48]--[src_cgi/login_cgi.c:161]--redis:[ip=127.0.0.1,port=6379]
[2020-05-03 17:29:48]--[src_cgi/login_cgi.c:185]--tmp = Mario192677927855
[2020-05-03 17:29:48]--[src_cgi/login_cgi.c:201]--base64 = E3cD9RMcMzUjOZw0ZKWn+W+Ut+5trQL2
[2020-05-03 17:29:48]--[src_cgi/login_cgi.c:303]--token = 1a26422a6bb74e5d8938ce76d87e2d40
[2020-05-03 17:30:45]--[src_cgi/login_cgi.c:288]--buf = {
    "pwd": "e10adc3949ba59abbe56e057f20f883e",
    "user": "Mario"
}

[2020-05-03 17:30:45]--[src_cgi/login_cgi.c:294]--user = Mario, pwd = e10adc3949ba59abbe56e057f20f883e
[2020-05-03 17:30:45]--[src_cgi/login_cgi.c:101]--mysql_user = root, mysql_pwd = 123456, mysql_db = cloud_disk
[2020-05-03 17:30:45]--[src_cgi/login_cgi.c:161]--redis:[ip=127.0.0.1,port=6379]
[2020-05-03 17:30:45]--[src_cgi/login_cgi.c:185]--tmp = Mario607977866997
[2020-05-03 17:30:45]--[src_cgi/login_cgi.c:201]--base64 = boYmspQ9d/dRSoXY5QvcofUujTBmz0dF
[2020-05-03 17:30:45]--[src_cgi/login_cgi.c:303]--token = e3ec7b8773081aeefd7dcd8b894075a8
[2020-05-03 17:31:15]--[src_cgi/login_cgi.c:288]--buf = {
    "pwd": "e10adc3949ba59abbe56e057f20f883e",
    "user": "Mario"
}

[2020-05-03 17:31:15]--[src_cgi/login_cgi.c:294]--user = Mario, pwd = e10adc3949ba59abbe56e057f20f883e
[2020-05-03 17:31:15]--[src_cgi/login_cgi.c:101]--mysql_user = root, mysql_pwd = 123456, mysql_db = cloud_disk
[2020-05-03 17:31:15]--[src_cgi/login_cgi.c:161]--redis:[ip=127.0.0.1,port=6379]
[2020-05-03 17:31:15]--[src_cgi/login_cgi.c:185]--tmp = Mario251283315457
[2020-05-03 17:31:15]--[src_cgi/login_cgi.c:201]--base64 = NuxYEm94La6X8JtedvRpKPUujTBmz0dF
[2020-05-03 17:31:15]--[src_cgi/login_cgi.c:303]--token = ca86cbe81be8ffa799aa8f9c57a06452
[2020-05-03 17:31:50]--[src_cgi/login_cgi.c:288]--buf = {
    "pwd": "e10adc3949ba59abbe56e057f20f883e",
    "user": "Mario"
}

[2020-05-03 17:31:50]--[src_cgi/login_cgi.c:294]--user = Mario, pwd = e10adc3949ba59abbe56e057f20f883e
[2020-05-03 17:31:50]--[src_cgi/login_cgi.c:101]--mysql_user = root, mysql_pwd = 123456, mysql_db = cloud_disk
[2020-05-03 17:31:50]--[src_cgi/login_cgi.c:161]--redis:[ip=127.0.0.1,port=6379]
[2020-05-03 17:31:50]--[src_cgi/login_cgi.c:185]--tmp = Mario13321472440
[2020-05-03 17:31:50]--[src_cgi/login_cgi.c:201]--base64 = CA5n2M69wUlODQJpYaqNKy0ZxLNK7pNJ
[2020-05-03 17:31:50]--[src_cgi/login_cgi.c:303]--token = 2bd65465db834c03548db34869dfe686
[2020-05-03 17:36:17]--[src_cgi/login_cgi.c:288]--buf = {
    "pwd": "e10adc3949ba59abbe56e057f20f883e",
    "user": "Mario"
}

[2020-05-03 17:36:17]--[src_cgi/login_cgi.c:294]--user = Mario, pwd = e10adc3949ba59abbe56e057f20f883e
[2020-05-03 17:36:17]--[src_cgi/login_cgi.c:101]--mysql_user = root, mysql_pwd = 123456, mysql_db = cloud_disk
[2020-05-03 17:36:17]--[src_cgi/login_cgi.c:161]--redis:[ip=127.0.0.1,port=6379]
[2020-05-03 17:36:17]--[src_cgi/login_cgi.c:185]--tmp = Mario694620192305
[2020-05-03 17:36:17]--[src_cgi/login_cgi.c:201]--base64 = 72tunVjlZUQoI1khWZZZc2+Ut+5trQL2
[2020-05-03 17:36:17]--[src_cgi/login_cgi.c:303]--token = 8f85d8884e1310fffb4590d2fc10cea3
