[2020-05-01 13:29:28]--[src_cgi/login_cgi.c:288]--buf = {
    "pwd": "e10adc3949ba59abbe56e057f20f883e",
    "user": "Mario"
}

[2020-05-01 13:29:28]--[src_cgi/login_cgi.c:294]--user = Mario, pwd = e10adc3949ba59abbe56e057f20f883e
[2020-05-01 13:29:28]--[src_cgi/login_cgi.c:101]--mysql_user = root, mysql_pwd = 123456, mysql_db = cloud_disk
[2020-05-01 13:29:28]--[src_cgi/login_cgi.c:161]--redis:[ip=127.0.0.1,port=6379]
[2020-05-01 13:29:28]--[src_cgi/login_cgi.c:185]--tmp = Mario986371907223
[2020-05-01 13:29:28]--[src_cgi/login_cgi.c:201]--base64 = LwWD02z7KnvmtkQ3bMjmwq7DEUAkWTSv
[2020-05-01 13:29:28]--[src_cgi/login_cgi.c:303]--token = 17c16d586a42ecb50098aceb1782030a
[2020-05-01 19:05:04]--[src_cgi/login_cgi.c:288]--buf = {
    "pwd": "e10adc3949ba59abbe56e057f20f883e",
    "user": "Mario"
}

[2020-05-01 19:05:04]--[src_cgi/login_cgi.c:294]--user = Mario, pwd = e10adc3949ba59abbe56e057f20f883e
[2020-05-01 19:05:04]--[src_cgi/login_cgi.c:101]--mysql_user = root, mysql_pwd = 123456, mysql_db = cloud_disk
[2020-05-01 19:05:07]--[src_cgi/login_cgi.c:288]--buf = {
    "pwd": "e10adc3949ba59abbe56e057f20f883e",
    "user": "Mario"
}

[2020-05-01 19:05:07]--[src_cgi/login_cgi.c:294]--user = Mario, pwd = e10adc3949ba59abbe56e057f20f883e
[2020-05-01 19:05:07]--[src_cgi/login_cgi.c:101]--mysql_user = root, mysql_pwd = 123456, mysql_db = cloud_disk
[2020-05-01 19:05:19]--[src_cgi/login_cgi.c:288]--buf = {
    "pwd": "e10adc3949ba59abbe56e057f20f883e",
    "user": "Mario"
}

[2020-05-01 19:05:19]--[src_cgi/login_cgi.c:294]--user = Mario, pwd = e10adc3949ba59abbe56e057f20f883e
[2020-05-01 19:05:19]--[src_cgi/login_cgi.c:101]--mysql_user = root, mysql_pwd = 123456, mysql_db = cloud_disk
[2020-05-01 19:05:24]--[src_cgi/login_cgi.c:288]--buf = {
    "pwd": "e10adc3949ba59abbe56e057f20f883e",
    "user": "Mario"
}

[2020-05-01 19:05:24]--[src_cgi/login_cgi.c:294]--user = Mario, pwd = e10adc3949ba59abbe56e057f20f883e
[2020-05-01 19:05:24]--[src_cgi/login_cgi.c:101]--mysql_user = root, mysql_pwd = 123456, mysql_db = cloud_disk
[2020-05-01 19:10:06]--[src_cgi/login_cgi.c:288]--buf = {
    "pwd": "e10adc3949ba59abbe56e057f20f883e",
    "user": "Mario"
}

[2020-05-01 19:10:06]--[src_cgi/login_cgi.c:294]--user = Mario, pwd = e10adc3949ba59abbe56e057f20f883e
[2020-05-01 19:10:06]--[src_cgi/login_cgi.c:101]--mysql_user = root, mysql_pwd = 123456, mysql_db = cloud_disk
[2020-05-01 19:10:07]--[src_cgi/login_cgi.c:288]--buf = {
    "pwd": "e10adc3949ba59abbe56e057f20f883e",
    "user": "Mario"
}

[2020-05-01 19:10:07]--[src_cgi/login_cgi.c:294]--user = Mario, pwd = e10adc3949ba59abbe56e057f20f883e
[2020-05-01 19:10:07]--[src_cgi/login_cgi.c:101]--mysql_user = root, mysql_pwd = 123456, mysql_db = cloud_disk
[2020-05-01 19:11:50]--[src_cgi/login_cgi.c:288]--buf = {
    "pwd": "e10adc3949ba59abbe56e057f20f883e",
    "user": "Mario"
}

[2020-05-01 19:11:50]--[src_cgi/login_cgi.c:294]--user = Mario, pwd = e10adc3949ba59abbe56e057f20f883e
[2020-05-01 19:11:50]--[src_cgi/login_cgi.c:101]--mysql_user = root, mysql_pwd = 123456, mysql_db = cloud_disk
[2020-05-01 19:13:15]--[src_cgi/login_cgi.c:288]--buf = {
    "pwd": "e10adc3949ba59abbe56e057f20f883e",
    "user": "Mario"
}

[2020-05-01 19:13:15]--[src_cgi/login_cgi.c:294]--user = Mario, pwd = e10adc3949ba59abbe56e057f20f883e
[2020-05-01 19:13:15]--[src_cgi/login_cgi.c:101]--mysql_user = root, mysql_pwd = 123456, mysql_db = cloud_disk
[2020-05-01 19:14:23]--[src_cgi/login_cgi.c:288]--buf = {
    "pwd": "e10adc3949ba59abbe56e057f20f883e",
    "user": "Mario"
}

[2020-05-01 19:14:23]--[src_cgi/login_cgi.c:294]--user = Mario, pwd = e10adc3949ba59abbe56e057f20f883e
[2020-05-01 19:14:23]--[src_cgi/login_cgi.c:101]--mysql_user = root, mysql_pwd = 123456, mysql_db = cloud_disk
[2020-05-01 19:14:25]--[src_cgi/login_cgi.c:288]--buf = {
    "pwd": "e10adc3949ba59abbe56e057f20f883e",
    "user": "Mario"
}

[2020-05-01 19:14:25]--[src_cgi/login_cgi.c:294]--user = Mario, pwd = e10adc3949ba59abbe56e057f20f883e
[2020-05-01 19:14:25]--[src_cgi/login_cgi.c:101]--mysql_user = root, mysql_pwd = 123456, mysql_db = cloud_disk
[2020-05-01 19:14:25]--[src_cgi/login_cgi.c:288]--buf = {
    "pwd": "e10adc3949ba59abbe56e057f20f883e",
    "user": "Mario"
}

[2020-05-01 19:14:25]--[src_cgi/login_cgi.c:294]--user = Mario, pwd = e10adc3949ba59abbe56e057f20f883e
[2020-05-01 19:14:25]--[src_cgi/login_cgi.c:101]--mysql_user = root, mysql_pwd = 123456, mysql_db = cloud_disk
[2020-05-01 19:14:26]--[src_cgi/login_cgi.c:288]--buf = {
    "pwd": "e10adc3949ba59abbe56e057f20f883e",
    "user": "Mario"
}

[2020-05-01 19:14:26]--[src_cgi/login_cgi.c:294]--user = Mario, pwd = e10adc3949ba59abbe56e057f20f883e
[2020-05-01 19:14:26]--[src_cgi/login_cgi.c:101]--mysql_user = root, mysql_pwd = 123456, mysql_db = cloud_disk
[2020-05-01 19:14:26]--[src_cgi/login_cgi.c:288]--buf = {
    "pwd": "e10adc3949ba59abbe56e057f20f883e",
    "user": "Mario"
}

[2020-05-01 19:14:26]--[src_cgi/login_cgi.c:294]--user = Mario, pwd = e10adc3949ba59abbe56e057f20f883e
[2020-05-01 19:14:26]--[src_cgi/login_cgi.c:101]--mysql_user = root, mysql_pwd = 123456, mysql_db = cloud_disk
[2020-05-01 19:14:57]--[src_cgi/login_cgi.c:288]--buf = {
    "pwd": "e10adc3949ba59abbe56e057f20f883e",
    "user": "Mario"
}

[2020-05-01 19:14:57]--[src_cgi/login_cgi.c:294]--user = Mario, pwd = e10adc3949ba59abbe56e057f20f883e
[2020-05-01 19:14:57]--[src_cgi/login_cgi.c:101]--mysql_user = root, mysql_pwd = 123456, mysql_db = cloud_disk
[2020-05-01 19:14:58]--[src_cgi/login_cgi.c:288]--buf = {
    "pwd": "e10adc3949ba59abbe56e057f20f883e",
    "user": "Mario"
}

[2020-05-01 19:14:58]--[src_cgi/login_cgi.c:294]--user = Mario, pwd = e10adc3949ba59abbe56e057f20f883e
[2020-05-01 19:14:58]--[src_cgi/login_cgi.c:101]--mysql_user = root, mysql_pwd = 123456, mysql_db = cloud_disk
[2020-05-01 19:18:31]--[src_cgi/login_cgi.c:288]--buf = {
    "pwd": "e10adc3949ba59abbe56e057f20f883e",
    "user": "Mario"
}

[2020-05-01 19:18:31]--[src_cgi/login_cgi.c:294]--user = Mario, pwd = e10adc3949ba59abbe56e057f20f883e
[2020-05-01 19:18:31]--[src_cgi/login_cgi.c:101]--mysql_user = root, mysql_pwd = 123456, mysql_db = cloud_disk
[2020-05-01 19:18:53]--[src_cgi/login_cgi.c:288]--buf = {
    "pwd": "e10adc3949ba59abbe56e057f20f883e",
    "user": "Mario"
}

[2020-05-01 19:18:53]--[src_cgi/login_cgi.c:294]--user = Mario, pwd = e10adc3949ba59abbe56e057f20f883e
[2020-05-01 19:18:53]--[src_cgi/login_cgi.c:101]--mysql_user = root, mysql_pwd = 123456, mysql_db = cloud_disk
[2020-05-01 19:23:15]--[src_cgi/login_cgi.c:288]--buf = {
    "pwd": "e10adc3949ba59abbe56e057f20f883e",
    "user": "Mario"
}

[2020-05-01 19:23:15]--[src_cgi/login_cgi.c:294]--user = Mario, pwd = e10adc3949ba59abbe56e057f20f883e
[2020-05-01 19:23:15]--[src_cgi/login_cgi.c:101]--mysql_user = root, mysql_pwd = 123456, mysql_db = cloud_disk
[2020-05-01 19:23:16]--[src_cgi/login_cgi.c:288]--buf = {
    "pwd": "e10adc3949ba59abbe56e057f20f883e",
    "user": "Mario"
}

[2020-05-01 19:23:16]--[src_cgi/login_cgi.c:294]--user = Mario, pwd = e10adc3949ba59abbe56e057f20f883e
[2020-05-01 19:23:16]--[src_cgi/login_cgi.c:101]--mysql_user = root, mysql_pwd = 123456, mysql_db = cloud_disk
[2020-05-01 19:23:29]--[src_cgi/login_cgi.c:288]--buf = {
    "pwd": "e10adc3949ba59abbe56e057f20f883e",
    "user": "Mario"
}

[2020-05-01 19:23:29]--[src_cgi/login_cgi.c:294]--user = Mario, pwd = e10adc3949ba59abbe56e057f20f883e
[2020-05-01 19:23:29]--[src_cgi/login_cgi.c:101]--mysql_user = root, mysql_pwd = 123456, mysql_db = cloud_disk
[2020-05-01 19:29:41]--[src_cgi/login_cgi.c:288]--buf = {
    "pwd": "e10adc3949ba59abbe56e057f20f883e",
    "user": "Mario"
}

[2020-05-01 19:29:41]--[src_cgi/login_cgi.c:294]--user = Mario, pwd = e10adc3949ba59abbe56e057f20f883e
[2020-05-01 19:29:41]--[src_cgi/login_cgi.c:101]--mysql_user = root, mysql_pwd = 123456, mysql_db = cloud_disk
[2020-05-01 19:29:41]--[src_cgi/login_cgi.c:161]--redis:[ip=127.0.0.1,port=6379]
[2020-05-01 19:29:41]--[src_cgi/login_cgi.c:185]--tmp = Mario28967958921
[2020-05-01 19:29:41]--[src_cgi/login_cgi.c:201]--base64 = tbv4HZvENqQc66u22/ej9i0ZxLNK7pNJ
[2020-05-01 19:29:41]--[src_cgi/login_cgi.c:303]--token = ddee40d2179eac3ee5fdfeb5a7028b36
[2020-05-01 19:32:07]--[src_cgi/login_cgi.c:288]--buf = {
    "pwd": "e10adc3949ba59abbe56e057f20f883e",
    "user": "Mario"
}

[2020-05-01 19:32:07]--[src_cgi/login_cgi.c:294]--user = Mario, pwd = e10adc3949ba59abbe56e057f20f883e
[2020-05-01 19:32:07]--[src_cgi/login_cgi.c:101]--mysql_user = root, mysql_pwd = 123456, mysql_db = cloud_disk
[2020-05-01 19:32:07]--[src_cgi/login_cgi.c:161]--redis:[ip=127.0.0.1,port=6379]
[2020-05-01 19:32:07]--[src_cgi/login_cgi.c:185]--tmp = Mario71780375927
[2020-05-01 19:32:07]--[src_cgi/login_cgi.c:201]--base64 = qlQIyDmKTPriXox47uqI6S0ZxLNK7pNJ
[2020-05-01 19:32:07]--[src_cgi/login_cgi.c:303]--token = de4b65c58df9397f970a89670361e7dc
[2020-05-01 19:32:14]--[src_cgi/login_cgi.c:288]--buf = {
    "pwd": "e10adc3949ba59abbe56e057f20f883e",
    "user": "Mario"
}

[2020-05-01 19:32:14]--[src_cgi/login_cgi.c:294]--user = Mario, pwd = e10adc3949ba59abbe56e057f20f883e
[2020-05-01 19:32:14]--[src_cgi/login_cgi.c:101]--mysql_user = root, mysql_pwd = 123456, mysql_db = cloud_disk
[2020-05-01 19:32:14]--[src_cgi/login_cgi.c:161]--redis:[ip=127.0.0.1,port=6379]
[2020-05-01 19:32:14]--[src_cgi/login_cgi.c:185]--tmp = Mario75719395477
[2020-05-01 19:32:14]--[src_cgi/login_cgi.c:201]--base64 = Wj87ZzrTZQzJhTYTDRTFCC0ZxLNK7pNJ
[2020-05-01 19:32:14]--[src_cgi/login_cgi.c:303]--token = de03a266ceb052e3586cb6df14b742df
