[2020-05-03 15:19:19]--[src_cgi/myfiles_cgi.c:496]--cmd = count
[2020-05-03 15:19:19]--[src_cgi/myfiles_cgi.c:528]--buf = {
    "token": "b6353f898b2040e7e9beb38750c8bf12",
    "user": "Mario"
}

[2020-05-03 15:19:19]--[src_cgi/myfiles_cgi.c:176]--line = 1
[2020-05-03 15:19:19]--[src_cgi/myfiles_cgi.c:496]--cmd = normal
[2020-05-03 15:19:19]--[src_cgi/myfiles_cgi.c:528]--buf = {
    "count": 1,
    "start": 0,
    "token": "b6353f898b2040e7e9beb38750c8bf12",
    "user": "Mario"
}

[2020-05-03 15:19:19]--[src_cgi/myfiles_cgi.c:548]--user = Mario, token = b6353f898b2040e7e9beb38750c8bf12, start = 0, count = 1
[2020-05-03 15:19:19]--[src_cgi/myfiles_cgi.c:306]--select user_file_list.*, file_info.url, file_info.size, file_info.type from file_info, user_file_list where user = 'Mario' and file_info.md5 = user_file_list.md5 limit 0, 1 在操作
[2020-05-03 15:19:19]--[src_cgi/myfiles_cgi.c:428]--{
	"files":	[{
			"user":	"Mario",
			"md5":	"c319a9d4ce7c9f76d2a17a3d5d93c02b",
			"time":	"2018-12-21 19:09:07",
			"filename":	"Makefile",
			"share_status":	0,
			"pv":	0,
			"url":	"http://192.168.230.138:80/group1/M00/00/00/wKjmilwdqtKAcOo5AABU8Itwcro6720927",
			"size":	21744,
			"type":	"null"
		}]
}
[2020-05-03 15:20:37]--[src_cgi/myfiles_cgi.c:496]--cmd = count
[2020-05-03 15:20:37]--[src_cgi/myfiles_cgi.c:528]--buf = {
    "token": "b6353f898b2040e7e9beb38750c8bf12",
    "user": "Mario"
}

[2020-05-03 15:20:37]--[src_cgi/myfiles_cgi.c:176]--line = 1
[2020-05-03 15:20:37]--[src_cgi/myfiles_cgi.c:496]--cmd = normal
[2020-05-03 15:20:37]--[src_cgi/myfiles_cgi.c:528]--buf = {
    "count": 1,
    "start": 0,
    "token": "b6353f898b2040e7e9beb38750c8bf12",
    "user": "Mario"
}

[2020-05-03 15:20:37]--[src_cgi/myfiles_cgi.c:548]--user = Mario, token = b6353f898b2040e7e9beb38750c8bf12, start = 0, count = 1
[2020-05-03 15:20:37]--[src_cgi/myfiles_cgi.c:306]--select user_file_list.*, file_info.url, file_info.size, file_info.type from file_info, user_file_list where user = 'Mario' and file_info.md5 = user_file_list.md5 limit 0, 1 在操作
[2020-05-03 15:20:37]--[src_cgi/myfiles_cgi.c:428]--{
	"files":	[{
			"user":	"Mario",
			"md5":	"c319a9d4ce7c9f76d2a17a3d5d93c02b",
			"time":	"2018-12-21 19:09:07",
			"filename":	"Makefile",
			"share_status":	0,
			"pv":	0,
			"url":	"http://192.168.230.138:80/group1/M00/00/00/wKjmilwdqtKAcOo5AABU8Itwcro6720927",
			"size":	21744,
			"type":	"null"
		}]
}
[2020-05-03 15:20:50]--[src_cgi/myfiles_cgi.c:496]--cmd = count
[2020-05-03 15:20:50]--[src_cgi/myfiles_cgi.c:528]--buf = {
    "token": "b6353f898b2040e7e9beb38750c8bf12",
    "user": "Mario"
}

[2020-05-03 15:20:50]--[src_cgi/myfiles_cgi.c:176]--line = 2
[2020-05-03 15:20:50]--[src_cgi/myfiles_cgi.c:496]--cmd = normal
[2020-05-03 15:20:50]--[src_cgi/myfiles_cgi.c:528]--buf = {
    "count": 2,
    "start": 0,
    "token": "b6353f898b2040e7e9beb38750c8bf12",
    "user": "Mario"
}

[2020-05-03 15:20:50]--[src_cgi/myfiles_cgi.c:548]--user = Mario, token = b6353f898b2040e7e9beb38750c8bf12, start = 0, count = 2
[2020-05-03 15:20:50]--[src_cgi/myfiles_cgi.c:306]--select user_file_list.*, file_info.url, file_info.size, file_info.type from file_info, user_file_list where user = 'Mario' and file_info.md5 = user_file_list.md5 limit 0, 2 在操作
[2020-05-03 15:20:50]--[src_cgi/myfiles_cgi.c:428]--{
	"files":	[{
			"user":	"Mario",
			"md5":	"c319a9d4ce7c9f76d2a17a3d5d93c02b",
			"time":	"2018-12-21 19:09:07",
			"filename":	"Makefile",
			"share_status":	0,
			"pv":	0,
			"url":	"http://192.168.230.138:80/group1/M00/00/00/wKjmilwdqtKAcOo5AABU8Itwcro6720927",
			"size":	21744,
			"type":	"null"
		}, {
			"user":	"Mario",
			"md5":	"a3b6aa3676cb14abe360cb64c563132d",
			"time":	"2020-05-03 15:20:49",
			"filename":	"面试总结.docx",
			"share_status":	0,
			"pv":	0,
			"url":	"http://39.99.154.100:80/group1/M00/00/00/rBq0iF6ucNGAAAiPAALRn8xC7nk17.docx",
			"size":	184735,
			"type":	"docx"
		}]
}
[2020-05-03 15:32:15]--[src_cgi/myfiles_cgi.c:40]--mysql:[user=root,pwd=123456,database=cloud_disk][2020-05-03 15:36:21]--[src_cgi/myfiles_cgi.c:40]--mysql:[user=root,pwd=123456,database=cloud_disk][2020-05-03 15:38:13]--[src_cgi/myfiles_cgi.c:40]--mysql:[user=root,pwd=123456,database=cloud_disk][2020-05-03 15:39:28]--[src_cgi/myfiles_cgi.c:40]--mysql:[user=root,pwd=123456,database=cloud_disk][2020-05-03 15:41:51]--[src_cgi/myfiles_cgi.c:40]--mysql:[user=root,pwd=123456,database=cloud_disk][2020-05-03 15:42:56]--[src_cgi/myfiles_cgi.c:40]--mysql:[user=root,pwd=123456,database=cloud_disk][2020-05-03 15:45:45]--[src_cgi/myfiles_cgi.c:40]--mysql:[user=root,pwd=123456,database=cloud_disk][2020-05-03 15:53:01]--[src_cgi/myfiles_cgi.c:40]--mysql:[user=root,pwd=123456,database=cloud_disk][2020-05-03 15:55:53]--[src_cgi/myfiles_cgi.c:40]--mysql:[user=root,pwd=123456,database=cloud_disk][2020-05-03 16:05:16]--[src_cgi/myfiles_cgi.c:496]--cmd = count
[2020-05-03 16:05:16]--[src_cgi/myfiles_cgi.c:528]--buf = {
    "token": "4d91bf9c19d00b843db9d7d1c82fb36c",
    "user": "Mario"
}

[2020-05-03 16:05:16]--[src_cgi/myfiles_cgi.c:176]--line = 2
[2020-05-03 16:05:16]--[src_cgi/myfiles_cgi.c:496]--cmd = normal
[2020-05-03 16:05:16]--[src_cgi/myfiles_cgi.c:528]--buf = {
    "count": 2,
    "start": 0,
    "token": "4d91bf9c19d00b843db9d7d1c82fb36c",
    "user": "Mario"
}

[2020-05-03 16:05:16]--[src_cgi/myfiles_cgi.c:548]--user = Mario, token = 4d91bf9c19d00b843db9d7d1c82fb36c, start = 0, count = 2
[2020-05-03 16:05:16]--[src_cgi/myfiles_cgi.c:306]--select user_file_list.*, file_info.url, file_info.size, file_info.type from file_info, user_file_list where user = 'Mario' and file_info.md5 = user_file_list.md5 limit 0, 2 在操作
[2020-05-03 16:05:16]--[src_cgi/myfiles_cgi.c:428]--{
	"files":	[{
			"user":	"Mario",
			"md5":	"c319a9d4ce7c9f76d2a17a3d5d93c02b",
			"time":	"2018-12-21 19:09:07",
			"filename":	"Makefile",
			"share_status":	0,
			"pv":	0,
			"url":	"http://192.168.230.138:80/group1/M00/00/00/wKjmilwdqtKAcOo5AABU8Itwcro6720927",
			"size":	21744,
			"type":	"null"
		}, {
			"user":	"Mario",
			"md5":	"a3b6aa3676cb14abe360cb64c563132d",
			"time":	"2020-05-03 15:20:49",
			"filename":	"面试总结.docx",
			"share_status":	0,
			"pv":	0,
			"url":	"http://39.99.154.100:80/group1/M00/00/00/rBq0iF6ucNGAAAiPAALRn8xC7nk17.docx",
			"size":	184735,
			"type":	"docx"
		}]
}
[2020-05-03 16:07:09]--[src_cgi/myfiles_cgi.c:496]--cmd = count
[2020-05-03 16:07:09]--[src_cgi/myfiles_cgi.c:528]--buf = {
    "token": "4cf63b9bf373ed7f9da8d2cd0f9f0add",
    "user": "Mario"
}

[2020-05-03 16:07:09]--[src_cgi/myfiles_cgi.c:176]--line = 2
[2020-05-03 16:07:09]--[src_cgi/myfiles_cgi.c:496]--cmd = normal
[2020-05-03 16:07:09]--[src_cgi/myfiles_cgi.c:528]--buf = {
    "count": 2,
    "start": 0,
    "token": "4cf63b9bf373ed7f9da8d2cd0f9f0add",
    "user": "Mario"
}

[2020-05-03 16:07:09]--[src_cgi/myfiles_cgi.c:548]--user = Mario, token = 4cf63b9bf373ed7f9da8d2cd0f9f0add, start = 0, count = 2
[2020-05-03 16:07:09]--[src_cgi/myfiles_cgi.c:306]--select user_file_list.*, file_info.url, file_info.size, file_info.type from file_info, user_file_list where user = 'Mario' and file_info.md5 = user_file_list.md5 limit 0, 2 在操作
[2020-05-03 16:07:09]--[src_cgi/myfiles_cgi.c:428]--{
	"files":	[{
			"user":	"Mario",
			"md5":	"c319a9d4ce7c9f76d2a17a3d5d93c02b",
			"time":	"2018-12-21 19:09:07",
			"filename":	"Makefile",
			"share_status":	0,
			"pv":	0,
			"url":	"http://192.168.230.138:80/group1/M00/00/00/wKjmilwdqtKAcOo5AABU8Itwcro6720927",
			"size":	21744,
			"type":	"null"
		}, {
			"user":	"Mario",
			"md5":	"a3b6aa3676cb14abe360cb64c563132d",
			"time":	"2020-05-03 15:20:49",
			"filename":	"面试总结.docx",
			"share_status":	0,
			"pv":	0,
			"url":	"http://39.99.154.100:80/group1/M00/00/00/rBq0iF6ucNGAAAiPAALRn8xC7nk17.docx",
			"size":	184735,
			"type":	"docx"
		}]
}
[2020-05-03 16:10:18]--[src_cgi/myfiles_cgi.c:496]--cmd = count
[2020-05-03 16:10:18]--[src_cgi/myfiles_cgi.c:528]--buf = {
    "token": "c3011fbdad92048047de8309e064f10a",
    "user": "Mario"
}

[2020-05-03 16:10:18]--[src_cgi/myfiles_cgi.c:176]--line = 2
[2020-05-03 16:10:18]--[src_cgi/myfiles_cgi.c:496]--cmd = normal
[2020-05-03 16:10:18]--[src_cgi/myfiles_cgi.c:528]--buf = {
    "count": 2,
    "start": 0,
    "token": "c3011fbdad92048047de8309e064f10a",
    "user": "Mario"
}

[2020-05-03 16:10:18]--[src_cgi/myfiles_cgi.c:548]--user = Mario, token = c3011fbdad92048047de8309e064f10a, start = 0, count = 2
[2020-05-03 16:10:18]--[src_cgi/myfiles_cgi.c:306]--select user_file_list.*, file_info.url, file_info.size, file_info.type from file_info, user_file_list where user = 'Mario' and file_info.md5 = user_file_list.md5 limit 0, 2 在操作
[2020-05-03 16:10:18]--[src_cgi/myfiles_cgi.c:428]--{
	"files":	[{
			"user":	"Mario",
			"md5":	"c319a9d4ce7c9f76d2a17a3d5d93c02b",
			"time":	"2018-12-21 19:09:07",
			"filename":	"Makefile",
			"share_status":	0,
			"pv":	0,
			"url":	"http://192.168.230.138:80/group1/M00/00/00/wKjmilwdqtKAcOo5AABU8Itwcro6720927",
			"size":	21744,
			"type":	"null"
		}, {
			"user":	"Mario",
			"md5":	"a3b6aa3676cb14abe360cb64c563132d",
			"time":	"2020-05-03 15:20:49",
			"filename":	"面试总结.docx",
			"share_status":	0,
			"pv":	0,
			"url":	"http://39.99.154.100:80/group1/M00/00/00/rBq0iF6ucNGAAAiPAALRn8xC7nk17.docx",
			"size":	184735,
			"type":	"docx"
		}]
}
[2020-05-03 16:13:32]--[src_cgi/myfiles_cgi.c:496]--cmd = count
[2020-05-03 16:13:32]--[src_cgi/myfiles_cgi.c:528]--buf = {
    "token": "6a16f593003973218710635a10167335",
    "user": "Mario"
}

[2020-05-03 16:13:32]--[src_cgi/myfiles_cgi.c:176]--line = 2
[2020-05-03 16:13:32]--[src_cgi/myfiles_cgi.c:496]--cmd = normal
[2020-05-03 16:13:32]--[src_cgi/myfiles_cgi.c:528]--buf = {
    "count": 2,
    "start": 0,
    "token": "6a16f593003973218710635a10167335",
    "user": "Mario"
}

[2020-05-03 16:13:32]--[src_cgi/myfiles_cgi.c:548]--user = Mario, token = 6a16f593003973218710635a10167335, start = 0, count = 2
[2020-05-03 16:13:32]--[src_cgi/myfiles_cgi.c:306]--select user_file_list.*, file_info.url, file_info.size, file_info.type from file_info, user_file_list where user = 'Mario' and file_info.md5 = user_file_list.md5 limit 0, 2 在操作
[2020-05-03 16:13:32]--[src_cgi/myfiles_cgi.c:428]--{
	"files":	[{
			"user":	"Mario",
			"md5":	"c319a9d4ce7c9f76d2a17a3d5d93c02b",
			"time":	"2018-12-21 19:09:07",
			"filename":	"Makefile",
			"share_status":	0,
			"pv":	0,
			"url":	"http://192.168.230.138:80/group1/M00/00/00/wKjmilwdqtKAcOo5AABU8Itwcro6720927",
			"size":	21744,
			"type":	"null"
		}, {
			"user":	"Mario",
			"md5":	"a3b6aa3676cb14abe360cb64c563132d",
			"time":	"2020-05-03 15:20:49",
			"filename":	"面试总结.docx",
			"share_status":	0,
			"pv":	0,
			"url":	"http://39.99.154.100:80/group1/M00/00/00/rBq0iF6ucNGAAAiPAALRn8xC7nk17.docx",
			"size":	184735,
			"type":	"docx"
		}]
}
[2020-05-03 16:19:57]--[src_cgi/myfiles_cgi.c:496]--cmd = count
[2020-05-03 16:19:57]--[src_cgi/myfiles_cgi.c:528]--buf = {
    "token": "ebf575567af9491b123957dff8156550",
    "user": "Mario"
}

[2020-05-03 16:19:57]--[src_cgi/myfiles_cgi.c:176]--line = 2
[2020-05-03 16:19:57]--[src_cgi/myfiles_cgi.c:496]--cmd = normal
[2020-05-03 16:19:57]--[src_cgi/myfiles_cgi.c:528]--buf = {
    "count": 2,
    "start": 0,
    "token": "ebf575567af9491b123957dff8156550",
    "user": "Mario"
}

[2020-05-03 16:19:57]--[src_cgi/myfiles_cgi.c:548]--user = Mario, token = ebf575567af9491b123957dff8156550, start = 0, count = 2
[2020-05-03 16:19:57]--[src_cgi/myfiles_cgi.c:306]--select user_file_list.*, file_info.url, file_info.size, file_info.type from file_info, user_file_list where user = 'Mario' and file_info.md5 = user_file_list.md5 limit 0, 2 在操作
[2020-05-03 16:19:57]--[src_cgi/myfiles_cgi.c:428]--{
	"files":	[{
			"user":	"Mario",
			"md5":	"c319a9d4ce7c9f76d2a17a3d5d93c02b",
			"time":	"2018-12-21 19:09:07",
			"filename":	"Makefile",
			"share_status":	0,
			"pv":	0,
			"url":	"http://192.168.230.138:80/group1/M00/00/00/wKjmilwdqtKAcOo5AABU8Itwcro6720927",
			"size":	21744,
			"type":	"null"
		}, {
			"user":	"Mario",
			"md5":	"a3b6aa3676cb14abe360cb64c563132d",
			"time":	"2020-05-03 15:20:49",
			"filename":	"面试总结.docx",
			"share_status":	0,
			"pv":	0,
			"url":	"http://39.99.154.100:80/group1/M00/00/00/rBq0iF6ucNGAAAiPAALRn8xC7nk17.docx",
			"size":	184735,
			"type":	"docx"
		}]
}
[2020-05-03 16:21:09]--[src_cgi/myfiles_cgi.c:496]--cmd = count
[2020-05-03 16:21:09]--[src_cgi/myfiles_cgi.c:528]--buf = {
    "token": "75692cd43433663e7d44c56041a90b8b",
    "user": "Mario"
}

[2020-05-03 16:21:09]--[src_cgi/myfiles_cgi.c:176]--line = 2
[2020-05-03 16:21:09]--[src_cgi/myfiles_cgi.c:496]--cmd = normal
[2020-05-03 16:21:09]--[src_cgi/myfiles_cgi.c:528]--buf = {
    "count": 2,
    "start": 0,
    "token": "75692cd43433663e7d44c56041a90b8b",
    "user": "Mario"
}

[2020-05-03 16:21:09]--[src_cgi/myfiles_cgi.c:548]--user = Mario, token = 75692cd43433663e7d44c56041a90b8b, start = 0, count = 2
[2020-05-03 16:21:09]--[src_cgi/myfiles_cgi.c:306]--select user_file_list.*, file_info.url, file_info.size, file_info.type from file_info, user_file_list where user = 'Mario' and file_info.md5 = user_file_list.md5 limit 0, 2 在操作
[2020-05-03 16:21:09]--[src_cgi/myfiles_cgi.c:428]--{
	"files":	[{
			"user":	"Mario",
			"md5":	"c319a9d4ce7c9f76d2a17a3d5d93c02b",
			"time":	"2018-12-21 19:09:07",
			"filename":	"Makefile",
			"share_status":	0,
			"pv":	0,
			"url":	"http://192.168.230.138:80/group1/M00/00/00/wKjmilwdqtKAcOo5AABU8Itwcro6720927",
			"size":	21744,
			"type":	"null"
		}, {
			"user":	"Mario",
			"md5":	"a3b6aa3676cb14abe360cb64c563132d",
			"time":	"2020-05-03 15:20:49",
			"filename":	"面试总结.docx",
			"share_status":	0,
			"pv":	0,
			"url":	"http://39.99.154.100:80/group1/M00/00/00/rBq0iF6ucNGAAAiPAALRn8xC7nk17.docx",
			"size":	184735,
			"type":	"docx"
		}]
}
[2020-05-03 16:22:13]--[src_cgi/myfiles_cgi.c:496]--cmd = count
[2020-05-03 16:22:13]--[src_cgi/myfiles_cgi.c:528]--buf = {
    "token": "7a44fba267d4031e54b436e5abcf3c7b",
    "user": "Mario"
}

[2020-05-03 16:22:13]--[src_cgi/myfiles_cgi.c:176]--line = 2
[2020-05-03 16:22:13]--[src_cgi/myfiles_cgi.c:496]--cmd = normal
[2020-05-03 16:22:13]--[src_cgi/myfiles_cgi.c:528]--buf = {
    "count": 2,
    "start": 0,
    "token": "7a44fba267d4031e54b436e5abcf3c7b",
    "user": "Mario"
}

[2020-05-03 16:22:13]--[src_cgi/myfiles_cgi.c:548]--user = Mario, token = 7a44fba267d4031e54b436e5abcf3c7b, start = 0, count = 2
[2020-05-03 16:22:13]--[src_cgi/myfiles_cgi.c:306]--select user_file_list.*, file_info.url, file_info.size, file_info.type from file_info, user_file_list where user = 'Mario' and file_info.md5 = user_file_list.md5 limit 0, 2 在操作
[2020-05-03 16:22:13]--[src_cgi/myfiles_cgi.c:428]--{
	"files":	[{
			"user":	"Mario",
			"md5":	"c319a9d4ce7c9f76d2a17a3d5d93c02b",
			"time":	"2018-12-21 19:09:07",
			"filename":	"Makefile",
			"share_status":	0,
			"pv":	0,
			"url":	"http://192.168.230.138:80/group1/M00/00/00/wKjmilwdqtKAcOo5AABU8Itwcro6720927",
			"size":	21744,
			"type":	"null"
		}, {
			"user":	"Mario",
			"md5":	"a3b6aa3676cb14abe360cb64c563132d",
			"time":	"2020-05-03 15:20:49",
			"filename":	"面试总结.docx",
			"share_status":	0,
			"pv":	0,
			"url":	"http://39.99.154.100:80/group1/M00/00/00/rBq0iF6ucNGAAAiPAALRn8xC7nk17.docx",
			"size":	184735,
			"type":	"docx"
		}]
}
[2020-05-03 16:22:27]--[src_cgi/myfiles_cgi.c:496]--cmd = count
[2020-05-03 16:22:27]--[src_cgi/myfiles_cgi.c:528]--buf = {
    "token": "966d8f0cc3bcd6c19142f92a89f819db",
    "user": "Mario"
}

[2020-05-03 16:22:27]--[src_cgi/myfiles_cgi.c:176]--line = 2
[2020-05-03 16:22:27]--[src_cgi/myfiles_cgi.c:496]--cmd = normal
[2020-05-03 16:22:27]--[src_cgi/myfiles_cgi.c:528]--buf = {
    "count": 2,
    "start": 0,
    "token": "966d8f0cc3bcd6c19142f92a89f819db",
    "user": "Mario"
}

[2020-05-03 16:22:27]--[src_cgi/myfiles_cgi.c:548]--user = Mario, token = 966d8f0cc3bcd6c19142f92a89f819db, start = 0, count = 2
[2020-05-03 16:22:27]--[src_cgi/myfiles_cgi.c:306]--select user_file_list.*, file_info.url, file_info.size, file_info.type from file_info, user_file_list where user = 'Mario' and file_info.md5 = user_file_list.md5 limit 0, 2 在操作
[2020-05-03 16:22:27]--[src_cgi/myfiles_cgi.c:428]--{
	"files":	[{
			"user":	"Mario",
			"md5":	"c319a9d4ce7c9f76d2a17a3d5d93c02b",
			"time":	"2018-12-21 19:09:07",
			"filename":	"Makefile",
			"share_status":	0,
			"pv":	0,
			"url":	"http://192.168.230.138:80/group1/M00/00/00/wKjmilwdqtKAcOo5AABU8Itwcro6720927",
			"size":	21744,
			"type":	"null"
		}, {
			"user":	"Mario",
			"md5":	"a3b6aa3676cb14abe360cb64c563132d",
			"time":	"2020-05-03 15:20:49",
			"filename":	"面试总结.docx",
			"share_status":	0,
			"pv":	0,
			"url":	"http://39.99.154.100:80/group1/M00/00/00/rBq0iF6ucNGAAAiPAALRn8xC7nk17.docx",
			"size":	184735,
			"type":	"docx"
		}]
}
[2020-05-03 16:41:58]--[src_cgi/myfiles_cgi.c:496]--cmd = count
[2020-05-03 16:41:58]--[src_cgi/myfiles_cgi.c:528]--buf = {
    "token": "f17c884a7514f7fc0025b9f048ed1a8b",
    "user": "Mario"
}

[2020-05-03 16:41:58]--[src_cgi/myfiles_cgi.c:176]--line = 2
[2020-05-03 16:41:58]--[src_cgi/myfiles_cgi.c:496]--cmd = normal
[2020-05-03 16:41:58]--[src_cgi/myfiles_cgi.c:528]--buf = {
    "count": 2,
    "start": 0,
    "token": "f17c884a7514f7fc0025b9f048ed1a8b",
    "user": "Mario"
}

[2020-05-03 16:41:58]--[src_cgi/myfiles_cgi.c:548]--user = Mario, token = f17c884a7514f7fc0025b9f048ed1a8b, start = 0, count = 2
[2020-05-03 16:41:58]--[src_cgi/myfiles_cgi.c:306]--select user_file_list.*, file_info.url, file_info.size, file_info.type from file_info, user_file_list where user = 'Mario' and file_info.md5 = user_file_list.md5 limit 0, 2 在操作
[2020-05-03 16:41:58]--[src_cgi/myfiles_cgi.c:428]--{
	"files":	[{
			"user":	"Mario",
			"md5":	"c319a9d4ce7c9f76d2a17a3d5d93c02b",
			"time":	"2018-12-21 19:09:07",
			"filename":	"Makefile",
			"share_status":	0,
			"pv":	0,
			"url":	"http://192.168.230.138:80/group1/M00/00/00/wKjmilwdqtKAcOo5AABU8Itwcro6720927",
			"size":	21744,
			"type":	"null"
		}, {
			"user":	"Mario",
			"md5":	"a3b6aa3676cb14abe360cb64c563132d",
			"time":	"2020-05-03 15:20:49",
			"filename":	"面试总结.docx",
			"share_status":	0,
			"pv":	0,
			"url":	"http://39.99.154.100:80/group1/M00/00/00/rBq0iF6ucNGAAAiPAALRn8xC7nk17.docx",
			"size":	184735,
			"type":	"docx"
		}]
}
[2020-05-03 16:42:23]--[src_cgi/myfiles_cgi.c:496]--cmd = count
[2020-05-03 16:42:23]--[src_cgi/myfiles_cgi.c:528]--buf = {
    "token": "d14f58ee9acc591a696bd99a16e73a3f",
    "user": "Mario"
}

[2020-05-03 16:42:23]--[src_cgi/myfiles_cgi.c:176]--line = 2
[2020-05-03 16:42:23]--[src_cgi/myfiles_cgi.c:496]--cmd = normal
[2020-05-03 16:42:23]--[src_cgi/myfiles_cgi.c:528]--buf = {
    "count": 2,
    "start": 0,
    "token": "d14f58ee9acc591a696bd99a16e73a3f",
    "user": "Mario"
}

[2020-05-03 16:42:23]--[src_cgi/myfiles_cgi.c:548]--user = Mario, token = d14f58ee9acc591a696bd99a16e73a3f, start = 0, count = 2
[2020-05-03 16:42:23]--[src_cgi/myfiles_cgi.c:306]--select user_file_list.*, file_info.url, file_info.size, file_info.type from file_info, user_file_list where user = 'Mario' and file_info.md5 = user_file_list.md5 limit 0, 2 在操作
[2020-05-03 16:42:23]--[src_cgi/myfiles_cgi.c:428]--{
	"files":	[{
			"user":	"Mario",
			"md5":	"c319a9d4ce7c9f76d2a17a3d5d93c02b",
			"time":	"2018-12-21 19:09:07",
			"filename":	"Makefile",
			"share_status":	0,
			"pv":	0,
			"url":	"http://192.168.230.138:80/group1/M00/00/00/wKjmilwdqtKAcOo5AABU8Itwcro6720927",
			"size":	21744,
			"type":	"null"
		}, {
			"user":	"Mario",
			"md5":	"a3b6aa3676cb14abe360cb64c563132d",
			"time":	"2020-05-03 15:20:49",
			"filename":	"面试总结.docx",
			"share_status":	0,
			"pv":	0,
			"url":	"http://39.99.154.100:80/group1/M00/00/00/rBq0iF6ucNGAAAiPAALRn8xC7nk17.docx",
			"size":	184735,
			"type":	"docx"
		}]
}
[2020-05-03 16:46:49]--[src_cgi/myfiles_cgi.c:496]--cmd = count
[2020-05-03 16:46:49]--[src_cgi/myfiles_cgi.c:528]--buf = {
    "token": "3de835037534f943bb010e34a559b0bf",
    "user": "Mario"
}

[2020-05-03 16:46:49]--[src_cgi/myfiles_cgi.c:176]--line = 2
[2020-05-03 16:46:50]--[src_cgi/myfiles_cgi.c:496]--cmd = normal
[2020-05-03 16:46:50]--[src_cgi/myfiles_cgi.c:528]--buf = {
    "count": 2,
    "start": 0,
    "token": "3de835037534f943bb010e34a559b0bf",
    "user": "Mario"
}

[2020-05-03 16:46:50]--[src_cgi/myfiles_cgi.c:548]--user = Mario, token = 3de835037534f943bb010e34a559b0bf, start = 0, count = 2
[2020-05-03 16:46:50]--[src_cgi/myfiles_cgi.c:306]--select user_file_list.*, file_info.url, file_info.size, file_info.type from file_info, user_file_list where user = 'Mario' and file_info.md5 = user_file_list.md5 limit 0, 2 在操作
[2020-05-03 16:46:50]--[src_cgi/myfiles_cgi.c:428]--{
	"files":	[{
			"user":	"Mario",
			"md5":	"c319a9d4ce7c9f76d2a17a3d5d93c02b",
			"time":	"2018-12-21 19:09:07",
			"filename":	"Makefile",
			"share_status":	0,
			"pv":	0,
			"url":	"http://192.168.230.138:80/group1/M00/00/00/wKjmilwdqtKAcOo5AABU8Itwcro6720927",
			"size":	21744,
			"type":	"null"
		}, {
			"user":	"Mario",
			"md5":	"a3b6aa3676cb14abe360cb64c563132d",
			"time":	"2020-05-03 15:20:49",
			"filename":	"面试总结.docx",
			"share_status":	0,
			"pv":	0,
			"url":	"http://39.99.154.100:80/group1/M00/00/00/rBq0iF6ucNGAAAiPAALRn8xC7nk17.docx",
			"size":	184735,
			"type":	"docx"
		}]
}
[2020-05-03 16:51:47]--[src_cgi/myfiles_cgi.c:496]--cmd = count
[2020-05-03 16:51:47]--[src_cgi/myfiles_cgi.c:528]--buf = {
    "token": "c58122b608a1e1993a54f3cce1983d6e",
    "user": "Mario"
}

[2020-05-03 16:51:47]--[src_cgi/myfiles_cgi.c:176]--line = 2
[2020-05-03 16:51:47]--[src_cgi/myfiles_cgi.c:496]--cmd = normal
[2020-05-03 16:51:47]--[src_cgi/myfiles_cgi.c:528]--buf = {
    "count": 2,
    "start": 0,
    "token": "c58122b608a1e1993a54f3cce1983d6e",
    "user": "Mario"
}

[2020-05-03 16:51:47]--[src_cgi/myfiles_cgi.c:548]--user = Mario, token = c58122b608a1e1993a54f3cce1983d6e, start = 0, count = 2
[2020-05-03 16:51:47]--[src_cgi/myfiles_cgi.c:306]--select user_file_list.*, file_info.url, file_info.size, file_info.type from file_info, user_file_list where user = 'Mario' and file_info.md5 = user_file_list.md5 limit 0, 2 在操作
[2020-05-03 16:51:47]--[src_cgi/myfiles_cgi.c:428]--{
	"files":	[{
			"user":	"Mario",
			"md5":	"c319a9d4ce7c9f76d2a17a3d5d93c02b",
			"time":	"2018-12-21 19:09:07",
			"filename":	"Makefile",
			"share_status":	0,
			"pv":	0,
			"url":	"http://192.168.230.138:80/group1/M00/00/00/wKjmilwdqtKAcOo5AABU8Itwcro6720927",
			"size":	21744,
			"type":	"null"
		}, {
			"user":	"Mario",
			"md5":	"a3b6aa3676cb14abe360cb64c563132d",
			"time":	"2020-05-03 15:20:49",
			"filename":	"面试总结.docx",
			"share_status":	0,
			"pv":	0,
			"url":	"http://39.99.154.100:80/group1/M00/00/00/rBq0iF6ucNGAAAiPAALRn8xC7nk17.docx",
			"size":	184735,
			"type":	"docx"
		}]
}
[2020-05-03 16:53:35]--[src_cgi/myfiles_cgi.c:496]--cmd = count
[2020-05-03 16:53:35]--[src_cgi/myfiles_cgi.c:528]--buf = {
    "token": "52213fa1c64663a8a4bc375d8b273c66",
    "user": "Mario"
}

[2020-05-03 16:53:35]--[src_cgi/myfiles_cgi.c:176]--line = 2
[2020-05-03 16:53:35]--[src_cgi/myfiles_cgi.c:496]--cmd = normal
[2020-05-03 16:53:35]--[src_cgi/myfiles_cgi.c:528]--buf = {
    "count": 2,
    "start": 0,
    "token": "52213fa1c64663a8a4bc375d8b273c66",
    "user": "Mario"
}

[2020-05-03 16:53:35]--[src_cgi/myfiles_cgi.c:548]--user = Mario, token = 52213fa1c64663a8a4bc375d8b273c66, start = 0, count = 2
[2020-05-03 16:53:35]--[src_cgi/myfiles_cgi.c:306]--select user_file_list.*, file_info.url, file_info.size, file_info.type from file_info, user_file_list where user = 'Mario' and file_info.md5 = user_file_list.md5 limit 0, 2 在操作
[2020-05-03 16:53:35]--[src_cgi/myfiles_cgi.c:428]--{
	"files":	[{
			"user":	"Mario",
			"md5":	"c319a9d4ce7c9f76d2a17a3d5d93c02b",
			"time":	"2018-12-21 19:09:07",
			"filename":	"Makefile",
			"share_status":	0,
			"pv":	0,
			"url":	"http://192.168.230.138:80/group1/M00/00/00/wKjmilwdqtKAcOo5AABU8Itwcro6720927",
			"size":	21744,
			"type":	"null"
		}, {
			"user":	"Mario",
			"md5":	"a3b6aa3676cb14abe360cb64c563132d",
			"time":	"2020-05-03 15:20:49",
			"filename":	"面试总结.docx",
			"share_status":	0,
			"pv":	0,
			"url":	"http://39.99.154.100:80/group1/M00/00/00/rBq0iF6ucNGAAAiPAALRn8xC7nk17.docx",
			"size":	184735,
			"type":	"docx"
		}]
}
[2020-05-03 16:54:43]--[src_cgi/myfiles_cgi.c:496]--cmd = count
[2020-05-03 16:54:43]--[src_cgi/myfiles_cgi.c:528]--buf = {
    "token": "c04433d213edf21c29ead0c472585467",
    "user": "Mario"
}

[2020-05-03 16:54:43]--[src_cgi/myfiles_cgi.c:176]--line = 2
[2020-05-03 16:54:43]--[src_cgi/myfiles_cgi.c:496]--cmd = normal
[2020-05-03 16:54:43]--[src_cgi/myfiles_cgi.c:528]--buf = {
    "count": 2,
    "start": 0,
    "token": "c04433d213edf21c29ead0c472585467",
    "user": "Mario"
}

[2020-05-03 16:54:43]--[src_cgi/myfiles_cgi.c:548]--user = Mario, token = c04433d213edf21c29ead0c472585467, start = 0, count = 2
[2020-05-03 16:54:43]--[src_cgi/myfiles_cgi.c:306]--select user_file_list.*, file_info.url, file_info.size, file_info.type from file_info, user_file_list where user = 'Mario' and file_info.md5 = user_file_list.md5 limit 0, 2 在操作
[2020-05-03 16:54:43]--[src_cgi/myfiles_cgi.c:428]--{
	"files":	[{
			"user":	"Mario",
			"md5":	"c319a9d4ce7c9f76d2a17a3d5d93c02b",
			"time":	"2018-12-21 19:09:07",
			"filename":	"Makefile",
			"share_status":	0,
			"pv":	0,
			"url":	"http://192.168.230.138:80/group1/M00/00/00/wKjmilwdqtKAcOo5AABU8Itwcro6720927",
			"size":	21744,
			"type":	"null"
		}, {
			"user":	"Mario",
			"md5":	"a3b6aa3676cb14abe360cb64c563132d",
			"time":	"2020-05-03 15:20:49",
			"filename":	"面试总结.docx",
			"share_status":	0,
			"pv":	0,
			"url":	"http://39.99.154.100:80/group1/M00/00/00/rBq0iF6ucNGAAAiPAALRn8xC7nk17.docx",
			"size":	184735,
			"type":	"docx"
		}]
}
[2020-05-03 16:55:08]--[src_cgi/myfiles_cgi.c:496]--cmd = count
[2020-05-03 16:55:08]--[src_cgi/myfiles_cgi.c:528]--buf = {
    "token": "98db60b661b5417aaad04b0754d4a492",
    "user": "Mario"
}

[2020-05-03 16:55:08]--[src_cgi/myfiles_cgi.c:176]--line = 2
[2020-05-03 16:55:08]--[src_cgi/myfiles_cgi.c:496]--cmd = normal
[2020-05-03 16:55:08]--[src_cgi/myfiles_cgi.c:528]--buf = {
    "count": 2,
    "start": 0,
    "token": "98db60b661b5417aaad04b0754d4a492",
    "user": "Mario"
}

[2020-05-03 16:55:08]--[src_cgi/myfiles_cgi.c:548]--user = Mario, token = 98db60b661b5417aaad04b0754d4a492, start = 0, count = 2
[2020-05-03 16:55:08]--[src_cgi/myfiles_cgi.c:306]--select user_file_list.*, file_info.url, file_info.size, file_info.type from file_info, user_file_list where user = 'Mario' and file_info.md5 = user_file_list.md5 limit 0, 2 在操作
[2020-05-03 16:55:08]--[src_cgi/myfiles_cgi.c:428]--{
	"files":	[{
			"user":	"Mario",
			"md5":	"c319a9d4ce7c9f76d2a17a3d5d93c02b",
			"time":	"2018-12-21 19:09:07",
			"filename":	"Makefile",
			"share_status":	0,
			"pv":	0,
			"url":	"http://192.168.230.138:80/group1/M00/00/00/wKjmilwdqtKAcOo5AABU8Itwcro6720927",
			"size":	21744,
			"type":	"null"
		}, {
			"user":	"Mario",
			"md5":	"a3b6aa3676cb14abe360cb64c563132d",
			"time":	"2020-05-03 15:20:49",
			"filename":	"面试总结.docx",
			"share_status":	0,
			"pv":	0,
			"url":	"http://39.99.154.100:80/group1/M00/00/00/rBq0iF6ucNGAAAiPAALRn8xC7nk17.docx",
			"size":	184735,
			"type":	"docx"
		}]
}
[2020-05-03 16:55:24]--[src_cgi/myfiles_cgi.c:496]--cmd = count
[2020-05-03 16:55:24]--[src_cgi/myfiles_cgi.c:528]--buf = {
    "token": "483214e49cc592361fd66ee6b372f9b6",
    "user": "Mario"
}

[2020-05-03 16:55:24]--[src_cgi/myfiles_cgi.c:176]--line = 2
[2020-05-03 16:55:24]--[src_cgi/myfiles_cgi.c:496]--cmd = normal
[2020-05-03 16:55:24]--[src_cgi/myfiles_cgi.c:528]--buf = {
    "count": 2,
    "start": 0,
    "token": "483214e49cc592361fd66ee6b372f9b6",
    "user": "Mario"
}

[2020-05-03 16:55:24]--[src_cgi/myfiles_cgi.c:548]--user = Mario, token = 483214e49cc592361fd66ee6b372f9b6, start = 0, count = 2
[2020-05-03 16:55:24]--[src_cgi/myfiles_cgi.c:306]--select user_file_list.*, file_info.url, file_info.size, file_info.type from file_info, user_file_list where user = 'Mario' and file_info.md5 = user_file_list.md5 limit 0, 2 在操作
[2020-05-03 16:55:24]--[src_cgi/myfiles_cgi.c:428]--{
	"files":	[{
			"user":	"Mario",
			"md5":	"c319a9d4ce7c9f76d2a17a3d5d93c02b",
			"time":	"2018-12-21 19:09:07",
			"filename":	"Makefile",
			"share_status":	0,
			"pv":	0,
			"url":	"http://192.168.230.138:80/group1/M00/00/00/wKjmilwdqtKAcOo5AABU8Itwcro6720927",
			"size":	21744,
			"type":	"null"
		}, {
			"user":	"Mario",
			"md5":	"a3b6aa3676cb14abe360cb64c563132d",
			"time":	"2020-05-03 15:20:49",
			"filename":	"面试总结.docx",
			"share_status":	0,
			"pv":	0,
			"url":	"http://39.99.154.100:80/group1/M00/00/00/rBq0iF6ucNGAAAiPAALRn8xC7nk17.docx",
			"size":	184735,
			"type":	"docx"
		}]
}
[2020-05-03 16:56:52]--[src_cgi/myfiles_cgi.c:496]--cmd = count
[2020-05-03 16:56:52]--[src_cgi/myfiles_cgi.c:528]--buf = {
    "token": "f581e6b7af393fd9b5d22c29e899c44e",
    "user": "Mario"
}

[2020-05-03 16:56:52]--[src_cgi/myfiles_cgi.c:176]--line = 2
[2020-05-03 16:56:52]--[src_cgi/myfiles_cgi.c:496]--cmd = normal
[2020-05-03 16:56:52]--[src_cgi/myfiles_cgi.c:528]--buf = {
    "count": 2,
    "start": 0,
    "token": "f581e6b7af393fd9b5d22c29e899c44e",
    "user": "Mario"
}

[2020-05-03 16:56:52]--[src_cgi/myfiles_cgi.c:548]--user = Mario, token = f581e6b7af393fd9b5d22c29e899c44e, start = 0, count = 2
[2020-05-03 16:56:52]--[src_cgi/myfiles_cgi.c:306]--select user_file_list.*, file_info.url, file_info.size, file_info.type from file_info, user_file_list where user = 'Mario' and file_info.md5 = user_file_list.md5 limit 0, 2 在操作
[2020-05-03 16:56:52]--[src_cgi/myfiles_cgi.c:428]--{
	"files":	[{
			"user":	"Mario",
			"md5":	"c319a9d4ce7c9f76d2a17a3d5d93c02b",
			"time":	"2018-12-21 19:09:07",
			"filename":	"Makefile",
			"share_status":	0,
			"pv":	0,
			"url":	"http://192.168.230.138:80/group1/M00/00/00/wKjmilwdqtKAcOo5AABU8Itwcro6720927",
			"size":	21744,
			"type":	"null"
		}, {
			"user":	"Mario",
			"md5":	"a3b6aa3676cb14abe360cb64c563132d",
			"time":	"2020-05-03 15:20:49",
			"filename":	"面试总结.docx",
			"share_status":	0,
			"pv":	0,
			"url":	"http://39.99.154.100:80/group1/M00/00/00/rBq0iF6ucNGAAAiPAALRn8xC7nk17.docx",
			"size":	184735,
			"type":	"docx"
		}]
}
[2020-05-03 16:59:15]--[src_cgi/myfiles_cgi.c:496]--cmd = count
[2020-05-03 16:59:15]--[src_cgi/myfiles_cgi.c:528]--buf = {
    "token": "b1a7d7803acf1471bde1273a118341a4",
    "user": "Mario"
}

[2020-05-03 16:59:15]--[src_cgi/myfiles_cgi.c:176]--line = 2
[2020-05-03 16:59:15]--[src_cgi/myfiles_cgi.c:496]--cmd = normal
[2020-05-03 16:59:15]--[src_cgi/myfiles_cgi.c:528]--buf = {
    "count": 2,
    "start": 0,
    "token": "b1a7d7803acf1471bde1273a118341a4",
    "user": "Mario"
}

[2020-05-03 16:59:15]--[src_cgi/myfiles_cgi.c:548]--user = Mario, token = b1a7d7803acf1471bde1273a118341a4, start = 0, count = 2
[2020-05-03 16:59:15]--[src_cgi/myfiles_cgi.c:306]--select user_file_list.*, file_info.url, file_info.size, file_info.type from file_info, user_file_list where user = 'Mario' and file_info.md5 = user_file_list.md5 limit 0, 2 在操作
[2020-05-03 16:59:15]--[src_cgi/myfiles_cgi.c:428]--{
	"files":	[{
			"user":	"Mario",
			"md5":	"c319a9d4ce7c9f76d2a17a3d5d93c02b",
			"time":	"2018-12-21 19:09:07",
			"filename":	"Makefile",
			"share_status":	0,
			"pv":	0,
			"url":	"http://192.168.230.138:80/group1/M00/00/00/wKjmilwdqtKAcOo5AABU8Itwcro6720927",
			"size":	21744,
			"type":	"null"
		}, {
			"user":	"Mario",
			"md5":	"a3b6aa3676cb14abe360cb64c563132d",
			"time":	"2020-05-03 15:20:49",
			"filename":	"面试总结.docx",
			"share_status":	0,
			"pv":	0,
			"url":	"http://39.99.154.100:80/group1/M00/00/00/rBq0iF6ucNGAAAiPAALRn8xC7nk17.docx",
			"size":	184735,
			"type":	"docx"
		}]
}
[2020-05-03 17:00:40]--[src_cgi/myfiles_cgi.c:496]--cmd = count
[2020-05-03 17:00:40]--[src_cgi/myfiles_cgi.c:528]--buf = {
    "token": "fd29d7ba72d9b946618f0a1afde263e5",
    "user": "Mario"
}

[2020-05-03 17:00:40]--[src_cgi/myfiles_cgi.c:176]--line = 2
[2020-05-03 17:00:40]--[src_cgi/myfiles_cgi.c:496]--cmd = normal
[2020-05-03 17:00:40]--[src_cgi/myfiles_cgi.c:528]--buf = {
    "count": 2,
    "start": 0,
    "token": "fd29d7ba72d9b946618f0a1afde263e5",
    "user": "Mario"
}

[2020-05-03 17:00:40]--[src_cgi/myfiles_cgi.c:548]--user = Mario, token = fd29d7ba72d9b946618f0a1afde263e5, start = 0, count = 2
[2020-05-03 17:00:40]--[src_cgi/myfiles_cgi.c:306]--select user_file_list.*, file_info.url, file_info.size, file_info.type from file_info, user_file_list where user = 'Mario' and file_info.md5 = user_file_list.md5 limit 0, 2 在操作
[2020-05-03 17:00:40]--[src_cgi/myfiles_cgi.c:428]--{
	"files":	[{
			"user":	"Mario",
			"md5":	"c319a9d4ce7c9f76d2a17a3d5d93c02b",
			"time":	"2018-12-21 19:09:07",
			"filename":	"Makefile",
			"share_status":	0,
			"pv":	0,
			"url":	"http://192.168.230.138:80/group1/M00/00/00/wKjmilwdqtKAcOo5AABU8Itwcro6720927",
			"size":	21744,
			"type":	"null"
		}, {
			"user":	"Mario",
			"md5":	"a3b6aa3676cb14abe360cb64c563132d",
			"time":	"2020-05-03 15:20:49",
			"filename":	"面试总结.docx",
			"share_status":	0,
			"pv":	0,
			"url":	"http://39.99.154.100:80/group1/M00/00/00/rBq0iF6ucNGAAAiPAALRn8xC7nk17.docx",
			"size":	184735,
			"type":	"docx"
		}]
}
[2020-05-03 17:03:55]--[src_cgi/myfiles_cgi.c:496]--cmd = count
[2020-05-03 17:03:55]--[src_cgi/myfiles_cgi.c:528]--buf = {
    "token": "ab25856ae4fd81dfc05577bafc1ef582",
    "user": "Mario"
}

[2020-05-03 17:03:55]--[src_cgi/myfiles_cgi.c:176]--line = 2
[2020-05-03 17:03:55]--[src_cgi/myfiles_cgi.c:496]--cmd = normal
[2020-05-03 17:03:55]--[src_cgi/myfiles_cgi.c:528]--buf = {
    "count": 2,
    "start": 0,
    "token": "ab25856ae4fd81dfc05577bafc1ef582",
    "user": "Mario"
}

[2020-05-03 17:03:55]--[src_cgi/myfiles_cgi.c:548]--user = Mario, token = ab25856ae4fd81dfc05577bafc1ef582, start = 0, count = 2
[2020-05-03 17:03:55]--[src_cgi/myfiles_cgi.c:306]--select user_file_list.*, file_info.url, file_info.size, file_info.type from file_info, user_file_list where user = 'Mario' and file_info.md5 = user_file_list.md5 limit 0, 2 在操作
[2020-05-03 17:03:55]--[src_cgi/myfiles_cgi.c:428]--{
	"files":	[{
			"user":	"Mario",
			"md5":	"c319a9d4ce7c9f76d2a17a3d5d93c02b",
			"time":	"2018-12-21 19:09:07",
			"filename":	"Makefile",
			"share_status":	0,
			"pv":	0,
			"url":	"http://192.168.230.138:80/group1/M00/00/00/wKjmilwdqtKAcOo5AABU8Itwcro6720927",
			"size":	21744,
			"type":	"null"
		}, {
			"user":	"Mario",
			"md5":	"a3b6aa3676cb14abe360cb64c563132d",
			"time":	"2020-05-03 15:20:49",
			"filename":	"面试总结.docx",
			"share_status":	0,
			"pv":	0,
			"url":	"http://39.99.154.100:80/group1/M00/00/00/rBq0iF6ucNGAAAiPAALRn8xC7nk17.docx",
			"size":	184735,
			"type":	"docx"
		}]
}
[2020-05-03 17:25:38]--[src_cgi/myfiles_cgi.c:496]--cmd = count
[2020-05-03 17:25:38]--[src_cgi/myfiles_cgi.c:528]--buf = {
    "token": "f38851f35310e5afa22698e19767c3ad",
    "user": "Mario"
}

[2020-05-03 17:25:38]--[src_cgi/myfiles_cgi.c:176]--line = 2
[2020-05-03 17:25:39]--[src_cgi/myfiles_cgi.c:496]--cmd = normal
[2020-05-03 17:25:39]--[src_cgi/myfiles_cgi.c:528]--buf = {
    "count": 2,
    "start": 0,
    "token": "f38851f35310e5afa22698e19767c3ad",
    "user": "Mario"
}

[2020-05-03 17:25:39]--[src_cgi/myfiles_cgi.c:548]--user = Mario, token = f38851f35310e5afa22698e19767c3ad, start = 0, count = 2
[2020-05-03 17:25:39]--[src_cgi/myfiles_cgi.c:306]--select user_file_list.*, file_info.url, file_info.size, file_info.type from file_info, user_file_list where user = 'Mario' and file_info.md5 = user_file_list.md5 limit 0, 2 在操作
[2020-05-03 17:25:39]--[src_cgi/myfiles_cgi.c:428]--{
	"files":	[{
			"user":	"Mario",
			"md5":	"c319a9d4ce7c9f76d2a17a3d5d93c02b",
			"time":	"2018-12-21 19:09:07",
			"filename":	"Makefile",
			"share_status":	0,
			"pv":	0,
			"url":	"http://192.168.230.138:80/group1/M00/00/00/wKjmilwdqtKAcOo5AABU8Itwcro6720927",
			"size":	21744,
			"type":	"null"
		}, {
			"user":	"Mario",
			"md5":	"a3b6aa3676cb14abe360cb64c563132d",
			"time":	"2020-05-03 15:20:49",
			"filename":	"面试总结.docx",
			"share_status":	0,
			"pv":	0,
			"url":	"http://39.99.154.100:80/group1/M00/00/00/rBq0iF6ucNGAAAiPAALRn8xC7nk17.docx",
			"size":	184735,
			"type":	"docx"
		}]
}
[2020-05-03 17:29:48]--[src_cgi/myfiles_cgi.c:496]--cmd = count
[2020-05-03 17:29:48]--[src_cgi/myfiles_cgi.c:528]--buf = {
    "token": "1a26422a6bb74e5d8938ce76d87e2d40",
    "user": "Mario"
}

[2020-05-03 17:29:48]--[src_cgi/myfiles_cgi.c:176]--line = 2
[2020-05-03 17:29:48]--[src_cgi/myfiles_cgi.c:496]--cmd = normal
[2020-05-03 17:29:48]--[src_cgi/myfiles_cgi.c:528]--buf = {
    "count": 2,
    "start": 0,
    "token": "1a26422a6bb74e5d8938ce76d87e2d40",
    "user": "Mario"
}

[2020-05-03 17:29:48]--[src_cgi/myfiles_cgi.c:548]--user = Mario, token = 1a26422a6bb74e5d8938ce76d87e2d40, start = 0, count = 2
[2020-05-03 17:29:48]--[src_cgi/myfiles_cgi.c:306]--select user_file_list.*, file_info.url, file_info.size, file_info.type from file_info, user_file_list where user = 'Mario' and file_info.md5 = user_file_list.md5 limit 0, 2 在操作
[2020-05-03 17:29:48]--[src_cgi/myfiles_cgi.c:428]--{
	"files":	[{
			"user":	"Mario",
			"md5":	"c319a9d4ce7c9f76d2a17a3d5d93c02b",
			"time":	"2018-12-21 19:09:07",
			"filename":	"Makefile",
			"share_status":	0,
			"pv":	0,
			"url":	"http://192.168.230.138:80/group1/M00/00/00/wKjmilwdqtKAcOo5AABU8Itwcro6720927",
			"size":	21744,
			"type":	"null"
		}, {
			"user":	"Mario",
			"md5":	"a3b6aa3676cb14abe360cb64c563132d",
			"time":	"2020-05-03 15:20:49",
			"filename":	"面试总结.docx",
			"share_status":	0,
			"pv":	0,
			"url":	"http://39.99.154.100:80/group1/M00/00/00/rBq0iF6ucNGAAAiPAALRn8xC7nk17.docx",
			"size":	184735,
			"type":	"docx"
		}]
}
[2020-05-03 17:30:46]--[src_cgi/myfiles_cgi.c:496]--cmd = count
[2020-05-03 17:30:46]--[src_cgi/myfiles_cgi.c:528]--buf = {
    "token": "e3ec7b8773081aeefd7dcd8b894075a8",
    "user": "Mario"
}

[2020-05-03 17:30:46]--[src_cgi/myfiles_cgi.c:176]--line = 2
[2020-05-03 17:30:46]--[src_cgi/myfiles_cgi.c:496]--cmd = normal
[2020-05-03 17:30:46]--[src_cgi/myfiles_cgi.c:528]--buf = {
    "count": 2,
    "start": 0,
    "token": "e3ec7b8773081aeefd7dcd8b894075a8",
    "user": "Mario"
}

[2020-05-03 17:30:46]--[src_cgi/myfiles_cgi.c:548]--user = Mario, token = e3ec7b8773081aeefd7dcd8b894075a8, start = 0, count = 2
[2020-05-03 17:30:46]--[src_cgi/myfiles_cgi.c:306]--select user_file_list.*, file_info.url, file_info.size, file_info.type from file_info, user_file_list where user = 'Mario' and file_info.md5 = user_file_list.md5 limit 0, 2 在操作
[2020-05-03 17:30:46]--[src_cgi/myfiles_cgi.c:428]--{
	"files":	[{
			"user":	"Mario",
			"md5":	"c319a9d4ce7c9f76d2a17a3d5d93c02b",
			"time":	"2018-12-21 19:09:07",
			"filename":	"Makefile",
			"share_status":	0,
			"pv":	0,
			"url":	"http://192.168.230.138:80/group1/M00/00/00/wKjmilwdqtKAcOo5AABU8Itwcro6720927",
			"size":	21744,
			"type":	"null"
		}, {
			"user":	"Mario",
			"md5":	"a3b6aa3676cb14abe360cb64c563132d",
			"time":	"2020-05-03 15:20:49",
			"filename":	"面试总结.docx",
			"share_status":	0,
			"pv":	0,
			"url":	"http://39.99.154.100:80/group1/M00/00/00/rBq0iF6ucNGAAAiPAALRn8xC7nk17.docx",
			"size":	184735,
			"type":	"docx"
		}]
}
[2020-05-03 17:31:16]--[src_cgi/myfiles_cgi.c:496]--cmd = count
[2020-05-03 17:31:16]--[src_cgi/myfiles_cgi.c:528]--buf = {
    "token": "ca86cbe81be8ffa799aa8f9c57a06452",
    "user": "Mario"
}

[2020-05-03 17:31:16]--[src_cgi/myfiles_cgi.c:176]--line = 2
[2020-05-03 17:31:16]--[src_cgi/myfiles_cgi.c:496]--cmd = normal
[2020-05-03 17:31:16]--[src_cgi/myfiles_cgi.c:528]--buf = {
    "count": 2,
    "start": 0,
    "token": "ca86cbe81be8ffa799aa8f9c57a06452",
    "user": "Mario"
}

[2020-05-03 17:31:16]--[src_cgi/myfiles_cgi.c:548]--user = Mario, token = ca86cbe81be8ffa799aa8f9c57a06452, start = 0, count = 2
[2020-05-03 17:31:16]--[src_cgi/myfiles_cgi.c:306]--select user_file_list.*, file_info.url, file_info.size, file_info.type from file_info, user_file_list where user = 'Mario' and file_info.md5 = user_file_list.md5 limit 0, 2 在操作
[2020-05-03 17:31:16]--[src_cgi/myfiles_cgi.c:428]--{
	"files":	[{
			"user":	"Mario",
			"md5":	"c319a9d4ce7c9f76d2a17a3d5d93c02b",
			"time":	"2018-12-21 19:09:07",
			"filename":	"Makefile",
			"share_status":	0,
			"pv":	0,
			"url":	"http://192.168.230.138:80/group1/M00/00/00/wKjmilwdqtKAcOo5AABU8Itwcro6720927",
			"size":	21744,
			"type":	"null"
		}, {
			"user":	"Mario",
			"md5":	"a3b6aa3676cb14abe360cb64c563132d",
			"time":	"2020-05-03 15:20:49",
			"filename":	"面试总结.docx",
			"share_status":	0,
			"pv":	0,
			"url":	"http://39.99.154.100:80/group1/M00/00/00/rBq0iF6ucNGAAAiPAALRn8xC7nk17.docx",
			"size":	184735,
			"type":	"docx"
		}]
}
[2020-05-03 17:31:50]--[src_cgi/myfiles_cgi.c:496]--cmd = count
[2020-05-03 17:31:50]--[src_cgi/myfiles_cgi.c:528]--buf = {
    "token": "2bd65465db834c03548db34869dfe686",
    "user": "Mario"
}

[2020-05-03 17:31:50]--[src_cgi/myfiles_cgi.c:176]--line = 2
[2020-05-03 17:31:50]--[src_cgi/myfiles_cgi.c:496]--cmd = normal
[2020-05-03 17:31:50]--[src_cgi/myfiles_cgi.c:528]--buf = {
    "count": 2,
    "start": 0,
    "token": "2bd65465db834c03548db34869dfe686",
    "user": "Mario"
}

[2020-05-03 17:31:50]--[src_cgi/myfiles_cgi.c:548]--user = Mario, token = 2bd65465db834c03548db34869dfe686, start = 0, count = 2
[2020-05-03 17:31:50]--[src_cgi/myfiles_cgi.c:306]--select user_file_list.*, file_info.url, file_info.size, file_info.type from file_info, user_file_list where user = 'Mario' and file_info.md5 = user_file_list.md5 limit 0, 2 在操作
[2020-05-03 17:31:50]--[src_cgi/myfiles_cgi.c:428]--{
	"files":	[{
			"user":	"Mario",
			"md5":	"c319a9d4ce7c9f76d2a17a3d5d93c02b",
			"time":	"2018-12-21 19:09:07",
			"filename":	"Makefile",
			"share_status":	0,
			"pv":	0,
			"url":	"http://192.168.230.138:80/group1/M00/00/00/wKjmilwdqtKAcOo5AABU8Itwcro6720927",
			"size":	21744,
			"type":	"null"
		}, {
			"user":	"Mario",
			"md5":	"a3b6aa3676cb14abe360cb64c563132d",
			"time":	"2020-05-03 15:20:49",
			"filename":	"面试总结.docx",
			"share_status":	0,
			"pv":	0,
			"url":	"http://39.99.154.100:80/group1/M00/00/00/rBq0iF6ucNGAAAiPAALRn8xC7nk17.docx",
			"size":	184735,
			"type":	"docx"
		}]
}
[2020-05-03 17:31:53]--[src_cgi/myfiles_cgi.c:496]--cmd = count
[2020-05-03 17:31:53]--[src_cgi/myfiles_cgi.c:528]--buf = {
    "token": "2bd65465db834c03548db34869dfe686",
    "user": "Mario"
}

[2020-05-03 17:31:53]--[src_cgi/myfiles_cgi.c:176]--line = 2
[2020-05-03 17:31:54]--[src_cgi/myfiles_cgi.c:496]--cmd = normal
[2020-05-03 17:31:54]--[src_cgi/myfiles_cgi.c:528]--buf = {
    "count": 2,
    "start": 0,
    "token": "2bd65465db834c03548db34869dfe686",
    "user": "Mario"
}

[2020-05-03 17:31:54]--[src_cgi/myfiles_cgi.c:548]--user = Mario, token = 2bd65465db834c03548db34869dfe686, start = 0, count = 2
[2020-05-03 17:31:54]--[src_cgi/myfiles_cgi.c:306]--select user_file_list.*, file_info.url, file_info.size, file_info.type from file_info, user_file_list where user = 'Mario' and file_info.md5 = user_file_list.md5 limit 0, 2 在操作
[2020-05-03 17:31:54]--[src_cgi/myfiles_cgi.c:428]--{
	"files":	[{
			"user":	"Mario",
			"md5":	"c319a9d4ce7c9f76d2a17a3d5d93c02b",
			"time":	"2018-12-21 19:09:07",
			"filename":	"Makefile",
			"share_status":	0,
			"pv":	0,
			"url":	"http://192.168.230.138:80/group1/M00/00/00/wKjmilwdqtKAcOo5AABU8Itwcro6720927",
			"size":	21744,
			"type":	"null"
		}, {
			"user":	"Mario",
			"md5":	"a3b6aa3676cb14abe360cb64c563132d",
			"time":	"2020-05-03 15:20:49",
			"filename":	"面试总结.docx",
			"share_status":	0,
			"pv":	0,
			"url":	"http://39.99.154.100:80/group1/M00/00/00/rBq0iF6ucNGAAAiPAALRn8xC7nk17.docx",
			"size":	184735,
			"type":	"docx"
		}]
}
[2020-05-03 17:36:17]--[src_cgi/myfiles_cgi.c:496]--cmd = count
[2020-05-03 17:36:17]--[src_cgi/myfiles_cgi.c:528]--buf = {
    "token": "8f85d8884e1310fffb4590d2fc10cea3",
    "user": "Mario"
}

[2020-05-03 17:36:17]--[src_cgi/myfiles_cgi.c:176]--line = 2
[2020-05-03 17:36:17]--[src_cgi/myfiles_cgi.c:496]--cmd = normal
[2020-05-03 17:36:17]--[src_cgi/myfiles_cgi.c:528]--buf = {
    "count": 2,
    "start": 0,
    "token": "8f85d8884e1310fffb4590d2fc10cea3",
    "user": "Mario"
}

[2020-05-03 17:36:17]--[src_cgi/myfiles_cgi.c:548]--user = Mario, token = 8f85d8884e1310fffb4590d2fc10cea3, start = 0, count = 2
[2020-05-03 17:36:17]--[src_cgi/myfiles_cgi.c:306]--select user_file_list.*, file_info.url, file_info.size, file_info.type from file_info, user_file_list where user = 'Mario' and file_info.md5 = user_file_list.md5 limit 0, 2 在操作
[2020-05-03 17:36:17]--[src_cgi/myfiles_cgi.c:428]--{
	"files":	[{
			"user":	"Mario",
			"md5":	"c319a9d4ce7c9f76d2a17a3d5d93c02b",
			"time":	"2018-12-21 19:09:07",
			"filename":	"Makefile",
			"share_status":	0,
			"pv":	0,
			"url":	"http://192.168.230.138:80/group1/M00/00/00/wKjmilwdqtKAcOo5AABU8Itwcro6720927",
			"size":	21744,
			"type":	"null"
		}, {
			"user":	"Mario",
			"md5":	"a3b6aa3676cb14abe360cb64c563132d",
			"time":	"2020-05-03 15:20:49",
			"filename":	"面试总结.docx",
			"share_status":	0,
			"pv":	0,
			"url":	"http://39.99.154.100:80/group1/M00/00/00/rBq0iF6ucNGAAAiPAALRn8xC7nk17.docx",
			"size":	184735,
			"type":	"docx"
		}]
}
