[2020-05-02 18:12:41]--[src_cgi/myfiles_cgi.c:496]--cmd = count
[2020-05-02 18:12:41]--[src_cgi/myfiles_cgi.c:528]--buf = {
    "token": "5429e32a2cefca80fb901cea66705115",
    "user": "Mario"
}

[2020-05-02 18:12:41]--[src_cgi/myfiles_cgi.c:176]--line = 1
[2020-05-02 18:12:41]--[src_cgi/myfiles_cgi.c:496]--cmd = normal
[2020-05-02 18:12:41]--[src_cgi/myfiles_cgi.c:528]--buf = {
    "count": 1,
    "start": 0,
    "token": "5429e32a2cefca80fb901cea66705115",
    "user": "Mario"
}

[2020-05-02 18:12:41]--[src_cgi/myfiles_cgi.c:548]--user = Mario, token = 5429e32a2cefca80fb901cea66705115, start = 0, count = 1
[2020-05-02 18:12:41]--[src_cgi/myfiles_cgi.c:306]--select user_file_list.*, file_info.url, file_info.size, file_info.type from file_info, user_file_list where user = 'Mario' and file_info.md5 = user_file_list.md5 limit 0, 1 在操作
[2020-05-02 18:12:41]--[src_cgi/myfiles_cgi.c:428]--{
	"files":	[{
			"user":	"Mario",
			"md5":	"c319a9d4ce7c9f76d2a17a3d5d93c02b",
			"time":	"2018-12-21 19:09:07",
			"filename":	"Makefile",
			"share_status":	1,
			"pv":	0,
			"url":	"http://192.168.230.138:80/group1/M00/00/00/wKjmilwdqtKAcOo5AABU8Itwcro6720927",
			"size":	21744,
			"type":	"null"
		}]
}
[2020-05-02 18:12:44]--[src_cgi/myfiles_cgi.c:496]--cmd = count
[2020-05-02 18:12:44]--[src_cgi/myfiles_cgi.c:528]--buf = {
    "token": "5429e32a2cefca80fb901cea66705115",
    "user": "Mario"
}

[2020-05-02 18:12:44]--[src_cgi/myfiles_cgi.c:176]--line = 1
[2020-05-02 18:12:44]--[src_cgi/myfiles_cgi.c:496]--cmd = normal
[2020-05-02 18:12:44]--[src_cgi/myfiles_cgi.c:528]--buf = {
    "count": 1,
    "start": 0,
    "token": "5429e32a2cefca80fb901cea66705115",
    "user": "Mario"
}

[2020-05-02 18:12:44]--[src_cgi/myfiles_cgi.c:548]--user = Mario, token = 5429e32a2cefca80fb901cea66705115, start = 0, count = 1
[2020-05-02 18:12:44]--[src_cgi/myfiles_cgi.c:306]--select user_file_list.*, file_info.url, file_info.size, file_info.type from file_info, user_file_list where user = 'Mario' and file_info.md5 = user_file_list.md5 limit 0, 1 在操作
[2020-05-02 18:12:44]--[src_cgi/myfiles_cgi.c:428]--{
	"files":	[{
			"user":	"Mario",
			"md5":	"c319a9d4ce7c9f76d2a17a3d5d93c02b",
			"time":	"2018-12-21 19:09:07",
			"filename":	"Makefile",
			"share_status":	1,
			"pv":	0,
			"url":	"http://192.168.230.138:80/group1/M00/00/00/wKjmilwdqtKAcOo5AABU8Itwcro6720927",
			"size":	21744,
			"type":	"null"
		}]
}
[2020-05-02 18:12:46]--[src_cgi/myfiles_cgi.c:496]--cmd = count
[2020-05-02 18:12:46]--[src_cgi/myfiles_cgi.c:528]--buf = {
    "token": "5429e32a2cefca80fb901cea66705115",
    "user": "Mario"
}

[2020-05-02 18:12:46]--[src_cgi/myfiles_cgi.c:176]--line = 1
[2020-05-02 18:12:46]--[src_cgi/myfiles_cgi.c:496]--cmd = normal
[2020-05-02 18:12:46]--[src_cgi/myfiles_cgi.c:528]--buf = {
    "count": 1,
    "start": 0,
    "token": "5429e32a2cefca80fb901cea66705115",
    "user": "Mario"
}

[2020-05-02 18:12:46]--[src_cgi/myfiles_cgi.c:548]--user = Mario, token = 5429e32a2cefca80fb901cea66705115, start = 0, count = 1
[2020-05-02 18:12:46]--[src_cgi/myfiles_cgi.c:306]--select user_file_list.*, file_info.url, file_info.size, file_info.type from file_info, user_file_list where user = 'Mario' and file_info.md5 = user_file_list.md5 limit 0, 1 在操作
[2020-05-02 18:12:46]--[src_cgi/myfiles_cgi.c:428]--{
	"files":	[{
			"user":	"Mario",
			"md5":	"c319a9d4ce7c9f76d2a17a3d5d93c02b",
			"time":	"2018-12-21 19:09:07",
			"filename":	"Makefile",
			"share_status":	1,
			"pv":	0,
			"url":	"http://192.168.230.138:80/group1/M00/00/00/wKjmilwdqtKAcOo5AABU8Itwcro6720927",
			"size":	21744,
			"type":	"null"
		}]
}
[2020-05-02 18:12:50]--[src_cgi/myfiles_cgi.c:496]--cmd = count
[2020-05-02 18:12:50]--[src_cgi/myfiles_cgi.c:528]--buf = {
    "token": "5429e32a2cefca80fb901cea66705115",
    "user": "Mario"
}

[2020-05-02 18:12:50]--[src_cgi/myfiles_cgi.c:176]--line = 1
[2020-05-02 18:12:51]--[src_cgi/myfiles_cgi.c:496]--cmd = normal
[2020-05-02 18:12:51]--[src_cgi/myfiles_cgi.c:528]--buf = {
    "count": 1,
    "start": 0,
    "token": "5429e32a2cefca80fb901cea66705115",
    "user": "Mario"
}

[2020-05-02 18:12:51]--[src_cgi/myfiles_cgi.c:548]--user = Mario, token = 5429e32a2cefca80fb901cea66705115, start = 0, count = 1
[2020-05-02 18:12:51]--[src_cgi/myfiles_cgi.c:306]--select user_file_list.*, file_info.url, file_info.size, file_info.type from file_info, user_file_list where user = 'Mario' and file_info.md5 = user_file_list.md5 limit 0, 1 在操作
[2020-05-02 18:12:51]--[src_cgi/myfiles_cgi.c:428]--{
	"files":	[{
			"user":	"Mario",
			"md5":	"c319a9d4ce7c9f76d2a17a3d5d93c02b",
			"time":	"2018-12-21 19:09:07",
			"filename":	"Makefile",
			"share_status":	0,
			"pv":	0,
			"url":	"http://192.168.230.138:80/group1/M00/00/00/wKjmilwdqtKAcOo5AABU8Itwcro6720927",
			"size":	21744,
			"type":	"null"
		}]
}
[2020-05-02 18:23:38]--[src_cgi/myfiles_cgi.c:496]--cmd = count
[2020-05-02 18:23:38]--[src_cgi/myfiles_cgi.c:528]--buf = {
    "token": "18ce1dce3b87fe4fc299805411d9d36d",
    "user": "Mario"
}

[2020-05-02 18:23:38]--[src_cgi/myfiles_cgi.c:176]--line = 1
[2020-05-02 18:23:38]--[src_cgi/myfiles_cgi.c:496]--cmd = normal
[2020-05-02 18:23:38]--[src_cgi/myfiles_cgi.c:528]--buf = {
    "count": 1,
    "start": 0,
    "token": "18ce1dce3b87fe4fc299805411d9d36d",
    "user": "Mario"
}

[2020-05-02 18:23:38]--[src_cgi/myfiles_cgi.c:548]--user = Mario, token = 18ce1dce3b87fe4fc299805411d9d36d, start = 0, count = 1
[2020-05-02 18:23:38]--[src_cgi/myfiles_cgi.c:306]--select user_file_list.*, file_info.url, file_info.size, file_info.type from file_info, user_file_list where user = 'Mario' and file_info.md5 = user_file_list.md5 limit 0, 1 在操作
[2020-05-02 18:23:38]--[src_cgi/myfiles_cgi.c:428]--{
	"files":	[{
			"user":	"Mario",
			"md5":	"c319a9d4ce7c9f76d2a17a3d5d93c02b",
			"time":	"2018-12-21 19:09:07",
			"filename":	"Makefile",
			"share_status":	0,
			"pv":	0,
			"url":	"http://192.168.230.138:80/group1/M00/00/00/wKjmilwdqtKAcOo5AABU8Itwcro6720927",
			"size":	21744,
			"type":	"null"
		}]
}
[2020-05-02 18:23:47]--[src_cgi/myfiles_cgi.c:496]--cmd = count
[2020-05-02 18:23:47]--[src_cgi/myfiles_cgi.c:528]--buf = {
    "token": "18ce1dce3b87fe4fc299805411d9d36d",
    "user": "Mario"
}

[2020-05-02 18:23:47]--[src_cgi/myfiles_cgi.c:176]--line = 1
[2020-05-02 18:23:47]--[src_cgi/myfiles_cgi.c:496]--cmd = normal
[2020-05-02 18:23:47]--[src_cgi/myfiles_cgi.c:528]--buf = {
    "count": 1,
    "start": 0,
    "token": "18ce1dce3b87fe4fc299805411d9d36d",
    "user": "Mario"
}

[2020-05-02 18:23:47]--[src_cgi/myfiles_cgi.c:548]--user = Mario, token = 18ce1dce3b87fe4fc299805411d9d36d, start = 0, count = 1
[2020-05-02 18:23:47]--[src_cgi/myfiles_cgi.c:306]--select user_file_list.*, file_info.url, file_info.size, file_info.type from file_info, user_file_list where user = 'Mario' and file_info.md5 = user_file_list.md5 limit 0, 1 在操作
[2020-05-02 18:23:47]--[src_cgi/myfiles_cgi.c:428]--{
	"files":	[{
			"user":	"Mario",
			"md5":	"c319a9d4ce7c9f76d2a17a3d5d93c02b",
			"time":	"2018-12-21 19:09:07",
			"filename":	"Makefile",
			"share_status":	0,
			"pv":	0,
			"url":	"http://192.168.230.138:80/group1/M00/00/00/wKjmilwdqtKAcOo5AABU8Itwcro6720927",
			"size":	21744,
			"type":	"null"
		}]
}
