[2020-05-01 13:29:30]--[src_cgi/sharefiles_cgi.c:598]--cmd = count
[2020-05-01 13:29:30]--[src_cgi/sharefiles_cgi.c:85]--line = 1
[2020-05-01 13:29:30]--[src_cgi/sharefiles_cgi.c:598]--cmd = normal
[2020-05-01 13:29:30]--[src_cgi/sharefiles_cgi.c:636]--buf = {
    "count": 1,
    "start": 0
}

[2020-05-01 13:29:30]--[src_cgi/sharefiles_cgi.c:645]--start = 0, count = 1
[2020-05-01 13:29:30]--[src_cgi/sharefiles_cgi.c:172]--select share_file_list.*, file_info.url, file_info.size, file_info.type from file_info, share_file_list where file_info.md5 = share_file_list.md5 limit 0, 1 在操作
[2020-05-01 13:29:30]--[src_cgi/sharefiles_cgi.c:292]--{
	"files":	[{
			"user":	"Mario",
			"md5":	"c319a9d4ce7c9f76d2a17a3d5d93c02b",
			"time":	"2018-12-21 19:29:22",
			"filename":	"Makefile",
			"share_status":	1,
			"pv":	1,
			"url":	"http://192.168.230.138:80/group1/M00/00/00/wKjmilwdqtKAcOo5AABU8Itwcro6720927",
			"size":	21744,
			"type":	"null"
		}]
}
[2020-05-01 13:29:31]--[src_cgi/sharefiles_cgi.c:598]--cmd = count
[2020-05-01 13:29:31]--[src_cgi/sharefiles_cgi.c:85]--line = 1
[2020-05-01 13:29:31]--[src_cgi/sharefiles_cgi.c:598]--cmd = pvdesc
[2020-05-01 13:29:31]--[src_cgi/sharefiles_cgi.c:636]--buf = {
    "count": 1,
    "start": 0
}

[2020-05-01 13:29:31]--[src_cgi/sharefiles_cgi.c:645]--start = 0, count = 1
[2020-05-01 13:29:31]--[src_cgi/sharefiles_cgi.c:399]--sql_num = 1, redis_num = 1
[2020-05-01 13:29:31]--[src_cgi/sharefiles_cgi.c:529]--{
	"files":	[{
			"filename":	"Makefile",
			"pv":	1
		}]
}
[2020-05-01 13:29:32]--[src_cgi/sharefiles_cgi.c:598]--cmd = count
[2020-05-01 13:29:32]--[src_cgi/sharefiles_cgi.c:85]--line = 1
[2020-05-01 13:29:33]--[src_cgi/sharefiles_cgi.c:598]--cmd = pvdesc
[2020-05-01 13:29:33]--[src_cgi/sharefiles_cgi.c:636]--buf = {
    "count": 1,
    "start": 0
}

[2020-05-01 13:29:33]--[src_cgi/sharefiles_cgi.c:645]--start = 0, count = 1
[2020-05-01 13:29:33]--[src_cgi/sharefiles_cgi.c:399]--sql_num = 1, redis_num = 1
[2020-05-01 13:29:33]--[src_cgi/sharefiles_cgi.c:529]--{
	"files":	[{
			"filename":	"Makefile",
			"pv":	1
		}]
}
[2020-05-01 13:29:33]--[src_cgi/sharefiles_cgi.c:598]--cmd = count
[2020-05-01 13:29:33]--[src_cgi/sharefiles_cgi.c:85]--line = 1
[2020-05-01 13:29:33]--[src_cgi/sharefiles_cgi.c:598]--cmd = normal
[2020-05-01 13:29:33]--[src_cgi/sharefiles_cgi.c:636]--buf = {
    "count": 1,
    "start": 0
}

[2020-05-01 13:29:33]--[src_cgi/sharefiles_cgi.c:645]--start = 0, count = 1
[2020-05-01 13:29:33]--[src_cgi/sharefiles_cgi.c:172]--select share_file_list.*, file_info.url, file_info.size, file_info.type from file_info, share_file_list where file_info.md5 = share_file_list.md5 limit 0, 1 在操作
[2020-05-01 13:29:33]--[src_cgi/sharefiles_cgi.c:292]--{
	"files":	[{
			"user":	"Mario",
			"md5":	"c319a9d4ce7c9f76d2a17a3d5d93c02b",
			"time":	"2018-12-21 19:29:22",
			"filename":	"Makefile",
			"share_status":	1,
			"pv":	1,
			"url":	"http://192.168.230.138:80/group1/M00/00/00/wKjmilwdqtKAcOo5AABU8Itwcro6720927",
			"size":	21744,
			"type":	"null"
		}]
}
[2020-05-01 14:56:33]--[src_cgi/sharefiles_cgi.c:598]--cmd = count
[2020-05-01 14:56:33]--[src_cgi/sharefiles_cgi.c:85]--line = 1
[2020-05-01 14:56:33]--[src_cgi/sharefiles_cgi.c:598]--cmd = normal
[2020-05-01 14:56:33]--[src_cgi/sharefiles_cgi.c:636]--buf = {
    "count": 1,
    "start": 0
}

[2020-05-01 14:56:33]--[src_cgi/sharefiles_cgi.c:645]--start = 0, count = 1
[2020-05-01 14:56:33]--[src_cgi/sharefiles_cgi.c:172]--select share_file_list.*, file_info.url, file_info.size, file_info.type from file_info, share_file_list where file_info.md5 = share_file_list.md5 limit 0, 1 在操作
[2020-05-01 14:56:33]--[src_cgi/sharefiles_cgi.c:292]--{
	"files":	[{
			"user":	"Mario",
			"md5":	"c319a9d4ce7c9f76d2a17a3d5d93c02b",
			"time":	"2018-12-21 19:29:22",
			"filename":	"Makefile",
			"share_status":	1,
			"pv":	1,
			"url":	"http://192.168.230.138:80/group1/M00/00/00/wKjmilwdqtKAcOo5AABU8Itwcro6720927",
			"size":	21744,
			"type":	"null"
		}]
}
[2020-05-01 14:56:36]--[src_cgi/sharefiles_cgi.c:598]--cmd = count
[2020-05-01 14:56:36]--[src_cgi/sharefiles_cgi.c:85]--line = 1
[2020-05-01 14:56:37]--[src_cgi/sharefiles_cgi.c:598]--cmd = normal
[2020-05-01 14:56:37]--[src_cgi/sharefiles_cgi.c:636]--buf = {
    "count": 1,
    "start": 0
}

[2020-05-01 14:56:37]--[src_cgi/sharefiles_cgi.c:645]--start = 0, count = 1
[2020-05-01 14:56:37]--[src_cgi/sharefiles_cgi.c:172]--select share_file_list.*, file_info.url, file_info.size, file_info.type from file_info, share_file_list where file_info.md5 = share_file_list.md5 limit 0, 1 在操作
[2020-05-01 14:56:37]--[src_cgi/sharefiles_cgi.c:292]--{
	"files":	[{
			"user":	"Mario",
			"md5":	"c319a9d4ce7c9f76d2a17a3d5d93c02b",
			"time":	"2018-12-21 19:29:22",
			"filename":	"Makefile",
			"share_status":	1,
			"pv":	1,
			"url":	"http://192.168.230.138:80/group1/M00/00/00/wKjmilwdqtKAcOo5AABU8Itwcro6720927",
			"size":	21744,
			"type":	"null"
		}]
}
[2020-05-01 14:56:38]--[src_cgi/sharefiles_cgi.c:598]--cmd = count
[2020-05-01 14:56:38]--[src_cgi/sharefiles_cgi.c:85]--line = 1
[2020-05-01 14:56:38]--[src_cgi/sharefiles_cgi.c:598]--cmd = pvdesc
[2020-05-01 14:56:38]--[src_cgi/sharefiles_cgi.c:636]--buf = {
    "count": 1,
    "start": 0
}

[2020-05-01 14:56:38]--[src_cgi/sharefiles_cgi.c:645]--start = 0, count = 1
[2020-05-01 14:56:38]--[src_cgi/sharefiles_cgi.c:399]--sql_num = 1, redis_num = 1
[2020-05-01 14:56:38]--[src_cgi/sharefiles_cgi.c:529]--{
	"files":	[{
			"filename":	"Makefile",
			"pv":	1
		}]
}
[2020-05-01 15:27:43]--[src_cgi/sharefiles_cgi.c:598]--cmd = count
[2020-05-01 15:27:43]--[src_cgi/sharefiles_cgi.c:85]--line = 1
[2020-05-01 15:27:43]--[src_cgi/sharefiles_cgi.c:598]--cmd = normal
[2020-05-01 15:27:43]--[src_cgi/sharefiles_cgi.c:636]--buf = {
    "count": 1,
    "start": 0
}

[2020-05-01 15:27:43]--[src_cgi/sharefiles_cgi.c:645]--start = 0, count = 1
[2020-05-01 15:27:43]--[src_cgi/sharefiles_cgi.c:172]--select share_file_list.*, file_info.url, file_info.size, file_info.type from file_info, share_file_list where file_info.md5 = share_file_list.md5 limit 0, 1 在操作
[2020-05-01 15:27:43]--[src_cgi/sharefiles_cgi.c:292]--{
	"files":	[{
			"user":	"Mario",
			"md5":	"c319a9d4ce7c9f76d2a17a3d5d93c02b",
			"time":	"2018-12-21 19:29:22",
			"filename":	"Makefile",
			"share_status":	1,
			"pv":	1,
			"url":	"http://192.168.230.138:80/group1/M00/00/00/wKjmilwdqtKAcOo5AABU8Itwcro6720927",
			"size":	21744,
			"type":	"null"
		}]
}
[2020-05-01 19:10:01]--[src_cgi/sharefiles_cgi.c:42]--mysql:[user=root,pwd=123456,database=cloud_disk][2020-05-01 19:10:01]--[src_cgi/sharefiles_cgi.c:47]--redis:[ip=127.0.0.1,port=6379]
[2020-05-01 19:14:15]--[src_cgi/sharefiles_cgi.c:42]--mysql:[user=root,pwd=123456,database=cloud_disk][2020-05-01 19:14:15]--[src_cgi/sharefiles_cgi.c:47]--redis:[ip=127.0.0.1,port=6379]
[2020-05-01 19:23:11]--[src_cgi/sharefiles_cgi.c:42]--mysql:[user=root,pwd=123456,database=cloud_disk][2020-05-01 19:23:11]--[src_cgi/sharefiles_cgi.c:47]--redis:[ip=127.0.0.1,port=6379]
[2020-05-01 19:29:44]--[src_cgi/sharefiles_cgi.c:598]--cmd = count
[2020-05-01 19:29:44]--[src_cgi/sharefiles_cgi.c:85]--line = 1
[2020-05-01 19:29:44]--[src_cgi/sharefiles_cgi.c:598]--cmd = normal
[2020-05-01 19:29:44]--[src_cgi/sharefiles_cgi.c:636]--buf = {
    "count": 1,
    "start": 0
}

[2020-05-01 19:29:44]--[src_cgi/sharefiles_cgi.c:645]--start = 0, count = 1
[2020-05-01 19:29:44]--[src_cgi/sharefiles_cgi.c:172]--select share_file_list.*, file_info.url, file_info.size, file_info.type from file_info, share_file_list where file_info.md5 = share_file_list.md5 limit 0, 1 在操作
[2020-05-01 19:29:44]--[src_cgi/sharefiles_cgi.c:292]--{
	"files":	[{
			"user":	"Mario",
			"md5":	"c319a9d4ce7c9f76d2a17a3d5d93c02b",
			"time":	"2018-12-21 19:29:22",
			"filename":	"Makefile",
			"share_status":	1,
			"pv":	1,
			"url":	"http://192.168.230.138:80/group1/M00/00/00/wKjmilwdqtKAcOo5AABU8Itwcro6720927",
			"size":	21744,
			"type":	"null"
		}]
}
