[2020-03-29 20:20:35]--[src_cgi/login_cgi.c:288]--buf = {
    "pwd": "e10adc3949ba59abbe56e057f20f883e",
    "user": "MarioHo"
}

[2020-03-29 20:20:35]--[src_cgi/login_cgi.c:294]--user = MarioHo, pwd = e10adc3949ba59abbe56e057f20f883e
[2020-03-29 20:20:35]--[src_cgi/login_cgi.c:101]--mysql_user = root, mysql_pwd = 123456, mysql_db = cloud_disk
[2020-03-29 20:20:35]--[src_cgi/login_cgi.c:161]--redis:[ip=127.0.0.1,port=6379]
[2020-03-29 20:20:35]--[src_cgi/login_cgi.c:185]--tmp = MarioHo84283085850
[2020-03-29 20:20:35]--[src_cgi/login_cgi.c:201]--base64 = PEBLzh/rYT8nLvKEZr8QDYJJ3yTDrjP/
[2020-03-29 20:20:35]--[src_cgi/login_cgi.c:303]--token = 307ffa55e0d71cb187e447c1105ab9ab
[2020-03-29 20:20:46]--[src_cgi/login_cgi.c:288]--buf = {
    "pwd": "e10adc3949ba59abbe56e057f20f883e",
    "user": "MarioHo"
}

[2020-03-29 20:20:46]--[src_cgi/login_cgi.c:294]--user = MarioHo, pwd = e10adc3949ba59abbe56e057f20f883e
[2020-03-29 20:20:46]--[src_cgi/login_cgi.c:101]--mysql_user = root, mysql_pwd = 123456, mysql_db = cloud_disk
[2020-03-29 20:20:46]--[src_cgi/login_cgi.c:161]--redis:[ip=127.0.0.1,port=6379]
[2020-03-29 20:20:46]--[src_cgi/login_cgi.c:185]--tmp = MarioHo576366175307
[2020-03-29 20:20:46]--[src_cgi/login_cgi.c:201]--base64 = w3ohOQpqUKc4Tw+7lA/UTuIF/RdZxxDJ
[2020-03-29 20:20:46]--[src_cgi/login_cgi.c:303]--token = 8b492773b7cb727296a1264650fea5d0
