[2020-04-25 20:32:07]--[src_cgi/dealfile_cgi.c:695]--cmd = pv
[2020-04-25 20:32:07]--[src_cgi/dealfile_cgi.c:727]--buf = {
    "filename": "login.h",
    "md5": "e1379314759ae19c6f106854131d28f0",
    "token": "7d367126994cb8d73f6f979384ff433b",
    "user": "MarioHo"
}

[2020-04-25 20:32:07]--[src_cgi/dealfile_cgi.c:730]--user = MarioHo, token = 7d367126994cb8d73f6f979384ff433b, md5 = e1379314759ae19c6f106854131d28f0, filename = login.h
[2020-04-25 20:33:25]--[src_cgi/dealfile_cgi.c:695]--cmd = pv
[2020-04-25 20:33:25]--[src_cgi/dealfile_cgi.c:727]--buf = {
    "filename": "Makefile.Debug",
    "md5": "fc7f3e94d9e67199560b84097e81be1f",
    "token": "7d367126994cb8d73f6f979384ff433b",
    "user": "MarioHo"
}

[2020-04-25 20:33:25]--[src_cgi/dealfile_cgi.c:730]--user = MarioHo, token = 7d367126994cb8d73f6f979384ff433b, md5 = fc7f3e94d9e67199560b84097e81be1f, filename = Makefile.Debug
[2020-04-25 20:35:45]--[src_cgi/dealfile_cgi.c:695]--cmd = pv
[2020-04-25 20:35:45]--[src_cgi/dealfile_cgi.c:727]--buf = {
    "filename": "账号密码.txt",
    "md5": "c8d76e67e10f9c9ed90d1ed5bf23cc40",
    "token": "7d367126994cb8d73f6f979384ff433b",
    "user": "MarioHo"
}

[2020-04-25 20:35:45]--[src_cgi/dealfile_cgi.c:730]--user = MarioHo, token = 7d367126994cb8d73f6f979384ff433b, md5 = c8d76e67e10f9c9ed90d1ed5bf23cc40, filename = 账号密码.txt
[2020-04-25 20:37:07]--[src_cgi/dealfile_cgi.c:695]--cmd = pv
[2020-04-25 20:37:07]--[src_cgi/dealfile_cgi.c:727]--buf = {
    "filename": "账号密码.txt",
    "md5": "c8d76e67e10f9c9ed90d1ed5bf23cc40",
    "token": "7d367126994cb8d73f6f979384ff433b",
    "user": "MarioHo"
}

[2020-04-25 20:37:07]--[src_cgi/dealfile_cgi.c:730]--user = MarioHo, token = 7d367126994cb8d73f6f979384ff433b, md5 = c8d76e67e10f9c9ed90d1ed5bf23cc40, filename = 账号密码.txt
[2020-04-25 20:41:14]--[src_cgi/dealfile_cgi.c:42]--mysql:[user=root,pwd=123456,database=cloud_disk][2020-04-25 20:41:14]--[src_cgi/dealfile_cgi.c:47]--redis:[ip=127.0.0.1,port=6379]
[2020-04-25 20:42:20]--[src_cgi/dealfile_cgi.c:695]--cmd = pv
[2020-04-25 20:42:20]--[src_cgi/dealfile_cgi.c:727]--buf = {
    "filename": "账号密码.txt",
    "md5": "c8d76e67e10f9c9ed90d1ed5bf23cc40",
    "token": "aab2b7d2534f89923531723154f1c483",
    "user": "MarioHo"
}

[2020-04-25 20:42:20]--[src_cgi/dealfile_cgi.c:730]--user = MarioHo, token = aab2b7d2534f89923531723154f1c483, md5 = c8d76e67e10f9c9ed90d1ed5bf23cc40, filename = 账号密码.txt
[2020-04-25 20:49:34]--[src_cgi/dealfile_cgi.c:42]--mysql:[user=root,pwd=123456,database=cloud_disk][2020-04-25 20:49:34]--[src_cgi/dealfile_cgi.c:47]--redis:[ip=127.0.0.1,port=6379]
[2020-04-25 20:50:48]--[src_cgi/dealfile_cgi.c:695]--cmd = pv
[2020-04-25 20:50:48]--[src_cgi/dealfile_cgi.c:727]--buf = {
    "filename": "账号密码.txt",
    "md5": "c8d76e67e10f9c9ed90d1ed5bf23cc40",
    "token": "d180d0d1acd3096aaffab4bb57cdbe24",
    "user": "MarioHo"
}

[2020-04-25 20:50:48]--[src_cgi/dealfile_cgi.c:730]--user = MarioHo, token = d180d0d1acd3096aaffab4bb57cdbe24, md5 = c8d76e67e10f9c9ed90d1ed5bf23cc40, filename = 账号密码.txt
[2020-04-25 20:51:15]--[src_cgi/dealfile_cgi.c:42]--mysql:[user=root,pwd=123456,database=cloud_disk][2020-04-25 20:51:15]--[src_cgi/dealfile_cgi.c:47]--redis:[ip=127.0.0.1,port=6379]
[2020-04-25 20:51:37]--[src_cgi/dealfile_cgi.c:42]--mysql:[user=root,pwd=123456,database=cloud_disk][2020-04-25 20:51:37]--[src_cgi/dealfile_cgi.c:47]--redis:[ip=127.0.0.1,port=6379]
[2020-04-25 20:59:17]--[src_cgi/dealfile_cgi.c:695]--cmd = pv
[2020-04-25 20:59:17]--[src_cgi/dealfile_cgi.c:727]--buf = {
    "filename": "账号密码.txt",
    "md5": "c8d76e67e10f9c9ed90d1ed5bf23cc40",
    "token": "9733b926961ea7fa862d26484eee6685",
    "user": "MarioHo"
}

[2020-04-25 20:59:17]--[src_cgi/dealfile_cgi.c:730]--user = MarioHo, token = 9733b926961ea7fa862d26484eee6685, md5 = c8d76e67e10f9c9ed90d1ed5bf23cc40, filename = 账号密码.txt
[2020-04-25 21:16:56]--[src_cgi/dealfile_cgi.c:695]--cmd = pv
[2020-04-25 21:16:56]--[src_cgi/dealfile_cgi.c:727]--buf = {
    "filename": "账号密码.txt",
    "md5": "c8d76e67e10f9c9ed90d1ed5bf23cc40",
    "token": "9733b926961ea7fa862d26484eee6685",
    "user": "MarioHo"
}

[2020-04-25 21:16:56]--[src_cgi/dealfile_cgi.c:730]--user = MarioHo, token = 9733b926961ea7fa862d26484eee6685, md5 = c8d76e67e10f9c9ed90d1ed5bf23cc40, filename = 账号密码.txt
[2020-04-25 21:41:30]--[src_cgi/dealfile_cgi.c:42]--mysql:[user=root,pwd=123456,database=cloud_disk][2020-04-25 21:41:30]--[src_cgi/dealfile_cgi.c:47]--redis:[ip=127.0.0.1,port=6379]
[2020-04-25 21:57:05]--[src_cgi/dealfile_cgi.c:42]--mysql:[user=root,pwd=123456,database=cloud_disk][2020-04-25 21:57:05]--[src_cgi/dealfile_cgi.c:47]--redis:[ip=127.0.0.1,port=6379]
[2020-04-25 21:59:49]--[src_cgi/dealfile_cgi.c:695]--cmd = pv
[2020-04-25 21:59:49]--[src_cgi/dealfile_cgi.c:727]--buf = {
    "filename": "账号密码.txt",
    "md5": "c8d76e67e10f9c9ed90d1ed5bf23cc40",
    "token": "6bb70bef1b0a537e9fa08ae42701c9af",
    "user": "MarioHo"
}

[2020-04-25 21:59:49]--[src_cgi/dealfile_cgi.c:730]--user = MarioHo, token = 6bb70bef1b0a537e9fa08ae42701c9af, md5 = c8d76e67e10f9c9ed90d1ed5bf23cc40, filename = 账号密码.txt
[2020-04-25 22:01:50]--[src_cgi/dealfile_cgi.c:695]--cmd = pv
[2020-04-25 22:01:50]--[src_cgi/dealfile_cgi.c:727]--buf = {
    "filename": "账号密码.txt",
    "md5": "c8d76e67e10f9c9ed90d1ed5bf23cc40",
    "token": "a4a9df3d6809af0e2d35f2b9119df610",
    "user": "MarioHo"
}

[2020-04-25 22:01:50]--[src_cgi/dealfile_cgi.c:730]--user = MarioHo, token = a4a9df3d6809af0e2d35f2b9119df610, md5 = c8d76e67e10f9c9ed90d1ed5bf23cc40, filename = 账号密码.txt
[2020-04-25 22:03:17]--[src_cgi/dealfile_cgi.c:695]--cmd = del
[2020-04-25 22:03:17]--[src_cgi/dealfile_cgi.c:727]--buf = {
    "filename": "账号密码.txt",
    "md5": "c8d76e67e10f9c9ed90d1ed5bf23cc40",
    "token": "a4a9df3d6809af0e2d35f2b9119df610",
    "user": "MarioHo"
}

[2020-04-25 22:03:17]--[src_cgi/dealfile_cgi.c:730]--user = MarioHo, token = a4a9df3d6809af0e2d35f2b9119df610, md5 = c8d76e67e10f9c9ed90d1ed5bf23cc40, filename = 账号密码.txt
[2020-04-25 22:03:17]--[src_cgi/dealfile_cgi.c:329]--remove_file_from_storage ret = 0
[2020-04-25 22:03:41]--[src_cgi/dealfile_cgi.c:695]--cmd = del
[2020-04-25 22:03:41]--[src_cgi/dealfile_cgi.c:727]--buf = {
    "filename": "账号密码.txt",
    "md5": "d41d8cd98f00b204e9800998ecf8427e",
    "token": "a4a9df3d6809af0e2d35f2b9119df610",
    "user": "MarioHo"
}

[2020-04-25 22:03:41]--[src_cgi/dealfile_cgi.c:730]--user = MarioHo, token = a4a9df3d6809af0e2d35f2b9119df610, md5 = d41d8cd98f00b204e9800998ecf8427e, filename = 账号密码.txt
[2020-04-25 22:03:41]--[src_cgi/dealfile_cgi.c:329]--remove_file_from_storage ret = 0
[2020-04-25 22:05:05]--[src_cgi/dealfile_cgi.c:695]--cmd = pv
[2020-04-25 22:05:05]--[src_cgi/dealfile_cgi.c:727]--buf = {
    "filename": "账号密码2.txt",
    "md5": "c8d76e67e10f9c9ed90d1ed5bf23cc40",
    "token": "a4a9df3d6809af0e2d35f2b9119df610",
    "user": "MarioHo"
}

[2020-04-25 22:05:05]--[src_cgi/dealfile_cgi.c:730]--user = MarioHo, token = a4a9df3d6809af0e2d35f2b9119df610, md5 = c8d76e67e10f9c9ed90d1ed5bf23cc40, filename = 账号密码2.txt
[2020-04-25 22:08:20]--[src_cgi/dealfile_cgi.c:695]--cmd = pv
[2020-04-25 22:08:20]--[src_cgi/dealfile_cgi.c:727]--buf = {
    "filename": "账号密码2.txt",
    "md5": "c8d76e67e10f9c9ed90d1ed5bf23cc40",
    "token": "a4a9df3d6809af0e2d35f2b9119df610",
    "user": "MarioHo"
}

[2020-04-25 22:08:20]--[src_cgi/dealfile_cgi.c:730]--user = MarioHo, token = a4a9df3d6809af0e2d35f2b9119df610, md5 = c8d76e67e10f9c9ed90d1ed5bf23cc40, filename = 账号密码2.txt
[2020-04-25 23:11:50]--[src_cgi/dealfile_cgi.c:695]--cmd = pv
[2020-04-25 23:11:50]--[src_cgi/dealfile_cgi.c:727]--buf = {
    "filename": "账号密码2.txt",
    "md5": "c8d76e67e10f9c9ed90d1ed5bf23cc40",
    "token": "a4a9df3d6809af0e2d35f2b9119df610",
    "user": "MarioHo"
}

[2020-04-25 23:11:50]--[src_cgi/dealfile_cgi.c:730]--user = MarioHo, token = a4a9df3d6809af0e2d35f2b9119df610, md5 = c8d76e67e10f9c9ed90d1ed5bf23cc40, filename = 账号密码2.txt
[2020-04-25 23:31:21]--[src_cgi/dealfile_cgi.c:42]--mysql:[user=root,pwd=123456,database=cloud_disk][2020-04-25 23:31:21]--[src_cgi/dealfile_cgi.c:47]--redis:[ip=127.0.0.1,port=6379]
[2020-04-25 23:35:58]--[src_cgi/dealfile_cgi.c:42]--mysql:[user=root,pwd=123456,database=cloud_disk][2020-04-25 23:35:58]--[src_cgi/dealfile_cgi.c:47]--redis:[ip=127.0.0.1,port=6379]
