[2020-04-27 00:28:44]--[src_cgi/login_cgi.c:288]--buf = {
    "pwd": "e10adc3949ba59abbe56e057f20f883e",
    "user": "Mario"
}

[2020-04-27 00:28:44]--[src_cgi/login_cgi.c:294]--user = Mario, pwd = e10adc3949ba59abbe56e057f20f883e
[2020-04-27 00:28:44]--[src_cgi/login_cgi.c:101]--mysql_user = root, mysql_pwd = 123456, mysql_db = cloud_disk
[2020-04-27 00:28:44]--[src_cgi/login_cgi.c:161]--redis:[ip=127.0.0.1,port=6379]
[2020-04-27 00:28:44]--[src_cgi/login_cgi.c:185]--tmp = Mario87925677345
[2020-04-27 00:28:44]--[src_cgi/login_cgi.c:201]--base64 = nnazMfhWJVN+iLPjMlddjy0ZxLNK7pNJ
[2020-04-27 00:28:44]--[src_cgi/login_cgi.c:303]--token = 35263c211e4dfc5c26666b80b41bbb1c
[2020-04-27 16:47:57]--[src_cgi/login_cgi.c:288]--buf = {
    "pwd": "e10adc3949ba59abbe56e057f20f883e",
    "user": "Mario"
}

[2020-04-27 16:47:57]--[src_cgi/login_cgi.c:294]--user = Mario, pwd = e10adc3949ba59abbe56e057f20f883e
[2020-04-27 16:47:57]--[src_cgi/login_cgi.c:101]--mysql_user = root, mysql_pwd = 123456, mysql_db = cloud_disk
[2020-04-27 16:47:57]--[src_cgi/login_cgi.c:161]--redis:[ip=127.0.0.1,port=6379]
[2020-04-27 16:47:57]--[src_cgi/login_cgi.c:185]--tmp = Mario314484568229
[2020-04-27 16:47:57]--[src_cgi/login_cgi.c:201]--base64 = CmdMjpj/rzdApVK4hLTVT1zqyK7PQug1
[2020-04-27 16:47:57]--[src_cgi/login_cgi.c:303]--token = 636ae92dd39e18753e193e4c03bca57c
[2020-04-27 16:48:17]--[src_cgi/login_cgi.c:288]--buf = {
    "pwd": "e10adc3949ba59abbe56e057f20f883e",
    "user": "Mario"
}

[2020-04-27 16:48:17]--[src_cgi/login_cgi.c:294]--user = Mario, pwd = e10adc3949ba59abbe56e057f20f883e
[2020-04-27 16:48:17]--[src_cgi/login_cgi.c:101]--mysql_user = root, mysql_pwd = 123456, mysql_db = cloud_disk
[2020-04-27 16:48:17]--[src_cgi/login_cgi.c:161]--redis:[ip=127.0.0.1,port=6379]
[2020-04-27 16:48:17]--[src_cgi/login_cgi.c:185]--tmp = Mario104537471303
[2020-04-27 16:48:17]--[src_cgi/login_cgi.c:201]--base64 = 2Mgx9TbApFQhvpS/D3nYNa7DEUAkWTSv
[2020-04-27 16:48:17]--[src_cgi/login_cgi.c:303]--token = e9a727646df7c58a367e500be7809ba4
[2020-04-27 16:51:13]--[src_cgi/login_cgi.c:288]--buf = {
    "pwd": "e10adc3949ba59abbe56e057f20f883e",
    "user": "Mario"
}

[2020-04-27 16:51:13]--[src_cgi/login_cgi.c:294]--user = Mario, pwd = e10adc3949ba59abbe56e057f20f883e
[2020-04-27 16:51:13]--[src_cgi/login_cgi.c:101]--mysql_user = root, mysql_pwd = 123456, mysql_db = cloud_disk
[2020-04-27 16:51:13]--[src_cgi/login_cgi.c:161]--redis:[ip=127.0.0.1,port=6379]
[2020-04-27 16:51:13]--[src_cgi/login_cgi.c:185]--tmp = Mario107633231221
[2020-04-27 16:51:13]--[src_cgi/login_cgi.c:201]--base64 = RVrkcekVP9+fiNI5P5d7OvlvnLKu4lWq
[2020-04-27 16:51:13]--[src_cgi/login_cgi.c:303]--token = f136530f83105ce1413763b8a03c7855
