[2020-04-20 00:15:10]--[src_cgi/login_cgi.c:275]--len = 0, No data from standard input
[2020-04-20 00:15:14]--[src_cgi/login_cgi.c:275]--len = 0, No data from standard input
[2020-04-20 20:04:11]--[src_cgi/login_cgi.c:288]--buf = {
    "pwd": "e10adc3949ba59abbe56e057f20f883e",
    "user": "MarioHo"
}

[2020-04-20 20:04:11]--[src_cgi/login_cgi.c:294]--user = MarioHo, pwd = e10adc3949ba59abbe56e057f20f883e
[2020-04-20 20:04:11]--[src_cgi/login_cgi.c:101]--mysql_user = root, mysql_pwd = 123456, mysql_db = cloud_disk
[2020-04-20 20:04:11]--[src_cgi/login_cgi.c:161]--redis:[ip=127.0.0.1,port=6379]
[2020-04-20 20:04:11]--[src_cgi/login_cgi.c:185]--tmp = MarioHo83246167820
[2020-04-20 20:04:11]--[src_cgi/login_cgi.c:201]--base64 = PEBLzh/rYT8IN5k4GKlWfBWL+VivrjWM
[2020-04-20 20:04:11]--[src_cgi/login_cgi.c:303]--token = 25e5295abf1104fba2bc117c6df584d6
[2020-04-20 20:04:39]--[src_cgi/login_cgi.c:288]--buf = {
    "pwd": "e10adc3949ba59abbe56e057f20f883e",
    "user": "MarioHo"
}

[2020-04-20 20:04:39]--[src_cgi/login_cgi.c:294]--user = MarioHo, pwd = e10adc3949ba59abbe56e057f20f883e
[2020-04-20 20:04:39]--[src_cgi/login_cgi.c:101]--mysql_user = root, mysql_pwd = 123456, mysql_db = cloud_disk
[2020-04-20 20:04:39]--[src_cgi/login_cgi.c:161]--redis:[ip=127.0.0.1,port=6379]
[2020-04-20 20:04:39]--[src_cgi/login_cgi.c:185]--tmp = MarioHo9101136295
[2020-04-20 20:04:39]--[src_cgi/login_cgi.c:201]--base64 = raY32/m6BFyb4rWha+NxC2+Ut+5trQL2
[2020-04-20 20:04:39]--[src_cgi/login_cgi.c:303]--token = 9d5b2ef25bf490c8a0c8e050333d8d86
[2020-04-20 20:05:32]--[src_cgi/login_cgi.c:288]--buf = {
    "pwd": "e10adc3949ba59abbe56e057f20f883e",
    "user": "MarioHo"
}

[2020-04-20 20:05:32]--[src_cgi/login_cgi.c:294]--user = MarioHo, pwd = e10adc3949ba59abbe56e057f20f883e
[2020-04-20 20:05:32]--[src_cgi/login_cgi.c:101]--mysql_user = root, mysql_pwd = 123456, mysql_db = cloud_disk
[2020-04-20 20:05:32]--[src_cgi/login_cgi.c:161]--redis:[ip=127.0.0.1,port=6379]
[2020-04-20 20:05:32]--[src_cgi/login_cgi.c:185]--tmp = MarioHo594239761870
[2020-04-20 20:05:32]--[src_cgi/login_cgi.c:201]--base64 = w3ohOQpqUKcWCX83jZZHWAM4OgYwH3Di
[2020-04-20 20:05:32]--[src_cgi/login_cgi.c:303]--token = af211974e00f3874280c4e2af291b62f
[2020-04-20 20:10:35]--[src_cgi/login_cgi.c:288]--buf = {
    "pwd": "e10adc3949ba59abbe56e057f20f883e",
    "user": "MarioHo"
}

[2020-04-20 20:10:35]--[src_cgi/login_cgi.c:294]--user = MarioHo, pwd = e10adc3949ba59abbe56e057f20f883e
[2020-04-20 20:10:35]--[src_cgi/login_cgi.c:101]--mysql_user = root, mysql_pwd = 123456, mysql_db = cloud_disk
[2020-04-20 20:10:35]--[src_cgi/login_cgi.c:161]--redis:[ip=127.0.0.1,port=6379]
[2020-04-20 20:10:35]--[src_cgi/login_cgi.c:185]--tmp = MarioHo231467829778
[2020-04-20 20:10:35]--[src_cgi/login_cgi.c:201]--base64 = Wtbz8UE3Pz2GcpGm9pJt+Tlorr0Ok1DK
[2020-04-20 20:10:35]--[src_cgi/login_cgi.c:303]--token = 86ca746ab8d36c4ab75d60652d0827a8
[2020-04-20 20:11:49]--[src_cgi/login_cgi.c:288]--buf = {
    "pwd": "e10adc3949ba59abbe56e057f20f883e",
    "user": "MarioHo"
}

[2020-04-20 20:11:49]--[src_cgi/login_cgi.c:294]--user = MarioHo, pwd = e10adc3949ba59abbe56e057f20f883e
[2020-04-20 20:11:49]--[src_cgi/login_cgi.c:101]--mysql_user = root, mysql_pwd = 123456, mysql_db = cloud_disk
[2020-04-20 20:11:49]--[src_cgi/login_cgi.c:161]--redis:[ip=127.0.0.1,port=6379]
[2020-04-20 20:11:49]--[src_cgi/login_cgi.c:185]--tmp = MarioHo294498922747
[2020-04-20 20:11:49]--[src_cgi/login_cgi.c:201]--base64 = Wtbz8UE3Pz1AFzHJTGjRoopmCgoEwwj8
[2020-04-20 20:11:49]--[src_cgi/login_cgi.c:303]--token = b8f8ee337a02ad7da818920779b4667b
[2020-04-20 20:13:46]--[src_cgi/login_cgi.c:288]--buf = {
    "pwd": "e10adc3949ba59abbe56e057f20f883e",
    "user": "MarioHo"
}

[2020-04-20 20:13:46]--[src_cgi/login_cgi.c:294]--user = MarioHo, pwd = e10adc3949ba59abbe56e057f20f883e
[2020-04-20 20:13:46]--[src_cgi/login_cgi.c:101]--mysql_user = root, mysql_pwd = 123456, mysql_db = cloud_disk
[2020-04-20 20:13:46]--[src_cgi/login_cgi.c:161]--redis:[ip=127.0.0.1,port=6379]
[2020-04-20 20:13:46]--[src_cgi/login_cgi.c:185]--tmp = MarioHo2885738910
[2020-04-20 20:13:46]--[src_cgi/login_cgi.c:201]--base64 = Wtbz8UE3Pz3iOrVxCkzau7N71Jkkp7xg
[2020-04-20 20:13:46]--[src_cgi/login_cgi.c:303]--token = ecda4b18eff2ed9574c06dec35a7edc7
[2020-04-20 20:13:46]--[src_cgi/login_cgi.c:288]--buf = {
    "pwd": "e10adc3949ba59abbe56e057f20f883e",
    "user": "MarioHo"
}

[2020-04-20 20:13:46]--[src_cgi/login_cgi.c:294]--user = MarioHo, pwd = e10adc3949ba59abbe56e057f20f883e
[2020-04-20 20:13:46]--[src_cgi/login_cgi.c:101]--mysql_user = root, mysql_pwd = 123456, mysql_db = cloud_disk
[2020-04-20 20:13:46]--[src_cgi/login_cgi.c:161]--redis:[ip=127.0.0.1,port=6379]
[2020-04-20 20:13:46]--[src_cgi/login_cgi.c:185]--tmp = MarioHo2885738910
[2020-04-20 20:13:46]--[src_cgi/login_cgi.c:201]--base64 = Wtbz8UE3Pz3iOrVxCkzau7N71Jkkp7xg
[2020-04-20 20:13:46]--[src_cgi/login_cgi.c:303]--token = ecda4b18eff2ed9574c06dec35a7edc7
[2020-04-20 20:15:03]--[src_cgi/login_cgi.c:288]--buf = {
    "pwd": "e10adc3949ba59abbe56e057f20f883e",
    "user": "kevin"
}

[2020-04-20 20:15:03]--[src_cgi/login_cgi.c:294]--user = kevin, pwd = e10adc3949ba59abbe56e057f20f883e
[2020-04-20 20:15:03]--[src_cgi/login_cgi.c:101]--mysql_user = root, mysql_pwd = 123456, mysql_db = cloud_disk
[2020-04-20 20:15:03]--[src_cgi/login_cgi.c:161]--redis:[ip=127.0.0.1,port=6379]
[2020-04-20 20:15:03]--[src_cgi/login_cgi.c:185]--tmp = kevin199617300254
[2020-04-20 20:15:03]--[src_cgi/login_cgi.c:201]--base64 = uy8Ji5mHkmL+NODnSv9XT5+HwxKUAZ0k
[2020-04-20 20:15:03]--[src_cgi/login_cgi.c:303]--token = 90b86bf95c326bc5a4921ec7456f9e3d
[2020-04-20 20:15:39]--[src_cgi/login_cgi.c:288]--buf = {
    "pwd": "e10adc3949ba59abbe56e057f20f883e",
    "user": "MarioHo"
}

[2020-04-20 20:15:39]--[src_cgi/login_cgi.c:294]--user = MarioHo, pwd = e10adc3949ba59abbe56e057f20f883e
[2020-04-20 20:15:39]--[src_cgi/login_cgi.c:101]--mysql_user = root, mysql_pwd = 123456, mysql_db = cloud_disk
[2020-04-20 20:15:39]--[src_cgi/login_cgi.c:161]--redis:[ip=127.0.0.1,port=6379]
[2020-04-20 20:15:39]--[src_cgi/login_cgi.c:185]--tmp = MarioHo959839287801
[2020-04-20 20:15:39]--[src_cgi/login_cgi.c:201]--base64 = raY32/m6BFxU82SkL/NR+gwMlL0/OisN
[2020-04-20 20:15:39]--[src_cgi/login_cgi.c:303]--token = 7cc5095789ac5492625909c6d8c4a394
[2020-04-20 20:15:44]--[src_cgi/login_cgi.c:288]--buf = {
    "pwd": "e10adc3949ba59abbe56e057f20f883e",
    "user": "MarioHo"
}

[2020-04-20 20:15:44]--[src_cgi/login_cgi.c:294]--user = MarioHo, pwd = e10adc3949ba59abbe56e057f20f883e
[2020-04-20 20:15:44]--[src_cgi/login_cgi.c:101]--mysql_user = root, mysql_pwd = 123456, mysql_db = cloud_disk
[2020-04-20 20:15:44]--[src_cgi/login_cgi.c:161]--redis:[ip=127.0.0.1,port=6379]
[2020-04-20 20:15:44]--[src_cgi/login_cgi.c:185]--tmp = MarioHo66767869865
[2020-04-20 20:15:44]--[src_cgi/login_cgi.c:201]--base64 = mYr1Ln/9jMunKdnQ5VapXP5EIHo66NGM
[2020-04-20 20:15:44]--[src_cgi/login_cgi.c:303]--token = e81aef05bec44eecb1c187c73e7ff55a
[2020-04-20 20:16:29]--[src_cgi/login_cgi.c:288]--buf = {
    "pwd": "e10adc3949ba59abbe56e057f20f883e",
    "user": "MarioHo"
}

[2020-04-20 20:16:29]--[src_cgi/login_cgi.c:294]--user = MarioHo, pwd = e10adc3949ba59abbe56e057f20f883e
[2020-04-20 20:16:29]--[src_cgi/login_cgi.c:101]--mysql_user = root, mysql_pwd = 123456, mysql_db = cloud_disk
[2020-04-20 20:16:29]--[src_cgi/login_cgi.c:161]--redis:[ip=127.0.0.1,port=6379]
[2020-04-20 20:16:29]--[src_cgi/login_cgi.c:185]--tmp = MarioHo878222134271
[2020-04-20 20:16:29]--[src_cgi/login_cgi.c:201]--base64 = PEBLzh/rYT/DD+qzAVV6NTlI45iWOjnY
[2020-04-20 20:16:29]--[src_cgi/login_cgi.c:303]--token = ebd3878422153d3cc01c53eb024994cf
[2020-04-20 20:17:37]--[src_cgi/login_cgi.c:288]--buf = {
    "pwd": "e10adc3949ba59abbe56e057f20f883e",
    "user": "MarioHo"
}

[2020-04-20 20:17:37]--[src_cgi/login_cgi.c:294]--user = MarioHo, pwd = e10adc3949ba59abbe56e057f20f883e
[2020-04-20 20:17:37]--[src_cgi/login_cgi.c:101]--mysql_user = root, mysql_pwd = 123456, mysql_db = cloud_disk
[2020-04-20 20:17:37]--[src_cgi/login_cgi.c:161]--redis:[ip=127.0.0.1,port=6379]
[2020-04-20 20:17:37]--[src_cgi/login_cgi.c:185]--tmp = MarioHo285242410245
[2020-04-20 20:17:37]--[src_cgi/login_cgi.c:201]--base64 = Wtbz8UE3Pz0j8KeLRHjQ12fetWY10yg7
[2020-04-20 20:17:37]--[src_cgi/login_cgi.c:303]--token = 143ec1e61a294d4979e789979d935560
