[2020-04-25 19:04:29]--[src_cgi/login_cgi.c:288]--buf = {
    "pwd": "e10adc3949ba59abbe56e057f20f883e",
    "user": "Mario"
}

[2020-04-25 19:04:29]--[src_cgi/login_cgi.c:294]--user = Mario, pwd = e10adc3949ba59abbe56e057f20f883e
[2020-04-25 19:04:29]--[src_cgi/login_cgi.c:101]--mysql_user = root, mysql_pwd = 123456, mysql_db = cloud_disk
[2020-04-25 19:04:29]--[src_cgi/login_cgi.c:161]--redis:[ip=127.0.0.1,port=6379]
[2020-04-25 19:04:29]--[src_cgi/login_cgi.c:185]--tmp = Mario62655429850
[2020-04-25 19:04:29]--[src_cgi/login_cgi.c:201]--base64 = HQpqq3VWIB0RswMsca1//y0ZxLNK7pNJ
[2020-04-25 19:04:29]--[src_cgi/login_cgi.c:303]--token = 7901ccafb4c2e140ff3941d148fdc597
[2020-04-25 19:06:14]--[src_cgi/login_cgi.c:288]--buf = {
    "pwd": "e10adc3949ba59abbe56e057f20f883e",
    "user": "MarioHo"
}

[2020-04-25 19:06:14]--[src_cgi/login_cgi.c:294]--user = MarioHo, pwd = e10adc3949ba59abbe56e057f20f883e
[2020-04-25 19:06:14]--[src_cgi/login_cgi.c:101]--mysql_user = root, mysql_pwd = 123456, mysql_db = cloud_disk
[2020-04-25 19:06:14]--[src_cgi/login_cgi.c:161]--redis:[ip=127.0.0.1,port=6379]
[2020-04-25 19:06:14]--[src_cgi/login_cgi.c:185]--tmp = MarioHo36668236855
[2020-04-25 19:06:14]--[src_cgi/login_cgi.c:201]--base64 = pYbJXrBohskXDms4mF/I2RmJcLyqK45O
[2020-04-25 19:06:14]--[src_cgi/login_cgi.c:303]--token = b1987694d6185b3f600e56ca3530d4fb
[2020-04-25 19:23:23]--[src_cgi/login_cgi.c:288]--buf = {
    "pwd": "e10adc3949ba59abbe56e057f20f883e",
    "user": "Mario"
}

[2020-04-25 19:23:23]--[src_cgi/login_cgi.c:294]--user = Mario, pwd = e10adc3949ba59abbe56e057f20f883e
[2020-04-25 19:23:23]--[src_cgi/login_cgi.c:101]--mysql_user = root, mysql_pwd = 123456, mysql_db = cloud_disk
[2020-04-25 19:23:23]--[src_cgi/login_cgi.c:161]--redis:[ip=127.0.0.1,port=6379]
[2020-04-25 19:23:23]--[src_cgi/login_cgi.c:185]--tmp = Mario331275126507
[2020-04-25 19:23:23]--[src_cgi/login_cgi.c:201]--base64 = 8aymCeffbrud/jr3dMTl8/UujTBmz0dF
[2020-04-25 19:23:23]--[src_cgi/login_cgi.c:303]--token = 13d640f281bba23aee43401521cfa96e
[2020-04-25 19:31:49]--[src_cgi/login_cgi.c:288]--buf = {
    "pwd": "e10adc3949ba59abbe56e057f20f883e",
    "user": "Mario"
}

[2020-04-25 19:31:49]--[src_cgi/login_cgi.c:294]--user = Mario, pwd = e10adc3949ba59abbe56e057f20f883e
[2020-04-25 19:31:49]--[src_cgi/login_cgi.c:101]--mysql_user = root, mysql_pwd = 123456, mysql_db = cloud_disk
[2020-04-25 19:31:49]--[src_cgi/login_cgi.c:161]--redis:[ip=127.0.0.1,port=6379]
[2020-04-25 19:31:49]--[src_cgi/login_cgi.c:185]--tmp = Mario438337249713
[2020-04-25 19:31:49]--[src_cgi/login_cgi.c:201]--base64 = 5cnAf+Z84Fov7TBOZBJdia7DEUAkWTSv
[2020-04-25 19:31:49]--[src_cgi/login_cgi.c:303]--token = 7b2aeb1400fcbbf4f61643a1a199842e
[2020-04-25 20:00:25]--[src_cgi/login_cgi.c:288]--buf = {
    "pwd": "e10adc3949ba59abbe56e057f20f883e",
    "user": "MarioHo"
}

[2020-04-25 20:00:25]--[src_cgi/login_cgi.c:294]--user = MarioHo, pwd = e10adc3949ba59abbe56e057f20f883e
[2020-04-25 20:00:25]--[src_cgi/login_cgi.c:101]--mysql_user = root, mysql_pwd = 123456, mysql_db = cloud_disk
[2020-04-25 20:00:25]--[src_cgi/login_cgi.c:161]--redis:[ip=127.0.0.1,port=6379]
[2020-04-25 20:00:25]--[src_cgi/login_cgi.c:185]--tmp = MarioHo226195932508
[2020-04-25 20:00:25]--[src_cgi/login_cgi.c:201]--base64 = Wtbz8UE3Pz2GbQBl9vdenUNVVioDylm3
[2020-04-25 20:00:25]--[src_cgi/login_cgi.c:303]--token = c076a00405e61daefb08250352f0ad20
[2020-04-25 20:00:41]--[src_cgi/login_cgi.c:288]--buf = {
    "pwd": "e10adc3949ba59abbe56e057f20f883e",
    "user": "MarioHo"
}

[2020-04-25 20:00:41]--[src_cgi/login_cgi.c:294]--user = MarioHo, pwd = e10adc3949ba59abbe56e057f20f883e
[2020-04-25 20:00:41]--[src_cgi/login_cgi.c:101]--mysql_user = root, mysql_pwd = 123456, mysql_db = cloud_disk
[2020-04-25 20:00:41]--[src_cgi/login_cgi.c:161]--redis:[ip=127.0.0.1,port=6379]
[2020-04-25 20:00:41]--[src_cgi/login_cgi.c:185]--tmp = MarioHo68417375588
[2020-04-25 20:00:41]--[src_cgi/login_cgi.c:201]--base64 = mYr1Ln/9jMvpAZ28wktHn8MhEPG2SVnK
[2020-04-25 20:00:41]--[src_cgi/login_cgi.c:303]--token = 7b5d4c900cb6d2ee1bc380e48de0cb93
[2020-04-25 20:01:07]--[src_cgi/login_cgi.c:288]--buf = {
    "pwd": "e10adc3949ba59abbe56e057f20f883e",
    "user": "MarioHo"
}

[2020-04-25 20:01:07]--[src_cgi/login_cgi.c:294]--user = MarioHo, pwd = e10adc3949ba59abbe56e057f20f883e
[2020-04-25 20:01:07]--[src_cgi/login_cgi.c:101]--mysql_user = root, mysql_pwd = 123456, mysql_db = cloud_disk
[2020-04-25 20:01:07]--[src_cgi/login_cgi.c:161]--redis:[ip=127.0.0.1,port=6379]
[2020-04-25 20:01:07]--[src_cgi/login_cgi.c:185]--tmp = MarioHo147587717423
[2020-04-25 20:01:07]--[src_cgi/login_cgi.c:201]--base64 = 35x4xMcwnugzPMOJ8UT1zEFpgDva2p6w
[2020-04-25 20:01:07]--[src_cgi/login_cgi.c:303]--token = 1406e07c54130e0956c0e93bc31619c1
[2020-04-25 20:31:14]--[src_cgi/login_cgi.c:288]--buf = {
    "pwd": "e10adc3949ba59abbe56e057f20f883e",
    "user": "MarioHo"
}

[2020-04-25 20:31:14]--[src_cgi/login_cgi.c:294]--user = MarioHo, pwd = e10adc3949ba59abbe56e057f20f883e
[2020-04-25 20:31:14]--[src_cgi/login_cgi.c:101]--mysql_user = root, mysql_pwd = 123456, mysql_db = cloud_disk
[2020-04-25 20:31:14]--[src_cgi/login_cgi.c:161]--redis:[ip=127.0.0.1,port=6379]
[2020-04-25 20:31:14]--[src_cgi/login_cgi.c:185]--tmp = MarioHo9583934220
[2020-04-25 20:31:14]--[src_cgi/login_cgi.c:201]--base64 = raY32/m6BFwASM6mPHZozLN71Jkkp7xg
[2020-04-25 20:31:14]--[src_cgi/login_cgi.c:303]--token = 7d367126994cb8d73f6f979384ff433b
[2020-04-25 20:41:20]--[src_cgi/login_cgi.c:288]--buf = {
    "pwd": "e10adc3949ba59abbe56e057f20f883e",
    "user": "MarioHo"
}

[2020-04-25 20:41:20]--[src_cgi/login_cgi.c:294]--user = MarioHo, pwd = e10adc3949ba59abbe56e057f20f883e
[2020-04-25 20:41:20]--[src_cgi/login_cgi.c:101]--mysql_user = root, mysql_pwd = 123456, mysql_db = cloud_disk
[2020-04-25 20:41:20]--[src_cgi/login_cgi.c:161]--redis:[ip=127.0.0.1,port=6379]
[2020-04-25 20:41:20]--[src_cgi/login_cgi.c:185]--tmp = MarioHo5691589758
[2020-04-25 20:41:20]--[src_cgi/login_cgi.c:201]--base64 = w3ohOQpqUKeJIoSuocytd1SLR+LwC1FL
[2020-04-25 20:41:20]--[src_cgi/login_cgi.c:303]--token = aab2b7d2534f89923531723154f1c483
[2020-04-25 20:49:57]--[src_cgi/login_cgi.c:288]--buf = {
    "pwd": "e10adc3949ba59abbe56e057f20f883e",
    "user": "MarioHo"
}

[2020-04-25 20:49:57]--[src_cgi/login_cgi.c:294]--user = MarioHo, pwd = e10adc3949ba59abbe56e057f20f883e
[2020-04-25 20:49:57]--[src_cgi/login_cgi.c:101]--mysql_user = root, mysql_pwd = 123456, mysql_db = cloud_disk
[2020-04-25 20:49:57]--[src_cgi/login_cgi.c:161]--redis:[ip=127.0.0.1,port=6379]
[2020-04-25 20:49:57]--[src_cgi/login_cgi.c:185]--tmp = MarioHo88933403593
[2020-04-25 20:49:57]--[src_cgi/login_cgi.c:201]--base64 = PEBLzh/rYT8FwiP7+NO6DhDCoH2aCsdM
[2020-04-25 20:49:57]--[src_cgi/login_cgi.c:303]--token = d180d0d1acd3096aaffab4bb57cdbe24
[2020-04-25 20:58:20]--[src_cgi/login_cgi.c:288]--buf = {
    "pwd": "e10adc3949ba59abbe56e057f20f883e",
    "user": "MarioHo"
}

[2020-04-25 20:58:20]--[src_cgi/login_cgi.c:294]--user = MarioHo, pwd = e10adc3949ba59abbe56e057f20f883e
[2020-04-25 20:58:20]--[src_cgi/login_cgi.c:101]--mysql_user = root, mysql_pwd = 123456, mysql_db = cloud_disk
[2020-04-25 20:58:20]--[src_cgi/login_cgi.c:161]--redis:[ip=127.0.0.1,port=6379]
[2020-04-25 20:58:20]--[src_cgi/login_cgi.c:185]--tmp = MarioHo8649207175
[2020-04-25 20:58:20]--[src_cgi/login_cgi.c:201]--base64 = PEBLzh/rYT9sU3ciBu+F/W+Ut+5trQL2
[2020-04-25 20:58:20]--[src_cgi/login_cgi.c:303]--token = 9733b926961ea7fa862d26484eee6685
[2020-04-25 21:58:57]--[src_cgi/login_cgi.c:288]--buf = {
    "pwd": "e10adc3949ba59abbe56e057f20f883e",
    "user": "MarioHo"
}

[2020-04-25 21:58:57]--[src_cgi/login_cgi.c:294]--user = MarioHo, pwd = e10adc3949ba59abbe56e057f20f883e
[2020-04-25 21:58:57]--[src_cgi/login_cgi.c:101]--mysql_user = root, mysql_pwd = 123456, mysql_db = cloud_disk
[2020-04-25 21:58:57]--[src_cgi/login_cgi.c:161]--redis:[ip=127.0.0.1,port=6379]
[2020-04-25 21:58:57]--[src_cgi/login_cgi.c:185]--tmp = MarioHo521808268712
[2020-04-25 21:58:57]--[src_cgi/login_cgi.c:201]--base64 = w3ohOQpqUKeZR5BxfGroGcgtsGNpODli
[2020-04-25 21:58:57]--[src_cgi/login_cgi.c:303]--token = 6bb70bef1b0a537e9fa08ae42701c9af
[2020-04-25 22:00:58]--[src_cgi/login_cgi.c:288]--buf = {
    "pwd": "e10adc3949ba59abbe56e057f20f883e",
    "user": "MarioHo"
}

[2020-04-25 22:00:58]--[src_cgi/login_cgi.c:294]--user = MarioHo, pwd = e10adc3949ba59abbe56e057f20f883e
[2020-04-25 22:00:58]--[src_cgi/login_cgi.c:101]--mysql_user = root, mysql_pwd = 123456, mysql_db = cloud_disk
[2020-04-25 22:00:58]--[src_cgi/login_cgi.c:161]--redis:[ip=127.0.0.1,port=6379]
[2020-04-25 22:00:58]--[src_cgi/login_cgi.c:185]--tmp = MarioHo121450179993
[2020-04-25 22:00:58]--[src_cgi/login_cgi.c:201]--base64 = 35x4xMcwnugMjZ1zKlos2GE0axmKoDUc
[2020-04-25 22:00:58]--[src_cgi/login_cgi.c:303]--token = a4a9df3d6809af0e2d35f2b9119df610
