[2020-04-26 00:12:30]--[src_cgi/login_cgi.c:288]--buf = {
    "pwd": "e10adc3949ba59abbe56e057f20f883e",
    "user": "MarioHo"
}

[2020-04-26 00:12:30]--[src_cgi/login_cgi.c:294]--user = MarioHo, pwd = e10adc3949ba59abbe56e057f20f883e
[2020-04-26 00:12:30]--[src_cgi/login_cgi.c:101]--mysql_user = root, mysql_pwd = 123456, mysql_db = cloud_disk
[2020-04-26 00:12:30]--[src_cgi/login_cgi.c:161]--redis:[ip=127.0.0.1,port=6379]
[2020-04-26 00:12:30]--[src_cgi/login_cgi.c:185]--tmp = MarioHo86133666165
[2020-04-26 00:12:30]--[src_cgi/login_cgi.c:201]--base64 = PEBLzh/rYT89bQLfPS7iVP5EIHo66NGM
[2020-04-26 00:12:30]--[src_cgi/login_cgi.c:303]--token = ab7b7e361a59e0ddb495d2e09c91d6f4
[2020-04-26 00:20:21]--[src_cgi/login_cgi.c:288]--buf = {
    "pwd": "e10adc3949ba59abbe56e057f20f883e",
    "user": "MarioHo"
}

[2020-04-26 00:20:21]--[src_cgi/login_cgi.c:294]--user = MarioHo, pwd = e10adc3949ba59abbe56e057f20f883e
[2020-04-26 00:20:21]--[src_cgi/login_cgi.c:101]--mysql_user = root, mysql_pwd = 123456, mysql_db = cloud_disk
[2020-04-26 00:20:21]--[src_cgi/login_cgi.c:161]--redis:[ip=127.0.0.1,port=6379]
[2020-04-26 00:20:21]--[src_cgi/login_cgi.c:185]--tmp = MarioHo88926683896
[2020-04-26 00:20:21]--[src_cgi/login_cgi.c:201]--base64 = PEBLzh/rYT/Hxd8Sp2OSXY7osQwnCBRq
[2020-04-26 00:20:21]--[src_cgi/login_cgi.c:303]--token = 79126c34da5c9c49aab524414f37d83f
[2020-04-26 00:21:46]--[src_cgi/login_cgi.c:288]--buf = {
    "pwd": "e10adc3949ba59abbe56e057f20f883e",
    "user": "MarioHo"
}

[2020-04-26 00:21:46]--[src_cgi/login_cgi.c:294]--user = MarioHo, pwd = e10adc3949ba59abbe56e057f20f883e
[2020-04-26 00:21:46]--[src_cgi/login_cgi.c:101]--mysql_user = root, mysql_pwd = 123456, mysql_db = cloud_disk
[2020-04-26 00:21:46]--[src_cgi/login_cgi.c:161]--redis:[ip=127.0.0.1,port=6379]
[2020-04-26 00:21:46]--[src_cgi/login_cgi.c:185]--tmp = MarioHo58632896888
[2020-04-26 00:21:46]--[src_cgi/login_cgi.c:201]--base64 = w3ohOQpqUKdKW6kBK/XR78MhEPG2SVnK
[2020-04-26 00:21:46]--[src_cgi/login_cgi.c:303]--token = 5b73e01e92a85136b8c5750ee8311ff0
[2020-04-26 00:33:32]--[src_cgi/login_cgi.c:288]--buf = {
    "pwd": "e10adc3949ba59abbe56e057f20f883e",
    "user": "MarioHo"
}

[2020-04-26 00:33:32]--[src_cgi/login_cgi.c:294]--user = MarioHo, pwd = e10adc3949ba59abbe56e057f20f883e
[2020-04-26 00:33:32]--[src_cgi/login_cgi.c:101]--mysql_user = root, mysql_pwd = 123456, mysql_db = cloud_disk
[2020-04-26 00:33:32]--[src_cgi/login_cgi.c:161]--redis:[ip=127.0.0.1,port=6379]
[2020-04-26 00:33:32]--[src_cgi/login_cgi.c:185]--tmp = MarioHo82711753032
[2020-04-26 00:33:32]--[src_cgi/login_cgi.c:201]--base64 = PEBLzh/rYT+pDWcgBaGJPezUJ3TV/klo
[2020-04-26 00:33:32]--[src_cgi/login_cgi.c:303]--token = 986d8bf5fce1bcebf3ce96ffe2471a46
[2020-04-26 00:36:06]--[src_cgi/login_cgi.c:288]--buf = {
    "pwd": "e10adc3949ba59abbe56e057f20f883e",
    "user": "MarioHo"
}

[2020-04-26 00:36:06]--[src_cgi/login_cgi.c:294]--user = MarioHo, pwd = e10adc3949ba59abbe56e057f20f883e
[2020-04-26 00:36:06]--[src_cgi/login_cgi.c:101]--mysql_user = root, mysql_pwd = 123456, mysql_db = cloud_disk
[2020-04-26 00:36:06]--[src_cgi/login_cgi.c:161]--redis:[ip=127.0.0.1,port=6379]
[2020-04-26 00:36:06]--[src_cgi/login_cgi.c:185]--tmp = MarioHo60123308900
[2020-04-26 00:36:06]--[src_cgi/login_cgi.c:201]--base64 = mYr1Ln/9jMuxwdJ9jHblrRzxTT4SHHpW
[2020-04-26 00:36:06]--[src_cgi/login_cgi.c:303]--token = 7e93a20abac6ec4defd374d6a97e7144
[2020-04-26 18:01:10]--[src_cgi/login_cgi.c:288]--buf = {
    "pwd": "e10adc3949ba59abbe56e057f20f883e",
    "user": "Mario"
}

[2020-04-26 18:01:10]--[src_cgi/login_cgi.c:294]--user = Mario, pwd = e10adc3949ba59abbe56e057f20f883e
[2020-04-26 18:01:10]--[src_cgi/login_cgi.c:101]--mysql_user = root, mysql_pwd = 123456, mysql_db = cloud_disk
[2020-04-26 18:01:10]--[src_cgi/login_cgi.c:161]--redis:[ip=127.0.0.1,port=6379]
[2020-04-26 18:01:10]--[src_cgi/login_cgi.c:185]--tmp = Mario706336537429
[2020-04-26 18:01:10]--[src_cgi/login_cgi.c:201]--base64 = tj+VFUvmdc460Womo7IK9lzqyK7PQug1
[2020-04-26 18:01:10]--[src_cgi/login_cgi.c:303]--token = 31e5685ffcf8b2b2d84ed2b60e17546c
[2020-04-26 18:01:39]--[src_cgi/login_cgi.c:288]--buf = {
    "pwd": "e10adc3949ba59abbe56e057f20f883e",
    "user": "MarioHo"
}

[2020-04-26 18:01:39]--[src_cgi/login_cgi.c:294]--user = MarioHo, pwd = e10adc3949ba59abbe56e057f20f883e
[2020-04-26 18:01:39]--[src_cgi/login_cgi.c:101]--mysql_user = root, mysql_pwd = 123456, mysql_db = cloud_disk
[2020-04-26 18:01:39]--[src_cgi/login_cgi.c:161]--redis:[ip=127.0.0.1,port=6379]
[2020-04-26 18:01:39]--[src_cgi/login_cgi.c:185]--tmp = MarioHo874439423704
[2020-04-26 18:01:39]--[src_cgi/login_cgi.c:201]--base64 = PEBLzh/rYT8yMAuKB4p4Rgd0kIpQz8eR
[2020-04-26 18:01:39]--[src_cgi/login_cgi.c:303]--token = ff912991dbb99cc877aca99666bbef1c
[2020-04-26 18:09:43]--[src_cgi/login_cgi.c:288]--buf = {
    "pwd": "e10adc3949ba59abbe56e057f20f883e",
    "user": "Mario"
}

[2020-04-26 18:09:43]--[src_cgi/login_cgi.c:294]--user = Mario, pwd = e10adc3949ba59abbe56e057f20f883e
[2020-04-26 18:09:43]--[src_cgi/login_cgi.c:101]--mysql_user = root, mysql_pwd = 123456, mysql_db = cloud_disk
[2020-04-26 18:09:43]--[src_cgi/login_cgi.c:161]--redis:[ip=127.0.0.1,port=6379]
[2020-04-26 18:09:43]--[src_cgi/login_cgi.c:185]--tmp = Mario667667925232
[2020-04-26 18:09:43]--[src_cgi/login_cgi.c:201]--base64 = TLBivOGjUSGPut99QD9DPHj7pjZQFtzO
[2020-04-26 18:09:43]--[src_cgi/login_cgi.c:303]--token = 9641c87d258927ecce1a53459b2c1822
[2020-04-26 18:28:58]--[src_cgi/login_cgi.c:288]--buf = {
    "pwd": "e10adc3949ba59abbe56e057f20f883e",
    "user": "Mario"
}

[2020-04-26 18:28:58]--[src_cgi/login_cgi.c:294]--user = Mario, pwd = e10adc3949ba59abbe56e057f20f883e
[2020-04-26 18:28:58]--[src_cgi/login_cgi.c:101]--mysql_user = root, mysql_pwd = 123456, mysql_db = cloud_disk
[2020-04-26 18:28:58]--[src_cgi/login_cgi.c:161]--redis:[ip=127.0.0.1,port=6379]
[2020-04-26 18:28:58]--[src_cgi/login_cgi.c:185]--tmp = Mario385825186721
[2020-04-26 18:28:58]--[src_cgi/login_cgi.c:201]--base64 = 610SeZazmqCg0hLlOEOrWPlvnLKu4lWq
[2020-04-26 18:28:58]--[src_cgi/login_cgi.c:303]--token = 45814b63cee49e63369761aee6578117
[2020-04-26 18:35:52]--[src_cgi/login_cgi.c:288]--buf = {
    "pwd": "e10adc3949ba59abbe56e057f20f883e",
    "user": "Mario"
}

[2020-04-26 18:35:52]--[src_cgi/login_cgi.c:294]--user = Mario, pwd = e10adc3949ba59abbe56e057f20f883e
[2020-04-26 18:35:52]--[src_cgi/login_cgi.c:101]--mysql_user = root, mysql_pwd = 123456, mysql_db = cloud_disk
[2020-04-26 18:35:52]--[src_cgi/login_cgi.c:161]--redis:[ip=127.0.0.1,port=6379]
[2020-04-26 18:35:52]--[src_cgi/login_cgi.c:185]--tmp = Mario39586631133
[2020-04-26 18:35:52]--[src_cgi/login_cgi.c:201]--base64 = ucs4NVb3CoYzaxYt+bqPWS0ZxLNK7pNJ
[2020-04-26 18:35:52]--[src_cgi/login_cgi.c:303]--token = 4ab567c7fc137893ce3ab698d6583dfe
[2020-04-26 18:43:37]--[src_cgi/login_cgi.c:288]--buf = {
    "pwd": "e10adc3949ba59abbe56e057f20f883e",
    "user": "Matrio"
}

[2020-04-26 18:43:37]--[src_cgi/login_cgi.c:294]--user = Matrio, pwd = e10adc3949ba59abbe56e057f20f883e
[2020-04-26 18:43:37]--[src_cgi/login_cgi.c:101]--mysql_user = root, mysql_pwd = 123456, mysql_db = cloud_disk
[2020-04-26 18:43:43]--[src_cgi/login_cgi.c:288]--buf = {
    "pwd": "e10adc3949ba59abbe56e057f20f883e",
    "user": "Mario"
}

[2020-04-26 18:43:43]--[src_cgi/login_cgi.c:294]--user = Mario, pwd = e10adc3949ba59abbe56e057f20f883e
[2020-04-26 18:43:43]--[src_cgi/login_cgi.c:101]--mysql_user = root, mysql_pwd = 123456, mysql_db = cloud_disk
[2020-04-26 18:43:43]--[src_cgi/login_cgi.c:161]--redis:[ip=127.0.0.1,port=6379]
[2020-04-26 18:43:43]--[src_cgi/login_cgi.c:185]--tmp = Mario49834690745
[2020-04-26 18:43:43]--[src_cgi/login_cgi.c:201]--base64 = KyVLUVRxB9dbWURz6AyHpi0ZxLNK7pNJ
[2020-04-26 18:43:43]--[src_cgi/login_cgi.c:303]--token = 0b58a878dd1d7acaaa09ed166f09a373
[2020-04-26 18:47:17]--[src_cgi/login_cgi.c:288]--buf = {
    "pwd": "e10adc3949ba59abbe56e057f20f883e",
    "user": "mario"
}

[2020-04-26 18:47:17]--[src_cgi/login_cgi.c:294]--user = mario, pwd = e10adc3949ba59abbe56e057f20f883e
[2020-04-26 18:47:17]--[src_cgi/login_cgi.c:101]--mysql_user = root, mysql_pwd = 123456, mysql_db = cloud_disk
[2020-04-26 18:47:17]--[src_cgi/login_cgi.c:161]--redis:[ip=127.0.0.1,port=6379]
[2020-04-26 18:47:17]--[src_cgi/login_cgi.c:185]--tmp = mario899684396738
[2020-04-26 18:47:17]--[src_cgi/login_cgi.c:201]--base64 = 3QshAU+04pJ2B80WyR664lSLR+LwC1FL
[2020-04-26 18:47:17]--[src_cgi/login_cgi.c:303]--token = 3c7f7a36d8d30170596529301233668c
[2020-04-26 18:56:44]--[src_cgi/login_cgi.c:288]--buf = {
    "pwd": "e10adc3949ba59abbe56e057f20f883e",
    "user": "mario"
}

[2020-04-26 18:56:44]--[src_cgi/login_cgi.c:294]--user = mario, pwd = e10adc3949ba59abbe56e057f20f883e
[2020-04-26 18:56:44]--[src_cgi/login_cgi.c:101]--mysql_user = root, mysql_pwd = 123456, mysql_db = cloud_disk
[2020-04-26 18:56:44]--[src_cgi/login_cgi.c:161]--redis:[ip=127.0.0.1,port=6379]
[2020-04-26 18:56:44]--[src_cgi/login_cgi.c:185]--tmp = mario54834938846
[2020-04-26 18:56:44]--[src_cgi/login_cgi.c:201]--base64 = Lj3tNU2VrODAglCBYCX/bC0ZxLNK7pNJ
[2020-04-26 18:56:44]--[src_cgi/login_cgi.c:303]--token = 84349c9b6aa4d2e45ba9cfdee0873fcc
[2020-04-26 19:00:26]--[src_cgi/login_cgi.c:288]--buf = {
    "pwd": "e10adc3949ba59abbe56e057f20f883e",
    "user": "mario"
}

[2020-04-26 19:00:26]--[src_cgi/login_cgi.c:294]--user = mario, pwd = e10adc3949ba59abbe56e057f20f883e
[2020-04-26 19:00:26]--[src_cgi/login_cgi.c:101]--mysql_user = root, mysql_pwd = 123456, mysql_db = cloud_disk
[2020-04-26 19:00:26]--[src_cgi/login_cgi.c:161]--redis:[ip=127.0.0.1,port=6379]
[2020-04-26 19:00:26]--[src_cgi/login_cgi.c:185]--tmp = mario53852455889
[2020-04-26 19:00:26]--[src_cgi/login_cgi.c:201]--base64 = VzlLKBnEo/DnGzN3quVVES0ZxLNK7pNJ
[2020-04-26 19:00:26]--[src_cgi/login_cgi.c:303]--token = cebe7b012db1d70e4d18bba80160b0df
[2020-04-26 19:23:22]--[src_cgi/login_cgi.c:288]--buf = {
    "pwd": "e10adc3949ba59abbe56e057f20f883e",
    "user": "Mario"
}

[2020-04-26 19:23:22]--[src_cgi/login_cgi.c:294]--user = Mario, pwd = e10adc3949ba59abbe56e057f20f883e
[2020-04-26 19:23:22]--[src_cgi/login_cgi.c:101]--mysql_user = root, mysql_pwd = 123456, mysql_db = cloud_disk
[2020-04-26 19:23:22]--[src_cgi/login_cgi.c:161]--redis:[ip=127.0.0.1,port=6379]
[2020-04-26 19:23:22]--[src_cgi/login_cgi.c:185]--tmp = Mario48521182380
[2020-04-26 19:23:22]--[src_cgi/login_cgi.c:201]--base64 = /AAPPvjmsjW968b+Ff1fFS0ZxLNK7pNJ
[2020-04-26 19:23:22]--[src_cgi/login_cgi.c:303]--token = 9a808da69867fadbcf34281e69eeb5d0
[2020-04-26 19:27:39]--[src_cgi/login_cgi.c:288]--buf = {
    "pwd": "e10adc3949ba59abbe56e057f20f883e",
    "user": "Mario"
}

[2020-04-26 19:27:39]--[src_cgi/login_cgi.c:294]--user = Mario, pwd = e10adc3949ba59abbe56e057f20f883e
[2020-04-26 19:27:39]--[src_cgi/login_cgi.c:101]--mysql_user = root, mysql_pwd = 123456, mysql_db = cloud_disk
[2020-04-26 19:27:39]--[src_cgi/login_cgi.c:161]--redis:[ip=127.0.0.1,port=6379]
[2020-04-26 19:27:39]--[src_cgi/login_cgi.c:185]--tmp = Mario784537988858
[2020-04-26 19:27:39]--[src_cgi/login_cgi.c:201]--base64 = dCOPtN3rItvoa42M33SUfFSLR+LwC1FL
[2020-04-26 19:27:39]--[src_cgi/login_cgi.c:303]--token = f9ae459461ed35ac997a80469e3a7cdd
[2020-04-26 19:31:05]--[src_cgi/login_cgi.c:288]--buf = {
    "pwd": "e10adc3949ba59abbe56e057f20f883e",
    "user": "MarioHo"
}

[2020-04-26 19:31:05]--[src_cgi/login_cgi.c:294]--user = MarioHo, pwd = e10adc3949ba59abbe56e057f20f883e
[2020-04-26 19:31:05]--[src_cgi/login_cgi.c:101]--mysql_user = root, mysql_pwd = 123456, mysql_db = cloud_disk
[2020-04-26 19:31:05]--[src_cgi/login_cgi.c:161]--redis:[ip=127.0.0.1,port=6379]
[2020-04-26 19:31:05]--[src_cgi/login_cgi.c:185]--tmp = MarioHo992395357403
[2020-04-26 19:31:05]--[src_cgi/login_cgi.c:201]--base64 = raY32/m6BFy++Pem127WNJvLow7QA2G7
[2020-04-26 19:31:05]--[src_cgi/login_cgi.c:303]--token = 071d0b037e595782ae793ec923028b0e
[2020-04-26 19:31:29]--[src_cgi/login_cgi.c:288]--buf = {
    "pwd": "e10adc3949ba59abbe56e057f20f883e",
    "user": "Mario"
}

[2020-04-26 19:31:29]--[src_cgi/login_cgi.c:294]--user = Mario, pwd = e10adc3949ba59abbe56e057f20f883e
[2020-04-26 19:31:29]--[src_cgi/login_cgi.c:101]--mysql_user = root, mysql_pwd = 123456, mysql_db = cloud_disk
[2020-04-26 19:31:29]--[src_cgi/login_cgi.c:161]--redis:[ip=127.0.0.1,port=6379]
[2020-04-26 19:31:29]--[src_cgi/login_cgi.c:185]--tmp = Mario986354238923
[2020-04-26 19:31:29]--[src_cgi/login_cgi.c:201]--base64 = LwWD02z7KnsmoGl0t3xa467DEUAkWTSv
[2020-04-26 19:31:29]--[src_cgi/login_cgi.c:303]--token = aface0533ecc7ba6d7516d39d0e3aaa1
[2020-04-26 19:34:19]--[src_cgi/login_cgi.c:288]--buf = {
    "pwd": "e10adc3949ba59abbe56e057f20f883e",
    "user": "mario"
}

[2020-04-26 19:34:19]--[src_cgi/login_cgi.c:294]--user = mario, pwd = e10adc3949ba59abbe56e057f20f883e
[2020-04-26 19:34:19]--[src_cgi/login_cgi.c:101]--mysql_user = root, mysql_pwd = 123456, mysql_db = cloud_disk
[2020-04-26 19:34:19]--[src_cgi/login_cgi.c:161]--redis:[ip=127.0.0.1,port=6379]
[2020-04-26 19:34:19]--[src_cgi/login_cgi.c:185]--tmp = mario836264339365
[2020-04-26 19:34:19]--[src_cgi/login_cgi.c:201]--base64 = TYPJrXQcw2HS8E8kQwD15m+Ut+5trQL2
[2020-04-26 19:34:19]--[src_cgi/login_cgi.c:303]--token = cdc83c8ee3b8e4d97a9b64ee4b136ba6
[2020-04-26 19:35:20]--[src_cgi/login_cgi.c:288]--buf = {
    "pwd": "e10adc3949ba59abbe56e057f20f883e",
    "user": "mario"
}

[2020-04-26 19:35:20]--[src_cgi/login_cgi.c:294]--user = mario, pwd = e10adc3949ba59abbe56e057f20f883e
[2020-04-26 19:35:20]--[src_cgi/login_cgi.c:101]--mysql_user = root, mysql_pwd = 123456, mysql_db = cloud_disk
[2020-04-26 19:35:20]--[src_cgi/login_cgi.c:161]--redis:[ip=127.0.0.1,port=6379]
[2020-04-26 19:35:20]--[src_cgi/login_cgi.c:185]--tmp = mario613550242188
[2020-04-26 19:35:20]--[src_cgi/login_cgi.c:201]--base64 = u0YZSmPSIbezxIejMicRjFSLR+LwC1FL
[2020-04-26 19:35:20]--[src_cgi/login_cgi.c:303]--token = 47d3f29f2736660b90d1ba8fd73d026e
[2020-04-26 19:37:19]--[src_cgi/login_cgi.c:288]--buf = {
    "pwd": "e10adc3949ba59abbe56e057f20f883e",
    "user": "MarioHo"
}

[2020-04-26 19:37:19]--[src_cgi/login_cgi.c:294]--user = MarioHo, pwd = e10adc3949ba59abbe56e057f20f883e
[2020-04-26 19:37:19]--[src_cgi/login_cgi.c:101]--mysql_user = root, mysql_pwd = 123456, mysql_db = cloud_disk
[2020-04-26 19:37:19]--[src_cgi/login_cgi.c:161]--redis:[ip=127.0.0.1,port=6379]
[2020-04-26 19:37:19]--[src_cgi/login_cgi.c:185]--tmp = MarioHo3571959892
[2020-04-26 19:37:19]--[src_cgi/login_cgi.c:201]--base64 = pYbJXrBohsnogZImA+se5nj7pjZQFtzO
[2020-04-26 19:37:19]--[src_cgi/login_cgi.c:303]--token = c53c73a112048d2acba8442524988063
[2020-04-26 19:38:57]--[src_cgi/login_cgi.c:288]--buf = {
    "pwd": "e10adc3949ba59abbe56e057f20f883e",
    "user": "mario"
}

[2020-04-26 19:38:57]--[src_cgi/login_cgi.c:294]--user = mario, pwd = e10adc3949ba59abbe56e057f20f883e
[2020-04-26 19:38:57]--[src_cgi/login_cgi.c:101]--mysql_user = root, mysql_pwd = 123456, mysql_db = cloud_disk
[2020-04-26 19:38:57]--[src_cgi/login_cgi.c:161]--redis:[ip=127.0.0.1,port=6379]
[2020-04-26 19:38:57]--[src_cgi/login_cgi.c:185]--tmp = mario393946516262
[2020-04-26 19:38:57]--[src_cgi/login_cgi.c:201]--base64 = vnBS8/sATWZ54lxCY1jSCHj7pjZQFtzO
[2020-04-26 19:38:57]--[src_cgi/login_cgi.c:303]--token = cf2e78b207e307fa27f034d5d92304c3
[2020-04-26 19:40:38]--[src_cgi/login_cgi.c:288]--buf = {
    "pwd": "e10adc3949ba59abbe56e057f20f883e",
    "user": "mario"
}

[2020-04-26 19:40:38]--[src_cgi/login_cgi.c:294]--user = mario, pwd = e10adc3949ba59abbe56e057f20f883e
[2020-04-26 19:40:38]--[src_cgi/login_cgi.c:101]--mysql_user = root, mysql_pwd = 123456, mysql_db = cloud_disk
[2020-04-26 19:40:38]--[src_cgi/login_cgi.c:161]--redis:[ip=127.0.0.1,port=6379]
[2020-04-26 19:40:38]--[src_cgi/login_cgi.c:185]--tmp = mario585929662942
[2020-04-26 19:40:38]--[src_cgi/login_cgi.c:201]--base64 = 2HEkAArDj1pySqBSuAVtp3j7pjZQFtzO
[2020-04-26 19:40:38]--[src_cgi/login_cgi.c:303]--token = ec914f3ca96abe9c512171808ffa2a5e
[2020-04-26 19:40:59]--[src_cgi/login_cgi.c:288]--buf = {
    "pwd": "e10adc3949ba59abbe56e057f20f883e",
    "user": "mario"
}

[2020-04-26 19:40:59]--[src_cgi/login_cgi.c:294]--user = mario, pwd = e10adc3949ba59abbe56e057f20f883e
[2020-04-26 19:40:59]--[src_cgi/login_cgi.c:101]--mysql_user = root, mysql_pwd = 123456, mysql_db = cloud_disk
[2020-04-26 19:40:59]--[src_cgi/login_cgi.c:161]--redis:[ip=127.0.0.1,port=6379]
[2020-04-26 19:40:59]--[src_cgi/login_cgi.c:185]--tmp = mario80050570677
[2020-04-26 19:40:59]--[src_cgi/login_cgi.c:201]--base64 = hBTcL9paWfZAzZYISmzXly0ZxLNK7pNJ
[2020-04-26 19:40:59]--[src_cgi/login_cgi.c:303]--token = 66c7cddbf4aecca8650fcf24efc17742
[2020-04-26 19:42:54]--[src_cgi/login_cgi.c:288]--buf = {
    "pwd": "e10adc3949ba59abbe56e057f20f883e",
    "user": "MarioHo"
}

[2020-04-26 19:42:54]--[src_cgi/login_cgi.c:294]--user = MarioHo, pwd = e10adc3949ba59abbe56e057f20f883e
[2020-04-26 19:42:54]--[src_cgi/login_cgi.c:101]--mysql_user = root, mysql_pwd = 123456, mysql_db = cloud_disk
[2020-04-26 19:42:54]--[src_cgi/login_cgi.c:161]--redis:[ip=127.0.0.1,port=6379]
[2020-04-26 19:42:54]--[src_cgi/login_cgi.c:185]--tmp = MarioHo97788581366
[2020-04-26 19:42:54]--[src_cgi/login_cgi.c:201]--base64 = raY32/m6BFzX8iBY3LsSRPeszm0oB5mM
[2020-04-26 19:42:54]--[src_cgi/login_cgi.c:303]--token = 3e0bb8b92097d10929e48bcd4cde71d7
[2020-04-26 19:43:19]--[src_cgi/login_cgi.c:288]--buf = {
    "pwd": "e10adc3949ba59abbe56e057f20f883e",
    "user": "Mario"
}

[2020-04-26 19:43:19]--[src_cgi/login_cgi.c:294]--user = Mario, pwd = e10adc3949ba59abbe56e057f20f883e
[2020-04-26 19:43:19]--[src_cgi/login_cgi.c:101]--mysql_user = root, mysql_pwd = 123456, mysql_db = cloud_disk
[2020-04-26 19:43:19]--[src_cgi/login_cgi.c:161]--redis:[ip=127.0.0.1,port=6379]
[2020-04-26 19:43:19]--[src_cgi/login_cgi.c:185]--tmp = Mario411837997574
[2020-04-26 19:43:19]--[src_cgi/login_cgi.c:201]--base64 = aFWVpHnRd+8mjc3XOm5uVp+HwxKUAZ0k
[2020-04-26 19:43:19]--[src_cgi/login_cgi.c:303]--token = a2b9aab845ebd9bb6e6d7436b9d7632f
[2020-04-26 19:47:12]--[src_cgi/login_cgi.c:288]--buf = {
    "pwd": "e10adc3949ba59abbe56e057f20f883e",
    "user": "Mario"
}

[2020-04-26 19:47:12]--[src_cgi/login_cgi.c:294]--user = Mario, pwd = e10adc3949ba59abbe56e057f20f883e
[2020-04-26 19:47:12]--[src_cgi/login_cgi.c:101]--mysql_user = root, mysql_pwd = 123456, mysql_db = cloud_disk
[2020-04-26 19:47:12]--[src_cgi/login_cgi.c:161]--redis:[ip=127.0.0.1,port=6379]
[2020-04-26 19:47:12]--[src_cgi/login_cgi.c:185]--tmp = Mario64568368616
[2020-04-26 19:47:12]--[src_cgi/login_cgi.c:201]--base64 = Y665krcPtZ0fipltGKXd1i0ZxLNK7pNJ
[2020-04-26 19:47:12]--[src_cgi/login_cgi.c:303]--token = 37932670d64c64aa7c9f5ee8ce6a79f9
[2020-04-26 19:52:11]--[src_cgi/login_cgi.c:288]--buf = {
    "pwd": "e10adc3949ba59abbe56e057f20f883e",
    "user": "mario"
}

[2020-04-26 19:52:11]--[src_cgi/login_cgi.c:294]--user = mario, pwd = e10adc3949ba59abbe56e057f20f883e
[2020-04-26 19:52:11]--[src_cgi/login_cgi.c:101]--mysql_user = root, mysql_pwd = 123456, mysql_db = cloud_disk
[2020-04-26 19:52:11]--[src_cgi/login_cgi.c:161]--redis:[ip=127.0.0.1,port=6379]
[2020-04-26 19:52:11]--[src_cgi/login_cgi.c:185]--tmp = mario745374304379
[2020-04-26 19:52:11]--[src_cgi/login_cgi.c:201]--base64 = 14GhNqoUG1kQXdSsAzZO61zqyK7PQug1
[2020-04-26 19:52:11]--[src_cgi/login_cgi.c:303]--token = c3fdf4bd0c90393b86577fbeda8ad2ef
[2020-04-26 19:54:03]--[src_cgi/login_cgi.c:288]--buf = {
    "pwd": "e10adc3949ba59abbe56e057f20f883e",
    "user": "mario"
}

[2020-04-26 19:54:03]--[src_cgi/login_cgi.c:294]--user = mario, pwd = e10adc3949ba59abbe56e057f20f883e
[2020-04-26 19:54:03]--[src_cgi/login_cgi.c:101]--mysql_user = root, mysql_pwd = 123456, mysql_db = cloud_disk
[2020-04-26 19:54:03]--[src_cgi/login_cgi.c:161]--redis:[ip=127.0.0.1,port=6379]
[2020-04-26 19:54:03]--[src_cgi/login_cgi.c:185]--tmp = mario13241788649
[2020-04-26 19:54:03]--[src_cgi/login_cgi.c:201]--base64 = SLldiz2f5SOg0xUN3hlDXS0ZxLNK7pNJ
[2020-04-26 19:54:03]--[src_cgi/login_cgi.c:303]--token = 1f87e2af96ab3f6c6f3fd5684913f2ab
[2020-04-26 19:55:44]--[src_cgi/login_cgi.c:288]--buf = {
    "pwd": "e10adc3949ba59abbe56e057f20f883e",
    "user": "mario"
}

[2020-04-26 19:55:44]--[src_cgi/login_cgi.c:294]--user = mario, pwd = e10adc3949ba59abbe56e057f20f883e
[2020-04-26 19:55:44]--[src_cgi/login_cgi.c:101]--mysql_user = root, mysql_pwd = 123456, mysql_db = cloud_disk
[2020-04-26 19:55:44]--[src_cgi/login_cgi.c:161]--redis:[ip=127.0.0.1,port=6379]
[2020-04-26 19:55:44]--[src_cgi/login_cgi.c:185]--tmp = mario886224788965
[2020-04-26 19:55:44]--[src_cgi/login_cgi.c:201]--base64 = KrQUnq0SBXXaWQRBI12BOG+Ut+5trQL2
[2020-04-26 19:55:44]--[src_cgi/login_cgi.c:303]--token = 3ed62550ec4accba9e2e8812bb4c44a2
[2020-04-26 19:58:23]--[src_cgi/login_cgi.c:288]--buf = {
    "pwd": "e10adc3949ba59abbe56e057f20f883e",
    "user": "Mario"
}

[2020-04-26 19:58:23]--[src_cgi/login_cgi.c:294]--user = Mario, pwd = e10adc3949ba59abbe56e057f20f883e
[2020-04-26 19:58:23]--[src_cgi/login_cgi.c:101]--mysql_user = root, mysql_pwd = 123456, mysql_db = cloud_disk
[2020-04-26 19:58:23]--[src_cgi/login_cgi.c:161]--redis:[ip=127.0.0.1,port=6379]
[2020-04-26 19:58:23]--[src_cgi/login_cgi.c:185]--tmp = Mario343428710984
[2020-04-26 19:58:23]--[src_cgi/login_cgi.c:201]--base64 = Rs26hy2RVzSagcBBpEGhwp+HwxKUAZ0k
[2020-04-26 19:58:23]--[src_cgi/login_cgi.c:303]--token = b9767e4a2b4580106dc18ca62513a3ae
[2020-04-26 20:01:09]--[src_cgi/login_cgi.c:288]--buf = {
    "pwd": "e10adc3949ba59abbe56e057f20f883e",
    "user": "MarioHo"
}

[2020-04-26 20:01:09]--[src_cgi/login_cgi.c:294]--user = MarioHo, pwd = e10adc3949ba59abbe56e057f20f883e
[2020-04-26 20:01:09]--[src_cgi/login_cgi.c:101]--mysql_user = root, mysql_pwd = 123456, mysql_db = cloud_disk
[2020-04-26 20:01:09]--[src_cgi/login_cgi.c:161]--redis:[ip=127.0.0.1,port=6379]
[2020-04-26 20:01:09]--[src_cgi/login_cgi.c:185]--tmp = MarioHo404242267133
[2020-04-26 20:01:09]--[src_cgi/login_cgi.c:201]--base64 = /iy5MEw4JtSTJcG3Hj8lgTDuZmBwzcic
[2020-04-26 20:01:09]--[src_cgi/login_cgi.c:303]--token = ec2d9e8f74953b1e38f1d897bb04cf78
[2020-04-26 20:01:57]--[src_cgi/login_cgi.c:288]--buf = {
    "pwd": "e10adc3949ba59abbe56e057f20f883e",
    "user": "Mario"
}

[2020-04-26 20:01:57]--[src_cgi/login_cgi.c:294]--user = Mario, pwd = e10adc3949ba59abbe56e057f20f883e
[2020-04-26 20:01:57]--[src_cgi/login_cgi.c:101]--mysql_user = root, mysql_pwd = 123456, mysql_db = cloud_disk
[2020-04-26 20:01:57]--[src_cgi/login_cgi.c:161]--redis:[ip=127.0.0.1,port=6379]
[2020-04-26 20:01:57]--[src_cgi/login_cgi.c:185]--tmp = Mario587542449891
[2020-04-26 20:01:57]--[src_cgi/login_cgi.c:201]--base64 = 16bgpIq3xmUz6zvcI8y2+PlvnLKu4lWq
[2020-04-26 20:01:57]--[src_cgi/login_cgi.c:303]--token = 9d100bbb6501117afc0dbd98d23a18b6
[2020-04-26 20:02:56]--[src_cgi/login_cgi.c:288]--buf = {
    "pwd": "e10adc3949ba59abbe56e057f20f883e",
    "user": "Mario"
}

[2020-04-26 20:02:56]--[src_cgi/login_cgi.c:294]--user = Mario, pwd = e10adc3949ba59abbe56e057f20f883e
[2020-04-26 20:02:56]--[src_cgi/login_cgi.c:101]--mysql_user = root, mysql_pwd = 123456, mysql_db = cloud_disk
[2020-04-26 20:02:56]--[src_cgi/login_cgi.c:161]--redis:[ip=127.0.0.1,port=6379]
[2020-04-26 20:02:56]--[src_cgi/login_cgi.c:185]--tmp = Mario65852336160
[2020-04-26 20:02:56]--[src_cgi/login_cgi.c:201]--base64 = IklhjIJ/wiqCxtSiu/PSmS0ZxLNK7pNJ
[2020-04-26 20:02:56]--[src_cgi/login_cgi.c:303]--token = 87f6262db6b92c7136ba2f4dc5c157fd
[2020-04-26 20:04:32]--[src_cgi/login_cgi.c:288]--buf = {
    "pwd": "e10adc3949ba59abbe56e057f20f883e",
    "user": "Mario"
}

[2020-04-26 20:04:32]--[src_cgi/login_cgi.c:294]--user = Mario, pwd = e10adc3949ba59abbe56e057f20f883e
[2020-04-26 20:04:32]--[src_cgi/login_cgi.c:101]--mysql_user = root, mysql_pwd = 123456, mysql_db = cloud_disk
[2020-04-26 20:04:32]--[src_cgi/login_cgi.c:161]--redis:[ip=127.0.0.1,port=6379]
[2020-04-26 20:04:32]--[src_cgi/login_cgi.c:185]--tmp = Mario260144709862
[2020-04-26 20:04:32]--[src_cgi/login_cgi.c:201]--base64 = Rz2LbJNo4x9m0bOuU4H5Qnj7pjZQFtzO
[2020-04-26 20:04:32]--[src_cgi/login_cgi.c:303]--token = f9bd20bff730784bf94dd9da5e7d114b
[2020-04-26 20:05:35]--[src_cgi/login_cgi.c:288]--buf = {
    "pwd": "e10adc3949ba59abbe56e057f20f883e",
    "user": "MarioHo"
}

[2020-04-26 20:05:35]--[src_cgi/login_cgi.c:294]--user = MarioHo, pwd = e10adc3949ba59abbe56e057f20f883e
[2020-04-26 20:05:35]--[src_cgi/login_cgi.c:101]--mysql_user = root, mysql_pwd = 123456, mysql_db = cloud_disk
[2020-04-26 20:05:35]--[src_cgi/login_cgi.c:161]--redis:[ip=127.0.0.1,port=6379]
[2020-04-26 20:05:35]--[src_cgi/login_cgi.c:185]--tmp = MarioHo497378526711
[2020-04-26 20:05:35]--[src_cgi/login_cgi.c:201]--base64 = /iy5MEw4JtQMCXNIUWnjxjEfkP9UII1A
[2020-04-26 20:05:35]--[src_cgi/login_cgi.c:303]--token = f9c1af9a8ca5bd47d174611e0ddc7120
[2020-04-26 20:06:45]--[src_cgi/login_cgi.c:288]--buf = {
    "pwd": "e10adc3949ba59abbe56e057f20f883e",
    "user": "MarioHo"
}

[2020-04-26 20:06:45]--[src_cgi/login_cgi.c:294]--user = MarioHo, pwd = e10adc3949ba59abbe56e057f20f883e
[2020-04-26 20:06:45]--[src_cgi/login_cgi.c:101]--mysql_user = root, mysql_pwd = 123456, mysql_db = cloud_disk
[2020-04-26 20:06:45]--[src_cgi/login_cgi.c:161]--redis:[ip=127.0.0.1,port=6379]
[2020-04-26 20:06:45]--[src_cgi/login_cgi.c:185]--tmp = MarioHo248229168992
[2020-04-26 20:06:45]--[src_cgi/login_cgi.c:201]--base64 = Wtbz8UE3Pz34dzhvD8yN8bOBA+K+gLYt
[2020-04-26 20:06:45]--[src_cgi/login_cgi.c:303]--token = 8c68db9abf281713776b0ac20ffc021f
[2020-04-26 20:07:02]--[src_cgi/login_cgi.c:288]--buf = {
    "pwd": "e10adc3949ba59abbe56e057f20f883e",
    "user": "MarioHo"
}

[2020-04-26 20:07:02]--[src_cgi/login_cgi.c:294]--user = MarioHo, pwd = e10adc3949ba59abbe56e057f20f883e
[2020-04-26 20:07:02]--[src_cgi/login_cgi.c:101]--mysql_user = root, mysql_pwd = 123456, mysql_db = cloud_disk
[2020-04-26 20:07:02]--[src_cgi/login_cgi.c:161]--redis:[ip=127.0.0.1,port=6379]
[2020-04-26 20:07:02]--[src_cgi/login_cgi.c:185]--tmp = MarioHo809598129178
[2020-04-26 20:07:02]--[src_cgi/login_cgi.c:201]--base64 = PEBLzh/rYT8u31Jekr8UDBTgzS2/NuX0
[2020-04-26 20:07:02]--[src_cgi/login_cgi.c:303]--token = 2445d094a147edf7987b5a9071c3f03b
[2020-04-26 20:07:31]--[src_cgi/login_cgi.c:288]--buf = {
    "pwd": "e10adc3949ba59abbe56e057f20f883e",
    "user": "Mario"
}

[2020-04-26 20:07:31]--[src_cgi/login_cgi.c:294]--user = Mario, pwd = e10adc3949ba59abbe56e057f20f883e
[2020-04-26 20:07:31]--[src_cgi/login_cgi.c:101]--mysql_user = root, mysql_pwd = 123456, mysql_db = cloud_disk
[2020-04-26 20:07:31]--[src_cgi/login_cgi.c:161]--redis:[ip=127.0.0.1,port=6379]
[2020-04-26 20:07:31]--[src_cgi/login_cgi.c:185]--tmp = Mario318933645730
[2020-04-26 20:07:31]--[src_cgi/login_cgi.c:201]--base64 = IAVlHi87uGfrCYYT6tZQ+7N71Jkkp7xg
[2020-04-26 20:07:31]--[src_cgi/login_cgi.c:303]--token = c1e656f50e1062b11b6739bf019b0d65
[2020-04-26 20:10:39]--[src_cgi/login_cgi.c:288]--buf = {
    "pwd": "e10adc3949ba59abbe56e057f20f883e",
    "user": "MarioHo"
}

[2020-04-26 20:10:39]--[src_cgi/login_cgi.c:294]--user = MarioHo, pwd = e10adc3949ba59abbe56e057f20f883e
[2020-04-26 20:10:39]--[src_cgi/login_cgi.c:101]--mysql_user = root, mysql_pwd = 123456, mysql_db = cloud_disk
[2020-04-26 20:10:39]--[src_cgi/login_cgi.c:161]--redis:[ip=127.0.0.1,port=6379]
[2020-04-26 20:10:39]--[src_cgi/login_cgi.c:185]--tmp = MarioHo843623982703
[2020-04-26 20:10:39]--[src_cgi/login_cgi.c:201]--base64 = PEBLzh/rYT/O83izZ1rm76CRQ44nk8RK
[2020-04-26 20:10:39]--[src_cgi/login_cgi.c:303]--token = 93d6e8063987fc474017798836ad99ef
[2020-04-26 20:10:50]--[src_cgi/login_cgi.c:288]--buf = {
    "pwd": "e10adc3949ba59abbe56e057f20f883e",
    "user": "Mario"
}

[2020-04-26 20:10:50]--[src_cgi/login_cgi.c:294]--user = Mario, pwd = e10adc3949ba59abbe56e057f20f883e
[2020-04-26 20:10:50]--[src_cgi/login_cgi.c:101]--mysql_user = root, mysql_pwd = 123456, mysql_db = cloud_disk
[2020-04-26 20:10:50]--[src_cgi/login_cgi.c:161]--redis:[ip=127.0.0.1,port=6379]
[2020-04-26 20:10:50]--[src_cgi/login_cgi.c:185]--tmp = Mario74347456813
[2020-04-26 20:10:50]--[src_cgi/login_cgi.c:201]--base64 = ka2zxGEMMHgzPihg5OSb2S0ZxLNK7pNJ
[2020-04-26 20:10:50]--[src_cgi/login_cgi.c:303]--token = fdc137522b0cd392d054365b67bacf71
[2020-04-26 20:11:20]--[src_cgi/login_cgi.c:288]--buf = {
    "pwd": "e10adc3949ba59abbe56e057f20f883e",
    "user": "Mario"
}

[2020-04-26 20:11:20]--[src_cgi/login_cgi.c:294]--user = Mario, pwd = e10adc3949ba59abbe56e057f20f883e
[2020-04-26 20:11:20]--[src_cgi/login_cgi.c:101]--mysql_user = root, mysql_pwd = 123456, mysql_db = cloud_disk
[2020-04-26 20:11:20]--[src_cgi/login_cgi.c:161]--redis:[ip=127.0.0.1,port=6379]
[2020-04-26 20:11:20]--[src_cgi/login_cgi.c:185]--tmp = Mario919350192608
[2020-04-26 20:11:20]--[src_cgi/login_cgi.c:201]--base64 = OimPdF1Ouy1zQm8wO+fIulSLR+LwC1FL
[2020-04-26 20:11:20]--[src_cgi/login_cgi.c:303]--token = 8cae065e2462f67b45b40df3f3454e91
[2020-04-26 20:12:10]--[src_cgi/login_cgi.c:288]--buf = {
    "pwd": "e10adc3949ba59abbe56e057f20f883e",
    "user": "Mario"
}

[2020-04-26 20:12:10]--[src_cgi/login_cgi.c:294]--user = Mario, pwd = e10adc3949ba59abbe56e057f20f883e
[2020-04-26 20:12:10]--[src_cgi/login_cgi.c:101]--mysql_user = root, mysql_pwd = 123456, mysql_db = cloud_disk
[2020-04-26 20:12:10]--[src_cgi/login_cgi.c:161]--redis:[ip=127.0.0.1,port=6379]
[2020-04-26 20:12:10]--[src_cgi/login_cgi.c:185]--tmp = Mario514850571869
[2020-04-26 20:12:10]--[src_cgi/login_cgi.c:201]--base64 = Vdlr7cAv2Ac3CGsLYdHHTVzqyK7PQug1
[2020-04-26 20:12:10]--[src_cgi/login_cgi.c:303]--token = b9d03b9157b4cbd60d799f3e8d8bc674
[2020-04-26 20:14:24]--[src_cgi/login_cgi.c:288]--buf = {
    "pwd": "e10adc3949ba59abbe56e057f20f883e",
    "user": "mario"
}

[2020-04-26 20:14:24]--[src_cgi/login_cgi.c:294]--user = mario, pwd = e10adc3949ba59abbe56e057f20f883e
[2020-04-26 20:14:24]--[src_cgi/login_cgi.c:101]--mysql_user = root, mysql_pwd = 123456, mysql_db = cloud_disk
[2020-04-26 20:14:24]--[src_cgi/login_cgi.c:161]--redis:[ip=127.0.0.1,port=6379]
[2020-04-26 20:14:24]--[src_cgi/login_cgi.c:185]--tmp = mario726695931299
[2020-04-26 20:14:24]--[src_cgi/login_cgi.c:201]--base64 = 5aaTod9JqgWyL1WWD89Q01zqyK7PQug1
[2020-04-26 20:14:24]--[src_cgi/login_cgi.c:303]--token = 671584c2b2e81e6aba6468b6a2cbde52
[2020-04-26 20:16:30]--[src_cgi/login_cgi.c:288]--buf = {
    "pwd": "e10adc3949ba59abbe56e057f20f883e",
    "user": "Mario"
}

[2020-04-26 20:16:30]--[src_cgi/login_cgi.c:294]--user = Mario, pwd = e10adc3949ba59abbe56e057f20f883e
[2020-04-26 20:16:30]--[src_cgi/login_cgi.c:101]--mysql_user = root, mysql_pwd = 123456, mysql_db = cloud_disk
[2020-04-26 20:16:30]--[src_cgi/login_cgi.c:161]--redis:[ip=127.0.0.1,port=6379]
[2020-04-26 20:16:30]--[src_cgi/login_cgi.c:185]--tmp = Mario46546945984
[2020-04-26 20:16:30]--[src_cgi/login_cgi.c:201]--base64 = 8E5BnAK4dyNgTDp+5lOHzy0ZxLNK7pNJ
[2020-04-26 20:16:30]--[src_cgi/login_cgi.c:303]--token = c28f7c0e23f6e138da8050b44d42a15f
[2020-04-26 20:18:59]--[src_cgi/login_cgi.c:288]--buf = {
    "pwd": "e10adc3949ba59abbe56e057f20f883e",
    "user": "Mario"
}

[2020-04-26 20:18:59]--[src_cgi/login_cgi.c:294]--user = Mario, pwd = e10adc3949ba59abbe56e057f20f883e
[2020-04-26 20:18:59]--[src_cgi/login_cgi.c:101]--mysql_user = root, mysql_pwd = 123456, mysql_db = cloud_disk
[2020-04-26 20:18:59]--[src_cgi/login_cgi.c:161]--redis:[ip=127.0.0.1,port=6379]
[2020-04-26 20:18:59]--[src_cgi/login_cgi.c:185]--tmp = Mario5262746067
[2020-04-26 20:18:59]--[src_cgi/login_cgi.c:201]--base64 = 1tYC+uLd/X7RKhZ8MiixKg==
[2020-04-26 20:18:59]--[src_cgi/login_cgi.c:303]--token = c82da32ad85116390b6dcbf861e58965
[2020-04-26 20:22:08]--[src_cgi/login_cgi.c:288]--buf = {
    "pwd": "e10adc3949ba59abbe56e057f20f883e",
    "user": "Mario"
}

[2020-04-26 20:22:08]--[src_cgi/login_cgi.c:294]--user = Mario, pwd = e10adc3949ba59abbe56e057f20f883e
[2020-04-26 20:22:08]--[src_cgi/login_cgi.c:101]--mysql_user = root, mysql_pwd = 123456, mysql_db = cloud_disk
[2020-04-26 20:22:08]--[src_cgi/login_cgi.c:161]--redis:[ip=127.0.0.1,port=6379]
[2020-04-26 20:22:08]--[src_cgi/login_cgi.c:185]--tmp = Mario65640433576
[2020-04-26 20:22:08]--[src_cgi/login_cgi.c:201]--base64 = k0RLVhISFbNEUx9MAu5Mri0ZxLNK7pNJ
[2020-04-26 20:22:08]--[src_cgi/login_cgi.c:303]--token = f774ab6e1c6773c3f9487d409b287a3e
[2020-04-26 20:26:39]--[src_cgi/login_cgi.c:288]--buf = {
    "pwd": "e10adc3949ba59abbe56e057f20f883e",
    "user": "mario"
}

[2020-04-26 20:26:39]--[src_cgi/login_cgi.c:294]--user = mario, pwd = e10adc3949ba59abbe56e057f20f883e
[2020-04-26 20:26:39]--[src_cgi/login_cgi.c:101]--mysql_user = root, mysql_pwd = 123456, mysql_db = cloud_disk
[2020-04-26 20:26:39]--[src_cgi/login_cgi.c:161]--redis:[ip=127.0.0.1,port=6379]
[2020-04-26 20:26:39]--[src_cgi/login_cgi.c:185]--tmp = mario956301109285
[2020-04-26 20:26:39]--[src_cgi/login_cgi.c:201]--base64 = QRdxuqbkE60f+MazfvkfoW+Ut+5trQL2
[2020-04-26 20:26:39]--[src_cgi/login_cgi.c:303]--token = d82616c48011957ff468a30eccc6d4f8
[2020-04-26 20:27:09]--[src_cgi/login_cgi.c:288]--buf = {
    "pwd": "e10adc3949ba59abbe56e057f20f883e",
    "user": "mario"
}

[2020-04-26 20:27:09]--[src_cgi/login_cgi.c:294]--user = mario, pwd = e10adc3949ba59abbe56e057f20f883e
[2020-04-26 20:27:09]--[src_cgi/login_cgi.c:101]--mysql_user = root, mysql_pwd = 123456, mysql_db = cloud_disk
[2020-04-26 20:27:09]--[src_cgi/login_cgi.c:161]--redis:[ip=127.0.0.1,port=6379]
[2020-04-26 20:27:09]--[src_cgi/login_cgi.c:185]--tmp = mario469580218417
[2020-04-26 20:27:09]--[src_cgi/login_cgi.c:201]--base64 = uqpwtUu+MchwTGql7sdW0PUujTBmz0dF
[2020-04-26 20:27:09]--[src_cgi/login_cgi.c:303]--token = 896f8ddfb561b7ef45c7462286e38d18
[2020-04-26 20:30:31]--[src_cgi/login_cgi.c:288]--buf = {
    "pwd": "e10adc3949ba59abbe56e057f20f883e",
    "user": "Mario"
}

[2020-04-26 20:30:31]--[src_cgi/login_cgi.c:294]--user = Mario, pwd = e10adc3949ba59abbe56e057f20f883e
[2020-04-26 20:30:31]--[src_cgi/login_cgi.c:101]--mysql_user = root, mysql_pwd = 123456, mysql_db = cloud_disk
[2020-04-26 20:30:31]--[src_cgi/login_cgi.c:161]--redis:[ip=127.0.0.1,port=6379]
[2020-04-26 20:30:31]--[src_cgi/login_cgi.c:185]--tmp = Mario243875941572
[2020-04-26 20:30:31]--[src_cgi/login_cgi.c:201]--base64 = uFD9aOZSBfU9E3zURlURQ3j7pjZQFtzO
[2020-04-26 20:30:31]--[src_cgi/login_cgi.c:303]--token = a719b83b31cd02ecc523c00fe4d68670
[2020-04-26 20:30:59]--[src_cgi/login_cgi.c:288]--buf = {
    "pwd": "e10adc3949ba59abbe56e057f20f883e",
    "user": "Mario"
}

[2020-04-26 20:30:59]--[src_cgi/login_cgi.c:294]--user = Mario, pwd = e10adc3949ba59abbe56e057f20f883e
[2020-04-26 20:30:59]--[src_cgi/login_cgi.c:101]--mysql_user = root, mysql_pwd = 123456, mysql_db = cloud_disk
[2020-04-26 20:30:59]--[src_cgi/login_cgi.c:161]--redis:[ip=127.0.0.1,port=6379]
[2020-04-26 20:30:59]--[src_cgi/login_cgi.c:185]--tmp = Mario995471947636
[2020-04-26 20:30:59]--[src_cgi/login_cgi.c:201]--base64 = LIoZElj/WL4uoFbws8CNtewb1egIr+tu
[2020-04-26 20:30:59]--[src_cgi/login_cgi.c:303]--token = fae30a89df189262452c1006f989416d
[2020-04-26 20:34:53]--[src_cgi/login_cgi.c:288]--buf = {
    "pwd": "e10adc3949ba59abbe56e057f20f883e",
    "user": "Mario"
}

[2020-04-26 20:34:53]--[src_cgi/login_cgi.c:294]--user = Mario, pwd = e10adc3949ba59abbe56e057f20f883e
[2020-04-26 20:34:53]--[src_cgi/login_cgi.c:101]--mysql_user = root, mysql_pwd = 123456, mysql_db = cloud_disk
[2020-04-26 20:34:53]--[src_cgi/login_cgi.c:161]--redis:[ip=127.0.0.1,port=6379]
[2020-04-26 20:34:53]--[src_cgi/login_cgi.c:185]--tmp = Mario912479467303
[2020-04-26 20:34:53]--[src_cgi/login_cgi.c:201]--base64 = UNv3u7Ps/3Qbpm71n1vCDq7DEUAkWTSv
[2020-04-26 20:34:53]--[src_cgi/login_cgi.c:303]--token = 5bbbafbfcab454b553f499714c91785b
[2020-04-26 20:35:24]--[src_cgi/login_cgi.c:288]--buf = {
    "pwd": "e10adc3949ba59abbe56e057f20f883e",
    "user": "Mario"
}

[2020-04-26 20:35:24]--[src_cgi/login_cgi.c:294]--user = Mario, pwd = e10adc3949ba59abbe56e057f20f883e
[2020-04-26 20:35:24]--[src_cgi/login_cgi.c:101]--mysql_user = root, mysql_pwd = 123456, mysql_db = cloud_disk
[2020-04-26 20:35:24]--[src_cgi/login_cgi.c:161]--redis:[ip=127.0.0.1,port=6379]
[2020-04-26 20:35:24]--[src_cgi/login_cgi.c:185]--tmp = Mario232468392449
[2020-04-26 20:35:24]--[src_cgi/login_cgi.c:201]--base64 = OPLrMh9Nb2jAB67/Kdt9oVzqyK7PQug1
[2020-04-26 20:35:24]--[src_cgi/login_cgi.c:303]--token = d9b70802ed436b683d2cb07acdfc2c72
[2020-04-26 20:39:39]--[src_cgi/login_cgi.c:288]--buf = {
    "pwd": "e10adc3949ba59abbe56e057f20f883e",
    "user": "Mario"
}

[2020-04-26 20:39:39]--[src_cgi/login_cgi.c:294]--user = Mario, pwd = e10adc3949ba59abbe56e057f20f883e
[2020-04-26 20:39:39]--[src_cgi/login_cgi.c:101]--mysql_user = root, mysql_pwd = 123456, mysql_db = cloud_disk
[2020-04-26 20:39:39]--[src_cgi/login_cgi.c:161]--redis:[ip=127.0.0.1,port=6379]
[2020-04-26 20:39:39]--[src_cgi/login_cgi.c:185]--tmp = Mario5610848425
[2020-04-26 20:39:39]--[src_cgi/login_cgi.c:201]--base64 = j8IbpP/SY8aJeZkWL1hyJQ==
[2020-04-26 20:39:39]--[src_cgi/login_cgi.c:303]--token = ea25126a27e70d5e69524bd3645eceac
[2020-04-26 20:40:17]--[src_cgi/login_cgi.c:288]--buf = {
    "pwd": "e10adc3949ba59abbe56e057f20f883e",
    "user": "Mario"
}

[2020-04-26 20:40:17]--[src_cgi/login_cgi.c:294]--user = Mario, pwd = e10adc3949ba59abbe56e057f20f883e
[2020-04-26 20:40:17]--[src_cgi/login_cgi.c:101]--mysql_user = root, mysql_pwd = 123456, mysql_db = cloud_disk
[2020-04-26 20:40:17]--[src_cgi/login_cgi.c:161]--redis:[ip=127.0.0.1,port=6379]
[2020-04-26 20:40:17]--[src_cgi/login_cgi.c:185]--tmp = Mario217367457251
[2020-04-26 20:40:17]--[src_cgi/login_cgi.c:201]--base64 = 4q87bPYluS7JxeR/z0mRqvlvnLKu4lWq
[2020-04-26 20:40:17]--[src_cgi/login_cgi.c:303]--token = 468189db2a6f80d41ec85218675eaf22
[2020-04-26 20:40:36]--[src_cgi/login_cgi.c:288]--buf = {
    "pwd": "e10adc3949ba59abbe56e057f20f883e",
    "user": "Mario"
}

[2020-04-26 20:40:36]--[src_cgi/login_cgi.c:294]--user = Mario, pwd = e10adc3949ba59abbe56e057f20f883e
[2020-04-26 20:40:36]--[src_cgi/login_cgi.c:101]--mysql_user = root, mysql_pwd = 123456, mysql_db = cloud_disk
[2020-04-26 20:40:36]--[src_cgi/login_cgi.c:161]--redis:[ip=127.0.0.1,port=6379]
[2020-04-26 20:40:36]--[src_cgi/login_cgi.c:185]--tmp = Mario913392522473
[2020-04-26 20:40:36]--[src_cgi/login_cgi.c:201]--base64 = VZToPJ0zuC1BQaeTv4t4H67DEUAkWTSv
[2020-04-26 20:40:36]--[src_cgi/login_cgi.c:303]--token = 75227bd36783b4dab46287c7ffca5c5a
[2020-04-26 20:57:00]--[src_cgi/login_cgi.c:288]--buf = {
    "pwd": "e10adc3949ba59abbe56e057f20f883e",
    "user": "Mario"
}

[2020-04-26 20:57:00]--[src_cgi/login_cgi.c:294]--user = Mario, pwd = e10adc3949ba59abbe56e057f20f883e
[2020-04-26 20:57:00]--[src_cgi/login_cgi.c:101]--mysql_user = root, mysql_pwd = 123456, mysql_db = cloud_disk
[2020-04-26 20:57:00]--[src_cgi/login_cgi.c:161]--redis:[ip=127.0.0.1,port=6379]
[2020-04-26 20:57:00]--[src_cgi/login_cgi.c:185]--tmp = Mario294271389142
[2020-04-26 20:57:00]--[src_cgi/login_cgi.c:201]--base64 = EGRLY+IVWpBJtkZAfYrBq3j7pjZQFtzO
[2020-04-26 20:57:00]--[src_cgi/login_cgi.c:303]--token = 20c28913500ba2f779ad33094a5f32fe
[2020-04-26 20:58:27]--[src_cgi/login_cgi.c:288]--buf = {
    "pwd": "e10adc3949ba59abbe56e057f20f883e",
    "user": "Mario"
}

[2020-04-26 20:58:27]--[src_cgi/login_cgi.c:294]--user = Mario, pwd = e10adc3949ba59abbe56e057f20f883e
[2020-04-26 20:58:27]--[src_cgi/login_cgi.c:101]--mysql_user = root, mysql_pwd = 123456, mysql_db = cloud_disk
[2020-04-26 20:58:27]--[src_cgi/login_cgi.c:161]--redis:[ip=127.0.0.1,port=6379]
[2020-04-26 20:58:27]--[src_cgi/login_cgi.c:185]--tmp = Mario37348587413
[2020-04-26 20:58:27]--[src_cgi/login_cgi.c:201]--base64 = 7X8an2KBURhM+il9wdWwzC0ZxLNK7pNJ
[2020-04-26 20:58:27]--[src_cgi/login_cgi.c:303]--token = a674c29668c24fa3b9519cfaa8e5f2c1
[2020-04-26 21:58:03]--[src_cgi/login_cgi.c:288]--buf = {
    "pwd": "e10adc3949ba59abbe56e057f20f883e",
    "user": "Mario"
}

[2020-04-26 21:58:03]--[src_cgi/login_cgi.c:294]--user = Mario, pwd = e10adc3949ba59abbe56e057f20f883e
[2020-04-26 21:58:03]--[src_cgi/login_cgi.c:101]--mysql_user = root, mysql_pwd = 123456, mysql_db = cloud_disk
[2020-04-26 21:58:03]--[src_cgi/login_cgi.c:161]--redis:[ip=127.0.0.1,port=6379]
[2020-04-26 21:58:03]--[src_cgi/login_cgi.c:185]--tmp = Mario4697377507
[2020-04-26 21:58:03]--[src_cgi/login_cgi.c:201]--base64 = 0+7PTkfFDf3bibiguo14qQ==
[2020-04-26 21:58:03]--[src_cgi/login_cgi.c:303]--token = 39166a759ebbf0ddfc9a380bc5adff44
[2020-04-26 22:04:40]--[src_cgi/login_cgi.c:288]--buf = {
    "pwd": "e10adc3949ba59abbe56e057f20f883e",
    "user": "Mario"
}

[2020-04-26 22:04:40]--[src_cgi/login_cgi.c:294]--user = Mario, pwd = e10adc3949ba59abbe56e057f20f883e
[2020-04-26 22:04:40]--[src_cgi/login_cgi.c:101]--mysql_user = root, mysql_pwd = 123456, mysql_db = cloud_disk
[2020-04-26 22:04:40]--[src_cgi/login_cgi.c:161]--redis:[ip=127.0.0.1,port=6379]
[2020-04-26 22:04:40]--[src_cgi/login_cgi.c:185]--tmp = Mario905298438797
[2020-04-26 22:04:40]--[src_cgi/login_cgi.c:201]--base64 = GqBUQIyOH6zN1T73jRLwLfUujTBmz0dF
[2020-04-26 22:04:40]--[src_cgi/login_cgi.c:303]--token = 03f965e50ea1a4e0f4082c27f65b5f3e
[2020-04-26 22:43:04]--[src_cgi/login_cgi.c:288]--buf = {
    "pwd": "e10adc3949ba59abbe56e057f20f883e",
    "user": "Mario"
}

[2020-04-26 22:43:04]--[src_cgi/login_cgi.c:294]--user = Mario, pwd = e10adc3949ba59abbe56e057f20f883e
[2020-04-26 22:43:04]--[src_cgi/login_cgi.c:101]--mysql_user = root, mysql_pwd = 123456, mysql_db = cloud_disk
[2020-04-26 22:43:04]--[src_cgi/login_cgi.c:161]--redis:[ip=127.0.0.1,port=6379]
[2020-04-26 22:43:04]--[src_cgi/login_cgi.c:185]--tmp = Mario594764421618
[2020-04-26 22:43:04]--[src_cgi/login_cgi.c:201]--base64 = 2EtgIFWVKG7GZl1b2UJhoFSLR+LwC1FL
[2020-04-26 22:43:04]--[src_cgi/login_cgi.c:303]--token = 4aaa19664dafbba441475990721db9f2
