[2020-04-29 01:37:18]--[src_cgi/login_cgi.c:288]--buf = {
    "pwd": "e10adc3949ba59abbe56e057f20f883e",
    "user": "Mario"
}

[2020-04-29 01:37:18]--[src_cgi/login_cgi.c:294]--user = Mario, pwd = e10adc3949ba59abbe56e057f20f883e
[2020-04-29 01:37:18]--[src_cgi/login_cgi.c:101]--mysql_user = root, mysql_pwd = 123456, mysql_db = cloud_disk
[2020-04-29 01:37:18]--[src_cgi/login_cgi.c:161]--redis:[ip=127.0.0.1,port=6379]
[2020-04-29 01:37:18]--[src_cgi/login_cgi.c:185]--tmp = Mario61275848124
[2020-04-29 01:37:18]--[src_cgi/login_cgi.c:201]--base64 = BRIsCmh2yHI2Wun7TKGbqy0ZxLNK7pNJ
[2020-04-29 01:37:18]--[src_cgi/login_cgi.c:303]--token = 64959966c5440680e310daf9f83d664c
[2020-04-29 11:01:54]--[src_cgi/login_cgi.c:288]--buf = {
    "pwd": "e10adc3949ba59abbe56e057f20f883e",
    "user": "Mario"
}

[2020-04-29 11:01:54]--[src_cgi/login_cgi.c:294]--user = Mario, pwd = e10adc3949ba59abbe56e057f20f883e
[2020-04-29 11:01:54]--[src_cgi/login_cgi.c:101]--mysql_user = root, mysql_pwd = 123456, mysql_db = cloud_disk
[2020-04-29 11:01:54]--[src_cgi/login_cgi.c:161]--redis:[ip=127.0.0.1,port=6379]
[2020-04-29 11:01:54]--[src_cgi/login_cgi.c:185]--tmp = Mario57550512680
[2020-04-29 11:01:54]--[src_cgi/login_cgi.c:201]--base64 = 64WJYaJnMJeMZMB8DAPqbi0ZxLNK7pNJ
[2020-04-29 11:01:54]--[src_cgi/login_cgi.c:303]--token = 52a3d17b00de20a892585490fc125c7b
[2020-04-29 14:11:27]--[src_cgi/login_cgi.c:288]--buf = {
    "pwd": "e10adc3949ba59abbe56e057f20f883e",
    "user": "Mario"
}

[2020-04-29 14:11:27]--[src_cgi/login_cgi.c:294]--user = Mario, pwd = e10adc3949ba59abbe56e057f20f883e
[2020-04-29 14:11:27]--[src_cgi/login_cgi.c:101]--mysql_user = root, mysql_pwd = 123456, mysql_db = cloud_disk
[2020-04-29 14:11:27]--[src_cgi/login_cgi.c:161]--redis:[ip=127.0.0.1,port=6379]
[2020-04-29 14:11:27]--[src_cgi/login_cgi.c:185]--tmp = Mario497326670385
[2020-04-29 14:11:27]--[src_cgi/login_cgi.c:201]--base64 = CRHwDwsrMpaLgaVOPi+MyW+Ut+5trQL2
[2020-04-29 14:11:27]--[src_cgi/login_cgi.c:303]--token = 2ade77b28eda4859c421e43e9874cf52
[2020-04-29 14:33:15]--[src_cgi/login_cgi.c:288]--buf = {
    "pwd": "e10adc3949ba59abbe56e057f20f883e",
    "user": "Mario"
}

[2020-04-29 14:33:15]--[src_cgi/login_cgi.c:294]--user = Mario, pwd = e10adc3949ba59abbe56e057f20f883e
[2020-04-29 14:33:15]--[src_cgi/login_cgi.c:101]--mysql_user = root, mysql_pwd = 123456, mysql_db = cloud_disk
[2020-04-29 14:33:15]--[src_cgi/login_cgi.c:161]--redis:[ip=127.0.0.1,port=6379]
[2020-04-29 14:33:15]--[src_cgi/login_cgi.c:185]--tmp = Mario48635050516
[2020-04-29 14:33:15]--[src_cgi/login_cgi.c:201]--base64 = UNcQcynDZiJyLmR7uvSMGi0ZxLNK7pNJ
[2020-04-29 14:33:15]--[src_cgi/login_cgi.c:303]--token = 5834acc0bfa2aa288f7cad52298b8bfc
[2020-04-29 15:41:23]--[src_cgi/login_cgi.c:288]--buf = {
    "pwd": "e10adc3949ba59abbe56e057f20f883e",
    "user": "Mario"
}

[2020-04-29 15:41:23]--[src_cgi/login_cgi.c:294]--user = Mario, pwd = e10adc3949ba59abbe56e057f20f883e
[2020-04-29 15:41:23]--[src_cgi/login_cgi.c:101]--mysql_user = root, mysql_pwd = 123456, mysql_db = cloud_disk
[2020-04-29 15:41:23]--[src_cgi/login_cgi.c:161]--redis:[ip=127.0.0.1,port=6379]
[2020-04-29 15:41:23]--[src_cgi/login_cgi.c:185]--tmp = Mario45022739511
[2020-04-29 15:41:23]--[src_cgi/login_cgi.c:201]--base64 = cd0bREdkO+Kd/on6VOow7i0ZxLNK7pNJ
[2020-04-29 15:41:23]--[src_cgi/login_cgi.c:303]--token = 896ca9af52aebd88e2e4422c3f1fb2c7
[2020-04-29 15:42:54]--[src_cgi/login_cgi.c:288]--buf = {
    "pwd": "e10adc3949ba59abbe56e057f20f883e",
    "user": "Mario"
}

[2020-04-29 15:42:54]--[src_cgi/login_cgi.c:294]--user = Mario, pwd = e10adc3949ba59abbe56e057f20f883e
[2020-04-29 15:42:54]--[src_cgi/login_cgi.c:101]--mysql_user = root, mysql_pwd = 123456, mysql_db = cloud_disk
[2020-04-29 15:42:54]--[src_cgi/login_cgi.c:161]--redis:[ip=127.0.0.1,port=6379]
[2020-04-29 15:42:54]--[src_cgi/login_cgi.c:185]--tmp = Mario638438845164
[2020-04-29 15:42:54]--[src_cgi/login_cgi.c:201]--base64 = PkYHCB2rY+dGsvJZ913pWJ+HwxKUAZ0k
[2020-04-29 15:42:54]--[src_cgi/login_cgi.c:303]--token = dfd3f91a89e260b645a62ead28aa1ccb
[2020-04-29 15:43:33]--[src_cgi/login_cgi.c:288]--buf = {
    "pwd": "e10adc3949ba59abbe56e057f20f883e",
    "user": "Mario"
}

[2020-04-29 15:43:33]--[src_cgi/login_cgi.c:294]--user = Mario, pwd = e10adc3949ba59abbe56e057f20f883e
[2020-04-29 15:43:33]--[src_cgi/login_cgi.c:101]--mysql_user = root, mysql_pwd = 123456, mysql_db = cloud_disk
[2020-04-29 15:43:33]--[src_cgi/login_cgi.c:161]--redis:[ip=127.0.0.1,port=6379]
[2020-04-29 15:43:33]--[src_cgi/login_cgi.c:185]--tmp = Mario951606179171
[2020-04-29 15:43:33]--[src_cgi/login_cgi.c:201]--base64 = OLi1HI4tXcZocg+InV2lf/lvnLKu4lWq
[2020-04-29 15:43:33]--[src_cgi/login_cgi.c:303]--token = ed729cc8f148c8a6c60515ce916a1b15
[2020-04-29 15:45:45]--[src_cgi/login_cgi.c:288]--buf = {
    "pwd": "e10adc3949ba59abbe56e057f20f883e",
    "user": "Mario"
}

[2020-04-29 15:45:45]--[src_cgi/login_cgi.c:294]--user = Mario, pwd = e10adc3949ba59abbe56e057f20f883e
[2020-04-29 15:45:45]--[src_cgi/login_cgi.c:101]--mysql_user = root, mysql_pwd = 123456, mysql_db = cloud_disk
[2020-04-29 15:45:45]--[src_cgi/login_cgi.c:161]--redis:[ip=127.0.0.1,port=6379]
[2020-04-29 15:45:45]--[src_cgi/login_cgi.c:185]--tmp = Mario10137714853
[2020-04-29 15:45:45]--[src_cgi/login_cgi.c:201]--base64 = kic3327YWOanGN9E46HIfy0ZxLNK7pNJ
[2020-04-29 15:45:45]--[src_cgi/login_cgi.c:303]--token = d5241f2a67c9af8f0f82e5311af860e9
[2020-04-29 15:47:50]--[src_cgi/login_cgi.c:288]--buf = {
    "pwd": "e10adc3949ba59abbe56e057f20f883e",
    "user": "Mario"
}

[2020-04-29 15:47:50]--[src_cgi/login_cgi.c:294]--user = Mario, pwd = e10adc3949ba59abbe56e057f20f883e
[2020-04-29 15:47:50]--[src_cgi/login_cgi.c:101]--mysql_user = root, mysql_pwd = 123456, mysql_db = cloud_disk
[2020-04-29 15:47:50]--[src_cgi/login_cgi.c:161]--redis:[ip=127.0.0.1,port=6379]
[2020-04-29 15:47:50]--[src_cgi/login_cgi.c:185]--tmp = Mario623206923584
[2020-04-29 15:47:50]--[src_cgi/login_cgi.c:201]--base64 = fNfuXo/G9sEbfQ570Taejp+HwxKUAZ0k
[2020-04-29 15:47:50]--[src_cgi/login_cgi.c:303]--token = a477ea4c1c8e4504c82ed30dd681a785
[2020-04-29 15:48:13]--[src_cgi/login_cgi.c:288]--buf = {
    "pwd": "e10adc3949ba59abbe56e057f20f883e",
    "user": "Mario"
}

[2020-04-29 15:48:13]--[src_cgi/login_cgi.c:294]--user = Mario, pwd = e10adc3949ba59abbe56e057f20f883e
[2020-04-29 15:48:13]--[src_cgi/login_cgi.c:101]--mysql_user = root, mysql_pwd = 123456, mysql_db = cloud_disk
[2020-04-29 15:48:13]--[src_cgi/login_cgi.c:161]--redis:[ip=127.0.0.1,port=6379]
[2020-04-29 15:48:13]--[src_cgi/login_cgi.c:185]--tmp = Mario377781293262
[2020-04-29 15:48:13]--[src_cgi/login_cgi.c:201]--base64 = 0JOshlLARPfMnL1QRoDpTnj7pjZQFtzO
[2020-04-29 15:48:13]--[src_cgi/login_cgi.c:303]--token = ae38c16cd8ef6a3fdcc4d25a97e5f0f7
[2020-04-29 15:55:12]--[src_cgi/login_cgi.c:288]--buf = {
    "pwd": "e10adc3949ba59abbe56e057f20f883e",
    "user": "Mario"
}

[2020-04-29 15:55:12]--[src_cgi/login_cgi.c:294]--user = Mario, pwd = e10adc3949ba59abbe56e057f20f883e
[2020-04-29 15:55:12]--[src_cgi/login_cgi.c:101]--mysql_user = root, mysql_pwd = 123456, mysql_db = cloud_disk
[2020-04-29 15:55:12]--[src_cgi/login_cgi.c:161]--redis:[ip=127.0.0.1,port=6379]
[2020-04-29 15:55:12]--[src_cgi/login_cgi.c:185]--tmp = Mario838325909621
[2020-04-29 15:55:12]--[src_cgi/login_cgi.c:201]--base64 = LjFPgoSsHJ/BFOBBr9HFP/lvnLKu4lWq
[2020-04-29 15:55:12]--[src_cgi/login_cgi.c:303]--token = 3a6365235dca1c5a160d3de6ea20e332
[2020-04-29 16:01:07]--[src_cgi/login_cgi.c:288]--buf = {
    "pwd": "e10adc3949ba59abbe56e057f20f883e",
    "user": "Mario"
}

[2020-04-29 16:01:07]--[src_cgi/login_cgi.c:294]--user = Mario, pwd = e10adc3949ba59abbe56e057f20f883e
[2020-04-29 16:01:07]--[src_cgi/login_cgi.c:101]--mysql_user = root, mysql_pwd = 123456, mysql_db = cloud_disk
[2020-04-29 16:01:07]--[src_cgi/login_cgi.c:161]--redis:[ip=127.0.0.1,port=6379]
[2020-04-29 16:01:07]--[src_cgi/login_cgi.c:185]--tmp = Mario770177379208
[2020-04-29 16:01:07]--[src_cgi/login_cgi.c:201]--base64 = r8+6E/DYSIrGGy9UQvR/51SLR+LwC1FL
[2020-04-29 16:01:07]--[src_cgi/login_cgi.c:303]--token = 1e35286e4f4e448b397fd6ac9468f318
