[2020-04-26 00:12:14]--[src_cgi/md5_cgi.c:40]--mysql:[user=root,pwd=123456,database=cloud_disk][2020-04-26 00:12:39]--[src_cgi/md5_cgi.c:339]--buf = {
    "fileName": "1.png",
    "md5": "aca52818a90fb1ab6b9ba5499f23755e",
    "token": "ab7b7e361a59e0ddb495d2e09c91d6f4",
    "user": "MarioHo"
}

[2020-04-26 00:12:39]--[src_cgi/md5_cgi.c:361]--user = MarioHo, token = ab7b7e361a59e0ddb495d2e09c91d6f4, md5 = aca52818a90fb1ab6b9ba5499f23755e, filename = 1.png
[2020-04-26 00:20:12]--[src_cgi/md5_cgi.c:40]--mysql:[user=root,pwd=123456,database=cloud_disk][2020-04-26 00:21:14]--[src_cgi/md5_cgi.c:40]--mysql:[user=root,pwd=123456,database=cloud_disk][2020-04-26 00:21:37]--[src_cgi/md5_cgi.c:40]--mysql:[user=root,pwd=123456,database=cloud_disk][2020-04-26 00:26:48]--[src_cgi/md5_cgi.c:339]--buf = {
    "fileName": "1.png",
    "md5": "d41d8cd98f00b204e9800998ecf8427e",
    "token": "5b73e01e92a85136b8c5750ee8311ff0",
    "user": "MarioHo"
}

[2020-04-26 00:26:48]--[src_cgi/md5_cgi.c:361]--user = MarioHo, token = 5b73e01e92a85136b8c5750ee8311ff0, md5 = d41d8cd98f00b204e9800998ecf8427e, filename = 1.png
[2020-04-26 00:33:18]--[src_cgi/md5_cgi.c:40]--mysql:[user=root,pwd=123456,database=cloud_disk][2020-04-26 00:33:50]--[src_cgi/md5_cgi.c:339]--buf = {
    "fileName": "1.jpg",
    "md5": "526e509780990642ed0a20b7e0bb50d3",
    "token": "986d8bf5fce1bcebf3ce96ffe2471a46",
    "user": "MarioHo"
}

[2020-04-26 00:33:50]--[src_cgi/md5_cgi.c:361]--user = MarioHo, token = 986d8bf5fce1bcebf3ce96ffe2471a46, md5 = 526e509780990642ed0a20b7e0bb50d3, filename = 1.jpg
[2020-04-26 00:35:50]--[src_cgi/md5_cgi.c:40]--mysql:[user=root,pwd=123456,database=cloud_disk][2020-04-26 00:36:17]--[src_cgi/md5_cgi.c:339]--buf = {
    "fileName": "1.jpg",
    "md5": "526e509780990642ed0a20b7e0bb50d3",
    "token": "7e93a20abac6ec4defd374d6a97e7144",
    "user": "MarioHo"
}

[2020-04-26 00:36:17]--[src_cgi/md5_cgi.c:361]--user = MarioHo, token = 7e93a20abac6ec4defd374d6a97e7144, md5 = 526e509780990642ed0a20b7e0bb50d3, filename = 1.jpg
[2020-04-26 18:09:58]--[src_cgi/md5_cgi.c:339]--buf = {
    "fileName": "desktop.jpg",
    "md5": "5dce163f311bb272be5c75ba4a376ebd",
    "token": "9641c87d258927ecce1a53459b2c1822",
    "user": "Mario"
}

[2020-04-26 18:09:58]--[src_cgi/md5_cgi.c:361]--user = Mario, token = 9641c87d258927ecce1a53459b2c1822, md5 = 5dce163f311bb272be5c75ba4a376ebd, filename = desktop.jpg
[2020-04-26 18:33:41]--[src_cgi/md5_cgi.c:339]--buf = {
    "fileName": "Aurora.jpg",
    "md5": "0aa9a2c73144a509db808b7cf3c69d8c",
    "token": "45814b63cee49e63369761aee6578117",
    "user": "Mario"
}

[2020-04-26 18:33:41]--[src_cgi/md5_cgi.c:361]--user = Mario, token = 45814b63cee49e63369761aee6578117, md5 = 0aa9a2c73144a509db808b7cf3c69d8c, filename = Aurora.jpg
[2020-04-26 18:37:18]--[src_cgi/md5_cgi.c:339]--buf = {
    "fileName": "test.jpg",
    "md5": "111934a05adcc1ba29b3d6c041139952",
    "token": "4ab567c7fc137893ce3ab698d6583dfe",
    "user": "Mario"
}

[2020-04-26 18:37:18]--[src_cgi/md5_cgi.c:361]--user = Mario, token = 4ab567c7fc137893ce3ab698d6583dfe, md5 = 111934a05adcc1ba29b3d6c041139952, filename = test.jpg
[2020-04-26 18:47:56]--[src_cgi/md5_cgi.c:339]--buf = {
    "fileName": "20171215111345966.jpeg",
    "md5": "de3caa2cc03983a1dfabc0ec1f3b0612",
    "token": "3c7f7a36d8d30170596529301233668c",
    "user": "mario"
}

[2020-04-26 18:47:56]--[src_cgi/md5_cgi.c:361]--user = mario, token = 3c7f7a36d8d30170596529301233668c, md5 = de3caa2cc03983a1dfabc0ec1f3b0612, filename = 20171215111345966.jpeg
[2020-04-26 20:19:14]--[src_cgi/md5_cgi.c:339]--buf = {
    "fileName": "test-2.png",
    "md5": "111934a05adcc1ba29b3d6c041139952",
    "token": "c82da32ad85116390b6dcbf861e58965",
    "user": "Mario"
}

[2020-04-26 20:19:14]--[src_cgi/md5_cgi.c:361]--user = Mario, token = c82da32ad85116390b6dcbf861e58965, md5 = 111934a05adcc1ba29b3d6c041139952, filename = test-2.png
[2020-04-26 22:52:00]--[src_cgi/md5_cgi.c:339]--buf = {
    "fileName": "1.png",
    "md5": "d41d8cd98f00b204e9800998ecf8427e",
    "token": "4aaa19664dafbba441475990721db9f2",
    "user": "Mario"
}

[2020-04-26 22:52:00]--[src_cgi/md5_cgi.c:361]--user = Mario, token = 4aaa19664dafbba441475990721db9f2, md5 = d41d8cd98f00b204e9800998ecf8427e, filename = 1.png
