[2020-04-25 20:34:55]--[src_cgi/md5_cgi.c:339]--buf = {
    "fileName": "账号密码.txt",
    "md5": "c8d76e67e10f9c9ed90d1ed5bf23cc40",
    "token": "7d367126994cb8d73f6f979384ff433b",
    "user": "MarioHo"
}

[2020-04-25 20:34:55]--[src_cgi/md5_cgi.c:361]--user = MarioHo, token = 7d367126994cb8d73f6f979384ff433b, md5 = c8d76e67e10f9c9ed90d1ed5bf23cc40, filename = 账号密码.txt
[2020-04-25 20:41:14]--[src_cgi/md5_cgi.c:40]--mysql:[user=root,pwd=123456,database=cloud_disk][2020-04-25 20:49:34]--[src_cgi/md5_cgi.c:40]--mysql:[user=root,pwd=123456,database=cloud_disk][2020-04-25 20:51:14]--[src_cgi/md5_cgi.c:40]--mysql:[user=root,pwd=123456,database=cloud_disk][2020-04-25 20:51:37]--[src_cgi/md5_cgi.c:40]--mysql:[user=root,pwd=123456,database=cloud_disk][2020-04-25 21:41:30]--[src_cgi/md5_cgi.c:40]--mysql:[user=root,pwd=123456,database=cloud_disk][2020-04-25 21:57:04]--[src_cgi/md5_cgi.c:40]--mysql:[user=root,pwd=123456,database=cloud_disk][2020-04-25 22:03:35]--[src_cgi/md5_cgi.c:339]--buf = {
    "fileName": "账号密码.txt",
    "md5": "d41d8cd98f00b204e9800998ecf8427e",
    "token": "a4a9df3d6809af0e2d35f2b9119df610",
    "user": "MarioHo"
}

[2020-04-25 22:03:35]--[src_cgi/md5_cgi.c:361]--user = MarioHo, token = a4a9df3d6809af0e2d35f2b9119df610, md5 = d41d8cd98f00b204e9800998ecf8427e, filename = 账号密码.txt
[2020-04-25 22:03:50]--[src_cgi/md5_cgi.c:339]--buf = {
    "fileName": "账号密码2.txt",
    "md5": "c8d76e67e10f9c9ed90d1ed5bf23cc40",
    "token": "a4a9df3d6809af0e2d35f2b9119df610",
    "user": "MarioHo"
}

[2020-04-25 22:03:50]--[src_cgi/md5_cgi.c:361]--user = MarioHo, token = a4a9df3d6809af0e2d35f2b9119df610, md5 = c8d76e67e10f9c9ed90d1ed5bf23cc40, filename = 账号密码2.txt
[2020-04-25 23:31:21]--[src_cgi/md5_cgi.c:40]--mysql:[user=root,pwd=123456,database=cloud_disk][2020-04-25 23:35:57]--[src_cgi/md5_cgi.c:40]--mysql:[user=root,pwd=123456,database=cloud_disk]