[2020-04-29 01:37:19]--[src_cgi/myfiles_cgi.c:496]--cmd = count
[2020-04-29 01:37:19]--[src_cgi/myfiles_cgi.c:528]--buf = {
    "token": "64959966c5440680e310daf9f83d664c",
    "user": "Mario"
}

[2020-04-29 01:37:19]--[src_cgi/myfiles_cgi.c:176]--line = 5
[2020-04-29 01:37:19]--[src_cgi/myfiles_cgi.c:496]--cmd = normal
[2020-04-29 01:37:19]--[src_cgi/myfiles_cgi.c:528]--buf = {
    "count": 5,
    "start": 0,
    "token": "64959966c5440680e310daf9f83d664c",
    "user": "Mario"
}

[2020-04-29 01:37:19]--[src_cgi/myfiles_cgi.c:548]--user = Mario, token = 64959966c5440680e310daf9f83d664c, start = 0, count = 5
[2020-04-29 01:37:19]--[src_cgi/myfiles_cgi.c:306]--select user_file_list.*, file_info.url, file_info.size, file_info.type from file_info, user_file_list where user = 'Mario' and file_info.md5 = user_file_list.md5 limit 0, 5 在操作
[2020-04-29 01:37:19]--[src_cgi/myfiles_cgi.c:428]--{
	"files":	[{
			"user":	"Mario",
			"md5":	"c319a9d4ce7c9f76d2a17a3d5d93c02b",
			"time":	"2018-12-21 19:09:07",
			"filename":	"Makefile",
			"share_status":	1,
			"pv":	0,
			"url":	"http://192.168.230.138:80/group1/M00/00/00/wKjmilwdqtKAcOo5AABU8Itwcro6720927",
			"size":	21744,
			"type":	"null"
		}, {
			"user":	"Mario",
			"md5":	"111934a05adcc1ba29b3d6c041139952",
			"time":	"2020-04-26 18:37:18",
			"filename":	"test.jpg",
			"share_status":	0,
			"pv":	0,
			"url":	"http://39.99.154.100:80/group1/M00/00/00/rBq0iF6lZF6ASPM1AABbTun4HG8682.jpg",
			"size":	23374,
			"type":	"jpg"
		}, {
			"user":	"mario",
			"md5":	"de3caa2cc03983a1dfabc0ec1f3b0612",
			"time":	"2020-04-26 18:47:57",
			"filename":	"20171215111345966.jpeg",
			"share_status":	0,
			"pv":	0,
			"url":	"http://39.99.154.100:80/group1/M00/00/00/rBq0iF6lZt2AYcOKAApbJxeUOPA24.jpeg",
			"size":	678695,
			"type":	"jpeg"
		}, {
			"user":	"Mario",
			"md5":	"111934a05adcc1ba29b3d6c041139952",
			"time":	"2020-04-26 20:19:14",
			"filename":	"test-2.png",
			"share_status":	0,
			"pv":	0,
			"url":	"http://39.99.154.100:80/group1/M00/00/00/rBq0iF6lZF6ASPM1AABbTun4HG8682.jpg",
			"size":	23374,
			"type":	"jpg"
		}, {
			"user":	"Mario",
			"md5":	"d41d8cd98f00b204e9800998ecf8427e",
			"time":	"2020-04-26 22:52:00",
			"filename":	"1.png",
			"share_status":	0,
			"pv":	0,
			"url":	"http://39.99.154.100:80/group1/M00/00/00/rBq0iF6loBCALTnOAAAAAAAAAAA976.png",
			"size":	0,
			"type":	"png"
		}]
}
[2020-04-29 11:01:54]--[src_cgi/myfiles_cgi.c:496]--cmd = count
[2020-04-29 11:01:54]--[src_cgi/myfiles_cgi.c:528]--buf = {
    "token": "52a3d17b00de20a892585490fc125c7b",
    "user": "Mario"
}

[2020-04-29 11:01:54]--[src_cgi/myfiles_cgi.c:176]--line = 5
[2020-04-29 11:01:54]--[src_cgi/myfiles_cgi.c:496]--cmd = normal
[2020-04-29 11:01:54]--[src_cgi/myfiles_cgi.c:528]--buf = {
    "count": 5,
    "start": 0,
    "token": "52a3d17b00de20a892585490fc125c7b",
    "user": "Mario"
}

[2020-04-29 11:01:54]--[src_cgi/myfiles_cgi.c:548]--user = Mario, token = 52a3d17b00de20a892585490fc125c7b, start = 0, count = 5
[2020-04-29 11:01:54]--[src_cgi/myfiles_cgi.c:306]--select user_file_list.*, file_info.url, file_info.size, file_info.type from file_info, user_file_list where user = 'Mario' and file_info.md5 = user_file_list.md5 limit 0, 5 在操作
[2020-04-29 11:01:54]--[src_cgi/myfiles_cgi.c:428]--{
	"files":	[{
			"user":	"Mario",
			"md5":	"c319a9d4ce7c9f76d2a17a3d5d93c02b",
			"time":	"2018-12-21 19:09:07",
			"filename":	"Makefile",
			"share_status":	1,
			"pv":	0,
			"url":	"http://192.168.230.138:80/group1/M00/00/00/wKjmilwdqtKAcOo5AABU8Itwcro6720927",
			"size":	21744,
			"type":	"null"
		}, {
			"user":	"Mario",
			"md5":	"111934a05adcc1ba29b3d6c041139952",
			"time":	"2020-04-26 18:37:18",
			"filename":	"test.jpg",
			"share_status":	0,
			"pv":	0,
			"url":	"http://39.99.154.100:80/group1/M00/00/00/rBq0iF6lZF6ASPM1AABbTun4HG8682.jpg",
			"size":	23374,
			"type":	"jpg"
		}, {
			"user":	"mario",
			"md5":	"de3caa2cc03983a1dfabc0ec1f3b0612",
			"time":	"2020-04-26 18:47:57",
			"filename":	"20171215111345966.jpeg",
			"share_status":	0,
			"pv":	0,
			"url":	"http://39.99.154.100:80/group1/M00/00/00/rBq0iF6lZt2AYcOKAApbJxeUOPA24.jpeg",
			"size":	678695,
			"type":	"jpeg"
		}, {
			"user":	"Mario",
			"md5":	"111934a05adcc1ba29b3d6c041139952",
			"time":	"2020-04-26 20:19:14",
			"filename":	"test-2.png",
			"share_status":	0,
			"pv":	0,
			"url":	"http://39.99.154.100:80/group1/M00/00/00/rBq0iF6lZF6ASPM1AABbTun4HG8682.jpg",
			"size":	23374,
			"type":	"jpg"
		}, {
			"user":	"Mario",
			"md5":	"d41d8cd98f00b204e9800998ecf8427e",
			"time":	"2020-04-26 22:52:00",
			"filename":	"1.png",
			"share_status":	0,
			"pv":	0,
			"url":	"http://39.99.154.100:80/group1/M00/00/00/rBq0iF6loBCALTnOAAAAAAAAAAA976.png",
			"size":	0,
			"type":	"png"
		}]
}
[2020-04-29 11:01:57]--[src_cgi/myfiles_cgi.c:496]--cmd = count
[2020-04-29 11:01:57]--[src_cgi/myfiles_cgi.c:528]--buf = {
    "token": "52a3d17b00de20a892585490fc125c7b",
    "user": "Mario"
}

[2020-04-29 11:01:57]--[src_cgi/myfiles_cgi.c:176]--line = 5
[2020-04-29 11:01:57]--[src_cgi/myfiles_cgi.c:496]--cmd = normal
[2020-04-29 11:01:57]--[src_cgi/myfiles_cgi.c:528]--buf = {
    "count": 5,
    "start": 0,
    "token": "52a3d17b00de20a892585490fc125c7b",
    "user": "Mario"
}

[2020-04-29 11:01:57]--[src_cgi/myfiles_cgi.c:548]--user = Mario, token = 52a3d17b00de20a892585490fc125c7b, start = 0, count = 5
[2020-04-29 11:01:57]--[src_cgi/myfiles_cgi.c:306]--select user_file_list.*, file_info.url, file_info.size, file_info.type from file_info, user_file_list where user = 'Mario' and file_info.md5 = user_file_list.md5 limit 0, 5 在操作
[2020-04-29 11:01:57]--[src_cgi/myfiles_cgi.c:428]--{
	"files":	[{
			"user":	"Mario",
			"md5":	"c319a9d4ce7c9f76d2a17a3d5d93c02b",
			"time":	"2018-12-21 19:09:07",
			"filename":	"Makefile",
			"share_status":	1,
			"pv":	0,
			"url":	"http://192.168.230.138:80/group1/M00/00/00/wKjmilwdqtKAcOo5AABU8Itwcro6720927",
			"size":	21744,
			"type":	"null"
		}, {
			"user":	"Mario",
			"md5":	"111934a05adcc1ba29b3d6c041139952",
			"time":	"2020-04-26 18:37:18",
			"filename":	"test.jpg",
			"share_status":	0,
			"pv":	0,
			"url":	"http://39.99.154.100:80/group1/M00/00/00/rBq0iF6lZF6ASPM1AABbTun4HG8682.jpg",
			"size":	23374,
			"type":	"jpg"
		}, {
			"user":	"mario",
			"md5":	"de3caa2cc03983a1dfabc0ec1f3b0612",
			"time":	"2020-04-26 18:47:57",
			"filename":	"20171215111345966.jpeg",
			"share_status":	0,
			"pv":	0,
			"url":	"http://39.99.154.100:80/group1/M00/00/00/rBq0iF6lZt2AYcOKAApbJxeUOPA24.jpeg",
			"size":	678695,
			"type":	"jpeg"
		}, {
			"user":	"Mario",
			"md5":	"111934a05adcc1ba29b3d6c041139952",
			"time":	"2020-04-26 20:19:14",
			"filename":	"test-2.png",
			"share_status":	0,
			"pv":	0,
			"url":	"http://39.99.154.100:80/group1/M00/00/00/rBq0iF6lZF6ASPM1AABbTun4HG8682.jpg",
			"size":	23374,
			"type":	"jpg"
		}, {
			"user":	"Mario",
			"md5":	"d41d8cd98f00b204e9800998ecf8427e",
			"time":	"2020-04-26 22:52:00",
			"filename":	"1.png",
			"share_status":	0,
			"pv":	0,
			"url":	"http://39.99.154.100:80/group1/M00/00/00/rBq0iF6loBCALTnOAAAAAAAAAAA976.png",
			"size":	0,
			"type":	"png"
		}]
}
[2020-04-29 11:01:58]--[src_cgi/myfiles_cgi.c:496]--cmd = count
[2020-04-29 11:01:58]--[src_cgi/myfiles_cgi.c:528]--buf = {
    "token": "52a3d17b00de20a892585490fc125c7b",
    "user": "Mario"
}

[2020-04-29 11:01:58]--[src_cgi/myfiles_cgi.c:176]--line = 5
[2020-04-29 11:01:59]--[src_cgi/myfiles_cgi.c:496]--cmd = normal
[2020-04-29 11:01:59]--[src_cgi/myfiles_cgi.c:528]--buf = {
    "count": 5,
    "start": 0,
    "token": "52a3d17b00de20a892585490fc125c7b",
    "user": "Mario"
}

[2020-04-29 11:01:59]--[src_cgi/myfiles_cgi.c:548]--user = Mario, token = 52a3d17b00de20a892585490fc125c7b, start = 0, count = 5
[2020-04-29 11:01:59]--[src_cgi/myfiles_cgi.c:306]--select user_file_list.*, file_info.url, file_info.size, file_info.type from file_info, user_file_list where user = 'Mario' and file_info.md5 = user_file_list.md5 limit 0, 5 在操作
[2020-04-29 11:01:59]--[src_cgi/myfiles_cgi.c:428]--{
	"files":	[{
			"user":	"Mario",
			"md5":	"c319a9d4ce7c9f76d2a17a3d5d93c02b",
			"time":	"2018-12-21 19:09:07",
			"filename":	"Makefile",
			"share_status":	1,
			"pv":	0,
			"url":	"http://192.168.230.138:80/group1/M00/00/00/wKjmilwdqtKAcOo5AABU8Itwcro6720927",
			"size":	21744,
			"type":	"null"
		}, {
			"user":	"Mario",
			"md5":	"111934a05adcc1ba29b3d6c041139952",
			"time":	"2020-04-26 18:37:18",
			"filename":	"test.jpg",
			"share_status":	0,
			"pv":	0,
			"url":	"http://39.99.154.100:80/group1/M00/00/00/rBq0iF6lZF6ASPM1AABbTun4HG8682.jpg",
			"size":	23374,
			"type":	"jpg"
		}, {
			"user":	"mario",
			"md5":	"de3caa2cc03983a1dfabc0ec1f3b0612",
			"time":	"2020-04-26 18:47:57",
			"filename":	"20171215111345966.jpeg",
			"share_status":	0,
			"pv":	0,
			"url":	"http://39.99.154.100:80/group1/M00/00/00/rBq0iF6lZt2AYcOKAApbJxeUOPA24.jpeg",
			"size":	678695,
			"type":	"jpeg"
		}, {
			"user":	"Mario",
			"md5":	"111934a05adcc1ba29b3d6c041139952",
			"time":	"2020-04-26 20:19:14",
			"filename":	"test-2.png",
			"share_status":	0,
			"pv":	0,
			"url":	"http://39.99.154.100:80/group1/M00/00/00/rBq0iF6lZF6ASPM1AABbTun4HG8682.jpg",
			"size":	23374,
			"type":	"jpg"
		}, {
			"user":	"Mario",
			"md5":	"d41d8cd98f00b204e9800998ecf8427e",
			"time":	"2020-04-26 22:52:00",
			"filename":	"1.png",
			"share_status":	0,
			"pv":	0,
			"url":	"http://39.99.154.100:80/group1/M00/00/00/rBq0iF6loBCALTnOAAAAAAAAAAA976.png",
			"size":	0,
			"type":	"png"
		}]
}
[2020-04-29 11:02:00]--[src_cgi/myfiles_cgi.c:496]--cmd = count
[2020-04-29 11:02:00]--[src_cgi/myfiles_cgi.c:528]--buf = {
    "token": "52a3d17b00de20a892585490fc125c7b",
    "user": "Mario"
}

[2020-04-29 11:02:00]--[src_cgi/myfiles_cgi.c:176]--line = 5
[2020-04-29 11:02:00]--[src_cgi/myfiles_cgi.c:496]--cmd = normal
[2020-04-29 11:02:00]--[src_cgi/myfiles_cgi.c:528]--buf = {
    "count": 5,
    "start": 0,
    "token": "52a3d17b00de20a892585490fc125c7b",
    "user": "Mario"
}

[2020-04-29 11:02:00]--[src_cgi/myfiles_cgi.c:548]--user = Mario, token = 52a3d17b00de20a892585490fc125c7b, start = 0, count = 5
[2020-04-29 11:02:00]--[src_cgi/myfiles_cgi.c:306]--select user_file_list.*, file_info.url, file_info.size, file_info.type from file_info, user_file_list where user = 'Mario' and file_info.md5 = user_file_list.md5 limit 0, 5 在操作
[2020-04-29 11:02:00]--[src_cgi/myfiles_cgi.c:428]--{
	"files":	[{
			"user":	"Mario",
			"md5":	"c319a9d4ce7c9f76d2a17a3d5d93c02b",
			"time":	"2018-12-21 19:09:07",
			"filename":	"Makefile",
			"share_status":	1,
			"pv":	0,
			"url":	"http://192.168.230.138:80/group1/M00/00/00/wKjmilwdqtKAcOo5AABU8Itwcro6720927",
			"size":	21744,
			"type":	"null"
		}, {
			"user":	"Mario",
			"md5":	"111934a05adcc1ba29b3d6c041139952",
			"time":	"2020-04-26 18:37:18",
			"filename":	"test.jpg",
			"share_status":	0,
			"pv":	0,
			"url":	"http://39.99.154.100:80/group1/M00/00/00/rBq0iF6lZF6ASPM1AABbTun4HG8682.jpg",
			"size":	23374,
			"type":	"jpg"
		}, {
			"user":	"mario",
			"md5":	"de3caa2cc03983a1dfabc0ec1f3b0612",
			"time":	"2020-04-26 18:47:57",
			"filename":	"20171215111345966.jpeg",
			"share_status":	0,
			"pv":	0,
			"url":	"http://39.99.154.100:80/group1/M00/00/00/rBq0iF6lZt2AYcOKAApbJxeUOPA24.jpeg",
			"size":	678695,
			"type":	"jpeg"
		}, {
			"user":	"Mario",
			"md5":	"111934a05adcc1ba29b3d6c041139952",
			"time":	"2020-04-26 20:19:14",
			"filename":	"test-2.png",
			"share_status":	0,
			"pv":	0,
			"url":	"http://39.99.154.100:80/group1/M00/00/00/rBq0iF6lZF6ASPM1AABbTun4HG8682.jpg",
			"size":	23374,
			"type":	"jpg"
		}, {
			"user":	"Mario",
			"md5":	"d41d8cd98f00b204e9800998ecf8427e",
			"time":	"2020-04-26 22:52:00",
			"filename":	"1.png",
			"share_status":	0,
			"pv":	0,
			"url":	"http://39.99.154.100:80/group1/M00/00/00/rBq0iF6loBCALTnOAAAAAAAAAAA976.png",
			"size":	0,
			"type":	"png"
		}]
}
[2020-04-29 11:02:02]--[src_cgi/myfiles_cgi.c:496]--cmd = count
[2020-04-29 11:02:02]--[src_cgi/myfiles_cgi.c:528]--buf = {
    "token": "52a3d17b00de20a892585490fc125c7b",
    "user": "Mario"
}

[2020-04-29 11:02:02]--[src_cgi/myfiles_cgi.c:176]--line = 5
[2020-04-29 11:02:03]--[src_cgi/myfiles_cgi.c:496]--cmd = normal
[2020-04-29 11:02:03]--[src_cgi/myfiles_cgi.c:528]--buf = {
    "count": 5,
    "start": 0,
    "token": "52a3d17b00de20a892585490fc125c7b",
    "user": "Mario"
}

[2020-04-29 11:02:03]--[src_cgi/myfiles_cgi.c:548]--user = Mario, token = 52a3d17b00de20a892585490fc125c7b, start = 0, count = 5
[2020-04-29 11:02:03]--[src_cgi/myfiles_cgi.c:306]--select user_file_list.*, file_info.url, file_info.size, file_info.type from file_info, user_file_list where user = 'Mario' and file_info.md5 = user_file_list.md5 limit 0, 5 在操作
[2020-04-29 11:02:03]--[src_cgi/myfiles_cgi.c:428]--{
	"files":	[{
			"user":	"Mario",
			"md5":	"c319a9d4ce7c9f76d2a17a3d5d93c02b",
			"time":	"2018-12-21 19:09:07",
			"filename":	"Makefile",
			"share_status":	1,
			"pv":	0,
			"url":	"http://192.168.230.138:80/group1/M00/00/00/wKjmilwdqtKAcOo5AABU8Itwcro6720927",
			"size":	21744,
			"type":	"null"
		}, {
			"user":	"Mario",
			"md5":	"111934a05adcc1ba29b3d6c041139952",
			"time":	"2020-04-26 18:37:18",
			"filename":	"test.jpg",
			"share_status":	0,
			"pv":	0,
			"url":	"http://39.99.154.100:80/group1/M00/00/00/rBq0iF6lZF6ASPM1AABbTun4HG8682.jpg",
			"size":	23374,
			"type":	"jpg"
		}, {
			"user":	"mario",
			"md5":	"de3caa2cc03983a1dfabc0ec1f3b0612",
			"time":	"2020-04-26 18:47:57",
			"filename":	"20171215111345966.jpeg",
			"share_status":	0,
			"pv":	0,
			"url":	"http://39.99.154.100:80/group1/M00/00/00/rBq0iF6lZt2AYcOKAApbJxeUOPA24.jpeg",
			"size":	678695,
			"type":	"jpeg"
		}, {
			"user":	"Mario",
			"md5":	"111934a05adcc1ba29b3d6c041139952",
			"time":	"2020-04-26 20:19:14",
			"filename":	"test-2.png",
			"share_status":	0,
			"pv":	0,
			"url":	"http://39.99.154.100:80/group1/M00/00/00/rBq0iF6lZF6ASPM1AABbTun4HG8682.jpg",
			"size":	23374,
			"type":	"jpg"
		}, {
			"user":	"Mario",
			"md5":	"d41d8cd98f00b204e9800998ecf8427e",
			"time":	"2020-04-26 22:52:00",
			"filename":	"1.png",
			"share_status":	0,
			"pv":	0,
			"url":	"http://39.99.154.100:80/group1/M00/00/00/rBq0iF6loBCALTnOAAAAAAAAAAA976.png",
			"size":	0,
			"type":	"png"
		}]
}
[2020-04-29 11:02:03]--[src_cgi/myfiles_cgi.c:496]--cmd = count
[2020-04-29 11:02:03]--[src_cgi/myfiles_cgi.c:528]--buf = {
    "token": "52a3d17b00de20a892585490fc125c7b",
    "user": "Mario"
}

[2020-04-29 11:02:03]--[src_cgi/myfiles_cgi.c:176]--line = 5
[2020-04-29 11:02:04]--[src_cgi/myfiles_cgi.c:496]--cmd = normal
[2020-04-29 11:02:04]--[src_cgi/myfiles_cgi.c:528]--buf = {
    "count": 5,
    "start": 0,
    "token": "52a3d17b00de20a892585490fc125c7b",
    "user": "Mario"
}

[2020-04-29 11:02:04]--[src_cgi/myfiles_cgi.c:548]--user = Mario, token = 52a3d17b00de20a892585490fc125c7b, start = 0, count = 5
[2020-04-29 11:02:04]--[src_cgi/myfiles_cgi.c:306]--select user_file_list.*, file_info.url, file_info.size, file_info.type from file_info, user_file_list where user = 'Mario' and file_info.md5 = user_file_list.md5 limit 0, 5 在操作
[2020-04-29 11:02:04]--[src_cgi/myfiles_cgi.c:428]--{
	"files":	[{
			"user":	"Mario",
			"md5":	"c319a9d4ce7c9f76d2a17a3d5d93c02b",
			"time":	"2018-12-21 19:09:07",
			"filename":	"Makefile",
			"share_status":	1,
			"pv":	0,
			"url":	"http://192.168.230.138:80/group1/M00/00/00/wKjmilwdqtKAcOo5AABU8Itwcro6720927",
			"size":	21744,
			"type":	"null"
		}, {
			"user":	"Mario",
			"md5":	"111934a05adcc1ba29b3d6c041139952",
			"time":	"2020-04-26 18:37:18",
			"filename":	"test.jpg",
			"share_status":	0,
			"pv":	0,
			"url":	"http://39.99.154.100:80/group1/M00/00/00/rBq0iF6lZF6ASPM1AABbTun4HG8682.jpg",
			"size":	23374,
			"type":	"jpg"
		}, {
			"user":	"mario",
			"md5":	"de3caa2cc03983a1dfabc0ec1f3b0612",
			"time":	"2020-04-26 18:47:57",
			"filename":	"20171215111345966.jpeg",
			"share_status":	0,
			"pv":	0,
			"url":	"http://39.99.154.100:80/group1/M00/00/00/rBq0iF6lZt2AYcOKAApbJxeUOPA24.jpeg",
			"size":	678695,
			"type":	"jpeg"
		}, {
			"user":	"Mario",
			"md5":	"111934a05adcc1ba29b3d6c041139952",
			"time":	"2020-04-26 20:19:14",
			"filename":	"test-2.png",
			"share_status":	0,
			"pv":	0,
			"url":	"http://39.99.154.100:80/group1/M00/00/00/rBq0iF6lZF6ASPM1AABbTun4HG8682.jpg",
			"size":	23374,
			"type":	"jpg"
		}, {
			"user":	"Mario",
			"md5":	"d41d8cd98f00b204e9800998ecf8427e",
			"time":	"2020-04-26 22:52:00",
			"filename":	"1.png",
			"share_status":	0,
			"pv":	0,
			"url":	"http://39.99.154.100:80/group1/M00/00/00/rBq0iF6loBCALTnOAAAAAAAAAAA976.png",
			"size":	0,
			"type":	"png"
		}]
}
[2020-04-29 11:02:05]--[src_cgi/myfiles_cgi.c:496]--cmd = count
[2020-04-29 11:02:05]--[src_cgi/myfiles_cgi.c:528]--buf = {
    "token": "52a3d17b00de20a892585490fc125c7b",
    "user": "Mario"
}

[2020-04-29 11:02:05]--[src_cgi/myfiles_cgi.c:176]--line = 5
[2020-04-29 11:02:05]--[src_cgi/myfiles_cgi.c:496]--cmd = normal
[2020-04-29 11:02:05]--[src_cgi/myfiles_cgi.c:528]--buf = {
    "count": 5,
    "start": 0,
    "token": "52a3d17b00de20a892585490fc125c7b",
    "user": "Mario"
}

[2020-04-29 11:02:05]--[src_cgi/myfiles_cgi.c:548]--user = Mario, token = 52a3d17b00de20a892585490fc125c7b, start = 0, count = 5
[2020-04-29 11:02:05]--[src_cgi/myfiles_cgi.c:306]--select user_file_list.*, file_info.url, file_info.size, file_info.type from file_info, user_file_list where user = 'Mario' and file_info.md5 = user_file_list.md5 limit 0, 5 在操作
[2020-04-29 11:02:05]--[src_cgi/myfiles_cgi.c:428]--{
	"files":	[{
			"user":	"Mario",
			"md5":	"c319a9d4ce7c9f76d2a17a3d5d93c02b",
			"time":	"2018-12-21 19:09:07",
			"filename":	"Makefile",
			"share_status":	1,
			"pv":	0,
			"url":	"http://192.168.230.138:80/group1/M00/00/00/wKjmilwdqtKAcOo5AABU8Itwcro6720927",
			"size":	21744,
			"type":	"null"
		}, {
			"user":	"Mario",
			"md5":	"111934a05adcc1ba29b3d6c041139952",
			"time":	"2020-04-26 18:37:18",
			"filename":	"test.jpg",
			"share_status":	0,
			"pv":	0,
			"url":	"http://39.99.154.100:80/group1/M00/00/00/rBq0iF6lZF6ASPM1AABbTun4HG8682.jpg",
			"size":	23374,
			"type":	"jpg"
		}, {
			"user":	"mario",
			"md5":	"de3caa2cc03983a1dfabc0ec1f3b0612",
			"time":	"2020-04-26 18:47:57",
			"filename":	"20171215111345966.jpeg",
			"share_status":	0,
			"pv":	0,
			"url":	"http://39.99.154.100:80/group1/M00/00/00/rBq0iF6lZt2AYcOKAApbJxeUOPA24.jpeg",
			"size":	678695,
			"type":	"jpeg"
		}, {
			"user":	"Mario",
			"md5":	"111934a05adcc1ba29b3d6c041139952",
			"time":	"2020-04-26 20:19:14",
			"filename":	"test-2.png",
			"share_status":	0,
			"pv":	0,
			"url":	"http://39.99.154.100:80/group1/M00/00/00/rBq0iF6lZF6ASPM1AABbTun4HG8682.jpg",
			"size":	23374,
			"type":	"jpg"
		}, {
			"user":	"Mario",
			"md5":	"d41d8cd98f00b204e9800998ecf8427e",
			"time":	"2020-04-26 22:52:00",
			"filename":	"1.png",
			"share_status":	0,
			"pv":	0,
			"url":	"http://39.99.154.100:80/group1/M00/00/00/rBq0iF6loBCALTnOAAAAAAAAAAA976.png",
			"size":	0,
			"type":	"png"
		}]
}
[2020-04-29 11:02:06]--[src_cgi/myfiles_cgi.c:496]--cmd = count
[2020-04-29 11:02:06]--[src_cgi/myfiles_cgi.c:528]--buf = {
    "token": "52a3d17b00de20a892585490fc125c7b",
    "user": "Mario"
}

[2020-04-29 11:02:06]--[src_cgi/myfiles_cgi.c:176]--line = 5
[2020-04-29 11:02:06]--[src_cgi/myfiles_cgi.c:496]--cmd = normal
[2020-04-29 11:02:06]--[src_cgi/myfiles_cgi.c:528]--buf = {
    "count": 5,
    "start": 0,
    "token": "52a3d17b00de20a892585490fc125c7b",
    "user": "Mario"
}

[2020-04-29 11:02:06]--[src_cgi/myfiles_cgi.c:548]--user = Mario, token = 52a3d17b00de20a892585490fc125c7b, start = 0, count = 5
[2020-04-29 11:02:06]--[src_cgi/myfiles_cgi.c:306]--select user_file_list.*, file_info.url, file_info.size, file_info.type from file_info, user_file_list where user = 'Mario' and file_info.md5 = user_file_list.md5 limit 0, 5 在操作
[2020-04-29 11:02:06]--[src_cgi/myfiles_cgi.c:428]--{
	"files":	[{
			"user":	"Mario",
			"md5":	"c319a9d4ce7c9f76d2a17a3d5d93c02b",
			"time":	"2018-12-21 19:09:07",
			"filename":	"Makefile",
			"share_status":	1,
			"pv":	0,
			"url":	"http://192.168.230.138:80/group1/M00/00/00/wKjmilwdqtKAcOo5AABU8Itwcro6720927",
			"size":	21744,
			"type":	"null"
		}, {
			"user":	"Mario",
			"md5":	"111934a05adcc1ba29b3d6c041139952",
			"time":	"2020-04-26 18:37:18",
			"filename":	"test.jpg",
			"share_status":	0,
			"pv":	0,
			"url":	"http://39.99.154.100:80/group1/M00/00/00/rBq0iF6lZF6ASPM1AABbTun4HG8682.jpg",
			"size":	23374,
			"type":	"jpg"
		}, {
			"user":	"mario",
			"md5":	"de3caa2cc03983a1dfabc0ec1f3b0612",
			"time":	"2020-04-26 18:47:57",
			"filename":	"20171215111345966.jpeg",
			"share_status":	0,
			"pv":	0,
			"url":	"http://39.99.154.100:80/group1/M00/00/00/rBq0iF6lZt2AYcOKAApbJxeUOPA24.jpeg",
			"size":	678695,
			"type":	"jpeg"
		}, {
			"user":	"Mario",
			"md5":	"111934a05adcc1ba29b3d6c041139952",
			"time":	"2020-04-26 20:19:14",
			"filename":	"test-2.png",
			"share_status":	0,
			"pv":	0,
			"url":	"http://39.99.154.100:80/group1/M00/00/00/rBq0iF6lZF6ASPM1AABbTun4HG8682.jpg",
			"size":	23374,
			"type":	"jpg"
		}, {
			"user":	"Mario",
			"md5":	"d41d8cd98f00b204e9800998ecf8427e",
			"time":	"2020-04-26 22:52:00",
			"filename":	"1.png",
			"share_status":	0,
			"pv":	0,
			"url":	"http://39.99.154.100:80/group1/M00/00/00/rBq0iF6loBCALTnOAAAAAAAAAAA976.png",
			"size":	0,
			"type":	"png"
		}]
}
[2020-04-29 11:02:07]--[src_cgi/myfiles_cgi.c:496]--cmd = count
[2020-04-29 11:02:07]--[src_cgi/myfiles_cgi.c:528]--buf = {
    "token": "52a3d17b00de20a892585490fc125c7b",
    "user": "Mario"
}

[2020-04-29 11:02:07]--[src_cgi/myfiles_cgi.c:176]--line = 5
[2020-04-29 11:02:07]--[src_cgi/myfiles_cgi.c:496]--cmd = normal
[2020-04-29 11:02:07]--[src_cgi/myfiles_cgi.c:528]--buf = {
    "count": 5,
    "start": 0,
    "token": "52a3d17b00de20a892585490fc125c7b",
    "user": "Mario"
}

[2020-04-29 11:02:07]--[src_cgi/myfiles_cgi.c:548]--user = Mario, token = 52a3d17b00de20a892585490fc125c7b, start = 0, count = 5
[2020-04-29 11:02:07]--[src_cgi/myfiles_cgi.c:306]--select user_file_list.*, file_info.url, file_info.size, file_info.type from file_info, user_file_list where user = 'Mario' and file_info.md5 = user_file_list.md5 limit 0, 5 在操作
[2020-04-29 11:02:07]--[src_cgi/myfiles_cgi.c:428]--{
	"files":	[{
			"user":	"Mario",
			"md5":	"c319a9d4ce7c9f76d2a17a3d5d93c02b",
			"time":	"2018-12-21 19:09:07",
			"filename":	"Makefile",
			"share_status":	1,
			"pv":	0,
			"url":	"http://192.168.230.138:80/group1/M00/00/00/wKjmilwdqtKAcOo5AABU8Itwcro6720927",
			"size":	21744,
			"type":	"null"
		}, {
			"user":	"Mario",
			"md5":	"111934a05adcc1ba29b3d6c041139952",
			"time":	"2020-04-26 18:37:18",
			"filename":	"test.jpg",
			"share_status":	0,
			"pv":	0,
			"url":	"http://39.99.154.100:80/group1/M00/00/00/rBq0iF6lZF6ASPM1AABbTun4HG8682.jpg",
			"size":	23374,
			"type":	"jpg"
		}, {
			"user":	"mario",
			"md5":	"de3caa2cc03983a1dfabc0ec1f3b0612",
			"time":	"2020-04-26 18:47:57",
			"filename":	"20171215111345966.jpeg",
			"share_status":	0,
			"pv":	0,
			"url":	"http://39.99.154.100:80/group1/M00/00/00/rBq0iF6lZt2AYcOKAApbJxeUOPA24.jpeg",
			"size":	678695,
			"type":	"jpeg"
		}, {
			"user":	"Mario",
			"md5":	"111934a05adcc1ba29b3d6c041139952",
			"time":	"2020-04-26 20:19:14",
			"filename":	"test-2.png",
			"share_status":	0,
			"pv":	0,
			"url":	"http://39.99.154.100:80/group1/M00/00/00/rBq0iF6lZF6ASPM1AABbTun4HG8682.jpg",
			"size":	23374,
			"type":	"jpg"
		}, {
			"user":	"Mario",
			"md5":	"d41d8cd98f00b204e9800998ecf8427e",
			"time":	"2020-04-26 22:52:00",
			"filename":	"1.png",
			"share_status":	0,
			"pv":	0,
			"url":	"http://39.99.154.100:80/group1/M00/00/00/rBq0iF6loBCALTnOAAAAAAAAAAA976.png",
			"size":	0,
			"type":	"png"
		}]
}
[2020-04-29 11:02:08]--[src_cgi/myfiles_cgi.c:496]--cmd = count
[2020-04-29 11:02:08]--[src_cgi/myfiles_cgi.c:528]--buf = {
    "token": "52a3d17b00de20a892585490fc125c7b",
    "user": "Mario"
}

[2020-04-29 11:02:08]--[src_cgi/myfiles_cgi.c:176]--line = 5
[2020-04-29 11:02:08]--[src_cgi/myfiles_cgi.c:496]--cmd = normal
[2020-04-29 11:02:08]--[src_cgi/myfiles_cgi.c:528]--buf = {
    "count": 5,
    "start": 0,
    "token": "52a3d17b00de20a892585490fc125c7b",
    "user": "Mario"
}

[2020-04-29 11:02:08]--[src_cgi/myfiles_cgi.c:548]--user = Mario, token = 52a3d17b00de20a892585490fc125c7b, start = 0, count = 5
[2020-04-29 11:02:08]--[src_cgi/myfiles_cgi.c:306]--select user_file_list.*, file_info.url, file_info.size, file_info.type from file_info, user_file_list where user = 'Mario' and file_info.md5 = user_file_list.md5 limit 0, 5 在操作
[2020-04-29 11:02:08]--[src_cgi/myfiles_cgi.c:428]--{
	"files":	[{
			"user":	"Mario",
			"md5":	"c319a9d4ce7c9f76d2a17a3d5d93c02b",
			"time":	"2018-12-21 19:09:07",
			"filename":	"Makefile",
			"share_status":	1,
			"pv":	0,
			"url":	"http://192.168.230.138:80/group1/M00/00/00/wKjmilwdqtKAcOo5AABU8Itwcro6720927",
			"size":	21744,
			"type":	"null"
		}, {
			"user":	"Mario",
			"md5":	"111934a05adcc1ba29b3d6c041139952",
			"time":	"2020-04-26 18:37:18",
			"filename":	"test.jpg",
			"share_status":	0,
			"pv":	0,
			"url":	"http://39.99.154.100:80/group1/M00/00/00/rBq0iF6lZF6ASPM1AABbTun4HG8682.jpg",
			"size":	23374,
			"type":	"jpg"
		}, {
			"user":	"mario",
			"md5":	"de3caa2cc03983a1dfabc0ec1f3b0612",
			"time":	"2020-04-26 18:47:57",
			"filename":	"20171215111345966.jpeg",
			"share_status":	0,
			"pv":	0,
			"url":	"http://39.99.154.100:80/group1/M00/00/00/rBq0iF6lZt2AYcOKAApbJxeUOPA24.jpeg",
			"size":	678695,
			"type":	"jpeg"
		}, {
			"user":	"Mario",
			"md5":	"111934a05adcc1ba29b3d6c041139952",
			"time":	"2020-04-26 20:19:14",
			"filename":	"test-2.png",
			"share_status":	0,
			"pv":	0,
			"url":	"http://39.99.154.100:80/group1/M00/00/00/rBq0iF6lZF6ASPM1AABbTun4HG8682.jpg",
			"size":	23374,
			"type":	"jpg"
		}, {
			"user":	"Mario",
			"md5":	"d41d8cd98f00b204e9800998ecf8427e",
			"time":	"2020-04-26 22:52:00",
			"filename":	"1.png",
			"share_status":	0,
			"pv":	0,
			"url":	"http://39.99.154.100:80/group1/M00/00/00/rBq0iF6loBCALTnOAAAAAAAAAAA976.png",
			"size":	0,
			"type":	"png"
		}]
}
[2020-04-29 11:02:09]--[src_cgi/myfiles_cgi.c:496]--cmd = count
[2020-04-29 11:02:09]--[src_cgi/myfiles_cgi.c:528]--buf = {
    "token": "52a3d17b00de20a892585490fc125c7b",
    "user": "Mario"
}

[2020-04-29 11:02:09]--[src_cgi/myfiles_cgi.c:176]--line = 5
[2020-04-29 11:02:09]--[src_cgi/myfiles_cgi.c:496]--cmd = normal
[2020-04-29 11:02:09]--[src_cgi/myfiles_cgi.c:528]--buf = {
    "count": 5,
    "start": 0,
    "token": "52a3d17b00de20a892585490fc125c7b",
    "user": "Mario"
}

[2020-04-29 11:02:09]--[src_cgi/myfiles_cgi.c:548]--user = Mario, token = 52a3d17b00de20a892585490fc125c7b, start = 0, count = 5
[2020-04-29 11:02:09]--[src_cgi/myfiles_cgi.c:306]--select user_file_list.*, file_info.url, file_info.size, file_info.type from file_info, user_file_list where user = 'Mario' and file_info.md5 = user_file_list.md5 limit 0, 5 在操作
[2020-04-29 11:02:09]--[src_cgi/myfiles_cgi.c:428]--{
	"files":	[{
			"user":	"Mario",
			"md5":	"c319a9d4ce7c9f76d2a17a3d5d93c02b",
			"time":	"2018-12-21 19:09:07",
			"filename":	"Makefile",
			"share_status":	1,
			"pv":	0,
			"url":	"http://192.168.230.138:80/group1/M00/00/00/wKjmilwdqtKAcOo5AABU8Itwcro6720927",
			"size":	21744,
			"type":	"null"
		}, {
			"user":	"Mario",
			"md5":	"111934a05adcc1ba29b3d6c041139952",
			"time":	"2020-04-26 18:37:18",
			"filename":	"test.jpg",
			"share_status":	0,
			"pv":	0,
			"url":	"http://39.99.154.100:80/group1/M00/00/00/rBq0iF6lZF6ASPM1AABbTun4HG8682.jpg",
			"size":	23374,
			"type":	"jpg"
		}, {
			"user":	"mario",
			"md5":	"de3caa2cc03983a1dfabc0ec1f3b0612",
			"time":	"2020-04-26 18:47:57",
			"filename":	"20171215111345966.jpeg",
			"share_status":	0,
			"pv":	0,
			"url":	"http://39.99.154.100:80/group1/M00/00/00/rBq0iF6lZt2AYcOKAApbJxeUOPA24.jpeg",
			"size":	678695,
			"type":	"jpeg"
		}, {
			"user":	"Mario",
			"md5":	"111934a05adcc1ba29b3d6c041139952",
			"time":	"2020-04-26 20:19:14",
			"filename":	"test-2.png",
			"share_status":	0,
			"pv":	0,
			"url":	"http://39.99.154.100:80/group1/M00/00/00/rBq0iF6lZF6ASPM1AABbTun4HG8682.jpg",
			"size":	23374,
			"type":	"jpg"
		}, {
			"user":	"Mario",
			"md5":	"d41d8cd98f00b204e9800998ecf8427e",
			"time":	"2020-04-26 22:52:00",
			"filename":	"1.png",
			"share_status":	0,
			"pv":	0,
			"url":	"http://39.99.154.100:80/group1/M00/00/00/rBq0iF6loBCALTnOAAAAAAAAAAA976.png",
			"size":	0,
			"type":	"png"
		}]
}
[2020-04-29 11:02:10]--[src_cgi/myfiles_cgi.c:496]--cmd = count
[2020-04-29 11:02:10]--[src_cgi/myfiles_cgi.c:528]--buf = {
    "token": "52a3d17b00de20a892585490fc125c7b",
    "user": "Mario"
}

[2020-04-29 11:02:10]--[src_cgi/myfiles_cgi.c:176]--line = 5
[2020-04-29 11:02:10]--[src_cgi/myfiles_cgi.c:496]--cmd = normal
[2020-04-29 11:02:10]--[src_cgi/myfiles_cgi.c:528]--buf = {
    "count": 5,
    "start": 0,
    "token": "52a3d17b00de20a892585490fc125c7b",
    "user": "Mario"
}

[2020-04-29 11:02:10]--[src_cgi/myfiles_cgi.c:548]--user = Mario, token = 52a3d17b00de20a892585490fc125c7b, start = 0, count = 5
[2020-04-29 11:02:10]--[src_cgi/myfiles_cgi.c:306]--select user_file_list.*, file_info.url, file_info.size, file_info.type from file_info, user_file_list where user = 'Mario' and file_info.md5 = user_file_list.md5 limit 0, 5 在操作
[2020-04-29 11:02:10]--[src_cgi/myfiles_cgi.c:428]--{
	"files":	[{
			"user":	"Mario",
			"md5":	"c319a9d4ce7c9f76d2a17a3d5d93c02b",
			"time":	"2018-12-21 19:09:07",
			"filename":	"Makefile",
			"share_status":	1,
			"pv":	0,
			"url":	"http://192.168.230.138:80/group1/M00/00/00/wKjmilwdqtKAcOo5AABU8Itwcro6720927",
			"size":	21744,
			"type":	"null"
		}, {
			"user":	"Mario",
			"md5":	"111934a05adcc1ba29b3d6c041139952",
			"time":	"2020-04-26 18:37:18",
			"filename":	"test.jpg",
			"share_status":	0,
			"pv":	0,
			"url":	"http://39.99.154.100:80/group1/M00/00/00/rBq0iF6lZF6ASPM1AABbTun4HG8682.jpg",
			"size":	23374,
			"type":	"jpg"
		}, {
			"user":	"mario",
			"md5":	"de3caa2cc03983a1dfabc0ec1f3b0612",
			"time":	"2020-04-26 18:47:57",
			"filename":	"20171215111345966.jpeg",
			"share_status":	0,
			"pv":	0,
			"url":	"http://39.99.154.100:80/group1/M00/00/00/rBq0iF6lZt2AYcOKAApbJxeUOPA24.jpeg",
			"size":	678695,
			"type":	"jpeg"
		}, {
			"user":	"Mario",
			"md5":	"111934a05adcc1ba29b3d6c041139952",
			"time":	"2020-04-26 20:19:14",
			"filename":	"test-2.png",
			"share_status":	0,
			"pv":	0,
			"url":	"http://39.99.154.100:80/group1/M00/00/00/rBq0iF6lZF6ASPM1AABbTun4HG8682.jpg",
			"size":	23374,
			"type":	"jpg"
		}, {
			"user":	"Mario",
			"md5":	"d41d8cd98f00b204e9800998ecf8427e",
			"time":	"2020-04-26 22:52:00",
			"filename":	"1.png",
			"share_status":	0,
			"pv":	0,
			"url":	"http://39.99.154.100:80/group1/M00/00/00/rBq0iF6loBCALTnOAAAAAAAAAAA976.png",
			"size":	0,
			"type":	"png"
		}]
}
[2020-04-29 11:02:13]--[src_cgi/myfiles_cgi.c:496]--cmd = count
[2020-04-29 11:02:13]--[src_cgi/myfiles_cgi.c:528]--buf = {
    "token": "52a3d17b00de20a892585490fc125c7b",
    "user": "Mario"
}

[2020-04-29 11:02:13]--[src_cgi/myfiles_cgi.c:176]--line = 5
[2020-04-29 11:02:13]--[src_cgi/myfiles_cgi.c:496]--cmd = normal
[2020-04-29 11:02:13]--[src_cgi/myfiles_cgi.c:528]--buf = {
    "count": 5,
    "start": 0,
    "token": "52a3d17b00de20a892585490fc125c7b",
    "user": "Mario"
}

[2020-04-29 11:02:13]--[src_cgi/myfiles_cgi.c:548]--user = Mario, token = 52a3d17b00de20a892585490fc125c7b, start = 0, count = 5
[2020-04-29 11:02:13]--[src_cgi/myfiles_cgi.c:306]--select user_file_list.*, file_info.url, file_info.size, file_info.type from file_info, user_file_list where user = 'Mario' and file_info.md5 = user_file_list.md5 limit 0, 5 在操作
[2020-04-29 11:02:13]--[src_cgi/myfiles_cgi.c:428]--{
	"files":	[{
			"user":	"Mario",
			"md5":	"c319a9d4ce7c9f76d2a17a3d5d93c02b",
			"time":	"2018-12-21 19:09:07",
			"filename":	"Makefile",
			"share_status":	1,
			"pv":	0,
			"url":	"http://192.168.230.138:80/group1/M00/00/00/wKjmilwdqtKAcOo5AABU8Itwcro6720927",
			"size":	21744,
			"type":	"null"
		}, {
			"user":	"Mario",
			"md5":	"111934a05adcc1ba29b3d6c041139952",
			"time":	"2020-04-26 18:37:18",
			"filename":	"test.jpg",
			"share_status":	0,
			"pv":	0,
			"url":	"http://39.99.154.100:80/group1/M00/00/00/rBq0iF6lZF6ASPM1AABbTun4HG8682.jpg",
			"size":	23374,
			"type":	"jpg"
		}, {
			"user":	"mario",
			"md5":	"de3caa2cc03983a1dfabc0ec1f3b0612",
			"time":	"2020-04-26 18:47:57",
			"filename":	"20171215111345966.jpeg",
			"share_status":	0,
			"pv":	0,
			"url":	"http://39.99.154.100:80/group1/M00/00/00/rBq0iF6lZt2AYcOKAApbJxeUOPA24.jpeg",
			"size":	678695,
			"type":	"jpeg"
		}, {
			"user":	"Mario",
			"md5":	"111934a05adcc1ba29b3d6c041139952",
			"time":	"2020-04-26 20:19:14",
			"filename":	"test-2.png",
			"share_status":	0,
			"pv":	0,
			"url":	"http://39.99.154.100:80/group1/M00/00/00/rBq0iF6lZF6ASPM1AABbTun4HG8682.jpg",
			"size":	23374,
			"type":	"jpg"
		}, {
			"user":	"Mario",
			"md5":	"d41d8cd98f00b204e9800998ecf8427e",
			"time":	"2020-04-26 22:52:00",
			"filename":	"1.png",
			"share_status":	0,
			"pv":	0,
			"url":	"http://39.99.154.100:80/group1/M00/00/00/rBq0iF6loBCALTnOAAAAAAAAAAA976.png",
			"size":	0,
			"type":	"png"
		}]
}
[2020-04-29 11:02:15]--[src_cgi/myfiles_cgi.c:496]--cmd = count
[2020-04-29 11:02:15]--[src_cgi/myfiles_cgi.c:528]--buf = {
    "token": "52a3d17b00de20a892585490fc125c7b",
    "user": "Mario"
}

[2020-04-29 11:02:15]--[src_cgi/myfiles_cgi.c:176]--line = 5
[2020-04-29 11:02:15]--[src_cgi/myfiles_cgi.c:496]--cmd = normal
[2020-04-29 11:02:15]--[src_cgi/myfiles_cgi.c:528]--buf = {
    "count": 5,
    "start": 0,
    "token": "52a3d17b00de20a892585490fc125c7b",
    "user": "Mario"
}

[2020-04-29 11:02:15]--[src_cgi/myfiles_cgi.c:548]--user = Mario, token = 52a3d17b00de20a892585490fc125c7b, start = 0, count = 5
[2020-04-29 11:02:15]--[src_cgi/myfiles_cgi.c:306]--select user_file_list.*, file_info.url, file_info.size, file_info.type from file_info, user_file_list where user = 'Mario' and file_info.md5 = user_file_list.md5 limit 0, 5 在操作
[2020-04-29 11:02:15]--[src_cgi/myfiles_cgi.c:428]--{
	"files":	[{
			"user":	"Mario",
			"md5":	"c319a9d4ce7c9f76d2a17a3d5d93c02b",
			"time":	"2018-12-21 19:09:07",
			"filename":	"Makefile",
			"share_status":	1,
			"pv":	0,
			"url":	"http://192.168.230.138:80/group1/M00/00/00/wKjmilwdqtKAcOo5AABU8Itwcro6720927",
			"size":	21744,
			"type":	"null"
		}, {
			"user":	"Mario",
			"md5":	"111934a05adcc1ba29b3d6c041139952",
			"time":	"2020-04-26 18:37:18",
			"filename":	"test.jpg",
			"share_status":	0,
			"pv":	0,
			"url":	"http://39.99.154.100:80/group1/M00/00/00/rBq0iF6lZF6ASPM1AABbTun4HG8682.jpg",
			"size":	23374,
			"type":	"jpg"
		}, {
			"user":	"mario",
			"md5":	"de3caa2cc03983a1dfabc0ec1f3b0612",
			"time":	"2020-04-26 18:47:57",
			"filename":	"20171215111345966.jpeg",
			"share_status":	0,
			"pv":	0,
			"url":	"http://39.99.154.100:80/group1/M00/00/00/rBq0iF6lZt2AYcOKAApbJxeUOPA24.jpeg",
			"size":	678695,
			"type":	"jpeg"
		}, {
			"user":	"Mario",
			"md5":	"111934a05adcc1ba29b3d6c041139952",
			"time":	"2020-04-26 20:19:14",
			"filename":	"test-2.png",
			"share_status":	0,
			"pv":	0,
			"url":	"http://39.99.154.100:80/group1/M00/00/00/rBq0iF6lZF6ASPM1AABbTun4HG8682.jpg",
			"size":	23374,
			"type":	"jpg"
		}, {
			"user":	"Mario",
			"md5":	"d41d8cd98f00b204e9800998ecf8427e",
			"time":	"2020-04-26 22:52:00",
			"filename":	"1.png",
			"share_status":	0,
			"pv":	0,
			"url":	"http://39.99.154.100:80/group1/M00/00/00/rBq0iF6loBCALTnOAAAAAAAAAAA976.png",
			"size":	0,
			"type":	"png"
		}]
}
[2020-04-29 11:02:17]--[src_cgi/myfiles_cgi.c:496]--cmd = count
[2020-04-29 11:02:17]--[src_cgi/myfiles_cgi.c:528]--buf = {
    "token": "52a3d17b00de20a892585490fc125c7b",
    "user": "Mario"
}

[2020-04-29 11:02:17]--[src_cgi/myfiles_cgi.c:176]--line = 5
[2020-04-29 11:02:17]--[src_cgi/myfiles_cgi.c:496]--cmd = normal
[2020-04-29 11:02:17]--[src_cgi/myfiles_cgi.c:528]--buf = {
    "count": 5,
    "start": 0,
    "token": "52a3d17b00de20a892585490fc125c7b",
    "user": "Mario"
}

[2020-04-29 11:02:17]--[src_cgi/myfiles_cgi.c:548]--user = Mario, token = 52a3d17b00de20a892585490fc125c7b, start = 0, count = 5
[2020-04-29 11:02:17]--[src_cgi/myfiles_cgi.c:306]--select user_file_list.*, file_info.url, file_info.size, file_info.type from file_info, user_file_list where user = 'Mario' and file_info.md5 = user_file_list.md5 limit 0, 5 在操作
[2020-04-29 11:02:17]--[src_cgi/myfiles_cgi.c:428]--{
	"files":	[{
			"user":	"Mario",
			"md5":	"c319a9d4ce7c9f76d2a17a3d5d93c02b",
			"time":	"2018-12-21 19:09:07",
			"filename":	"Makefile",
			"share_status":	1,
			"pv":	0,
			"url":	"http://192.168.230.138:80/group1/M00/00/00/wKjmilwdqtKAcOo5AABU8Itwcro6720927",
			"size":	21744,
			"type":	"null"
		}, {
			"user":	"Mario",
			"md5":	"111934a05adcc1ba29b3d6c041139952",
			"time":	"2020-04-26 18:37:18",
			"filename":	"test.jpg",
			"share_status":	0,
			"pv":	0,
			"url":	"http://39.99.154.100:80/group1/M00/00/00/rBq0iF6lZF6ASPM1AABbTun4HG8682.jpg",
			"size":	23374,
			"type":	"jpg"
		}, {
			"user":	"mario",
			"md5":	"de3caa2cc03983a1dfabc0ec1f3b0612",
			"time":	"2020-04-26 18:47:57",
			"filename":	"20171215111345966.jpeg",
			"share_status":	0,
			"pv":	0,
			"url":	"http://39.99.154.100:80/group1/M00/00/00/rBq0iF6lZt2AYcOKAApbJxeUOPA24.jpeg",
			"size":	678695,
			"type":	"jpeg"
		}, {
			"user":	"Mario",
			"md5":	"111934a05adcc1ba29b3d6c041139952",
			"time":	"2020-04-26 20:19:14",
			"filename":	"test-2.png",
			"share_status":	0,
			"pv":	0,
			"url":	"http://39.99.154.100:80/group1/M00/00/00/rBq0iF6lZF6ASPM1AABbTun4HG8682.jpg",
			"size":	23374,
			"type":	"jpg"
		}, {
			"user":	"Mario",
			"md5":	"d41d8cd98f00b204e9800998ecf8427e",
			"time":	"2020-04-26 22:52:00",
			"filename":	"1.png",
			"share_status":	0,
			"pv":	0,
			"url":	"http://39.99.154.100:80/group1/M00/00/00/rBq0iF6loBCALTnOAAAAAAAAAAA976.png",
			"size":	0,
			"type":	"png"
		}]
}
[2020-04-29 11:02:19]--[src_cgi/myfiles_cgi.c:496]--cmd = count
[2020-04-29 11:02:19]--[src_cgi/myfiles_cgi.c:528]--buf = {
    "token": "52a3d17b00de20a892585490fc125c7b",
    "user": "Mario"
}

[2020-04-29 11:02:19]--[src_cgi/myfiles_cgi.c:176]--line = 5
[2020-04-29 11:02:19]--[src_cgi/myfiles_cgi.c:496]--cmd = normal
[2020-04-29 11:02:19]--[src_cgi/myfiles_cgi.c:528]--buf = {
    "count": 5,
    "start": 0,
    "token": "52a3d17b00de20a892585490fc125c7b",
    "user": "Mario"
}

[2020-04-29 11:02:19]--[src_cgi/myfiles_cgi.c:548]--user = Mario, token = 52a3d17b00de20a892585490fc125c7b, start = 0, count = 5
[2020-04-29 11:02:19]--[src_cgi/myfiles_cgi.c:306]--select user_file_list.*, file_info.url, file_info.size, file_info.type from file_info, user_file_list where user = 'Mario' and file_info.md5 = user_file_list.md5 limit 0, 5 在操作
[2020-04-29 11:02:19]--[src_cgi/myfiles_cgi.c:428]--{
	"files":	[{
			"user":	"Mario",
			"md5":	"c319a9d4ce7c9f76d2a17a3d5d93c02b",
			"time":	"2018-12-21 19:09:07",
			"filename":	"Makefile",
			"share_status":	1,
			"pv":	0,
			"url":	"http://192.168.230.138:80/group1/M00/00/00/wKjmilwdqtKAcOo5AABU8Itwcro6720927",
			"size":	21744,
			"type":	"null"
		}, {
			"user":	"Mario",
			"md5":	"111934a05adcc1ba29b3d6c041139952",
			"time":	"2020-04-26 18:37:18",
			"filename":	"test.jpg",
			"share_status":	0,
			"pv":	0,
			"url":	"http://39.99.154.100:80/group1/M00/00/00/rBq0iF6lZF6ASPM1AABbTun4HG8682.jpg",
			"size":	23374,
			"type":	"jpg"
		}, {
			"user":	"mario",
			"md5":	"de3caa2cc03983a1dfabc0ec1f3b0612",
			"time":	"2020-04-26 18:47:57",
			"filename":	"20171215111345966.jpeg",
			"share_status":	0,
			"pv":	0,
			"url":	"http://39.99.154.100:80/group1/M00/00/00/rBq0iF6lZt2AYcOKAApbJxeUOPA24.jpeg",
			"size":	678695,
			"type":	"jpeg"
		}, {
			"user":	"Mario",
			"md5":	"111934a05adcc1ba29b3d6c041139952",
			"time":	"2020-04-26 20:19:14",
			"filename":	"test-2.png",
			"share_status":	0,
			"pv":	0,
			"url":	"http://39.99.154.100:80/group1/M00/00/00/rBq0iF6lZF6ASPM1AABbTun4HG8682.jpg",
			"size":	23374,
			"type":	"jpg"
		}, {
			"user":	"Mario",
			"md5":	"d41d8cd98f00b204e9800998ecf8427e",
			"time":	"2020-04-26 22:52:00",
			"filename":	"1.png",
			"share_status":	0,
			"pv":	0,
			"url":	"http://39.99.154.100:80/group1/M00/00/00/rBq0iF6loBCALTnOAAAAAAAAAAA976.png",
			"size":	0,
			"type":	"png"
		}]
}
[2020-04-29 11:02:20]--[src_cgi/myfiles_cgi.c:496]--cmd = count
[2020-04-29 11:02:20]--[src_cgi/myfiles_cgi.c:528]--buf = {
    "token": "52a3d17b00de20a892585490fc125c7b",
    "user": "Mario"
}

[2020-04-29 11:02:20]--[src_cgi/myfiles_cgi.c:176]--line = 5
[2020-04-29 11:02:20]--[src_cgi/myfiles_cgi.c:496]--cmd = normal
[2020-04-29 11:02:20]--[src_cgi/myfiles_cgi.c:528]--buf = {
    "count": 5,
    "start": 0,
    "token": "52a3d17b00de20a892585490fc125c7b",
    "user": "Mario"
}

[2020-04-29 11:02:20]--[src_cgi/myfiles_cgi.c:548]--user = Mario, token = 52a3d17b00de20a892585490fc125c7b, start = 0, count = 5
[2020-04-29 11:02:20]--[src_cgi/myfiles_cgi.c:306]--select user_file_list.*, file_info.url, file_info.size, file_info.type from file_info, user_file_list where user = 'Mario' and file_info.md5 = user_file_list.md5 limit 0, 5 在操作
[2020-04-29 11:02:20]--[src_cgi/myfiles_cgi.c:428]--{
	"files":	[{
			"user":	"Mario",
			"md5":	"c319a9d4ce7c9f76d2a17a3d5d93c02b",
			"time":	"2018-12-21 19:09:07",
			"filename":	"Makefile",
			"share_status":	1,
			"pv":	0,
			"url":	"http://192.168.230.138:80/group1/M00/00/00/wKjmilwdqtKAcOo5AABU8Itwcro6720927",
			"size":	21744,
			"type":	"null"
		}, {
			"user":	"Mario",
			"md5":	"111934a05adcc1ba29b3d6c041139952",
			"time":	"2020-04-26 18:37:18",
			"filename":	"test.jpg",
			"share_status":	0,
			"pv":	0,
			"url":	"http://39.99.154.100:80/group1/M00/00/00/rBq0iF6lZF6ASPM1AABbTun4HG8682.jpg",
			"size":	23374,
			"type":	"jpg"
		}, {
			"user":	"mario",
			"md5":	"de3caa2cc03983a1dfabc0ec1f3b0612",
			"time":	"2020-04-26 18:47:57",
			"filename":	"20171215111345966.jpeg",
			"share_status":	0,
			"pv":	0,
			"url":	"http://39.99.154.100:80/group1/M00/00/00/rBq0iF6lZt2AYcOKAApbJxeUOPA24.jpeg",
			"size":	678695,
			"type":	"jpeg"
		}, {
			"user":	"Mario",
			"md5":	"111934a05adcc1ba29b3d6c041139952",
			"time":	"2020-04-26 20:19:14",
			"filename":	"test-2.png",
			"share_status":	0,
			"pv":	0,
			"url":	"http://39.99.154.100:80/group1/M00/00/00/rBq0iF6lZF6ASPM1AABbTun4HG8682.jpg",
			"size":	23374,
			"type":	"jpg"
		}, {
			"user":	"Mario",
			"md5":	"d41d8cd98f00b204e9800998ecf8427e",
			"time":	"2020-04-26 22:52:00",
			"filename":	"1.png",
			"share_status":	0,
			"pv":	0,
			"url":	"http://39.99.154.100:80/group1/M00/00/00/rBq0iF6loBCALTnOAAAAAAAAAAA976.png",
			"size":	0,
			"type":	"png"
		}]
}
[2020-04-29 11:02:21]--[src_cgi/myfiles_cgi.c:496]--cmd = count
[2020-04-29 11:02:21]--[src_cgi/myfiles_cgi.c:528]--buf = {
    "token": "52a3d17b00de20a892585490fc125c7b",
    "user": "Mario"
}

[2020-04-29 11:02:21]--[src_cgi/myfiles_cgi.c:176]--line = 5
[2020-04-29 11:02:21]--[src_cgi/myfiles_cgi.c:496]--cmd = normal
[2020-04-29 11:02:21]--[src_cgi/myfiles_cgi.c:528]--buf = {
    "count": 5,
    "start": 0,
    "token": "52a3d17b00de20a892585490fc125c7b",
    "user": "Mario"
}

[2020-04-29 11:02:21]--[src_cgi/myfiles_cgi.c:548]--user = Mario, token = 52a3d17b00de20a892585490fc125c7b, start = 0, count = 5
[2020-04-29 11:02:21]--[src_cgi/myfiles_cgi.c:306]--select user_file_list.*, file_info.url, file_info.size, file_info.type from file_info, user_file_list where user = 'Mario' and file_info.md5 = user_file_list.md5 limit 0, 5 在操作
[2020-04-29 11:02:21]--[src_cgi/myfiles_cgi.c:428]--{
	"files":	[{
			"user":	"Mario",
			"md5":	"c319a9d4ce7c9f76d2a17a3d5d93c02b",
			"time":	"2018-12-21 19:09:07",
			"filename":	"Makefile",
			"share_status":	1,
			"pv":	0,
			"url":	"http://192.168.230.138:80/group1/M00/00/00/wKjmilwdqtKAcOo5AABU8Itwcro6720927",
			"size":	21744,
			"type":	"null"
		}, {
			"user":	"Mario",
			"md5":	"111934a05adcc1ba29b3d6c041139952",
			"time":	"2020-04-26 18:37:18",
			"filename":	"test.jpg",
			"share_status":	0,
			"pv":	0,
			"url":	"http://39.99.154.100:80/group1/M00/00/00/rBq0iF6lZF6ASPM1AABbTun4HG8682.jpg",
			"size":	23374,
			"type":	"jpg"
		}, {
			"user":	"mario",
			"md5":	"de3caa2cc03983a1dfabc0ec1f3b0612",
			"time":	"2020-04-26 18:47:57",
			"filename":	"20171215111345966.jpeg",
			"share_status":	0,
			"pv":	0,
			"url":	"http://39.99.154.100:80/group1/M00/00/00/rBq0iF6lZt2AYcOKAApbJxeUOPA24.jpeg",
			"size":	678695,
			"type":	"jpeg"
		}, {
			"user":	"Mario",
			"md5":	"111934a05adcc1ba29b3d6c041139952",
			"time":	"2020-04-26 20:19:14",
			"filename":	"test-2.png",
			"share_status":	0,
			"pv":	0,
			"url":	"http://39.99.154.100:80/group1/M00/00/00/rBq0iF6lZF6ASPM1AABbTun4HG8682.jpg",
			"size":	23374,
			"type":	"jpg"
		}, {
			"user":	"Mario",
			"md5":	"d41d8cd98f00b204e9800998ecf8427e",
			"time":	"2020-04-26 22:52:00",
			"filename":	"1.png",
			"share_status":	0,
			"pv":	0,
			"url":	"http://39.99.154.100:80/group1/M00/00/00/rBq0iF6loBCALTnOAAAAAAAAAAA976.png",
			"size":	0,
			"type":	"png"
		}]
}
[2020-04-29 11:02:28]--[src_cgi/myfiles_cgi.c:496]--cmd = count
[2020-04-29 11:02:28]--[src_cgi/myfiles_cgi.c:528]--buf = {
    "token": "52a3d17b00de20a892585490fc125c7b",
    "user": "Mario"
}

[2020-04-29 11:02:28]--[src_cgi/myfiles_cgi.c:176]--line = 5
[2020-04-29 11:02:28]--[src_cgi/myfiles_cgi.c:496]--cmd = normal
[2020-04-29 11:02:28]--[src_cgi/myfiles_cgi.c:528]--buf = {
    "count": 5,
    "start": 0,
    "token": "52a3d17b00de20a892585490fc125c7b",
    "user": "Mario"
}

[2020-04-29 11:02:28]--[src_cgi/myfiles_cgi.c:548]--user = Mario, token = 52a3d17b00de20a892585490fc125c7b, start = 0, count = 5
[2020-04-29 11:02:28]--[src_cgi/myfiles_cgi.c:306]--select user_file_list.*, file_info.url, file_info.size, file_info.type from file_info, user_file_list where user = 'Mario' and file_info.md5 = user_file_list.md5 limit 0, 5 在操作
[2020-04-29 11:02:28]--[src_cgi/myfiles_cgi.c:428]--{
	"files":	[{
			"user":	"Mario",
			"md5":	"c319a9d4ce7c9f76d2a17a3d5d93c02b",
			"time":	"2018-12-21 19:09:07",
			"filename":	"Makefile",
			"share_status":	1,
			"pv":	0,
			"url":	"http://192.168.230.138:80/group1/M00/00/00/wKjmilwdqtKAcOo5AABU8Itwcro6720927",
			"size":	21744,
			"type":	"null"
		}, {
			"user":	"Mario",
			"md5":	"111934a05adcc1ba29b3d6c041139952",
			"time":	"2020-04-26 18:37:18",
			"filename":	"test.jpg",
			"share_status":	0,
			"pv":	0,
			"url":	"http://39.99.154.100:80/group1/M00/00/00/rBq0iF6lZF6ASPM1AABbTun4HG8682.jpg",
			"size":	23374,
			"type":	"jpg"
		}, {
			"user":	"mario",
			"md5":	"de3caa2cc03983a1dfabc0ec1f3b0612",
			"time":	"2020-04-26 18:47:57",
			"filename":	"20171215111345966.jpeg",
			"share_status":	0,
			"pv":	0,
			"url":	"http://39.99.154.100:80/group1/M00/00/00/rBq0iF6lZt2AYcOKAApbJxeUOPA24.jpeg",
			"size":	678695,
			"type":	"jpeg"
		}, {
			"user":	"Mario",
			"md5":	"111934a05adcc1ba29b3d6c041139952",
			"time":	"2020-04-26 20:19:14",
			"filename":	"test-2.png",
			"share_status":	0,
			"pv":	0,
			"url":	"http://39.99.154.100:80/group1/M00/00/00/rBq0iF6lZF6ASPM1AABbTun4HG8682.jpg",
			"size":	23374,
			"type":	"jpg"
		}, {
			"user":	"Mario",
			"md5":	"d41d8cd98f00b204e9800998ecf8427e",
			"time":	"2020-04-26 22:52:00",
			"filename":	"1.png",
			"share_status":	0,
			"pv":	0,
			"url":	"http://39.99.154.100:80/group1/M00/00/00/rBq0iF6loBCALTnOAAAAAAAAAAA976.png",
			"size":	0,
			"type":	"png"
		}]
}
[2020-04-29 14:11:28]--[src_cgi/myfiles_cgi.c:496]--cmd = count
[2020-04-29 14:11:28]--[src_cgi/myfiles_cgi.c:528]--buf = {
    "token": "2ade77b28eda4859c421e43e9874cf52",
    "user": "Mario"
}

[2020-04-29 14:11:28]--[src_cgi/myfiles_cgi.c:176]--line = 5
[2020-04-29 14:11:28]--[src_cgi/myfiles_cgi.c:496]--cmd = normal
[2020-04-29 14:11:28]--[src_cgi/myfiles_cgi.c:528]--buf = {
    "count": 5,
    "start": 0,
    "token": "2ade77b28eda4859c421e43e9874cf52",
    "user": "Mario"
}

[2020-04-29 14:11:28]--[src_cgi/myfiles_cgi.c:548]--user = Mario, token = 2ade77b28eda4859c421e43e9874cf52, start = 0, count = 5
[2020-04-29 14:11:28]--[src_cgi/myfiles_cgi.c:306]--select user_file_list.*, file_info.url, file_info.size, file_info.type from file_info, user_file_list where user = 'Mario' and file_info.md5 = user_file_list.md5 limit 0, 5 在操作
[2020-04-29 14:11:28]--[src_cgi/myfiles_cgi.c:428]--{
	"files":	[{
			"user":	"Mario",
			"md5":	"c319a9d4ce7c9f76d2a17a3d5d93c02b",
			"time":	"2018-12-21 19:09:07",
			"filename":	"Makefile",
			"share_status":	1,
			"pv":	0,
			"url":	"http://192.168.230.138:80/group1/M00/00/00/wKjmilwdqtKAcOo5AABU8Itwcro6720927",
			"size":	21744,
			"type":	"null"
		}, {
			"user":	"Mario",
			"md5":	"111934a05adcc1ba29b3d6c041139952",
			"time":	"2020-04-26 18:37:18",
			"filename":	"test.jpg",
			"share_status":	0,
			"pv":	0,
			"url":	"http://39.99.154.100:80/group1/M00/00/00/rBq0iF6lZF6ASPM1AABbTun4HG8682.jpg",
			"size":	23374,
			"type":	"jpg"
		}, {
			"user":	"mario",
			"md5":	"de3caa2cc03983a1dfabc0ec1f3b0612",
			"time":	"2020-04-26 18:47:57",
			"filename":	"20171215111345966.jpeg",
			"share_status":	0,
			"pv":	0,
			"url":	"http://39.99.154.100:80/group1/M00/00/00/rBq0iF6lZt2AYcOKAApbJxeUOPA24.jpeg",
			"size":	678695,
			"type":	"jpeg"
		}, {
			"user":	"Mario",
			"md5":	"111934a05adcc1ba29b3d6c041139952",
			"time":	"2020-04-26 20:19:14",
			"filename":	"test-2.png",
			"share_status":	0,
			"pv":	0,
			"url":	"http://39.99.154.100:80/group1/M00/00/00/rBq0iF6lZF6ASPM1AABbTun4HG8682.jpg",
			"size":	23374,
			"type":	"jpg"
		}, {
			"user":	"Mario",
			"md5":	"d41d8cd98f00b204e9800998ecf8427e",
			"time":	"2020-04-26 22:52:00",
			"filename":	"1.png",
			"share_status":	0,
			"pv":	0,
			"url":	"http://39.99.154.100:80/group1/M00/00/00/rBq0iF6loBCALTnOAAAAAAAAAAA976.png",
			"size":	0,
			"type":	"png"
		}]
}
[2020-04-29 14:33:15]--[src_cgi/myfiles_cgi.c:496]--cmd = count
[2020-04-29 14:33:15]--[src_cgi/myfiles_cgi.c:528]--buf = {
    "token": "5834acc0bfa2aa288f7cad52298b8bfc",
    "user": "Mario"
}

[2020-04-29 14:33:15]--[src_cgi/myfiles_cgi.c:176]--line = 5
[2020-04-29 14:33:16]--[src_cgi/myfiles_cgi.c:496]--cmd = normal
[2020-04-29 14:33:16]--[src_cgi/myfiles_cgi.c:528]--buf = {
    "count": 5,
    "start": 0,
    "token": "5834acc0bfa2aa288f7cad52298b8bfc",
    "user": "Mario"
}

[2020-04-29 14:33:16]--[src_cgi/myfiles_cgi.c:548]--user = Mario, token = 5834acc0bfa2aa288f7cad52298b8bfc, start = 0, count = 5
[2020-04-29 14:33:16]--[src_cgi/myfiles_cgi.c:306]--select user_file_list.*, file_info.url, file_info.size, file_info.type from file_info, user_file_list where user = 'Mario' and file_info.md5 = user_file_list.md5 limit 0, 5 在操作
[2020-04-29 14:33:16]--[src_cgi/myfiles_cgi.c:428]--{
	"files":	[{
			"user":	"Mario",
			"md5":	"c319a9d4ce7c9f76d2a17a3d5d93c02b",
			"time":	"2018-12-21 19:09:07",
			"filename":	"Makefile",
			"share_status":	1,
			"pv":	0,
			"url":	"http://192.168.230.138:80/group1/M00/00/00/wKjmilwdqtKAcOo5AABU8Itwcro6720927",
			"size":	21744,
			"type":	"null"
		}, {
			"user":	"Mario",
			"md5":	"111934a05adcc1ba29b3d6c041139952",
			"time":	"2020-04-26 18:37:18",
			"filename":	"test.jpg",
			"share_status":	0,
			"pv":	0,
			"url":	"http://39.99.154.100:80/group1/M00/00/00/rBq0iF6lZF6ASPM1AABbTun4HG8682.jpg",
			"size":	23374,
			"type":	"jpg"
		}, {
			"user":	"mario",
			"md5":	"de3caa2cc03983a1dfabc0ec1f3b0612",
			"time":	"2020-04-26 18:47:57",
			"filename":	"20171215111345966.jpeg",
			"share_status":	0,
			"pv":	0,
			"url":	"http://39.99.154.100:80/group1/M00/00/00/rBq0iF6lZt2AYcOKAApbJxeUOPA24.jpeg",
			"size":	678695,
			"type":	"jpeg"
		}, {
			"user":	"Mario",
			"md5":	"111934a05adcc1ba29b3d6c041139952",
			"time":	"2020-04-26 20:19:14",
			"filename":	"test-2.png",
			"share_status":	0,
			"pv":	0,
			"url":	"http://39.99.154.100:80/group1/M00/00/00/rBq0iF6lZF6ASPM1AABbTun4HG8682.jpg",
			"size":	23374,
			"type":	"jpg"
		}, {
			"user":	"Mario",
			"md5":	"d41d8cd98f00b204e9800998ecf8427e",
			"time":	"2020-04-26 22:52:00",
			"filename":	"1.png",
			"share_status":	0,
			"pv":	0,
			"url":	"http://39.99.154.100:80/group1/M00/00/00/rBq0iF6loBCALTnOAAAAAAAAAAA976.png",
			"size":	0,
			"type":	"png"
		}]
}
[2020-04-29 14:36:10]--[src_cgi/myfiles_cgi.c:496]--cmd = count
[2020-04-29 14:36:10]--[src_cgi/myfiles_cgi.c:528]--buf = {
    "token": "5834acc0bfa2aa288f7cad52298b8bfc",
    "user": "Mario"
}

[2020-04-29 14:36:10]--[src_cgi/myfiles_cgi.c:176]--line = 5
[2020-04-29 14:36:10]--[src_cgi/myfiles_cgi.c:496]--cmd = normal
[2020-04-29 14:36:10]--[src_cgi/myfiles_cgi.c:528]--buf = {
    "count": 5,
    "start": 0,
    "token": "5834acc0bfa2aa288f7cad52298b8bfc",
    "user": "Mario"
}

[2020-04-29 14:36:10]--[src_cgi/myfiles_cgi.c:548]--user = Mario, token = 5834acc0bfa2aa288f7cad52298b8bfc, start = 0, count = 5
[2020-04-29 14:36:10]--[src_cgi/myfiles_cgi.c:306]--select user_file_list.*, file_info.url, file_info.size, file_info.type from file_info, user_file_list where user = 'Mario' and file_info.md5 = user_file_list.md5 limit 0, 5 在操作
[2020-04-29 14:36:10]--[src_cgi/myfiles_cgi.c:428]--{
	"files":	[{
			"user":	"Mario",
			"md5":	"c319a9d4ce7c9f76d2a17a3d5d93c02b",
			"time":	"2018-12-21 19:09:07",
			"filename":	"Makefile",
			"share_status":	1,
			"pv":	0,
			"url":	"http://192.168.230.138:80/group1/M00/00/00/wKjmilwdqtKAcOo5AABU8Itwcro6720927",
			"size":	21744,
			"type":	"null"
		}, {
			"user":	"Mario",
			"md5":	"111934a05adcc1ba29b3d6c041139952",
			"time":	"2020-04-26 18:37:18",
			"filename":	"test.jpg",
			"share_status":	0,
			"pv":	0,
			"url":	"http://39.99.154.100:80/group1/M00/00/00/rBq0iF6lZF6ASPM1AABbTun4HG8682.jpg",
			"size":	23374,
			"type":	"jpg"
		}, {
			"user":	"mario",
			"md5":	"de3caa2cc03983a1dfabc0ec1f3b0612",
			"time":	"2020-04-26 18:47:57",
			"filename":	"20171215111345966.jpeg",
			"share_status":	0,
			"pv":	0,
			"url":	"http://39.99.154.100:80/group1/M00/00/00/rBq0iF6lZt2AYcOKAApbJxeUOPA24.jpeg",
			"size":	678695,
			"type":	"jpeg"
		}, {
			"user":	"Mario",
			"md5":	"111934a05adcc1ba29b3d6c041139952",
			"time":	"2020-04-26 20:19:14",
			"filename":	"test-2.png",
			"share_status":	0,
			"pv":	0,
			"url":	"http://39.99.154.100:80/group1/M00/00/00/rBq0iF6lZF6ASPM1AABbTun4HG8682.jpg",
			"size":	23374,
			"type":	"jpg"
		}, {
			"user":	"Mario",
			"md5":	"d41d8cd98f00b204e9800998ecf8427e",
			"time":	"2020-04-26 22:52:00",
			"filename":	"1.png",
			"share_status":	0,
			"pv":	0,
			"url":	"http://39.99.154.100:80/group1/M00/00/00/rBq0iF6loBCALTnOAAAAAAAAAAA976.png",
			"size":	0,
			"type":	"png"
		}]
}
[2020-04-29 15:41:23]--[src_cgi/myfiles_cgi.c:496]--cmd = count
[2020-04-29 15:41:23]--[src_cgi/myfiles_cgi.c:528]--buf = {
    "token": "896ca9af52aebd88e2e4422c3f1fb2c7",
    "user": "Mario"
}

[2020-04-29 15:41:23]--[src_cgi/myfiles_cgi.c:176]--line = 5
[2020-04-29 15:41:24]--[src_cgi/myfiles_cgi.c:496]--cmd = normal
[2020-04-29 15:41:24]--[src_cgi/myfiles_cgi.c:528]--buf = {
    "count": 5,
    "start": 0,
    "token": "896ca9af52aebd88e2e4422c3f1fb2c7",
    "user": "Mario"
}

[2020-04-29 15:41:24]--[src_cgi/myfiles_cgi.c:548]--user = Mario, token = 896ca9af52aebd88e2e4422c3f1fb2c7, start = 0, count = 5
[2020-04-29 15:41:24]--[src_cgi/myfiles_cgi.c:306]--select user_file_list.*, file_info.url, file_info.size, file_info.type from file_info, user_file_list where user = 'Mario' and file_info.md5 = user_file_list.md5 limit 0, 5 在操作
[2020-04-29 15:41:24]--[src_cgi/myfiles_cgi.c:428]--{
	"files":	[{
			"user":	"Mario",
			"md5":	"c319a9d4ce7c9f76d2a17a3d5d93c02b",
			"time":	"2018-12-21 19:09:07",
			"filename":	"Makefile",
			"share_status":	1,
			"pv":	0,
			"url":	"http://192.168.230.138:80/group1/M00/00/00/wKjmilwdqtKAcOo5AABU8Itwcro6720927",
			"size":	21744,
			"type":	"null"
		}, {
			"user":	"Mario",
			"md5":	"111934a05adcc1ba29b3d6c041139952",
			"time":	"2020-04-26 18:37:18",
			"filename":	"test.jpg",
			"share_status":	0,
			"pv":	0,
			"url":	"http://39.99.154.100:80/group1/M00/00/00/rBq0iF6lZF6ASPM1AABbTun4HG8682.jpg",
			"size":	23374,
			"type":	"jpg"
		}, {
			"user":	"mario",
			"md5":	"de3caa2cc03983a1dfabc0ec1f3b0612",
			"time":	"2020-04-26 18:47:57",
			"filename":	"20171215111345966.jpeg",
			"share_status":	0,
			"pv":	0,
			"url":	"http://39.99.154.100:80/group1/M00/00/00/rBq0iF6lZt2AYcOKAApbJxeUOPA24.jpeg",
			"size":	678695,
			"type":	"jpeg"
		}, {
			"user":	"Mario",
			"md5":	"111934a05adcc1ba29b3d6c041139952",
			"time":	"2020-04-26 20:19:14",
			"filename":	"test-2.png",
			"share_status":	0,
			"pv":	0,
			"url":	"http://39.99.154.100:80/group1/M00/00/00/rBq0iF6lZF6ASPM1AABbTun4HG8682.jpg",
			"size":	23374,
			"type":	"jpg"
		}, {
			"user":	"Mario",
			"md5":	"d41d8cd98f00b204e9800998ecf8427e",
			"time":	"2020-04-26 22:52:00",
			"filename":	"1.png",
			"share_status":	0,
			"pv":	0,
			"url":	"http://39.99.154.100:80/group1/M00/00/00/rBq0iF6loBCALTnOAAAAAAAAAAA976.png",
			"size":	0,
			"type":	"png"
		}]
}
[2020-04-29 15:42:55]--[src_cgi/myfiles_cgi.c:496]--cmd = count
[2020-04-29 15:42:55]--[src_cgi/myfiles_cgi.c:528]--buf = {
    "token": "dfd3f91a89e260b645a62ead28aa1ccb",
    "user": "Mario"
}

[2020-04-29 15:42:55]--[src_cgi/myfiles_cgi.c:176]--line = 5
[2020-04-29 15:42:55]--[src_cgi/myfiles_cgi.c:496]--cmd = normal
[2020-04-29 15:42:55]--[src_cgi/myfiles_cgi.c:528]--buf = {
    "count": 5,
    "start": 0,
    "token": "dfd3f91a89e260b645a62ead28aa1ccb",
    "user": "Mario"
}

[2020-04-29 15:42:55]--[src_cgi/myfiles_cgi.c:548]--user = Mario, token = dfd3f91a89e260b645a62ead28aa1ccb, start = 0, count = 5
[2020-04-29 15:42:55]--[src_cgi/myfiles_cgi.c:306]--select user_file_list.*, file_info.url, file_info.size, file_info.type from file_info, user_file_list where user = 'Mario' and file_info.md5 = user_file_list.md5 limit 0, 5 在操作
[2020-04-29 15:42:55]--[src_cgi/myfiles_cgi.c:428]--{
	"files":	[{
			"user":	"Mario",
			"md5":	"c319a9d4ce7c9f76d2a17a3d5d93c02b",
			"time":	"2018-12-21 19:09:07",
			"filename":	"Makefile",
			"share_status":	1,
			"pv":	0,
			"url":	"http://192.168.230.138:80/group1/M00/00/00/wKjmilwdqtKAcOo5AABU8Itwcro6720927",
			"size":	21744,
			"type":	"null"
		}, {
			"user":	"Mario",
			"md5":	"111934a05adcc1ba29b3d6c041139952",
			"time":	"2020-04-26 18:37:18",
			"filename":	"test.jpg",
			"share_status":	0,
			"pv":	0,
			"url":	"http://39.99.154.100:80/group1/M00/00/00/rBq0iF6lZF6ASPM1AABbTun4HG8682.jpg",
			"size":	23374,
			"type":	"jpg"
		}, {
			"user":	"mario",
			"md5":	"de3caa2cc03983a1dfabc0ec1f3b0612",
			"time":	"2020-04-26 18:47:57",
			"filename":	"20171215111345966.jpeg",
			"share_status":	0,
			"pv":	0,
			"url":	"http://39.99.154.100:80/group1/M00/00/00/rBq0iF6lZt2AYcOKAApbJxeUOPA24.jpeg",
			"size":	678695,
			"type":	"jpeg"
		}, {
			"user":	"Mario",
			"md5":	"111934a05adcc1ba29b3d6c041139952",
			"time":	"2020-04-26 20:19:14",
			"filename":	"test-2.png",
			"share_status":	0,
			"pv":	0,
			"url":	"http://39.99.154.100:80/group1/M00/00/00/rBq0iF6lZF6ASPM1AABbTun4HG8682.jpg",
			"size":	23374,
			"type":	"jpg"
		}, {
			"user":	"Mario",
			"md5":	"d41d8cd98f00b204e9800998ecf8427e",
			"time":	"2020-04-26 22:52:00",
			"filename":	"1.png",
			"share_status":	0,
			"pv":	0,
			"url":	"http://39.99.154.100:80/group1/M00/00/00/rBq0iF6loBCALTnOAAAAAAAAAAA976.png",
			"size":	0,
			"type":	"png"
		}]
}
[2020-04-29 15:43:33]--[src_cgi/myfiles_cgi.c:496]--cmd = count
[2020-04-29 15:43:33]--[src_cgi/myfiles_cgi.c:528]--buf = {
    "token": "ed729cc8f148c8a6c60515ce916a1b15",
    "user": "Mario"
}

[2020-04-29 15:43:33]--[src_cgi/myfiles_cgi.c:176]--line = 5
[2020-04-29 15:43:33]--[src_cgi/myfiles_cgi.c:496]--cmd = normal
[2020-04-29 15:43:33]--[src_cgi/myfiles_cgi.c:528]--buf = {
    "count": 5,
    "start": 0,
    "token": "ed729cc8f148c8a6c60515ce916a1b15",
    "user": "Mario"
}

[2020-04-29 15:43:33]--[src_cgi/myfiles_cgi.c:548]--user = Mario, token = ed729cc8f148c8a6c60515ce916a1b15, start = 0, count = 5
[2020-04-29 15:43:33]--[src_cgi/myfiles_cgi.c:306]--select user_file_list.*, file_info.url, file_info.size, file_info.type from file_info, user_file_list where user = 'Mario' and file_info.md5 = user_file_list.md5 limit 0, 5 在操作
[2020-04-29 15:43:33]--[src_cgi/myfiles_cgi.c:428]--{
	"files":	[{
			"user":	"Mario",
			"md5":	"c319a9d4ce7c9f76d2a17a3d5d93c02b",
			"time":	"2018-12-21 19:09:07",
			"filename":	"Makefile",
			"share_status":	1,
			"pv":	0,
			"url":	"http://192.168.230.138:80/group1/M00/00/00/wKjmilwdqtKAcOo5AABU8Itwcro6720927",
			"size":	21744,
			"type":	"null"
		}, {
			"user":	"Mario",
			"md5":	"111934a05adcc1ba29b3d6c041139952",
			"time":	"2020-04-26 18:37:18",
			"filename":	"test.jpg",
			"share_status":	0,
			"pv":	0,
			"url":	"http://39.99.154.100:80/group1/M00/00/00/rBq0iF6lZF6ASPM1AABbTun4HG8682.jpg",
			"size":	23374,
			"type":	"jpg"
		}, {
			"user":	"mario",
			"md5":	"de3caa2cc03983a1dfabc0ec1f3b0612",
			"time":	"2020-04-26 18:47:57",
			"filename":	"20171215111345966.jpeg",
			"share_status":	0,
			"pv":	0,
			"url":	"http://39.99.154.100:80/group1/M00/00/00/rBq0iF6lZt2AYcOKAApbJxeUOPA24.jpeg",
			"size":	678695,
			"type":	"jpeg"
		}, {
			"user":	"Mario",
			"md5":	"111934a05adcc1ba29b3d6c041139952",
			"time":	"2020-04-26 20:19:14",
			"filename":	"test-2.png",
			"share_status":	0,
			"pv":	0,
			"url":	"http://39.99.154.100:80/group1/M00/00/00/rBq0iF6lZF6ASPM1AABbTun4HG8682.jpg",
			"size":	23374,
			"type":	"jpg"
		}, {
			"user":	"Mario",
			"md5":	"d41d8cd98f00b204e9800998ecf8427e",
			"time":	"2020-04-26 22:52:00",
			"filename":	"1.png",
			"share_status":	0,
			"pv":	0,
			"url":	"http://39.99.154.100:80/group1/M00/00/00/rBq0iF6loBCALTnOAAAAAAAAAAA976.png",
			"size":	0,
			"type":	"png"
		}]
}
[2020-04-29 15:45:45]--[src_cgi/myfiles_cgi.c:496]--cmd = count
[2020-04-29 15:45:45]--[src_cgi/myfiles_cgi.c:528]--buf = {
    "token": "d5241f2a67c9af8f0f82e5311af860e9",
    "user": "Mario"
}

[2020-04-29 15:45:45]--[src_cgi/myfiles_cgi.c:176]--line = 5
[2020-04-29 15:45:45]--[src_cgi/myfiles_cgi.c:496]--cmd = normal
[2020-04-29 15:45:45]--[src_cgi/myfiles_cgi.c:528]--buf = {
    "count": 5,
    "start": 0,
    "token": "d5241f2a67c9af8f0f82e5311af860e9",
    "user": "Mario"
}

[2020-04-29 15:45:45]--[src_cgi/myfiles_cgi.c:548]--user = Mario, token = d5241f2a67c9af8f0f82e5311af860e9, start = 0, count = 5
[2020-04-29 15:45:45]--[src_cgi/myfiles_cgi.c:306]--select user_file_list.*, file_info.url, file_info.size, file_info.type from file_info, user_file_list where user = 'Mario' and file_info.md5 = user_file_list.md5 limit 0, 5 在操作
[2020-04-29 15:45:45]--[src_cgi/myfiles_cgi.c:428]--{
	"files":	[{
			"user":	"Mario",
			"md5":	"c319a9d4ce7c9f76d2a17a3d5d93c02b",
			"time":	"2018-12-21 19:09:07",
			"filename":	"Makefile",
			"share_status":	1,
			"pv":	0,
			"url":	"http://192.168.230.138:80/group1/M00/00/00/wKjmilwdqtKAcOo5AABU8Itwcro6720927",
			"size":	21744,
			"type":	"null"
		}, {
			"user":	"Mario",
			"md5":	"111934a05adcc1ba29b3d6c041139952",
			"time":	"2020-04-26 18:37:18",
			"filename":	"test.jpg",
			"share_status":	0,
			"pv":	0,
			"url":	"http://39.99.154.100:80/group1/M00/00/00/rBq0iF6lZF6ASPM1AABbTun4HG8682.jpg",
			"size":	23374,
			"type":	"jpg"
		}, {
			"user":	"mario",
			"md5":	"de3caa2cc03983a1dfabc0ec1f3b0612",
			"time":	"2020-04-26 18:47:57",
			"filename":	"20171215111345966.jpeg",
			"share_status":	0,
			"pv":	0,
			"url":	"http://39.99.154.100:80/group1/M00/00/00/rBq0iF6lZt2AYcOKAApbJxeUOPA24.jpeg",
			"size":	678695,
			"type":	"jpeg"
		}, {
			"user":	"Mario",
			"md5":	"111934a05adcc1ba29b3d6c041139952",
			"time":	"2020-04-26 20:19:14",
			"filename":	"test-2.png",
			"share_status":	0,
			"pv":	0,
			"url":	"http://39.99.154.100:80/group1/M00/00/00/rBq0iF6lZF6ASPM1AABbTun4HG8682.jpg",
			"size":	23374,
			"type":	"jpg"
		}, {
			"user":	"Mario",
			"md5":	"d41d8cd98f00b204e9800998ecf8427e",
			"time":	"2020-04-26 22:52:00",
			"filename":	"1.png",
			"share_status":	0,
			"pv":	0,
			"url":	"http://39.99.154.100:80/group1/M00/00/00/rBq0iF6loBCALTnOAAAAAAAAAAA976.png",
			"size":	0,
			"type":	"png"
		}]
}
[2020-04-29 15:47:50]--[src_cgi/myfiles_cgi.c:496]--cmd = count
[2020-04-29 15:47:50]--[src_cgi/myfiles_cgi.c:528]--buf = {
    "token": "a477ea4c1c8e4504c82ed30dd681a785",
    "user": "Mario"
}

[2020-04-29 15:47:50]--[src_cgi/myfiles_cgi.c:176]--line = 5
[2020-04-29 15:47:50]--[src_cgi/myfiles_cgi.c:496]--cmd = normal
[2020-04-29 15:47:50]--[src_cgi/myfiles_cgi.c:528]--buf = {
    "count": 5,
    "start": 0,
    "token": "a477ea4c1c8e4504c82ed30dd681a785",
    "user": "Mario"
}

[2020-04-29 15:47:50]--[src_cgi/myfiles_cgi.c:548]--user = Mario, token = a477ea4c1c8e4504c82ed30dd681a785, start = 0, count = 5
[2020-04-29 15:47:50]--[src_cgi/myfiles_cgi.c:306]--select user_file_list.*, file_info.url, file_info.size, file_info.type from file_info, user_file_list where user = 'Mario' and file_info.md5 = user_file_list.md5 limit 0, 5 在操作
[2020-04-29 15:47:50]--[src_cgi/myfiles_cgi.c:428]--{
	"files":	[{
			"user":	"Mario",
			"md5":	"c319a9d4ce7c9f76d2a17a3d5d93c02b",
			"time":	"2018-12-21 19:09:07",
			"filename":	"Makefile",
			"share_status":	1,
			"pv":	0,
			"url":	"http://192.168.230.138:80/group1/M00/00/00/wKjmilwdqtKAcOo5AABU8Itwcro6720927",
			"size":	21744,
			"type":	"null"
		}, {
			"user":	"Mario",
			"md5":	"111934a05adcc1ba29b3d6c041139952",
			"time":	"2020-04-26 18:37:18",
			"filename":	"test.jpg",
			"share_status":	0,
			"pv":	0,
			"url":	"http://39.99.154.100:80/group1/M00/00/00/rBq0iF6lZF6ASPM1AABbTun4HG8682.jpg",
			"size":	23374,
			"type":	"jpg"
		}, {
			"user":	"mario",
			"md5":	"de3caa2cc03983a1dfabc0ec1f3b0612",
			"time":	"2020-04-26 18:47:57",
			"filename":	"20171215111345966.jpeg",
			"share_status":	0,
			"pv":	0,
			"url":	"http://39.99.154.100:80/group1/M00/00/00/rBq0iF6lZt2AYcOKAApbJxeUOPA24.jpeg",
			"size":	678695,
			"type":	"jpeg"
		}, {
			"user":	"Mario",
			"md5":	"111934a05adcc1ba29b3d6c041139952",
			"time":	"2020-04-26 20:19:14",
			"filename":	"test-2.png",
			"share_status":	0,
			"pv":	0,
			"url":	"http://39.99.154.100:80/group1/M00/00/00/rBq0iF6lZF6ASPM1AABbTun4HG8682.jpg",
			"size":	23374,
			"type":	"jpg"
		}, {
			"user":	"Mario",
			"md5":	"d41d8cd98f00b204e9800998ecf8427e",
			"time":	"2020-04-26 22:52:00",
			"filename":	"1.png",
			"share_status":	0,
			"pv":	0,
			"url":	"http://39.99.154.100:80/group1/M00/00/00/rBq0iF6loBCALTnOAAAAAAAAAAA976.png",
			"size":	0,
			"type":	"png"
		}]
}
[2020-04-29 15:48:13]--[src_cgi/myfiles_cgi.c:496]--cmd = count
[2020-04-29 15:48:13]--[src_cgi/myfiles_cgi.c:528]--buf = {
    "token": "ae38c16cd8ef6a3fdcc4d25a97e5f0f7",
    "user": "Mario"
}

[2020-04-29 15:48:13]--[src_cgi/myfiles_cgi.c:176]--line = 5
[2020-04-29 15:48:13]--[src_cgi/myfiles_cgi.c:496]--cmd = normal
[2020-04-29 15:48:13]--[src_cgi/myfiles_cgi.c:528]--buf = {
    "count": 5,
    "start": 0,
    "token": "ae38c16cd8ef6a3fdcc4d25a97e5f0f7",
    "user": "Mario"
}

[2020-04-29 15:48:13]--[src_cgi/myfiles_cgi.c:548]--user = Mario, token = ae38c16cd8ef6a3fdcc4d25a97e5f0f7, start = 0, count = 5
[2020-04-29 15:48:13]--[src_cgi/myfiles_cgi.c:306]--select user_file_list.*, file_info.url, file_info.size, file_info.type from file_info, user_file_list where user = 'Mario' and file_info.md5 = user_file_list.md5 limit 0, 5 在操作
[2020-04-29 15:48:13]--[src_cgi/myfiles_cgi.c:428]--{
	"files":	[{
			"user":	"Mario",
			"md5":	"c319a9d4ce7c9f76d2a17a3d5d93c02b",
			"time":	"2018-12-21 19:09:07",
			"filename":	"Makefile",
			"share_status":	1,
			"pv":	0,
			"url":	"http://192.168.230.138:80/group1/M00/00/00/wKjmilwdqtKAcOo5AABU8Itwcro6720927",
			"size":	21744,
			"type":	"null"
		}, {
			"user":	"Mario",
			"md5":	"111934a05adcc1ba29b3d6c041139952",
			"time":	"2020-04-26 18:37:18",
			"filename":	"test.jpg",
			"share_status":	0,
			"pv":	0,
			"url":	"http://39.99.154.100:80/group1/M00/00/00/rBq0iF6lZF6ASPM1AABbTun4HG8682.jpg",
			"size":	23374,
			"type":	"jpg"
		}, {
			"user":	"mario",
			"md5":	"de3caa2cc03983a1dfabc0ec1f3b0612",
			"time":	"2020-04-26 18:47:57",
			"filename":	"20171215111345966.jpeg",
			"share_status":	0,
			"pv":	0,
			"url":	"http://39.99.154.100:80/group1/M00/00/00/rBq0iF6lZt2AYcOKAApbJxeUOPA24.jpeg",
			"size":	678695,
			"type":	"jpeg"
		}, {
			"user":	"Mario",
			"md5":	"111934a05adcc1ba29b3d6c041139952",
			"time":	"2020-04-26 20:19:14",
			"filename":	"test-2.png",
			"share_status":	0,
			"pv":	0,
			"url":	"http://39.99.154.100:80/group1/M00/00/00/rBq0iF6lZF6ASPM1AABbTun4HG8682.jpg",
			"size":	23374,
			"type":	"jpg"
		}, {
			"user":	"Mario",
			"md5":	"d41d8cd98f00b204e9800998ecf8427e",
			"time":	"2020-04-26 22:52:00",
			"filename":	"1.png",
			"share_status":	0,
			"pv":	0,
			"url":	"http://39.99.154.100:80/group1/M00/00/00/rBq0iF6loBCALTnOAAAAAAAAAAA976.png",
			"size":	0,
			"type":	"png"
		}]
}
[2020-04-29 15:48:14]--[src_cgi/myfiles_cgi.c:496]--cmd = count
[2020-04-29 15:48:14]--[src_cgi/myfiles_cgi.c:528]--buf = {
    "token": "ae38c16cd8ef6a3fdcc4d25a97e5f0f7",
    "user": "Mario"
}

[2020-04-29 15:48:14]--[src_cgi/myfiles_cgi.c:176]--line = 5
[2020-04-29 15:48:14]--[src_cgi/myfiles_cgi.c:496]--cmd = normal
[2020-04-29 15:48:14]--[src_cgi/myfiles_cgi.c:528]--buf = {
    "count": 5,
    "start": 0,
    "token": "ae38c16cd8ef6a3fdcc4d25a97e5f0f7",
    "user": "Mario"
}

[2020-04-29 15:48:14]--[src_cgi/myfiles_cgi.c:548]--user = Mario, token = ae38c16cd8ef6a3fdcc4d25a97e5f0f7, start = 0, count = 5
[2020-04-29 15:48:14]--[src_cgi/myfiles_cgi.c:306]--select user_file_list.*, file_info.url, file_info.size, file_info.type from file_info, user_file_list where user = 'Mario' and file_info.md5 = user_file_list.md5 limit 0, 5 在操作
[2020-04-29 15:48:14]--[src_cgi/myfiles_cgi.c:428]--{
	"files":	[{
			"user":	"Mario",
			"md5":	"c319a9d4ce7c9f76d2a17a3d5d93c02b",
			"time":	"2018-12-21 19:09:07",
			"filename":	"Makefile",
			"share_status":	1,
			"pv":	0,
			"url":	"http://192.168.230.138:80/group1/M00/00/00/wKjmilwdqtKAcOo5AABU8Itwcro6720927",
			"size":	21744,
			"type":	"null"
		}, {
			"user":	"Mario",
			"md5":	"111934a05adcc1ba29b3d6c041139952",
			"time":	"2020-04-26 18:37:18",
			"filename":	"test.jpg",
			"share_status":	0,
			"pv":	0,
			"url":	"http://39.99.154.100:80/group1/M00/00/00/rBq0iF6lZF6ASPM1AABbTun4HG8682.jpg",
			"size":	23374,
			"type":	"jpg"
		}, {
			"user":	"mario",
			"md5":	"de3caa2cc03983a1dfabc0ec1f3b0612",
			"time":	"2020-04-26 18:47:57",
			"filename":	"20171215111345966.jpeg",
			"share_status":	0,
			"pv":	0,
			"url":	"http://39.99.154.100:80/group1/M00/00/00/rBq0iF6lZt2AYcOKAApbJxeUOPA24.jpeg",
			"size":	678695,
			"type":	"jpeg"
		}, {
			"user":	"Mario",
			"md5":	"111934a05adcc1ba29b3d6c041139952",
			"time":	"2020-04-26 20:19:14",
			"filename":	"test-2.png",
			"share_status":	0,
			"pv":	0,
			"url":	"http://39.99.154.100:80/group1/M00/00/00/rBq0iF6lZF6ASPM1AABbTun4HG8682.jpg",
			"size":	23374,
			"type":	"jpg"
		}, {
			"user":	"Mario",
			"md5":	"d41d8cd98f00b204e9800998ecf8427e",
			"time":	"2020-04-26 22:52:00",
			"filename":	"1.png",
			"share_status":	0,
			"pv":	0,
			"url":	"http://39.99.154.100:80/group1/M00/00/00/rBq0iF6loBCALTnOAAAAAAAAAAA976.png",
			"size":	0,
			"type":	"png"
		}]
}
[2020-04-29 15:55:12]--[src_cgi/myfiles_cgi.c:496]--cmd = count
[2020-04-29 15:55:12]--[src_cgi/myfiles_cgi.c:528]--buf = {
    "token": "3a6365235dca1c5a160d3de6ea20e332",
    "user": "Mario"
}

[2020-04-29 15:55:12]--[src_cgi/myfiles_cgi.c:176]--line = 5
[2020-04-29 15:55:12]--[src_cgi/myfiles_cgi.c:496]--cmd = normal
[2020-04-29 15:55:12]--[src_cgi/myfiles_cgi.c:528]--buf = {
    "count": 5,
    "start": 0,
    "token": "3a6365235dca1c5a160d3de6ea20e332",
    "user": "Mario"
}

[2020-04-29 15:55:12]--[src_cgi/myfiles_cgi.c:548]--user = Mario, token = 3a6365235dca1c5a160d3de6ea20e332, start = 0, count = 5
[2020-04-29 15:55:12]--[src_cgi/myfiles_cgi.c:306]--select user_file_list.*, file_info.url, file_info.size, file_info.type from file_info, user_file_list where user = 'Mario' and file_info.md5 = user_file_list.md5 limit 0, 5 在操作
[2020-04-29 15:55:12]--[src_cgi/myfiles_cgi.c:428]--{
	"files":	[{
			"user":	"Mario",
			"md5":	"c319a9d4ce7c9f76d2a17a3d5d93c02b",
			"time":	"2018-12-21 19:09:07",
			"filename":	"Makefile",
			"share_status":	1,
			"pv":	0,
			"url":	"http://192.168.230.138:80/group1/M00/00/00/wKjmilwdqtKAcOo5AABU8Itwcro6720927",
			"size":	21744,
			"type":	"null"
		}, {
			"user":	"Mario",
			"md5":	"111934a05adcc1ba29b3d6c041139952",
			"time":	"2020-04-26 18:37:18",
			"filename":	"test.jpg",
			"share_status":	0,
			"pv":	0,
			"url":	"http://39.99.154.100:80/group1/M00/00/00/rBq0iF6lZF6ASPM1AABbTun4HG8682.jpg",
			"size":	23374,
			"type":	"jpg"
		}, {
			"user":	"mario",
			"md5":	"de3caa2cc03983a1dfabc0ec1f3b0612",
			"time":	"2020-04-26 18:47:57",
			"filename":	"20171215111345966.jpeg",
			"share_status":	0,
			"pv":	0,
			"url":	"http://39.99.154.100:80/group1/M00/00/00/rBq0iF6lZt2AYcOKAApbJxeUOPA24.jpeg",
			"size":	678695,
			"type":	"jpeg"
		}, {
			"user":	"Mario",
			"md5":	"111934a05adcc1ba29b3d6c041139952",
			"time":	"2020-04-26 20:19:14",
			"filename":	"test-2.png",
			"share_status":	0,
			"pv":	0,
			"url":	"http://39.99.154.100:80/group1/M00/00/00/rBq0iF6lZF6ASPM1AABbTun4HG8682.jpg",
			"size":	23374,
			"type":	"jpg"
		}, {
			"user":	"Mario",
			"md5":	"d41d8cd98f00b204e9800998ecf8427e",
			"time":	"2020-04-26 22:52:00",
			"filename":	"1.png",
			"share_status":	0,
			"pv":	0,
			"url":	"http://39.99.154.100:80/group1/M00/00/00/rBq0iF6loBCALTnOAAAAAAAAAAA976.png",
			"size":	0,
			"type":	"png"
		}]
}
[2020-04-29 15:55:18]--[src_cgi/myfiles_cgi.c:496]--cmd = count
[2020-04-29 15:55:18]--[src_cgi/myfiles_cgi.c:528]--buf = {
    "token": "3a6365235dca1c5a160d3de6ea20e332",
    "user": "Mario"
}

[2020-04-29 15:55:18]--[src_cgi/myfiles_cgi.c:176]--line = 5
[2020-04-29 15:55:18]--[src_cgi/myfiles_cgi.c:496]--cmd = normal
[2020-04-29 15:55:18]--[src_cgi/myfiles_cgi.c:528]--buf = {
    "count": 5,
    "start": 0,
    "token": "3a6365235dca1c5a160d3de6ea20e332",
    "user": "Mario"
}

[2020-04-29 15:55:18]--[src_cgi/myfiles_cgi.c:548]--user = Mario, token = 3a6365235dca1c5a160d3de6ea20e332, start = 0, count = 5
[2020-04-29 15:55:18]--[src_cgi/myfiles_cgi.c:306]--select user_file_list.*, file_info.url, file_info.size, file_info.type from file_info, user_file_list where user = 'Mario' and file_info.md5 = user_file_list.md5 limit 0, 5 在操作
[2020-04-29 15:55:18]--[src_cgi/myfiles_cgi.c:428]--{
	"files":	[{
			"user":	"Mario",
			"md5":	"c319a9d4ce7c9f76d2a17a3d5d93c02b",
			"time":	"2018-12-21 19:09:07",
			"filename":	"Makefile",
			"share_status":	1,
			"pv":	0,
			"url":	"http://192.168.230.138:80/group1/M00/00/00/wKjmilwdqtKAcOo5AABU8Itwcro6720927",
			"size":	21744,
			"type":	"null"
		}, {
			"user":	"Mario",
			"md5":	"111934a05adcc1ba29b3d6c041139952",
			"time":	"2020-04-26 18:37:18",
			"filename":	"test.jpg",
			"share_status":	0,
			"pv":	0,
			"url":	"http://39.99.154.100:80/group1/M00/00/00/rBq0iF6lZF6ASPM1AABbTun4HG8682.jpg",
			"size":	23374,
			"type":	"jpg"
		}, {
			"user":	"mario",
			"md5":	"de3caa2cc03983a1dfabc0ec1f3b0612",
			"time":	"2020-04-26 18:47:57",
			"filename":	"20171215111345966.jpeg",
			"share_status":	0,
			"pv":	0,
			"url":	"http://39.99.154.100:80/group1/M00/00/00/rBq0iF6lZt2AYcOKAApbJxeUOPA24.jpeg",
			"size":	678695,
			"type":	"jpeg"
		}, {
			"user":	"Mario",
			"md5":	"111934a05adcc1ba29b3d6c041139952",
			"time":	"2020-04-26 20:19:14",
			"filename":	"test-2.png",
			"share_status":	0,
			"pv":	0,
			"url":	"http://39.99.154.100:80/group1/M00/00/00/rBq0iF6lZF6ASPM1AABbTun4HG8682.jpg",
			"size":	23374,
			"type":	"jpg"
		}, {
			"user":	"Mario",
			"md5":	"d41d8cd98f00b204e9800998ecf8427e",
			"time":	"2020-04-26 22:52:00",
			"filename":	"1.png",
			"share_status":	0,
			"pv":	0,
			"url":	"http://39.99.154.100:80/group1/M00/00/00/rBq0iF6loBCALTnOAAAAAAAAAAA976.png",
			"size":	0,
			"type":	"png"
		}]
}
[2020-04-29 16:01:07]--[src_cgi/myfiles_cgi.c:496]--cmd = count
[2020-04-29 16:01:07]--[src_cgi/myfiles_cgi.c:528]--buf = {
    "token": "1e35286e4f4e448b397fd6ac9468f318",
    "user": "Mario"
}

[2020-04-29 16:01:07]--[src_cgi/myfiles_cgi.c:176]--line = 5
[2020-04-29 16:01:07]--[src_cgi/myfiles_cgi.c:496]--cmd = normal
[2020-04-29 16:01:07]--[src_cgi/myfiles_cgi.c:528]--buf = {
    "count": 5,
    "start": 0,
    "token": "1e35286e4f4e448b397fd6ac9468f318",
    "user": "Mario"
}

[2020-04-29 16:01:07]--[src_cgi/myfiles_cgi.c:548]--user = Mario, token = 1e35286e4f4e448b397fd6ac9468f318, start = 0, count = 5
[2020-04-29 16:01:07]--[src_cgi/myfiles_cgi.c:306]--select user_file_list.*, file_info.url, file_info.size, file_info.type from file_info, user_file_list where user = 'Mario' and file_info.md5 = user_file_list.md5 limit 0, 5 在操作
[2020-04-29 16:01:07]--[src_cgi/myfiles_cgi.c:428]--{
	"files":	[{
			"user":	"Mario",
			"md5":	"c319a9d4ce7c9f76d2a17a3d5d93c02b",
			"time":	"2018-12-21 19:09:07",
			"filename":	"Makefile",
			"share_status":	1,
			"pv":	0,
			"url":	"http://192.168.230.138:80/group1/M00/00/00/wKjmilwdqtKAcOo5AABU8Itwcro6720927",
			"size":	21744,
			"type":	"null"
		}, {
			"user":	"Mario",
			"md5":	"111934a05adcc1ba29b3d6c041139952",
			"time":	"2020-04-26 18:37:18",
			"filename":	"test.jpg",
			"share_status":	0,
			"pv":	0,
			"url":	"http://39.99.154.100:80/group1/M00/00/00/rBq0iF6lZF6ASPM1AABbTun4HG8682.jpg",
			"size":	23374,
			"type":	"jpg"
		}, {
			"user":	"mario",
			"md5":	"de3caa2cc03983a1dfabc0ec1f3b0612",
			"time":	"2020-04-26 18:47:57",
			"filename":	"20171215111345966.jpeg",
			"share_status":	0,
			"pv":	0,
			"url":	"http://39.99.154.100:80/group1/M00/00/00/rBq0iF6lZt2AYcOKAApbJxeUOPA24.jpeg",
			"size":	678695,
			"type":	"jpeg"
		}, {
			"user":	"Mario",
			"md5":	"111934a05adcc1ba29b3d6c041139952",
			"time":	"2020-04-26 20:19:14",
			"filename":	"test-2.png",
			"share_status":	0,
			"pv":	0,
			"url":	"http://39.99.154.100:80/group1/M00/00/00/rBq0iF6lZF6ASPM1AABbTun4HG8682.jpg",
			"size":	23374,
			"type":	"jpg"
		}, {
			"user":	"Mario",
			"md5":	"d41d8cd98f00b204e9800998ecf8427e",
			"time":	"2020-04-26 22:52:00",
			"filename":	"1.png",
			"share_status":	0,
			"pv":	0,
			"url":	"http://39.99.154.100:80/group1/M00/00/00/rBq0iF6loBCALTnOAAAAAAAAAAA976.png",
			"size":	0,
			"type":	"png"
		}]
}
[2020-04-29 16:01:11]--[src_cgi/myfiles_cgi.c:496]--cmd = count
[2020-04-29 16:01:11]--[src_cgi/myfiles_cgi.c:528]--buf = {
    "token": "1e35286e4f4e448b397fd6ac9468f318",
    "user": "Mario"
}

[2020-04-29 16:01:11]--[src_cgi/myfiles_cgi.c:176]--line = 5
[2020-04-29 16:01:11]--[src_cgi/myfiles_cgi.c:496]--cmd = normal
[2020-04-29 16:01:11]--[src_cgi/myfiles_cgi.c:528]--buf = {
    "count": 5,
    "start": 0,
    "token": "1e35286e4f4e448b397fd6ac9468f318",
    "user": "Mario"
}

[2020-04-29 16:01:11]--[src_cgi/myfiles_cgi.c:548]--user = Mario, token = 1e35286e4f4e448b397fd6ac9468f318, start = 0, count = 5
[2020-04-29 16:01:11]--[src_cgi/myfiles_cgi.c:306]--select user_file_list.*, file_info.url, file_info.size, file_info.type from file_info, user_file_list where user = 'Mario' and file_info.md5 = user_file_list.md5 limit 0, 5 在操作
[2020-04-29 16:01:11]--[src_cgi/myfiles_cgi.c:428]--{
	"files":	[{
			"user":	"Mario",
			"md5":	"c319a9d4ce7c9f76d2a17a3d5d93c02b",
			"time":	"2018-12-21 19:09:07",
			"filename":	"Makefile",
			"share_status":	1,
			"pv":	0,
			"url":	"http://192.168.230.138:80/group1/M00/00/00/wKjmilwdqtKAcOo5AABU8Itwcro6720927",
			"size":	21744,
			"type":	"null"
		}, {
			"user":	"Mario",
			"md5":	"111934a05adcc1ba29b3d6c041139952",
			"time":	"2020-04-26 18:37:18",
			"filename":	"test.jpg",
			"share_status":	0,
			"pv":	0,
			"url":	"http://39.99.154.100:80/group1/M00/00/00/rBq0iF6lZF6ASPM1AABbTun4HG8682.jpg",
			"size":	23374,
			"type":	"jpg"
		}, {
			"user":	"mario",
			"md5":	"de3caa2cc03983a1dfabc0ec1f3b0612",
			"time":	"2020-04-26 18:47:57",
			"filename":	"20171215111345966.jpeg",
			"share_status":	0,
			"pv":	0,
			"url":	"http://39.99.154.100:80/group1/M00/00/00/rBq0iF6lZt2AYcOKAApbJxeUOPA24.jpeg",
			"size":	678695,
			"type":	"jpeg"
		}, {
			"user":	"Mario",
			"md5":	"111934a05adcc1ba29b3d6c041139952",
			"time":	"2020-04-26 20:19:14",
			"filename":	"test-2.png",
			"share_status":	0,
			"pv":	0,
			"url":	"http://39.99.154.100:80/group1/M00/00/00/rBq0iF6lZF6ASPM1AABbTun4HG8682.jpg",
			"size":	23374,
			"type":	"jpg"
		}, {
			"user":	"Mario",
			"md5":	"d41d8cd98f00b204e9800998ecf8427e",
			"time":	"2020-04-26 22:52:00",
			"filename":	"1.png",
			"share_status":	0,
			"pv":	0,
			"url":	"http://39.99.154.100:80/group1/M00/00/00/rBq0iF6loBCALTnOAAAAAAAAAAA976.png",
			"size":	0,
			"type":	"png"
		}]
}
[2020-04-29 16:01:14]--[src_cgi/myfiles_cgi.c:496]--cmd = count
[2020-04-29 16:01:14]--[src_cgi/myfiles_cgi.c:528]--buf = {
    "token": "1e35286e4f4e448b397fd6ac9468f318",
    "user": "Mario"
}

[2020-04-29 16:01:14]--[src_cgi/myfiles_cgi.c:176]--line = 5
[2020-04-29 16:01:15]--[src_cgi/myfiles_cgi.c:496]--cmd = normal
[2020-04-29 16:01:15]--[src_cgi/myfiles_cgi.c:528]--buf = {
    "count": 5,
    "start": 0,
    "token": "1e35286e4f4e448b397fd6ac9468f318",
    "user": "Mario"
}

[2020-04-29 16:01:15]--[src_cgi/myfiles_cgi.c:548]--user = Mario, token = 1e35286e4f4e448b397fd6ac9468f318, start = 0, count = 5
[2020-04-29 16:01:15]--[src_cgi/myfiles_cgi.c:306]--select user_file_list.*, file_info.url, file_info.size, file_info.type from file_info, user_file_list where user = 'Mario' and file_info.md5 = user_file_list.md5 limit 0, 5 在操作
[2020-04-29 16:01:15]--[src_cgi/myfiles_cgi.c:428]--{
	"files":	[{
			"user":	"Mario",
			"md5":	"c319a9d4ce7c9f76d2a17a3d5d93c02b",
			"time":	"2018-12-21 19:09:07",
			"filename":	"Makefile",
			"share_status":	1,
			"pv":	0,
			"url":	"http://192.168.230.138:80/group1/M00/00/00/wKjmilwdqtKAcOo5AABU8Itwcro6720927",
			"size":	21744,
			"type":	"null"
		}, {
			"user":	"Mario",
			"md5":	"111934a05adcc1ba29b3d6c041139952",
			"time":	"2020-04-26 18:37:18",
			"filename":	"test.jpg",
			"share_status":	0,
			"pv":	0,
			"url":	"http://39.99.154.100:80/group1/M00/00/00/rBq0iF6lZF6ASPM1AABbTun4HG8682.jpg",
			"size":	23374,
			"type":	"jpg"
		}, {
			"user":	"mario",
			"md5":	"de3caa2cc03983a1dfabc0ec1f3b0612",
			"time":	"2020-04-26 18:47:57",
			"filename":	"20171215111345966.jpeg",
			"share_status":	0,
			"pv":	0,
			"url":	"http://39.99.154.100:80/group1/M00/00/00/rBq0iF6lZt2AYcOKAApbJxeUOPA24.jpeg",
			"size":	678695,
			"type":	"jpeg"
		}, {
			"user":	"Mario",
			"md5":	"111934a05adcc1ba29b3d6c041139952",
			"time":	"2020-04-26 20:19:14",
			"filename":	"test-2.png",
			"share_status":	0,
			"pv":	0,
			"url":	"http://39.99.154.100:80/group1/M00/00/00/rBq0iF6lZF6ASPM1AABbTun4HG8682.jpg",
			"size":	23374,
			"type":	"jpg"
		}, {
			"user":	"Mario",
			"md5":	"d41d8cd98f00b204e9800998ecf8427e",
			"time":	"2020-04-26 22:52:00",
			"filename":	"1.png",
			"share_status":	0,
			"pv":	0,
			"url":	"http://39.99.154.100:80/group1/M00/00/00/rBq0iF6loBCALTnOAAAAAAAAAAA976.png",
			"size":	0,
			"type":	"png"
		}]
}
