[2020-04-27 00:28:45]--[src_cgi/myfiles_cgi.c:496]--cmd = count
[2020-04-27 00:28:45]--[src_cgi/myfiles_cgi.c:528]--buf = {
    "token": "35263c211e4dfc5c26666b80b41bbb1c",
    "user": "Mario"
}

[2020-04-27 00:28:45]--[src_cgi/myfiles_cgi.c:176]--line = 5
[2020-04-27 00:28:45]--[src_cgi/myfiles_cgi.c:496]--cmd = normal
[2020-04-27 00:28:45]--[src_cgi/myfiles_cgi.c:528]--buf = {
    "count": 5,
    "start": 0,
    "token": "35263c211e4dfc5c26666b80b41bbb1c",
    "user": "Mario"
}

[2020-04-27 00:28:45]--[src_cgi/myfiles_cgi.c:548]--user = Mario, token = 35263c211e4dfc5c26666b80b41bbb1c, start = 0, count = 5
[2020-04-27 00:28:45]--[src_cgi/myfiles_cgi.c:306]--select user_file_list.*, file_info.url, file_info.size, file_info.type from file_info, user_file_list where user = 'Mario' and file_info.md5 = user_file_list.md5 limit 0, 5 在操作
[2020-04-27 00:28:45]--[src_cgi/myfiles_cgi.c:428]--{
	"files":	[{
			"user":	"Mario",
			"md5":	"c319a9d4ce7c9f76d2a17a3d5d93c02b",
			"time":	"2018-12-21 19:09:07",
			"filename":	"Makefile",
			"share_status":	1,
			"pv":	0,
			"url":	"http://192.168.230.138:80/group1/M00/00/00/wKjmilwdqtKAcOo5AABU8Itwcro6720927",
			"size":	21744,
			"type":	"null"
		}, {
			"user":	"Mario",
			"md5":	"111934a05adcc1ba29b3d6c041139952",
			"time":	"2020-04-26 18:37:18",
			"filename":	"test.jpg",
			"share_status":	0,
			"pv":	0,
			"url":	"http://39.99.154.100:80/group1/M00/00/00/rBq0iF6lZF6ASPM1AABbTun4HG8682.jpg",
			"size":	23374,
			"type":	"jpg"
		}, {
			"user":	"mario",
			"md5":	"de3caa2cc03983a1dfabc0ec1f3b0612",
			"time":	"2020-04-26 18:47:57",
			"filename":	"20171215111345966.jpeg",
			"share_status":	0,
			"pv":	0,
			"url":	"http://39.99.154.100:80/group1/M00/00/00/rBq0iF6lZt2AYcOKAApbJxeUOPA24.jpeg",
			"size":	678695,
			"type":	"jpeg"
		}, {
			"user":	"Mario",
			"md5":	"111934a05adcc1ba29b3d6c041139952",
			"time":	"2020-04-26 20:19:14",
			"filename":	"test-2.png",
			"share_status":	0,
			"pv":	0,
			"url":	"http://39.99.154.100:80/group1/M00/00/00/rBq0iF6lZF6ASPM1AABbTun4HG8682.jpg",
			"size":	23374,
			"type":	"jpg"
		}, {
			"user":	"Mario",
			"md5":	"d41d8cd98f00b204e9800998ecf8427e",
			"time":	"2020-04-26 22:52:00",
			"filename":	"1.png",
			"share_status":	0,
			"pv":	0,
			"url":	"http://39.99.154.100:80/group1/M00/00/00/rBq0iF6loBCALTnOAAAAAAAAAAA976.png",
			"size":	0,
			"type":	"png"
		}]
}
[2020-04-27 16:47:58]--[src_cgi/myfiles_cgi.c:496]--cmd = count
[2020-04-27 16:47:58]--[src_cgi/myfiles_cgi.c:528]--buf = {
    "token": "636ae92dd39e18753e193e4c03bca57c",
    "user": "Mario"
}

[2020-04-27 16:47:58]--[src_cgi/myfiles_cgi.c:176]--line = 5
[2020-04-27 16:47:58]--[src_cgi/myfiles_cgi.c:496]--cmd = normal
[2020-04-27 16:47:58]--[src_cgi/myfiles_cgi.c:528]--buf = {
    "count": 5,
    "start": 0,
    "token": "636ae92dd39e18753e193e4c03bca57c",
    "user": "Mario"
}

[2020-04-27 16:47:58]--[src_cgi/myfiles_cgi.c:548]--user = Mario, token = 636ae92dd39e18753e193e4c03bca57c, start = 0, count = 5
[2020-04-27 16:47:58]--[src_cgi/myfiles_cgi.c:306]--select user_file_list.*, file_info.url, file_info.size, file_info.type from file_info, user_file_list where user = 'Mario' and file_info.md5 = user_file_list.md5 limit 0, 5 在操作
[2020-04-27 16:47:58]--[src_cgi/myfiles_cgi.c:428]--{
	"files":	[{
			"user":	"Mario",
			"md5":	"c319a9d4ce7c9f76d2a17a3d5d93c02b",
			"time":	"2018-12-21 19:09:07",
			"filename":	"Makefile",
			"share_status":	1,
			"pv":	0,
			"url":	"http://192.168.230.138:80/group1/M00/00/00/wKjmilwdqtKAcOo5AABU8Itwcro6720927",
			"size":	21744,
			"type":	"null"
		}, {
			"user":	"Mario",
			"md5":	"111934a05adcc1ba29b3d6c041139952",
			"time":	"2020-04-26 18:37:18",
			"filename":	"test.jpg",
			"share_status":	0,
			"pv":	0,
			"url":	"http://39.99.154.100:80/group1/M00/00/00/rBq0iF6lZF6ASPM1AABbTun4HG8682.jpg",
			"size":	23374,
			"type":	"jpg"
		}, {
			"user":	"mario",
			"md5":	"de3caa2cc03983a1dfabc0ec1f3b0612",
			"time":	"2020-04-26 18:47:57",
			"filename":	"20171215111345966.jpeg",
			"share_status":	0,
			"pv":	0,
			"url":	"http://39.99.154.100:80/group1/M00/00/00/rBq0iF6lZt2AYcOKAApbJxeUOPA24.jpeg",
			"size":	678695,
			"type":	"jpeg"
		}, {
			"user":	"Mario",
			"md5":	"111934a05adcc1ba29b3d6c041139952",
			"time":	"2020-04-26 20:19:14",
			"filename":	"test-2.png",
			"share_status":	0,
			"pv":	0,
			"url":	"http://39.99.154.100:80/group1/M00/00/00/rBq0iF6lZF6ASPM1AABbTun4HG8682.jpg",
			"size":	23374,
			"type":	"jpg"
		}, {
			"user":	"Mario",
			"md5":	"d41d8cd98f00b204e9800998ecf8427e",
			"time":	"2020-04-26 22:52:00",
			"filename":	"1.png",
			"share_status":	0,
			"pv":	0,
			"url":	"http://39.99.154.100:80/group1/M00/00/00/rBq0iF6loBCALTnOAAAAAAAAAAA976.png",
			"size":	0,
			"type":	"png"
		}]
}
[2020-04-27 16:48:17]--[src_cgi/myfiles_cgi.c:496]--cmd = count
[2020-04-27 16:48:17]--[src_cgi/myfiles_cgi.c:528]--buf = {
    "token": "e9a727646df7c58a367e500be7809ba4",
    "user": "Mario"
}

[2020-04-27 16:48:17]--[src_cgi/myfiles_cgi.c:176]--line = 5
[2020-04-27 16:48:17]--[src_cgi/myfiles_cgi.c:496]--cmd = normal
[2020-04-27 16:48:17]--[src_cgi/myfiles_cgi.c:528]--buf = {
    "count": 5,
    "start": 0,
    "token": "e9a727646df7c58a367e500be7809ba4",
    "user": "Mario"
}

[2020-04-27 16:48:17]--[src_cgi/myfiles_cgi.c:548]--user = Mario, token = e9a727646df7c58a367e500be7809ba4, start = 0, count = 5
[2020-04-27 16:48:17]--[src_cgi/myfiles_cgi.c:306]--select user_file_list.*, file_info.url, file_info.size, file_info.type from file_info, user_file_list where user = 'Mario' and file_info.md5 = user_file_list.md5 limit 0, 5 在操作
[2020-04-27 16:48:17]--[src_cgi/myfiles_cgi.c:428]--{
	"files":	[{
			"user":	"Mario",
			"md5":	"c319a9d4ce7c9f76d2a17a3d5d93c02b",
			"time":	"2018-12-21 19:09:07",
			"filename":	"Makefile",
			"share_status":	1,
			"pv":	0,
			"url":	"http://192.168.230.138:80/group1/M00/00/00/wKjmilwdqtKAcOo5AABU8Itwcro6720927",
			"size":	21744,
			"type":	"null"
		}, {
			"user":	"Mario",
			"md5":	"111934a05adcc1ba29b3d6c041139952",
			"time":	"2020-04-26 18:37:18",
			"filename":	"test.jpg",
			"share_status":	0,
			"pv":	0,
			"url":	"http://39.99.154.100:80/group1/M00/00/00/rBq0iF6lZF6ASPM1AABbTun4HG8682.jpg",
			"size":	23374,
			"type":	"jpg"
		}, {
			"user":	"mario",
			"md5":	"de3caa2cc03983a1dfabc0ec1f3b0612",
			"time":	"2020-04-26 18:47:57",
			"filename":	"20171215111345966.jpeg",
			"share_status":	0,
			"pv":	0,
			"url":	"http://39.99.154.100:80/group1/M00/00/00/rBq0iF6lZt2AYcOKAApbJxeUOPA24.jpeg",
			"size":	678695,
			"type":	"jpeg"
		}, {
			"user":	"Mario",
			"md5":	"111934a05adcc1ba29b3d6c041139952",
			"time":	"2020-04-26 20:19:14",
			"filename":	"test-2.png",
			"share_status":	0,
			"pv":	0,
			"url":	"http://39.99.154.100:80/group1/M00/00/00/rBq0iF6lZF6ASPM1AABbTun4HG8682.jpg",
			"size":	23374,
			"type":	"jpg"
		}, {
			"user":	"Mario",
			"md5":	"d41d8cd98f00b204e9800998ecf8427e",
			"time":	"2020-04-26 22:52:00",
			"filename":	"1.png",
			"share_status":	0,
			"pv":	0,
			"url":	"http://39.99.154.100:80/group1/M00/00/00/rBq0iF6loBCALTnOAAAAAAAAAAA976.png",
			"size":	0,
			"type":	"png"
		}]
}
[2020-04-27 16:48:19]--[src_cgi/myfiles_cgi.c:496]--cmd = count
[2020-04-27 16:48:19]--[src_cgi/myfiles_cgi.c:528]--buf = {
    "token": "e9a727646df7c58a367e500be7809ba4",
    "user": "Mario"
}

[2020-04-27 16:48:19]--[src_cgi/myfiles_cgi.c:176]--line = 5
[2020-04-27 16:48:19]--[src_cgi/myfiles_cgi.c:496]--cmd = normal
[2020-04-27 16:48:19]--[src_cgi/myfiles_cgi.c:528]--buf = {
    "count": 5,
    "start": 0,
    "token": "e9a727646df7c58a367e500be7809ba4",
    "user": "Mario"
}

[2020-04-27 16:48:19]--[src_cgi/myfiles_cgi.c:548]--user = Mario, token = e9a727646df7c58a367e500be7809ba4, start = 0, count = 5
[2020-04-27 16:48:19]--[src_cgi/myfiles_cgi.c:306]--select user_file_list.*, file_info.url, file_info.size, file_info.type from file_info, user_file_list where user = 'Mario' and file_info.md5 = user_file_list.md5 limit 0, 5 在操作
[2020-04-27 16:48:19]--[src_cgi/myfiles_cgi.c:428]--{
	"files":	[{
			"user":	"Mario",
			"md5":	"c319a9d4ce7c9f76d2a17a3d5d93c02b",
			"time":	"2018-12-21 19:09:07",
			"filename":	"Makefile",
			"share_status":	1,
			"pv":	0,
			"url":	"http://192.168.230.138:80/group1/M00/00/00/wKjmilwdqtKAcOo5AABU8Itwcro6720927",
			"size":	21744,
			"type":	"null"
		}, {
			"user":	"Mario",
			"md5":	"111934a05adcc1ba29b3d6c041139952",
			"time":	"2020-04-26 18:37:18",
			"filename":	"test.jpg",
			"share_status":	0,
			"pv":	0,
			"url":	"http://39.99.154.100:80/group1/M00/00/00/rBq0iF6lZF6ASPM1AABbTun4HG8682.jpg",
			"size":	23374,
			"type":	"jpg"
		}, {
			"user":	"mario",
			"md5":	"de3caa2cc03983a1dfabc0ec1f3b0612",
			"time":	"2020-04-26 18:47:57",
			"filename":	"20171215111345966.jpeg",
			"share_status":	0,
			"pv":	0,
			"url":	"http://39.99.154.100:80/group1/M00/00/00/rBq0iF6lZt2AYcOKAApbJxeUOPA24.jpeg",
			"size":	678695,
			"type":	"jpeg"
		}, {
			"user":	"Mario",
			"md5":	"111934a05adcc1ba29b3d6c041139952",
			"time":	"2020-04-26 20:19:14",
			"filename":	"test-2.png",
			"share_status":	0,
			"pv":	0,
			"url":	"http://39.99.154.100:80/group1/M00/00/00/rBq0iF6lZF6ASPM1AABbTun4HG8682.jpg",
			"size":	23374,
			"type":	"jpg"
		}, {
			"user":	"Mario",
			"md5":	"d41d8cd98f00b204e9800998ecf8427e",
			"time":	"2020-04-26 22:52:00",
			"filename":	"1.png",
			"share_status":	0,
			"pv":	0,
			"url":	"http://39.99.154.100:80/group1/M00/00/00/rBq0iF6loBCALTnOAAAAAAAAAAA976.png",
			"size":	0,
			"type":	"png"
		}]
}
[2020-04-27 16:51:13]--[src_cgi/myfiles_cgi.c:496]--cmd = count
[2020-04-27 16:51:13]--[src_cgi/myfiles_cgi.c:528]--buf = {
    "token": "f136530f83105ce1413763b8a03c7855",
    "user": "Mario"
}

[2020-04-27 16:51:13]--[src_cgi/myfiles_cgi.c:176]--line = 5
[2020-04-27 16:51:13]--[src_cgi/myfiles_cgi.c:496]--cmd = normal
[2020-04-27 16:51:13]--[src_cgi/myfiles_cgi.c:528]--buf = {
    "count": 5,
    "start": 0,
    "token": "f136530f83105ce1413763b8a03c7855",
    "user": "Mario"
}

[2020-04-27 16:51:13]--[src_cgi/myfiles_cgi.c:548]--user = Mario, token = f136530f83105ce1413763b8a03c7855, start = 0, count = 5
[2020-04-27 16:51:13]--[src_cgi/myfiles_cgi.c:306]--select user_file_list.*, file_info.url, file_info.size, file_info.type from file_info, user_file_list where user = 'Mario' and file_info.md5 = user_file_list.md5 limit 0, 5 在操作
[2020-04-27 16:51:13]--[src_cgi/myfiles_cgi.c:428]--{
	"files":	[{
			"user":	"Mario",
			"md5":	"c319a9d4ce7c9f76d2a17a3d5d93c02b",
			"time":	"2018-12-21 19:09:07",
			"filename":	"Makefile",
			"share_status":	1,
			"pv":	0,
			"url":	"http://192.168.230.138:80/group1/M00/00/00/wKjmilwdqtKAcOo5AABU8Itwcro6720927",
			"size":	21744,
			"type":	"null"
		}, {
			"user":	"Mario",
			"md5":	"111934a05adcc1ba29b3d6c041139952",
			"time":	"2020-04-26 18:37:18",
			"filename":	"test.jpg",
			"share_status":	0,
			"pv":	0,
			"url":	"http://39.99.154.100:80/group1/M00/00/00/rBq0iF6lZF6ASPM1AABbTun4HG8682.jpg",
			"size":	23374,
			"type":	"jpg"
		}, {
			"user":	"mario",
			"md5":	"de3caa2cc03983a1dfabc0ec1f3b0612",
			"time":	"2020-04-26 18:47:57",
			"filename":	"20171215111345966.jpeg",
			"share_status":	0,
			"pv":	0,
			"url":	"http://39.99.154.100:80/group1/M00/00/00/rBq0iF6lZt2AYcOKAApbJxeUOPA24.jpeg",
			"size":	678695,
			"type":	"jpeg"
		}, {
			"user":	"Mario",
			"md5":	"111934a05adcc1ba29b3d6c041139952",
			"time":	"2020-04-26 20:19:14",
			"filename":	"test-2.png",
			"share_status":	0,
			"pv":	0,
			"url":	"http://39.99.154.100:80/group1/M00/00/00/rBq0iF6lZF6ASPM1AABbTun4HG8682.jpg",
			"size":	23374,
			"type":	"jpg"
		}, {
			"user":	"Mario",
			"md5":	"d41d8cd98f00b204e9800998ecf8427e",
			"time":	"2020-04-26 22:52:00",
			"filename":	"1.png",
			"share_status":	0,
			"pv":	0,
			"url":	"http://39.99.154.100:80/group1/M00/00/00/rBq0iF6loBCALTnOAAAAAAAAAAA976.png",
			"size":	0,
			"type":	"png"
		}]
}
[2020-04-27 16:51:15]--[src_cgi/myfiles_cgi.c:496]--cmd = count
[2020-04-27 16:51:15]--[src_cgi/myfiles_cgi.c:528]--buf = {
    "token": "f136530f83105ce1413763b8a03c7855",
    "user": "Mario"
}

[2020-04-27 16:51:15]--[src_cgi/myfiles_cgi.c:176]--line = 5
[2020-04-27 16:51:15]--[src_cgi/myfiles_cgi.c:496]--cmd = normal
[2020-04-27 16:51:15]--[src_cgi/myfiles_cgi.c:528]--buf = {
    "count": 5,
    "start": 0,
    "token": "f136530f83105ce1413763b8a03c7855",
    "user": "Mario"
}

[2020-04-27 16:51:15]--[src_cgi/myfiles_cgi.c:548]--user = Mario, token = f136530f83105ce1413763b8a03c7855, start = 0, count = 5
[2020-04-27 16:51:15]--[src_cgi/myfiles_cgi.c:306]--select user_file_list.*, file_info.url, file_info.size, file_info.type from file_info, user_file_list where user = 'Mario' and file_info.md5 = user_file_list.md5 limit 0, 5 在操作
[2020-04-27 16:51:15]--[src_cgi/myfiles_cgi.c:428]--{
	"files":	[{
			"user":	"Mario",
			"md5":	"c319a9d4ce7c9f76d2a17a3d5d93c02b",
			"time":	"2018-12-21 19:09:07",
			"filename":	"Makefile",
			"share_status":	1,
			"pv":	0,
			"url":	"http://192.168.230.138:80/group1/M00/00/00/wKjmilwdqtKAcOo5AABU8Itwcro6720927",
			"size":	21744,
			"type":	"null"
		}, {
			"user":	"Mario",
			"md5":	"111934a05adcc1ba29b3d6c041139952",
			"time":	"2020-04-26 18:37:18",
			"filename":	"test.jpg",
			"share_status":	0,
			"pv":	0,
			"url":	"http://39.99.154.100:80/group1/M00/00/00/rBq0iF6lZF6ASPM1AABbTun4HG8682.jpg",
			"size":	23374,
			"type":	"jpg"
		}, {
			"user":	"mario",
			"md5":	"de3caa2cc03983a1dfabc0ec1f3b0612",
			"time":	"2020-04-26 18:47:57",
			"filename":	"20171215111345966.jpeg",
			"share_status":	0,
			"pv":	0,
			"url":	"http://39.99.154.100:80/group1/M00/00/00/rBq0iF6lZt2AYcOKAApbJxeUOPA24.jpeg",
			"size":	678695,
			"type":	"jpeg"
		}, {
			"user":	"Mario",
			"md5":	"111934a05adcc1ba29b3d6c041139952",
			"time":	"2020-04-26 20:19:14",
			"filename":	"test-2.png",
			"share_status":	0,
			"pv":	0,
			"url":	"http://39.99.154.100:80/group1/M00/00/00/rBq0iF6lZF6ASPM1AABbTun4HG8682.jpg",
			"size":	23374,
			"type":	"jpg"
		}, {
			"user":	"Mario",
			"md5":	"d41d8cd98f00b204e9800998ecf8427e",
			"time":	"2020-04-26 22:52:00",
			"filename":	"1.png",
			"share_status":	0,
			"pv":	0,
			"url":	"http://39.99.154.100:80/group1/M00/00/00/rBq0iF6loBCALTnOAAAAAAAAAAA976.png",
			"size":	0,
			"type":	"png"
		}]
}
[2020-04-27 16:51:18]--[src_cgi/myfiles_cgi.c:496]--cmd = count
[2020-04-27 16:51:18]--[src_cgi/myfiles_cgi.c:528]--buf = {
    "token": "f136530f83105ce1413763b8a03c7855",
    "user": "Mario"
}

[2020-04-27 16:51:18]--[src_cgi/myfiles_cgi.c:176]--line = 5
[2020-04-27 16:51:18]--[src_cgi/myfiles_cgi.c:496]--cmd = normal
[2020-04-27 16:51:18]--[src_cgi/myfiles_cgi.c:528]--buf = {
    "count": 5,
    "start": 0,
    "token": "f136530f83105ce1413763b8a03c7855",
    "user": "Mario"
}

[2020-04-27 16:51:18]--[src_cgi/myfiles_cgi.c:548]--user = Mario, token = f136530f83105ce1413763b8a03c7855, start = 0, count = 5
[2020-04-27 16:51:18]--[src_cgi/myfiles_cgi.c:306]--select user_file_list.*, file_info.url, file_info.size, file_info.type from file_info, user_file_list where user = 'Mario' and file_info.md5 = user_file_list.md5 limit 0, 5 在操作
[2020-04-27 16:51:18]--[src_cgi/myfiles_cgi.c:428]--{
	"files":	[{
			"user":	"Mario",
			"md5":	"c319a9d4ce7c9f76d2a17a3d5d93c02b",
			"time":	"2018-12-21 19:09:07",
			"filename":	"Makefile",
			"share_status":	1,
			"pv":	0,
			"url":	"http://192.168.230.138:80/group1/M00/00/00/wKjmilwdqtKAcOo5AABU8Itwcro6720927",
			"size":	21744,
			"type":	"null"
		}, {
			"user":	"Mario",
			"md5":	"111934a05adcc1ba29b3d6c041139952",
			"time":	"2020-04-26 18:37:18",
			"filename":	"test.jpg",
			"share_status":	0,
			"pv":	0,
			"url":	"http://39.99.154.100:80/group1/M00/00/00/rBq0iF6lZF6ASPM1AABbTun4HG8682.jpg",
			"size":	23374,
			"type":	"jpg"
		}, {
			"user":	"mario",
			"md5":	"de3caa2cc03983a1dfabc0ec1f3b0612",
			"time":	"2020-04-26 18:47:57",
			"filename":	"20171215111345966.jpeg",
			"share_status":	0,
			"pv":	0,
			"url":	"http://39.99.154.100:80/group1/M00/00/00/rBq0iF6lZt2AYcOKAApbJxeUOPA24.jpeg",
			"size":	678695,
			"type":	"jpeg"
		}, {
			"user":	"Mario",
			"md5":	"111934a05adcc1ba29b3d6c041139952",
			"time":	"2020-04-26 20:19:14",
			"filename":	"test-2.png",
			"share_status":	0,
			"pv":	0,
			"url":	"http://39.99.154.100:80/group1/M00/00/00/rBq0iF6lZF6ASPM1AABbTun4HG8682.jpg",
			"size":	23374,
			"type":	"jpg"
		}, {
			"user":	"Mario",
			"md5":	"d41d8cd98f00b204e9800998ecf8427e",
			"time":	"2020-04-26 22:52:00",
			"filename":	"1.png",
			"share_status":	0,
			"pv":	0,
			"url":	"http://39.99.154.100:80/group1/M00/00/00/rBq0iF6loBCALTnOAAAAAAAAAAA976.png",
			"size":	0,
			"type":	"png"
		}]
}
[2020-04-27 16:51:19]--[src_cgi/myfiles_cgi.c:496]--cmd = count
[2020-04-27 16:51:19]--[src_cgi/myfiles_cgi.c:528]--buf = {
    "token": "f136530f83105ce1413763b8a03c7855",
    "user": "Mario"
}

[2020-04-27 16:51:19]--[src_cgi/myfiles_cgi.c:176]--line = 5
[2020-04-27 16:51:20]--[src_cgi/myfiles_cgi.c:496]--cmd = normal
[2020-04-27 16:51:20]--[src_cgi/myfiles_cgi.c:528]--buf = {
    "count": 5,
    "start": 0,
    "token": "f136530f83105ce1413763b8a03c7855",
    "user": "Mario"
}

[2020-04-27 16:51:20]--[src_cgi/myfiles_cgi.c:548]--user = Mario, token = f136530f83105ce1413763b8a03c7855, start = 0, count = 5
[2020-04-27 16:51:20]--[src_cgi/myfiles_cgi.c:306]--select user_file_list.*, file_info.url, file_info.size, file_info.type from file_info, user_file_list where user = 'Mario' and file_info.md5 = user_file_list.md5 limit 0, 5 在操作
[2020-04-27 16:51:20]--[src_cgi/myfiles_cgi.c:428]--{
	"files":	[{
			"user":	"Mario",
			"md5":	"c319a9d4ce7c9f76d2a17a3d5d93c02b",
			"time":	"2018-12-21 19:09:07",
			"filename":	"Makefile",
			"share_status":	1,
			"pv":	0,
			"url":	"http://192.168.230.138:80/group1/M00/00/00/wKjmilwdqtKAcOo5AABU8Itwcro6720927",
			"size":	21744,
			"type":	"null"
		}, {
			"user":	"Mario",
			"md5":	"111934a05adcc1ba29b3d6c041139952",
			"time":	"2020-04-26 18:37:18",
			"filename":	"test.jpg",
			"share_status":	0,
			"pv":	0,
			"url":	"http://39.99.154.100:80/group1/M00/00/00/rBq0iF6lZF6ASPM1AABbTun4HG8682.jpg",
			"size":	23374,
			"type":	"jpg"
		}, {
			"user":	"mario",
			"md5":	"de3caa2cc03983a1dfabc0ec1f3b0612",
			"time":	"2020-04-26 18:47:57",
			"filename":	"20171215111345966.jpeg",
			"share_status":	0,
			"pv":	0,
			"url":	"http://39.99.154.100:80/group1/M00/00/00/rBq0iF6lZt2AYcOKAApbJxeUOPA24.jpeg",
			"size":	678695,
			"type":	"jpeg"
		}, {
			"user":	"Mario",
			"md5":	"111934a05adcc1ba29b3d6c041139952",
			"time":	"2020-04-26 20:19:14",
			"filename":	"test-2.png",
			"share_status":	0,
			"pv":	0,
			"url":	"http://39.99.154.100:80/group1/M00/00/00/rBq0iF6lZF6ASPM1AABbTun4HG8682.jpg",
			"size":	23374,
			"type":	"jpg"
		}, {
			"user":	"Mario",
			"md5":	"d41d8cd98f00b204e9800998ecf8427e",
			"time":	"2020-04-26 22:52:00",
			"filename":	"1.png",
			"share_status":	0,
			"pv":	0,
			"url":	"http://39.99.154.100:80/group1/M00/00/00/rBq0iF6loBCALTnOAAAAAAAAAAA976.png",
			"size":	0,
			"type":	"png"
		}]
}
[2020-04-27 16:51:21]--[src_cgi/myfiles_cgi.c:496]--cmd = count
[2020-04-27 16:51:21]--[src_cgi/myfiles_cgi.c:528]--buf = {
    "token": "f136530f83105ce1413763b8a03c7855",
    "user": "Mario"
}

[2020-04-27 16:51:21]--[src_cgi/myfiles_cgi.c:176]--line = 5
[2020-04-27 16:51:21]--[src_cgi/myfiles_cgi.c:496]--cmd = normal
[2020-04-27 16:51:21]--[src_cgi/myfiles_cgi.c:528]--buf = {
    "count": 5,
    "start": 0,
    "token": "f136530f83105ce1413763b8a03c7855",
    "user": "Mario"
}

[2020-04-27 16:51:21]--[src_cgi/myfiles_cgi.c:548]--user = Mario, token = f136530f83105ce1413763b8a03c7855, start = 0, count = 5
[2020-04-27 16:51:21]--[src_cgi/myfiles_cgi.c:306]--select user_file_list.*, file_info.url, file_info.size, file_info.type from file_info, user_file_list where user = 'Mario' and file_info.md5 = user_file_list.md5 limit 0, 5 在操作
[2020-04-27 16:51:21]--[src_cgi/myfiles_cgi.c:428]--{
	"files":	[{
			"user":	"Mario",
			"md5":	"c319a9d4ce7c9f76d2a17a3d5d93c02b",
			"time":	"2018-12-21 19:09:07",
			"filename":	"Makefile",
			"share_status":	1,
			"pv":	0,
			"url":	"http://192.168.230.138:80/group1/M00/00/00/wKjmilwdqtKAcOo5AABU8Itwcro6720927",
			"size":	21744,
			"type":	"null"
		}, {
			"user":	"Mario",
			"md5":	"111934a05adcc1ba29b3d6c041139952",
			"time":	"2020-04-26 18:37:18",
			"filename":	"test.jpg",
			"share_status":	0,
			"pv":	0,
			"url":	"http://39.99.154.100:80/group1/M00/00/00/rBq0iF6lZF6ASPM1AABbTun4HG8682.jpg",
			"size":	23374,
			"type":	"jpg"
		}, {
			"user":	"mario",
			"md5":	"de3caa2cc03983a1dfabc0ec1f3b0612",
			"time":	"2020-04-26 18:47:57",
			"filename":	"20171215111345966.jpeg",
			"share_status":	0,
			"pv":	0,
			"url":	"http://39.99.154.100:80/group1/M00/00/00/rBq0iF6lZt2AYcOKAApbJxeUOPA24.jpeg",
			"size":	678695,
			"type":	"jpeg"
		}, {
			"user":	"Mario",
			"md5":	"111934a05adcc1ba29b3d6c041139952",
			"time":	"2020-04-26 20:19:14",
			"filename":	"test-2.png",
			"share_status":	0,
			"pv":	0,
			"url":	"http://39.99.154.100:80/group1/M00/00/00/rBq0iF6lZF6ASPM1AABbTun4HG8682.jpg",
			"size":	23374,
			"type":	"jpg"
		}, {
			"user":	"Mario",
			"md5":	"d41d8cd98f00b204e9800998ecf8427e",
			"time":	"2020-04-26 22:52:00",
			"filename":	"1.png",
			"share_status":	0,
			"pv":	0,
			"url":	"http://39.99.154.100:80/group1/M00/00/00/rBq0iF6loBCALTnOAAAAAAAAAAA976.png",
			"size":	0,
			"type":	"png"
		}]
}
[2020-04-27 16:51:23]--[src_cgi/myfiles_cgi.c:496]--cmd = count
[2020-04-27 16:51:23]--[src_cgi/myfiles_cgi.c:528]--buf = {
    "token": "f136530f83105ce1413763b8a03c7855",
    "user": "Mario"
}

[2020-04-27 16:51:23]--[src_cgi/myfiles_cgi.c:176]--line = 5
[2020-04-27 16:51:23]--[src_cgi/myfiles_cgi.c:496]--cmd = normal
[2020-04-27 16:51:23]--[src_cgi/myfiles_cgi.c:528]--buf = {
    "count": 5,
    "start": 0,
    "token": "f136530f83105ce1413763b8a03c7855",
    "user": "Mario"
}

[2020-04-27 16:51:23]--[src_cgi/myfiles_cgi.c:548]--user = Mario, token = f136530f83105ce1413763b8a03c7855, start = 0, count = 5
[2020-04-27 16:51:23]--[src_cgi/myfiles_cgi.c:306]--select user_file_list.*, file_info.url, file_info.size, file_info.type from file_info, user_file_list where user = 'Mario' and file_info.md5 = user_file_list.md5 limit 0, 5 在操作
[2020-04-27 16:51:23]--[src_cgi/myfiles_cgi.c:428]--{
	"files":	[{
			"user":	"Mario",
			"md5":	"c319a9d4ce7c9f76d2a17a3d5d93c02b",
			"time":	"2018-12-21 19:09:07",
			"filename":	"Makefile",
			"share_status":	1,
			"pv":	0,
			"url":	"http://192.168.230.138:80/group1/M00/00/00/wKjmilwdqtKAcOo5AABU8Itwcro6720927",
			"size":	21744,
			"type":	"null"
		}, {
			"user":	"Mario",
			"md5":	"111934a05adcc1ba29b3d6c041139952",
			"time":	"2020-04-26 18:37:18",
			"filename":	"test.jpg",
			"share_status":	0,
			"pv":	0,
			"url":	"http://39.99.154.100:80/group1/M00/00/00/rBq0iF6lZF6ASPM1AABbTun4HG8682.jpg",
			"size":	23374,
			"type":	"jpg"
		}, {
			"user":	"mario",
			"md5":	"de3caa2cc03983a1dfabc0ec1f3b0612",
			"time":	"2020-04-26 18:47:57",
			"filename":	"20171215111345966.jpeg",
			"share_status":	0,
			"pv":	0,
			"url":	"http://39.99.154.100:80/group1/M00/00/00/rBq0iF6lZt2AYcOKAApbJxeUOPA24.jpeg",
			"size":	678695,
			"type":	"jpeg"
		}, {
			"user":	"Mario",
			"md5":	"111934a05adcc1ba29b3d6c041139952",
			"time":	"2020-04-26 20:19:14",
			"filename":	"test-2.png",
			"share_status":	0,
			"pv":	0,
			"url":	"http://39.99.154.100:80/group1/M00/00/00/rBq0iF6lZF6ASPM1AABbTun4HG8682.jpg",
			"size":	23374,
			"type":	"jpg"
		}, {
			"user":	"Mario",
			"md5":	"d41d8cd98f00b204e9800998ecf8427e",
			"time":	"2020-04-26 22:52:00",
			"filename":	"1.png",
			"share_status":	0,
			"pv":	0,
			"url":	"http://39.99.154.100:80/group1/M00/00/00/rBq0iF6loBCALTnOAAAAAAAAAAA976.png",
			"size":	0,
			"type":	"png"
		}]
}
