[2020-04-25 19:04:29]--[src_cgi/myfiles_cgi.c:496]--cmd = count
[2020-04-25 19:04:29]--[src_cgi/myfiles_cgi.c:528]--buf = {
    "token": "7901ccafb4c2e140ff3941d148fdc597",
    "user": "Mario"
}

[2020-04-25 19:04:29]--[src_cgi/myfiles_cgi.c:176]--line = 1
[2020-04-25 19:04:29]--[src_cgi/myfiles_cgi.c:496]--cmd = normal
[2020-04-25 19:04:29]--[src_cgi/myfiles_cgi.c:528]--buf = {
    "count": 1,
    "start": 0,
    "token": "7901ccafb4c2e140ff3941d148fdc597",
    "user": "Mario"
}

[2020-04-25 19:04:29]--[src_cgi/myfiles_cgi.c:548]--user = Mario, token = 7901ccafb4c2e140ff3941d148fdc597, start = 0, count = 1
[2020-04-25 19:04:29]--[src_cgi/myfiles_cgi.c:306]--select user_file_list.*, file_info.url, file_info.size, file_info.type from file_info, user_file_list where user = 'Mario' and file_info.md5 = user_file_list.md5 limit 0, 1 在操作
[2020-04-25 19:04:29]--[src_cgi/myfiles_cgi.c:428]--{
	"files":	[{
			"user":	"Mario",
			"md5":	"c319a9d4ce7c9f76d2a17a3d5d93c02b",
			"time":	"2018-12-21 19:09:07",
			"filename":	"Makefile",
			"share_status":	1,
			"pv":	0,
			"url":	"http://192.168.230.138:80/group1/M00/00/00/wKjmilwdqtKAcOo5AABU8Itwcro6720927",
			"size":	21744,
			"type":	"null"
		}]
}
[2020-04-25 19:04:36]--[src_cgi/myfiles_cgi.c:496]--cmd = count
[2020-04-25 19:04:36]--[src_cgi/myfiles_cgi.c:528]--buf = {
    "token": "7901ccafb4c2e140ff3941d148fdc597",
    "user": "Mario"
}

[2020-04-25 19:04:36]--[src_cgi/myfiles_cgi.c:176]--line = 1
[2020-04-25 19:04:37]--[src_cgi/myfiles_cgi.c:496]--cmd = normal
[2020-04-25 19:04:37]--[src_cgi/myfiles_cgi.c:528]--buf = {
    "count": 1,
    "start": 0,
    "token": "7901ccafb4c2e140ff3941d148fdc597",
    "user": "Mario"
}

[2020-04-25 19:04:37]--[src_cgi/myfiles_cgi.c:548]--user = Mario, token = 7901ccafb4c2e140ff3941d148fdc597, start = 0, count = 1
[2020-04-25 19:04:37]--[src_cgi/myfiles_cgi.c:306]--select user_file_list.*, file_info.url, file_info.size, file_info.type from file_info, user_file_list where user = 'Mario' and file_info.md5 = user_file_list.md5 limit 0, 1 在操作
[2020-04-25 19:04:37]--[src_cgi/myfiles_cgi.c:428]--{
	"files":	[{
			"user":	"Mario",
			"md5":	"c319a9d4ce7c9f76d2a17a3d5d93c02b",
			"time":	"2018-12-21 19:09:07",
			"filename":	"Makefile",
			"share_status":	1,
			"pv":	0,
			"url":	"http://192.168.230.138:80/group1/M00/00/00/wKjmilwdqtKAcOo5AABU8Itwcro6720927",
			"size":	21744,
			"type":	"null"
		}]
}
[2020-04-25 19:06:15]--[src_cgi/myfiles_cgi.c:496]--cmd = count
[2020-04-25 19:06:15]--[src_cgi/myfiles_cgi.c:528]--buf = {
    "token": "b1987694d6185b3f600e56ca3530d4fb",
    "user": "MarioHo"
}

[2020-04-25 19:06:15]--[src_cgi/myfiles_cgi.c:176]--line = 2
[2020-04-25 19:06:15]--[src_cgi/myfiles_cgi.c:496]--cmd = normal
[2020-04-25 19:06:15]--[src_cgi/myfiles_cgi.c:528]--buf = {
    "count": 2,
    "start": 0,
    "token": "b1987694d6185b3f600e56ca3530d4fb",
    "user": "MarioHo"
}

[2020-04-25 19:06:15]--[src_cgi/myfiles_cgi.c:548]--user = MarioHo, token = b1987694d6185b3f600e56ca3530d4fb, start = 0, count = 2
[2020-04-25 19:06:15]--[src_cgi/myfiles_cgi.c:306]--select user_file_list.*, file_info.url, file_info.size, file_info.type from file_info, user_file_list where user = 'MarioHo' and file_info.md5 = user_file_list.md5 limit 0, 2 在操作
[2020-04-25 19:06:15]--[src_cgi/myfiles_cgi.c:428]--{
	"files":	[{
			"user":	"MarioHo",
			"md5":	"fc7f3e94d9e67199560b84097e81be1f",
			"time":	"2020-04-20 20:05:49",
			"filename":	"Makefile.Debug",
			"share_status":	1,
			"pv":	0,
			"url":	"http://172.26.180.136:80/group1/M00/00/00/rBq0iF6dkB2AK8izAAWt2D1RNpc2.Debug",
			"size":	372184,
			"type":	"Debug"
		}, {
			"user":	"MarioHo",
			"md5":	"e1379314759ae19c6f106854131d28f0",
			"time":	"2020-04-20 20:16:52",
			"filename":	"login.h",
			"share_status":	0,
			"pv":	0,
			"url":	"http://172.26.180.136:80/group1/M00/00/00/rBq0iF6dkrSAMUArAAAEw63M3C014689.h",
			"size":	1219,
			"type":	"h"
		}]
}
[2020-04-25 19:06:22]--[src_cgi/myfiles_cgi.c:496]--cmd = count
[2020-04-25 19:06:22]--[src_cgi/myfiles_cgi.c:528]--buf = {
    "token": "b1987694d6185b3f600e56ca3530d4fb",
    "user": "MarioHo"
}

[2020-04-25 19:06:22]--[src_cgi/myfiles_cgi.c:176]--line = 2
[2020-04-25 19:06:22]--[src_cgi/myfiles_cgi.c:496]--cmd = normal
[2020-04-25 19:06:22]--[src_cgi/myfiles_cgi.c:528]--buf = {
    "count": 2,
    "start": 0,
    "token": "b1987694d6185b3f600e56ca3530d4fb",
    "user": "MarioHo"
}

[2020-04-25 19:06:22]--[src_cgi/myfiles_cgi.c:548]--user = MarioHo, token = b1987694d6185b3f600e56ca3530d4fb, start = 0, count = 2
[2020-04-25 19:06:22]--[src_cgi/myfiles_cgi.c:306]--select user_file_list.*, file_info.url, file_info.size, file_info.type from file_info, user_file_list where user = 'MarioHo' and file_info.md5 = user_file_list.md5 limit 0, 2 在操作
[2020-04-25 19:06:22]--[src_cgi/myfiles_cgi.c:428]--{
	"files":	[{
			"user":	"MarioHo",
			"md5":	"fc7f3e94d9e67199560b84097e81be1f",
			"time":	"2020-04-20 20:05:49",
			"filename":	"Makefile.Debug",
			"share_status":	1,
			"pv":	0,
			"url":	"http://172.26.180.136:80/group1/M00/00/00/rBq0iF6dkB2AK8izAAWt2D1RNpc2.Debug",
			"size":	372184,
			"type":	"Debug"
		}, {
			"user":	"MarioHo",
			"md5":	"e1379314759ae19c6f106854131d28f0",
			"time":	"2020-04-20 20:16:52",
			"filename":	"login.h",
			"share_status":	0,
			"pv":	0,
			"url":	"http://172.26.180.136:80/group1/M00/00/00/rBq0iF6dkrSAMUArAAAEw63M3C014689.h",
			"size":	1219,
			"type":	"h"
		}]
}
[2020-04-25 19:23:23]--[src_cgi/myfiles_cgi.c:496]--cmd = count
[2020-04-25 19:23:23]--[src_cgi/myfiles_cgi.c:528]--buf = {
    "token": "13d640f281bba23aee43401521cfa96e",
    "user": "Mario"
}

[2020-04-25 19:23:23]--[src_cgi/myfiles_cgi.c:176]--line = 1
[2020-04-25 19:23:23]--[src_cgi/myfiles_cgi.c:496]--cmd = normal
[2020-04-25 19:23:23]--[src_cgi/myfiles_cgi.c:528]--buf = {
    "count": 1,
    "start": 0,
    "token": "13d640f281bba23aee43401521cfa96e",
    "user": "Mario"
}

[2020-04-25 19:23:23]--[src_cgi/myfiles_cgi.c:548]--user = Mario, token = 13d640f281bba23aee43401521cfa96e, start = 0, count = 1
[2020-04-25 19:23:23]--[src_cgi/myfiles_cgi.c:306]--select user_file_list.*, file_info.url, file_info.size, file_info.type from file_info, user_file_list where user = 'Mario' and file_info.md5 = user_file_list.md5 limit 0, 1 在操作
[2020-04-25 19:23:23]--[src_cgi/myfiles_cgi.c:428]--{
	"files":	[{
			"user":	"Mario",
			"md5":	"c319a9d4ce7c9f76d2a17a3d5d93c02b",
			"time":	"2018-12-21 19:09:07",
			"filename":	"Makefile",
			"share_status":	1,
			"pv":	0,
			"url":	"http://192.168.230.138:80/group1/M00/00/00/wKjmilwdqtKAcOo5AABU8Itwcro6720927",
			"size":	21744,
			"type":	"null"
		}]
}
[2020-04-25 19:31:50]--[src_cgi/myfiles_cgi.c:496]--cmd = count
[2020-04-25 19:31:50]--[src_cgi/myfiles_cgi.c:528]--buf = {
    "token": "7b2aeb1400fcbbf4f61643a1a199842e",
    "user": "Mario"
}

[2020-04-25 19:31:50]--[src_cgi/myfiles_cgi.c:176]--line = 1
[2020-04-25 19:31:50]--[src_cgi/myfiles_cgi.c:496]--cmd = normal
[2020-04-25 19:31:50]--[src_cgi/myfiles_cgi.c:528]--buf = {
    "count": 1,
    "start": 0,
    "token": "7b2aeb1400fcbbf4f61643a1a199842e",
    "user": "Mario"
}

[2020-04-25 19:31:50]--[src_cgi/myfiles_cgi.c:548]--user = Mario, token = 7b2aeb1400fcbbf4f61643a1a199842e, start = 0, count = 1
[2020-04-25 19:31:50]--[src_cgi/myfiles_cgi.c:306]--select user_file_list.*, file_info.url, file_info.size, file_info.type from file_info, user_file_list where user = 'Mario' and file_info.md5 = user_file_list.md5 limit 0, 1 在操作
[2020-04-25 19:31:50]--[src_cgi/myfiles_cgi.c:428]--{
	"files":	[{
			"user":	"Mario",
			"md5":	"c319a9d4ce7c9f76d2a17a3d5d93c02b",
			"time":	"2018-12-21 19:09:07",
			"filename":	"Makefile",
			"share_status":	1,
			"pv":	0,
			"url":	"http://192.168.230.138:80/group1/M00/00/00/wKjmilwdqtKAcOo5AABU8Itwcro6720927",
			"size":	21744,
			"type":	"null"
		}]
}
[2020-04-25 20:00:26]--[src_cgi/myfiles_cgi.c:496]--cmd = count
[2020-04-25 20:00:26]--[src_cgi/myfiles_cgi.c:528]--buf = {
    "token": "c076a00405e61daefb08250352f0ad20",
    "user": "MarioHo"
}

[2020-04-25 20:00:26]--[src_cgi/myfiles_cgi.c:176]--line = 2
[2020-04-25 20:00:26]--[src_cgi/myfiles_cgi.c:496]--cmd = normal
[2020-04-25 20:00:26]--[src_cgi/myfiles_cgi.c:528]--buf = {
    "count": 2,
    "start": 0,
    "token": "c076a00405e61daefb08250352f0ad20",
    "user": "MarioHo"
}

[2020-04-25 20:00:26]--[src_cgi/myfiles_cgi.c:548]--user = MarioHo, token = c076a00405e61daefb08250352f0ad20, start = 0, count = 2
[2020-04-25 20:00:26]--[src_cgi/myfiles_cgi.c:306]--select user_file_list.*, file_info.url, file_info.size, file_info.type from file_info, user_file_list where user = 'MarioHo' and file_info.md5 = user_file_list.md5 limit 0, 2 在操作
[2020-04-25 20:00:26]--[src_cgi/myfiles_cgi.c:428]--{
	"files":	[{
			"user":	"MarioHo",
			"md5":	"fc7f3e94d9e67199560b84097e81be1f",
			"time":	"2020-04-20 20:05:49",
			"filename":	"Makefile.Debug",
			"share_status":	1,
			"pv":	0,
			"url":	"http://172.26.180.136:80/group1/M00/00/00/rBq0iF6dkB2AK8izAAWt2D1RNpc2.Debug",
			"size":	372184,
			"type":	"Debug"
		}, {
			"user":	"MarioHo",
			"md5":	"e1379314759ae19c6f106854131d28f0",
			"time":	"2020-04-20 20:16:52",
			"filename":	"login.h",
			"share_status":	0,
			"pv":	0,
			"url":	"http://172.26.180.136:80/group1/M00/00/00/rBq0iF6dkrSAMUArAAAEw63M3C014689.h",
			"size":	1219,
			"type":	"h"
		}]
}
[2020-04-25 20:00:41]--[src_cgi/myfiles_cgi.c:496]--cmd = count
[2020-04-25 20:00:41]--[src_cgi/myfiles_cgi.c:528]--buf = {
    "token": "7b5d4c900cb6d2ee1bc380e48de0cb93",
    "user": "MarioHo"
}

[2020-04-25 20:00:41]--[src_cgi/myfiles_cgi.c:176]--line = 2
[2020-04-25 20:00:41]--[src_cgi/myfiles_cgi.c:496]--cmd = normal
[2020-04-25 20:00:41]--[src_cgi/myfiles_cgi.c:528]--buf = {
    "count": 2,
    "start": 0,
    "token": "7b5d4c900cb6d2ee1bc380e48de0cb93",
    "user": "MarioHo"
}

[2020-04-25 20:00:41]--[src_cgi/myfiles_cgi.c:548]--user = MarioHo, token = 7b5d4c900cb6d2ee1bc380e48de0cb93, start = 0, count = 2
[2020-04-25 20:00:41]--[src_cgi/myfiles_cgi.c:306]--select user_file_list.*, file_info.url, file_info.size, file_info.type from file_info, user_file_list where user = 'MarioHo' and file_info.md5 = user_file_list.md5 limit 0, 2 在操作
[2020-04-25 20:00:41]--[src_cgi/myfiles_cgi.c:428]--{
	"files":	[{
			"user":	"MarioHo",
			"md5":	"fc7f3e94d9e67199560b84097e81be1f",
			"time":	"2020-04-20 20:05:49",
			"filename":	"Makefile.Debug",
			"share_status":	1,
			"pv":	0,
			"url":	"http://172.26.180.136:80/group1/M00/00/00/rBq0iF6dkB2AK8izAAWt2D1RNpc2.Debug",
			"size":	372184,
			"type":	"Debug"
		}, {
			"user":	"MarioHo",
			"md5":	"e1379314759ae19c6f106854131d28f0",
			"time":	"2020-04-20 20:16:52",
			"filename":	"login.h",
			"share_status":	0,
			"pv":	0,
			"url":	"http://172.26.180.136:80/group1/M00/00/00/rBq0iF6dkrSAMUArAAAEw63M3C014689.h",
			"size":	1219,
			"type":	"h"
		}]
}
[2020-04-25 20:01:08]--[src_cgi/myfiles_cgi.c:496]--cmd = count
[2020-04-25 20:01:08]--[src_cgi/myfiles_cgi.c:528]--buf = {
    "token": "1406e07c54130e0956c0e93bc31619c1",
    "user": "MarioHo"
}

[2020-04-25 20:01:08]--[src_cgi/myfiles_cgi.c:176]--line = 2
[2020-04-25 20:01:08]--[src_cgi/myfiles_cgi.c:496]--cmd = normal
[2020-04-25 20:01:08]--[src_cgi/myfiles_cgi.c:528]--buf = {
    "count": 2,
    "start": 0,
    "token": "1406e07c54130e0956c0e93bc31619c1",
    "user": "MarioHo"
}

[2020-04-25 20:01:08]--[src_cgi/myfiles_cgi.c:548]--user = MarioHo, token = 1406e07c54130e0956c0e93bc31619c1, start = 0, count = 2
[2020-04-25 20:01:08]--[src_cgi/myfiles_cgi.c:306]--select user_file_list.*, file_info.url, file_info.size, file_info.type from file_info, user_file_list where user = 'MarioHo' and file_info.md5 = user_file_list.md5 limit 0, 2 在操作
[2020-04-25 20:01:08]--[src_cgi/myfiles_cgi.c:428]--{
	"files":	[{
			"user":	"MarioHo",
			"md5":	"fc7f3e94d9e67199560b84097e81be1f",
			"time":	"2020-04-20 20:05:49",
			"filename":	"Makefile.Debug",
			"share_status":	1,
			"pv":	0,
			"url":	"http://172.26.180.136:80/group1/M00/00/00/rBq0iF6dkB2AK8izAAWt2D1RNpc2.Debug",
			"size":	372184,
			"type":	"Debug"
		}, {
			"user":	"MarioHo",
			"md5":	"e1379314759ae19c6f106854131d28f0",
			"time":	"2020-04-20 20:16:52",
			"filename":	"login.h",
			"share_status":	0,
			"pv":	0,
			"url":	"http://172.26.180.136:80/group1/M00/00/00/rBq0iF6dkrSAMUArAAAEw63M3C014689.h",
			"size":	1219,
			"type":	"h"
		}]
}
[2020-04-25 20:01:14]--[src_cgi/myfiles_cgi.c:496]--cmd = count
[2020-04-25 20:01:14]--[src_cgi/myfiles_cgi.c:528]--buf = {
    "token": "1406e07c54130e0956c0e93bc31619c1",
    "user": "MarioHo"
}

[2020-04-25 20:01:14]--[src_cgi/myfiles_cgi.c:176]--line = 2
[2020-04-25 20:01:14]--[src_cgi/myfiles_cgi.c:496]--cmd = normal
[2020-04-25 20:01:14]--[src_cgi/myfiles_cgi.c:528]--buf = {
    "count": 2,
    "start": 0,
    "token": "1406e07c54130e0956c0e93bc31619c1",
    "user": "MarioHo"
}

[2020-04-25 20:01:14]--[src_cgi/myfiles_cgi.c:548]--user = MarioHo, token = 1406e07c54130e0956c0e93bc31619c1, start = 0, count = 2
[2020-04-25 20:01:14]--[src_cgi/myfiles_cgi.c:306]--select user_file_list.*, file_info.url, file_info.size, file_info.type from file_info, user_file_list where user = 'MarioHo' and file_info.md5 = user_file_list.md5 limit 0, 2 在操作
[2020-04-25 20:01:14]--[src_cgi/myfiles_cgi.c:428]--{
	"files":	[{
			"user":	"MarioHo",
			"md5":	"fc7f3e94d9e67199560b84097e81be1f",
			"time":	"2020-04-20 20:05:49",
			"filename":	"Makefile.Debug",
			"share_status":	1,
			"pv":	0,
			"url":	"http://172.26.180.136:80/group1/M00/00/00/rBq0iF6dkB2AK8izAAWt2D1RNpc2.Debug",
			"size":	372184,
			"type":	"Debug"
		}, {
			"user":	"MarioHo",
			"md5":	"e1379314759ae19c6f106854131d28f0",
			"time":	"2020-04-20 20:16:52",
			"filename":	"login.h",
			"share_status":	0,
			"pv":	0,
			"url":	"http://172.26.180.136:80/group1/M00/00/00/rBq0iF6dkrSAMUArAAAEw63M3C014689.h",
			"size":	1219,
			"type":	"h"
		}]
}
[2020-04-25 20:01:29]--[src_cgi/myfiles_cgi.c:496]--cmd = count
[2020-04-25 20:01:29]--[src_cgi/myfiles_cgi.c:528]--buf = {
    "token": "1406e07c54130e0956c0e93bc31619c1",
    "user": "MarioHo"
}

[2020-04-25 20:01:29]--[src_cgi/myfiles_cgi.c:176]--line = 2
[2020-04-25 20:01:30]--[src_cgi/myfiles_cgi.c:496]--cmd = normal
[2020-04-25 20:01:30]--[src_cgi/myfiles_cgi.c:528]--buf = {
    "count": 2,
    "start": 0,
    "token": "1406e07c54130e0956c0e93bc31619c1",
    "user": "MarioHo"
}

[2020-04-25 20:01:30]--[src_cgi/myfiles_cgi.c:548]--user = MarioHo, token = 1406e07c54130e0956c0e93bc31619c1, start = 0, count = 2
[2020-04-25 20:01:30]--[src_cgi/myfiles_cgi.c:306]--select user_file_list.*, file_info.url, file_info.size, file_info.type from file_info, user_file_list where user = 'MarioHo' and file_info.md5 = user_file_list.md5 limit 0, 2 在操作
[2020-04-25 20:01:30]--[src_cgi/myfiles_cgi.c:428]--{
	"files":	[{
			"user":	"MarioHo",
			"md5":	"fc7f3e94d9e67199560b84097e81be1f",
			"time":	"2020-04-20 20:05:49",
			"filename":	"Makefile.Debug",
			"share_status":	1,
			"pv":	0,
			"url":	"http://172.26.180.136:80/group1/M00/00/00/rBq0iF6dkB2AK8izAAWt2D1RNpc2.Debug",
			"size":	372184,
			"type":	"Debug"
		}, {
			"user":	"MarioHo",
			"md5":	"e1379314759ae19c6f106854131d28f0",
			"time":	"2020-04-20 20:16:52",
			"filename":	"login.h",
			"share_status":	0,
			"pv":	0,
			"url":	"http://172.26.180.136:80/group1/M00/00/00/rBq0iF6dkrSAMUArAAAEw63M3C014689.h",
			"size":	1219,
			"type":	"h"
		}]
}
[2020-04-25 20:31:15]--[src_cgi/myfiles_cgi.c:496]--cmd = count
[2020-04-25 20:31:15]--[src_cgi/myfiles_cgi.c:528]--buf = {
    "token": "7d367126994cb8d73f6f979384ff433b",
    "user": "MarioHo"
}

[2020-04-25 20:31:15]--[src_cgi/myfiles_cgi.c:176]--line = 2
[2020-04-25 20:31:15]--[src_cgi/myfiles_cgi.c:496]--cmd = normal
[2020-04-25 20:31:15]--[src_cgi/myfiles_cgi.c:528]--buf = {
    "count": 2,
    "start": 0,
    "token": "7d367126994cb8d73f6f979384ff433b",
    "user": "MarioHo"
}

[2020-04-25 20:31:15]--[src_cgi/myfiles_cgi.c:548]--user = MarioHo, token = 7d367126994cb8d73f6f979384ff433b, start = 0, count = 2
[2020-04-25 20:31:15]--[src_cgi/myfiles_cgi.c:306]--select user_file_list.*, file_info.url, file_info.size, file_info.type from file_info, user_file_list where user = 'MarioHo' and file_info.md5 = user_file_list.md5 limit 0, 2 在操作
[2020-04-25 20:31:15]--[src_cgi/myfiles_cgi.c:428]--{
	"files":	[{
			"user":	"MarioHo",
			"md5":	"fc7f3e94d9e67199560b84097e81be1f",
			"time":	"2020-04-20 20:05:49",
			"filename":	"Makefile.Debug",
			"share_status":	1,
			"pv":	0,
			"url":	"http://172.26.180.136:80/group1/M00/00/00/rBq0iF6dkB2AK8izAAWt2D1RNpc2.Debug",
			"size":	372184,
			"type":	"Debug"
		}, {
			"user":	"MarioHo",
			"md5":	"e1379314759ae19c6f106854131d28f0",
			"time":	"2020-04-20 20:16:52",
			"filename":	"login.h",
			"share_status":	0,
			"pv":	0,
			"url":	"http://172.26.180.136:80/group1/M00/00/00/rBq0iF6dkrSAMUArAAAEw63M3C014689.h",
			"size":	1219,
			"type":	"h"
		}]
}
[2020-04-25 20:32:35]--[src_cgi/myfiles_cgi.c:496]--cmd = count
[2020-04-25 20:32:35]--[src_cgi/myfiles_cgi.c:528]--buf = {
    "token": "7d367126994cb8d73f6f979384ff433b",
    "user": "MarioHo"
}

[2020-04-25 20:32:35]--[src_cgi/myfiles_cgi.c:176]--line = 2
[2020-04-25 20:32:36]--[src_cgi/myfiles_cgi.c:496]--cmd = normal
[2020-04-25 20:32:36]--[src_cgi/myfiles_cgi.c:528]--buf = {
    "count": 2,
    "start": 0,
    "token": "7d367126994cb8d73f6f979384ff433b",
    "user": "MarioHo"
}

[2020-04-25 20:32:36]--[src_cgi/myfiles_cgi.c:548]--user = MarioHo, token = 7d367126994cb8d73f6f979384ff433b, start = 0, count = 2
[2020-04-25 20:32:36]--[src_cgi/myfiles_cgi.c:306]--select user_file_list.*, file_info.url, file_info.size, file_info.type from file_info, user_file_list where user = 'MarioHo' and file_info.md5 = user_file_list.md5 limit 0, 2 在操作
[2020-04-25 20:32:36]--[src_cgi/myfiles_cgi.c:428]--{
	"files":	[{
			"user":	"MarioHo",
			"md5":	"fc7f3e94d9e67199560b84097e81be1f",
			"time":	"2020-04-20 20:05:49",
			"filename":	"Makefile.Debug",
			"share_status":	1,
			"pv":	0,
			"url":	"http://172.26.180.136:80/group1/M00/00/00/rBq0iF6dkB2AK8izAAWt2D1RNpc2.Debug",
			"size":	372184,
			"type":	"Debug"
		}, {
			"user":	"MarioHo",
			"md5":	"e1379314759ae19c6f106854131d28f0",
			"time":	"2020-04-20 20:16:52",
			"filename":	"login.h",
			"share_status":	0,
			"pv":	1,
			"url":	"http://172.26.180.136:80/group1/M00/00/00/rBq0iF6dkrSAMUArAAAEw63M3C014689.h",
			"size":	1219,
			"type":	"h"
		}]
}
[2020-04-25 20:34:23]--[src_cgi/myfiles_cgi.c:496]--cmd = count
[2020-04-25 20:34:23]--[src_cgi/myfiles_cgi.c:528]--buf = {
    "token": "7d367126994cb8d73f6f979384ff433b",
    "user": "MarioHo"
}

[2020-04-25 20:34:23]--[src_cgi/myfiles_cgi.c:176]--line = 2
[2020-04-25 20:34:23]--[src_cgi/myfiles_cgi.c:496]--cmd = normal
[2020-04-25 20:34:23]--[src_cgi/myfiles_cgi.c:528]--buf = {
    "count": 2,
    "start": 0,
    "token": "7d367126994cb8d73f6f979384ff433b",
    "user": "MarioHo"
}

[2020-04-25 20:34:23]--[src_cgi/myfiles_cgi.c:548]--user = MarioHo, token = 7d367126994cb8d73f6f979384ff433b, start = 0, count = 2
[2020-04-25 20:34:23]--[src_cgi/myfiles_cgi.c:306]--select user_file_list.*, file_info.url, file_info.size, file_info.type from file_info, user_file_list where user = 'MarioHo' and file_info.md5 = user_file_list.md5 limit 0, 2 在操作
[2020-04-25 20:34:23]--[src_cgi/myfiles_cgi.c:428]--{
	"files":	[{
			"user":	"MarioHo",
			"md5":	"fc7f3e94d9e67199560b84097e81be1f",
			"time":	"2020-04-20 20:05:49",
			"filename":	"Makefile.Debug",
			"share_status":	1,
			"pv":	1,
			"url":	"http://172.26.180.136:80/group1/M00/00/00/rBq0iF6dkB2AK8izAAWt2D1RNpc2.Debug",
			"size":	372184,
			"type":	"Debug"
		}, {
			"user":	"MarioHo",
			"md5":	"e1379314759ae19c6f106854131d28f0",
			"time":	"2020-04-20 20:16:52",
			"filename":	"login.h",
			"share_status":	0,
			"pv":	1,
			"url":	"http://172.26.180.136:80/group1/M00/00/00/rBq0iF6dkrSAMUArAAAEw63M3C014689.h",
			"size":	1219,
			"type":	"h"
		}]
}
[2020-04-25 20:34:56]--[src_cgi/myfiles_cgi.c:496]--cmd = count
[2020-04-25 20:34:56]--[src_cgi/myfiles_cgi.c:528]--buf = {
    "token": "7d367126994cb8d73f6f979384ff433b",
    "user": "MarioHo"
}

[2020-04-25 20:34:56]--[src_cgi/myfiles_cgi.c:176]--line = 3
[2020-04-25 20:34:56]--[src_cgi/myfiles_cgi.c:496]--cmd = normal
[2020-04-25 20:34:56]--[src_cgi/myfiles_cgi.c:528]--buf = {
    "count": 3,
    "start": 0,
    "token": "7d367126994cb8d73f6f979384ff433b",
    "user": "MarioHo"
}

[2020-04-25 20:34:56]--[src_cgi/myfiles_cgi.c:548]--user = MarioHo, token = 7d367126994cb8d73f6f979384ff433b, start = 0, count = 3
[2020-04-25 20:34:56]--[src_cgi/myfiles_cgi.c:306]--select user_file_list.*, file_info.url, file_info.size, file_info.type from file_info, user_file_list where user = 'MarioHo' and file_info.md5 = user_file_list.md5 limit 0, 3 在操作
[2020-04-25 20:34:56]--[src_cgi/myfiles_cgi.c:428]--{
	"files":	[{
			"user":	"MarioHo",
			"md5":	"fc7f3e94d9e67199560b84097e81be1f",
			"time":	"2020-04-20 20:05:49",
			"filename":	"Makefile.Debug",
			"share_status":	1,
			"pv":	1,
			"url":	"http://172.26.180.136:80/group1/M00/00/00/rBq0iF6dkB2AK8izAAWt2D1RNpc2.Debug",
			"size":	372184,
			"type":	"Debug"
		}, {
			"user":	"MarioHo",
			"md5":	"e1379314759ae19c6f106854131d28f0",
			"time":	"2020-04-20 20:16:52",
			"filename":	"login.h",
			"share_status":	0,
			"pv":	1,
			"url":	"http://172.26.180.136:80/group1/M00/00/00/rBq0iF6dkrSAMUArAAAEw63M3C014689.h",
			"size":	1219,
			"type":	"h"
		}, {
			"user":	"MarioHo",
			"md5":	"c8d76e67e10f9c9ed90d1ed5bf23cc40",
			"time":	"2020-04-25 20:34:55",
			"filename":	"账号密码.txt",
			"share_status":	0,
			"pv":	0,
			"url":	"http://172.26.180.136:80/group1/M00/00/00/rBq0iF6kLm-AWWMXAAADTiA6f68819.txt",
			"size":	846,
			"type":	"txt"
		}]
}
[2020-04-25 20:36:18]--[src_cgi/myfiles_cgi.c:496]--cmd = count
[2020-04-25 20:36:18]--[src_cgi/myfiles_cgi.c:528]--buf = {
    "token": "7d367126994cb8d73f6f979384ff433b",
    "user": "MarioHo"
}

[2020-04-25 20:36:18]--[src_cgi/myfiles_cgi.c:176]--line = 3
[2020-04-25 20:36:18]--[src_cgi/myfiles_cgi.c:496]--cmd = normal
[2020-04-25 20:36:18]--[src_cgi/myfiles_cgi.c:528]--buf = {
    "count": 3,
    "start": 0,
    "token": "7d367126994cb8d73f6f979384ff433b",
    "user": "MarioHo"
}

[2020-04-25 20:36:18]--[src_cgi/myfiles_cgi.c:548]--user = MarioHo, token = 7d367126994cb8d73f6f979384ff433b, start = 0, count = 3
[2020-04-25 20:36:18]--[src_cgi/myfiles_cgi.c:306]--select user_file_list.*, file_info.url, file_info.size, file_info.type from file_info, user_file_list where user = 'MarioHo' and file_info.md5 = user_file_list.md5 limit 0, 3 在操作
[2020-04-25 20:36:18]--[src_cgi/myfiles_cgi.c:428]--{
	"files":	[{
			"user":	"MarioHo",
			"md5":	"fc7f3e94d9e67199560b84097e81be1f",
			"time":	"2020-04-20 20:05:49",
			"filename":	"Makefile.Debug",
			"share_status":	1,
			"pv":	1,
			"url":	"http://172.26.180.136:80/group1/M00/00/00/rBq0iF6dkB2AK8izAAWt2D1RNpc2.Debug",
			"size":	372184,
			"type":	"Debug"
		}, {
			"user":	"MarioHo",
			"md5":	"e1379314759ae19c6f106854131d28f0",
			"time":	"2020-04-20 20:16:52",
			"filename":	"login.h",
			"share_status":	0,
			"pv":	1,
			"url":	"http://172.26.180.136:80/group1/M00/00/00/rBq0iF6dkrSAMUArAAAEw63M3C014689.h",
			"size":	1219,
			"type":	"h"
		}, {
			"user":	"MarioHo",
			"md5":	"c8d76e67e10f9c9ed90d1ed5bf23cc40",
			"time":	"2020-04-25 20:34:55",
			"filename":	"账号密码.txt",
			"share_status":	0,
			"pv":	1,
			"url":	"http://172.26.180.136:80/group1/M00/00/00/rBq0iF6kLm-AWWMXAAADTiA6f68819.txt",
			"size":	846,
			"type":	"txt"
		}]
}
[2020-04-25 20:41:14]--[src_cgi/myfiles_cgi.c:40]--mysql:[user=root,pwd=123456,database=cloud_disk][2020-04-25 20:41:20]--[src_cgi/myfiles_cgi.c:496]--cmd = count
[2020-04-25 20:41:20]--[src_cgi/myfiles_cgi.c:528]--buf = {
    "token": "aab2b7d2534f89923531723154f1c483",
    "user": "MarioHo"
}

[2020-04-25 20:41:20]--[src_cgi/myfiles_cgi.c:176]--line = 3
[2020-04-25 20:41:21]--[src_cgi/myfiles_cgi.c:496]--cmd = normal
[2020-04-25 20:41:21]--[src_cgi/myfiles_cgi.c:528]--buf = {
    "count": 3,
    "start": 0,
    "token": "aab2b7d2534f89923531723154f1c483",
    "user": "MarioHo"
}

[2020-04-25 20:41:21]--[src_cgi/myfiles_cgi.c:548]--user = MarioHo, token = aab2b7d2534f89923531723154f1c483, start = 0, count = 3
[2020-04-25 20:41:21]--[src_cgi/myfiles_cgi.c:306]--select user_file_list.*, file_info.url, file_info.size, file_info.type from file_info, user_file_list where user = 'MarioHo' and file_info.md5 = user_file_list.md5 limit 0, 3 在操作
[2020-04-25 20:41:21]--[src_cgi/myfiles_cgi.c:428]--{
	"files":	[{
			"user":	"MarioHo",
			"md5":	"fc7f3e94d9e67199560b84097e81be1f",
			"time":	"2020-04-20 20:05:49",
			"filename":	"Makefile.Debug",
			"share_status":	1,
			"pv":	1,
			"url":	"http://172.26.180.136:80/group1/M00/00/00/rBq0iF6dkB2AK8izAAWt2D1RNpc2.Debug",
			"size":	372184,
			"type":	"Debug"
		}, {
			"user":	"MarioHo",
			"md5":	"e1379314759ae19c6f106854131d28f0",
			"time":	"2020-04-20 20:16:52",
			"filename":	"login.h",
			"share_status":	0,
			"pv":	1,
			"url":	"http://172.26.180.136:80/group1/M00/00/00/rBq0iF6dkrSAMUArAAAEw63M3C014689.h",
			"size":	1219,
			"type":	"h"
		}, {
			"user":	"MarioHo",
			"md5":	"c8d76e67e10f9c9ed90d1ed5bf23cc40",
			"time":	"2020-04-25 20:34:55",
			"filename":	"账号密码.txt",
			"share_status":	0,
			"pv":	2,
			"url":	"http://172.26.180.136:80/group1/M00/00/00/rBq0iF6kLm-AWWMXAAADTiA6f68819.txt",
			"size":	846,
			"type":	"txt"
		}]
}
[2020-04-25 20:49:34]--[src_cgi/myfiles_cgi.c:40]--mysql:[user=root,pwd=123456,database=cloud_disk][2020-04-25 20:49:52]--[src_cgi/myfiles_cgi.c:496]--cmd = count
[2020-04-25 20:49:52]--[src_cgi/myfiles_cgi.c:528]--buf = {
    "token": "aab2b7d2534f89923531723154f1c483",
    "user": "MarioHo"
}

[2020-04-25 20:49:52]--[src_cgi/myfiles_cgi.c:176]--line = 3
[2020-04-25 20:49:52]--[src_cgi/myfiles_cgi.c:496]--cmd = normal
[2020-04-25 20:49:52]--[src_cgi/myfiles_cgi.c:528]--buf = {
    "count": 3,
    "start": 0,
    "token": "aab2b7d2534f89923531723154f1c483",
    "user": "MarioHo"
}

[2020-04-25 20:49:52]--[src_cgi/myfiles_cgi.c:548]--user = MarioHo, token = aab2b7d2534f89923531723154f1c483, start = 0, count = 3
[2020-04-25 20:49:57]--[src_cgi/myfiles_cgi.c:496]--cmd = count
[2020-04-25 20:49:57]--[src_cgi/myfiles_cgi.c:528]--buf = {
    "token": "d180d0d1acd3096aaffab4bb57cdbe24",
    "user": "MarioHo"
}

[2020-04-25 20:49:57]--[src_cgi/myfiles_cgi.c:176]--line = 3
[2020-04-25 20:49:57]--[src_cgi/myfiles_cgi.c:496]--cmd = normal
[2020-04-25 20:49:57]--[src_cgi/myfiles_cgi.c:528]--buf = {
    "count": 3,
    "start": 0,
    "token": "d180d0d1acd3096aaffab4bb57cdbe24",
    "user": "MarioHo"
}

[2020-04-25 20:49:57]--[src_cgi/myfiles_cgi.c:548]--user = MarioHo, token = d180d0d1acd3096aaffab4bb57cdbe24, start = 0, count = 3
[2020-04-25 20:49:57]--[src_cgi/myfiles_cgi.c:306]--select user_file_list.*, file_info.url, file_info.size, file_info.type from file_info, user_file_list where user = 'MarioHo' and file_info.md5 = user_file_list.md5 limit 0, 3 在操作
[2020-04-25 20:49:57]--[src_cgi/myfiles_cgi.c:428]--{
	"files":	[{
			"user":	"MarioHo",
			"md5":	"fc7f3e94d9e67199560b84097e81be1f",
			"time":	"2020-04-20 20:05:49",
			"filename":	"Makefile.Debug",
			"share_status":	1,
			"pv":	1,
			"url":	"http://172.26.180.136:80/group1/M00/00/00/rBq0iF6dkB2AK8izAAWt2D1RNpc2.Debug",
			"size":	372184,
			"type":	"Debug"
		}, {
			"user":	"MarioHo",
			"md5":	"e1379314759ae19c6f106854131d28f0",
			"time":	"2020-04-20 20:16:52",
			"filename":	"login.h",
			"share_status":	0,
			"pv":	1,
			"url":	"http://172.26.180.136:80/group1/M00/00/00/rBq0iF6dkrSAMUArAAAEw63M3C014689.h",
			"size":	1219,
			"type":	"h"
		}, {
			"user":	"MarioHo",
			"md5":	"c8d76e67e10f9c9ed90d1ed5bf23cc40",
			"time":	"2020-04-25 20:34:55",
			"filename":	"账号密码.txt",
			"share_status":	0,
			"pv":	3,
			"url":	"http://172.26.180.136:80/group1/M00/00/00/rBq0iF6kLm-AWWMXAAADTiA6f68819.txt",
			"size":	846,
			"type":	"txt"
		}]
}
[2020-04-25 20:51:14]--[src_cgi/myfiles_cgi.c:40]--mysql:[user=root,pwd=123456,database=cloud_disk][2020-04-25 20:51:37]--[src_cgi/myfiles_cgi.c:40]--mysql:[user=root,pwd=123456,database=cloud_disk][2020-04-25 20:51:49]--[src_cgi/myfiles_cgi.c:496]--cmd = count
[2020-04-25 20:51:49]--[src_cgi/myfiles_cgi.c:528]--buf = {
    "token": "d180d0d1acd3096aaffab4bb57cdbe24",
    "user": "MarioHo"
}

[2020-04-25 20:51:49]--[src_cgi/myfiles_cgi.c:176]--line = 3
[2020-04-25 20:51:49]--[src_cgi/myfiles_cgi.c:496]--cmd = normal
[2020-04-25 20:51:49]--[src_cgi/myfiles_cgi.c:528]--buf = {
    "count": 3,
    "start": 0,
    "token": "d180d0d1acd3096aaffab4bb57cdbe24",
    "user": "MarioHo"
}

[2020-04-25 20:51:49]--[src_cgi/myfiles_cgi.c:548]--user = MarioHo, token = d180d0d1acd3096aaffab4bb57cdbe24, start = 0, count = 3
[2020-04-25 20:58:20]--[src_cgi/myfiles_cgi.c:496]--cmd = count
[2020-04-25 20:58:20]--[src_cgi/myfiles_cgi.c:528]--buf = {
    "token": "9733b926961ea7fa862d26484eee6685",
    "user": "MarioHo"
}

[2020-04-25 20:58:20]--[src_cgi/myfiles_cgi.c:176]--line = 3
[2020-04-25 20:58:20]--[src_cgi/myfiles_cgi.c:496]--cmd = normal
[2020-04-25 20:58:20]--[src_cgi/myfiles_cgi.c:528]--buf = {
    "count": 3,
    "start": 0,
    "token": "9733b926961ea7fa862d26484eee6685",
    "user": "MarioHo"
}

[2020-04-25 20:58:20]--[src_cgi/myfiles_cgi.c:548]--user = MarioHo, token = 9733b926961ea7fa862d26484eee6685, start = 0, count = 3
[2020-04-25 20:58:20]--[src_cgi/myfiles_cgi.c:306]--select user_file_list.*, file_info.url, file_info.size, file_info.type from file_info, user_file_list where user = 'MarioHo' and file_info.md5 = user_file_list.md5 limit 0, 3 在操作
[2020-04-25 20:58:20]--[src_cgi/myfiles_cgi.c:428]--{
	"files":	[{
			"user":	"MarioHo",
			"md5":	"fc7f3e94d9e67199560b84097e81be1f",
			"time":	"2020-04-20 20:05:49",
			"filename":	"Makefile.Debug",
			"share_status":	1,
			"pv":	1,
			"url":	"http://172.26.180.136:80/group1/M00/00/00/rBq0iF6dkB2AK8izAAWt2D1RNpc2.Debug",
			"size":	372184,
			"type":	"Debug"
		}, {
			"user":	"MarioHo",
			"md5":	"e1379314759ae19c6f106854131d28f0",
			"time":	"2020-04-20 20:16:52",
			"filename":	"login.h",
			"share_status":	0,
			"pv":	1,
			"url":	"http://172.26.180.136:80/group1/M00/00/00/rBq0iF6dkrSAMUArAAAEw63M3C014689.h",
			"size":	1219,
			"type":	"h"
		}, {
			"user":	"MarioHo",
			"md5":	"c8d76e67e10f9c9ed90d1ed5bf23cc40",
			"time":	"2020-04-25 20:34:55",
			"filename":	"账号密码.txt",
			"share_status":	0,
			"pv":	4,
			"url":	"http://172.26.180.136:80/group1/M00/00/00/rBq0iF6kLm-AWWMXAAADTiA6f68819.txt",
			"size":	846,
			"type":	"txt"
		}]
}
[2020-04-25 21:16:02]--[src_cgi/myfiles_cgi.c:496]--cmd = count
[2020-04-25 21:16:02]--[src_cgi/myfiles_cgi.c:528]--buf = {
    "token": "9733b926961ea7fa862d26484eee6685",
    "user": "MarioHo"
}

[2020-04-25 21:16:02]--[src_cgi/myfiles_cgi.c:176]--line = 3
[2020-04-25 21:16:03]--[src_cgi/myfiles_cgi.c:496]--cmd = normal
[2020-04-25 21:16:03]--[src_cgi/myfiles_cgi.c:528]--buf = {
    "count": 3,
    "start": 0,
    "token": "9733b926961ea7fa862d26484eee6685",
    "user": "MarioHo"
}

[2020-04-25 21:16:03]--[src_cgi/myfiles_cgi.c:548]--user = MarioHo, token = 9733b926961ea7fa862d26484eee6685, start = 0, count = 3
[2020-04-25 21:16:03]--[src_cgi/myfiles_cgi.c:306]--select user_file_list.*, file_info.url, file_info.size, file_info.type from file_info, user_file_list where user = 'MarioHo' and file_info.md5 = user_file_list.md5 limit 0, 3 在操作
[2020-04-25 21:16:03]--[src_cgi/myfiles_cgi.c:428]--{
	"files":	[{
			"user":	"MarioHo",
			"md5":	"fc7f3e94d9e67199560b84097e81be1f",
			"time":	"2020-04-20 20:05:49",
			"filename":	"Makefile.Debug",
			"share_status":	1,
			"pv":	1,
			"url":	"http://172.26.180.136:80/group1/M00/00/00/rBq0iF6dkB2AK8izAAWt2D1RNpc2.Debug",
			"size":	372184,
			"type":	"Debug"
		}, {
			"user":	"MarioHo",
			"md5":	"e1379314759ae19c6f106854131d28f0",
			"time":	"2020-04-20 20:16:52",
			"filename":	"login.h",
			"share_status":	0,
			"pv":	1,
			"url":	"http://172.26.180.136:80/group1/M00/00/00/rBq0iF6dkrSAMUArAAAEw63M3C014689.h",
			"size":	1219,
			"type":	"h"
		}, {
			"user":	"MarioHo",
			"md5":	"c8d76e67e10f9c9ed90d1ed5bf23cc40",
			"time":	"2020-04-25 20:34:55",
			"filename":	"账号密码.txt",
			"share_status":	0,
			"pv":	5,
			"url":	"http://172.26.180.136:80/group1/M00/00/00/rBq0iF6kLm-AWWMXAAADTiA6f68819.txt",
			"size":	846,
			"type":	"txt"
		}]
}
[2020-04-25 21:22:07]--[src_cgi/myfiles_cgi.c:496]--cmd = count
[2020-04-25 21:22:07]--[src_cgi/myfiles_cgi.c:528]--buf = {
    "token": "9733b926961ea7fa862d26484eee6685",
    "user": "MarioHo"
}

[2020-04-25 21:22:07]--[src_cgi/myfiles_cgi.c:176]--line = 3
[2020-04-25 21:22:07]--[src_cgi/myfiles_cgi.c:496]--cmd = normal
[2020-04-25 21:22:07]--[src_cgi/myfiles_cgi.c:528]--buf = {
    "count": 3,
    "start": 0,
    "token": "9733b926961ea7fa862d26484eee6685",
    "user": "MarioHo"
}

[2020-04-25 21:22:07]--[src_cgi/myfiles_cgi.c:548]--user = MarioHo, token = 9733b926961ea7fa862d26484eee6685, start = 0, count = 3
[2020-04-25 21:22:07]--[src_cgi/myfiles_cgi.c:306]--select user_file_list.*, file_info.url, file_info.size, file_info.type from file_info, user_file_list where user = 'MarioHo' and file_info.md5 = user_file_list.md5 limit 0, 3 在操作
[2020-04-25 21:22:07]--[src_cgi/myfiles_cgi.c:428]--{
	"files":	[{
			"user":	"MarioHo",
			"md5":	"fc7f3e94d9e67199560b84097e81be1f",
			"time":	"2020-04-20 20:05:49",
			"filename":	"Makefile.Debug",
			"share_status":	1,
			"pv":	1,
			"url":	"http://172.26.180.136:80/group1/M00/00/00/rBq0iF6dkB2AK8izAAWt2D1RNpc2.Debug",
			"size":	372184,
			"type":	"Debug"
		}, {
			"user":	"MarioHo",
			"md5":	"e1379314759ae19c6f106854131d28f0",
			"time":	"2020-04-20 20:16:52",
			"filename":	"login.h",
			"share_status":	0,
			"pv":	1,
			"url":	"http://172.26.180.136:80/group1/M00/00/00/rBq0iF6dkrSAMUArAAAEw63M3C014689.h",
			"size":	1219,
			"type":	"h"
		}, {
			"user":	"MarioHo",
			"md5":	"c8d76e67e10f9c9ed90d1ed5bf23cc40",
			"time":	"2020-04-25 20:34:55",
			"filename":	"账号密码.txt",
			"share_status":	0,
			"pv":	6,
			"url":	"http://172.26.180.136:80/group1/M00/00/00/rBq0iF6kLm-AWWMXAAADTiA6f68819.txt",
			"size":	846,
			"type":	"txt"
		}]
}
[2020-04-25 21:41:30]--[src_cgi/myfiles_cgi.c:40]--mysql:[user=root,pwd=123456,database=cloud_disk][2020-04-25 21:57:05]--[src_cgi/myfiles_cgi.c:40]--mysql:[user=root,pwd=123456,database=cloud_disk][2020-04-25 21:58:57]--[src_cgi/myfiles_cgi.c:496]--cmd = count
[2020-04-25 21:58:57]--[src_cgi/myfiles_cgi.c:528]--buf = {
    "token": "6bb70bef1b0a537e9fa08ae42701c9af",
    "user": "MarioHo"
}

[2020-04-25 21:58:57]--[src_cgi/myfiles_cgi.c:176]--line = 3
[2020-04-25 21:58:57]--[src_cgi/myfiles_cgi.c:496]--cmd = normal
[2020-04-25 21:58:57]--[src_cgi/myfiles_cgi.c:528]--buf = {
    "count": 3,
    "start": 0,
    "token": "6bb70bef1b0a537e9fa08ae42701c9af",
    "user": "MarioHo"
}

[2020-04-25 21:58:57]--[src_cgi/myfiles_cgi.c:548]--user = MarioHo, token = 6bb70bef1b0a537e9fa08ae42701c9af, start = 0, count = 3
[2020-04-25 21:58:57]--[src_cgi/myfiles_cgi.c:306]--select user_file_list.*, file_info.url, file_info.size, file_info.type from file_info, user_file_list where user = 'MarioHo' and file_info.md5 = user_file_list.md5 limit 0, 3 在操作
[2020-04-25 21:58:57]--[src_cgi/myfiles_cgi.c:428]--{
	"files":	[{
			"user":	"MarioHo",
			"md5":	"fc7f3e94d9e67199560b84097e81be1f",
			"time":	"2020-04-20 20:05:49",
			"filename":	"Makefile.Debug",
			"share_status":	1,
			"pv":	1,
			"url":	"http://172.26.180.136:80/group1/M00/00/00/rBq0iF6dkB2AK8izAAWt2D1RNpc2.Debug",
			"size":	372184,
			"type":	"Debug"
		}, {
			"user":	"MarioHo",
			"md5":	"e1379314759ae19c6f106854131d28f0",
			"time":	"2020-04-20 20:16:52",
			"filename":	"login.h",
			"share_status":	0,
			"pv":	1,
			"url":	"http://172.26.180.136:80/group1/M00/00/00/rBq0iF6dkrSAMUArAAAEw63M3C014689.h",
			"size":	1219,
			"type":	"h"
		}, {
			"user":	"MarioHo",
			"md5":	"c8d76e67e10f9c9ed90d1ed5bf23cc40",
			"time":	"2020-04-25 20:34:55",
			"filename":	"账号密码.txt",
			"share_status":	0,
			"pv":	6,
			"url":	"http://172.26.180.136:80/group1/M00/00/00/rBq0iF6kLm-AWWMXAAADTiA6f68819.txt",
			"size":	846,
			"type":	"txt"
		}]
}
[2020-04-25 22:00:55]--[src_cgi/myfiles_cgi.c:496]--cmd = count
[2020-04-25 22:00:55]--[src_cgi/myfiles_cgi.c:528]--buf = {
    "token": "6bb70bef1b0a537e9fa08ae42701c9af",
    "user": "MarioHo"
}

[2020-04-25 22:00:55]--[src_cgi/myfiles_cgi.c:176]--line = 3
[2020-04-25 22:00:55]--[src_cgi/myfiles_cgi.c:496]--cmd = normal
[2020-04-25 22:00:55]--[src_cgi/myfiles_cgi.c:528]--buf = {
    "count": 3,
    "start": 0,
    "token": "6bb70bef1b0a537e9fa08ae42701c9af",
    "user": "MarioHo"
}

[2020-04-25 22:00:55]--[src_cgi/myfiles_cgi.c:548]--user = MarioHo, token = 6bb70bef1b0a537e9fa08ae42701c9af, start = 0, count = 3
[2020-04-25 22:00:55]--[src_cgi/myfiles_cgi.c:306]--select user_file_list.*, file_info.url, file_info.size, file_info.type from file_info, user_file_list where user = 'MarioHo' and file_info.md5 = user_file_list.md5 limit 0, 3 在操作
[2020-04-25 22:00:55]--[src_cgi/myfiles_cgi.c:428]--{
	"files":	[{
			"user":	"MarioHo",
			"md5":	"fc7f3e94d9e67199560b84097e81be1f",
			"time":	"2020-04-20 20:05:49",
			"filename":	"Makefile.Debug",
			"share_status":	1,
			"pv":	1,
			"url":	"http://172.26.180.136:80/group1/M00/00/00/rBq0iF6dkB2AK8izAAWt2D1RNpc2.Debug",
			"size":	372184,
			"type":	"Debug"
		}, {
			"user":	"MarioHo",
			"md5":	"e1379314759ae19c6f106854131d28f0",
			"time":	"2020-04-20 20:16:52",
			"filename":	"login.h",
			"share_status":	0,
			"pv":	1,
			"url":	"http://172.26.180.136:80/group1/M00/00/00/rBq0iF6dkrSAMUArAAAEw63M3C014689.h",
			"size":	1219,
			"type":	"h"
		}, {
			"user":	"MarioHo",
			"md5":	"c8d76e67e10f9c9ed90d1ed5bf23cc40",
			"time":	"2020-04-25 20:34:55",
			"filename":	"账号密码.txt",
			"share_status":	0,
			"pv":	7,
			"url":	"http://172.26.180.136:80/group1/M00/00/00/rBq0iF6kLm-AWWMXAAADTiA6f68819.txt",
			"size":	846,
			"type":	"txt"
		}]
}
[2020-04-25 22:00:58]--[src_cgi/myfiles_cgi.c:496]--cmd = count
[2020-04-25 22:00:58]--[src_cgi/myfiles_cgi.c:528]--buf = {
    "token": "a4a9df3d6809af0e2d35f2b9119df610",
    "user": "MarioHo"
}

[2020-04-25 22:00:58]--[src_cgi/myfiles_cgi.c:176]--line = 3
[2020-04-25 22:00:58]--[src_cgi/myfiles_cgi.c:496]--cmd = normal
[2020-04-25 22:00:58]--[src_cgi/myfiles_cgi.c:528]--buf = {
    "count": 3,
    "start": 0,
    "token": "a4a9df3d6809af0e2d35f2b9119df610",
    "user": "MarioHo"
}

[2020-04-25 22:00:58]--[src_cgi/myfiles_cgi.c:548]--user = MarioHo, token = a4a9df3d6809af0e2d35f2b9119df610, start = 0, count = 3
[2020-04-25 22:00:58]--[src_cgi/myfiles_cgi.c:306]--select user_file_list.*, file_info.url, file_info.size, file_info.type from file_info, user_file_list where user = 'MarioHo' and file_info.md5 = user_file_list.md5 limit 0, 3 在操作
[2020-04-25 22:00:58]--[src_cgi/myfiles_cgi.c:428]--{
	"files":	[{
			"user":	"MarioHo",
			"md5":	"fc7f3e94d9e67199560b84097e81be1f",
			"time":	"2020-04-20 20:05:49",
			"filename":	"Makefile.Debug",
			"share_status":	1,
			"pv":	1,
			"url":	"http://172.26.180.136:80/group1/M00/00/00/rBq0iF6dkB2AK8izAAWt2D1RNpc2.Debug",
			"size":	372184,
			"type":	"Debug"
		}, {
			"user":	"MarioHo",
			"md5":	"e1379314759ae19c6f106854131d28f0",
			"time":	"2020-04-20 20:16:52",
			"filename":	"login.h",
			"share_status":	0,
			"pv":	1,
			"url":	"http://172.26.180.136:80/group1/M00/00/00/rBq0iF6dkrSAMUArAAAEw63M3C014689.h",
			"size":	1219,
			"type":	"h"
		}, {
			"user":	"MarioHo",
			"md5":	"c8d76e67e10f9c9ed90d1ed5bf23cc40",
			"time":	"2020-04-25 20:34:55",
			"filename":	"账号密码.txt",
			"share_status":	0,
			"pv":	7,
			"url":	"http://172.26.180.136:80/group1/M00/00/00/rBq0iF6kLm-AWWMXAAADTiA6f68819.txt",
			"size":	846,
			"type":	"txt"
		}]
}
[2020-04-25 22:03:13]--[src_cgi/myfiles_cgi.c:496]--cmd = count
[2020-04-25 22:03:13]--[src_cgi/myfiles_cgi.c:528]--buf = {
    "token": "a4a9df3d6809af0e2d35f2b9119df610",
    "user": "MarioHo"
}

[2020-04-25 22:03:13]--[src_cgi/myfiles_cgi.c:176]--line = 3
[2020-04-25 22:03:13]--[src_cgi/myfiles_cgi.c:496]--cmd = normal
[2020-04-25 22:03:13]--[src_cgi/myfiles_cgi.c:528]--buf = {
    "count": 3,
    "start": 0,
    "token": "a4a9df3d6809af0e2d35f2b9119df610",
    "user": "MarioHo"
}

[2020-04-25 22:03:13]--[src_cgi/myfiles_cgi.c:548]--user = MarioHo, token = a4a9df3d6809af0e2d35f2b9119df610, start = 0, count = 3
[2020-04-25 22:03:13]--[src_cgi/myfiles_cgi.c:306]--select user_file_list.*, file_info.url, file_info.size, file_info.type from file_info, user_file_list where user = 'MarioHo' and file_info.md5 = user_file_list.md5 limit 0, 3 在操作
[2020-04-25 22:03:13]--[src_cgi/myfiles_cgi.c:428]--{
	"files":	[{
			"user":	"MarioHo",
			"md5":	"fc7f3e94d9e67199560b84097e81be1f",
			"time":	"2020-04-20 20:05:49",
			"filename":	"Makefile.Debug",
			"share_status":	1,
			"pv":	1,
			"url":	"http://172.26.180.136:80/group1/M00/00/00/rBq0iF6dkB2AK8izAAWt2D1RNpc2.Debug",
			"size":	372184,
			"type":	"Debug"
		}, {
			"user":	"MarioHo",
			"md5":	"e1379314759ae19c6f106854131d28f0",
			"time":	"2020-04-20 20:16:52",
			"filename":	"login.h",
			"share_status":	0,
			"pv":	1,
			"url":	"http://172.26.180.136:80/group1/M00/00/00/rBq0iF6dkrSAMUArAAAEw63M3C014689.h",
			"size":	1219,
			"type":	"h"
		}, {
			"user":	"MarioHo",
			"md5":	"c8d76e67e10f9c9ed90d1ed5bf23cc40",
			"time":	"2020-04-25 20:34:55",
			"filename":	"账号密码.txt",
			"share_status":	0,
			"pv":	8,
			"url":	"http://172.26.180.136:80/group1/M00/00/00/rBq0iF6kLm-AWWMXAAADTiA6f68819.txt",
			"size":	846,
			"type":	"txt"
		}]
}
[2020-04-25 22:03:39]--[src_cgi/myfiles_cgi.c:496]--cmd = count
[2020-04-25 22:03:39]--[src_cgi/myfiles_cgi.c:528]--buf = {
    "token": "a4a9df3d6809af0e2d35f2b9119df610",
    "user": "MarioHo"
}

[2020-04-25 22:03:39]--[src_cgi/myfiles_cgi.c:176]--line = 3
[2020-04-25 22:03:39]--[src_cgi/myfiles_cgi.c:496]--cmd = normal
[2020-04-25 22:03:39]--[src_cgi/myfiles_cgi.c:528]--buf = {
    "count": 3,
    "start": 0,
    "token": "a4a9df3d6809af0e2d35f2b9119df610",
    "user": "MarioHo"
}

[2020-04-25 22:03:39]--[src_cgi/myfiles_cgi.c:548]--user = MarioHo, token = a4a9df3d6809af0e2d35f2b9119df610, start = 0, count = 3
[2020-04-25 22:03:39]--[src_cgi/myfiles_cgi.c:306]--select user_file_list.*, file_info.url, file_info.size, file_info.type from file_info, user_file_list where user = 'MarioHo' and file_info.md5 = user_file_list.md5 limit 0, 3 在操作
[2020-04-25 22:03:39]--[src_cgi/myfiles_cgi.c:428]--{
	"files":	[{
			"user":	"MarioHo",
			"md5":	"fc7f3e94d9e67199560b84097e81be1f",
			"time":	"2020-04-20 20:05:49",
			"filename":	"Makefile.Debug",
			"share_status":	1,
			"pv":	1,
			"url":	"http://172.26.180.136:80/group1/M00/00/00/rBq0iF6dkB2AK8izAAWt2D1RNpc2.Debug",
			"size":	372184,
			"type":	"Debug"
		}, {
			"user":	"MarioHo",
			"md5":	"e1379314759ae19c6f106854131d28f0",
			"time":	"2020-04-20 20:16:52",
			"filename":	"login.h",
			"share_status":	0,
			"pv":	1,
			"url":	"http://172.26.180.136:80/group1/M00/00/00/rBq0iF6dkrSAMUArAAAEw63M3C014689.h",
			"size":	1219,
			"type":	"h"
		}, {
			"user":	"MarioHo",
			"md5":	"d41d8cd98f00b204e9800998ecf8427e",
			"time":	"2020-04-25 22:03:36",
			"filename":	"账号密码.txt",
			"share_status":	0,
			"pv":	0,
			"url":	"http://172.26.180.136:80/group1/M00/00/00/rBq0iF6kQziAP26VAAAAAAAAAAA952.txt",
			"size":	0,
			"type":	"txt"
		}]
}
[2020-04-25 22:04:00]--[src_cgi/myfiles_cgi.c:496]--cmd = count
[2020-04-25 22:04:00]--[src_cgi/myfiles_cgi.c:528]--buf = {
    "token": "a4a9df3d6809af0e2d35f2b9119df610",
    "user": "MarioHo"
}

[2020-04-25 22:04:00]--[src_cgi/myfiles_cgi.c:176]--line = 3
[2020-04-25 22:04:00]--[src_cgi/myfiles_cgi.c:496]--cmd = normal
[2020-04-25 22:04:00]--[src_cgi/myfiles_cgi.c:528]--buf = {
    "count": 3,
    "start": 0,
    "token": "a4a9df3d6809af0e2d35f2b9119df610",
    "user": "MarioHo"
}

[2020-04-25 22:04:00]--[src_cgi/myfiles_cgi.c:548]--user = MarioHo, token = a4a9df3d6809af0e2d35f2b9119df610, start = 0, count = 3
[2020-04-25 22:04:00]--[src_cgi/myfiles_cgi.c:306]--select user_file_list.*, file_info.url, file_info.size, file_info.type from file_info, user_file_list where user = 'MarioHo' and file_info.md5 = user_file_list.md5 limit 0, 3 在操作
[2020-04-25 22:04:00]--[src_cgi/myfiles_cgi.c:428]--{
	"files":	[{
			"user":	"MarioHo",
			"md5":	"fc7f3e94d9e67199560b84097e81be1f",
			"time":	"2020-04-20 20:05:49",
			"filename":	"Makefile.Debug",
			"share_status":	1,
			"pv":	1,
			"url":	"http://172.26.180.136:80/group1/M00/00/00/rBq0iF6dkB2AK8izAAWt2D1RNpc2.Debug",
			"size":	372184,
			"type":	"Debug"
		}, {
			"user":	"MarioHo",
			"md5":	"e1379314759ae19c6f106854131d28f0",
			"time":	"2020-04-20 20:16:52",
			"filename":	"login.h",
			"share_status":	0,
			"pv":	1,
			"url":	"http://172.26.180.136:80/group1/M00/00/00/rBq0iF6dkrSAMUArAAAEw63M3C014689.h",
			"size":	1219,
			"type":	"h"
		}, {
			"user":	"MarioHo",
			"md5":	"c8d76e67e10f9c9ed90d1ed5bf23cc40",
			"time":	"2020-04-25 22:03:50",
			"filename":	"账号密码2.txt",
			"share_status":	0,
			"pv":	0,
			"url":	"http://172.26.180.136:80/group1/M00/00/00/rBq0iF6kQ0aAJiZzAAADTiA6f68721.txt",
			"size":	846,
			"type":	"txt"
		}]
}
[2020-04-25 22:05:50]--[src_cgi/myfiles_cgi.c:496]--cmd = count
[2020-04-25 22:05:50]--[src_cgi/myfiles_cgi.c:528]--buf = {
    "token": "a4a9df3d6809af0e2d35f2b9119df610",
    "user": "MarioHo"
}

[2020-04-25 22:05:50]--[src_cgi/myfiles_cgi.c:176]--line = 3
[2020-04-25 22:05:50]--[src_cgi/myfiles_cgi.c:496]--cmd = normal
[2020-04-25 22:05:50]--[src_cgi/myfiles_cgi.c:528]--buf = {
    "count": 3,
    "start": 0,
    "token": "a4a9df3d6809af0e2d35f2b9119df610",
    "user": "MarioHo"
}

[2020-04-25 22:05:50]--[src_cgi/myfiles_cgi.c:548]--user = MarioHo, token = a4a9df3d6809af0e2d35f2b9119df610, start = 0, count = 3
[2020-04-25 22:05:50]--[src_cgi/myfiles_cgi.c:306]--select user_file_list.*, file_info.url, file_info.size, file_info.type from file_info, user_file_list where user = 'MarioHo' and file_info.md5 = user_file_list.md5 limit 0, 3 在操作
[2020-04-25 22:05:50]--[src_cgi/myfiles_cgi.c:428]--{
	"files":	[{
			"user":	"MarioHo",
			"md5":	"fc7f3e94d9e67199560b84097e81be1f",
			"time":	"2020-04-20 20:05:49",
			"filename":	"Makefile.Debug",
			"share_status":	1,
			"pv":	1,
			"url":	"http://172.26.180.136:80/group1/M00/00/00/rBq0iF6dkB2AK8izAAWt2D1RNpc2.Debug",
			"size":	372184,
			"type":	"Debug"
		}, {
			"user":	"MarioHo",
			"md5":	"e1379314759ae19c6f106854131d28f0",
			"time":	"2020-04-20 20:16:52",
			"filename":	"login.h",
			"share_status":	0,
			"pv":	1,
			"url":	"http://172.26.180.136:80/group1/M00/00/00/rBq0iF6dkrSAMUArAAAEw63M3C014689.h",
			"size":	1219,
			"type":	"h"
		}, {
			"user":	"MarioHo",
			"md5":	"c8d76e67e10f9c9ed90d1ed5bf23cc40",
			"time":	"2020-04-25 22:03:50",
			"filename":	"账号密码2.txt",
			"share_status":	0,
			"pv":	1,
			"url":	"http://172.26.180.136:80/group1/M00/00/00/rBq0iF6kQ0aAJiZzAAADTiA6f68721.txt",
			"size":	846,
			"type":	"txt"
		}]
}
[2020-04-25 22:14:44]--[src_cgi/myfiles_cgi.c:496]--cmd = count
[2020-04-25 22:14:44]--[src_cgi/myfiles_cgi.c:528]--buf = {
    "token": "a4a9df3d6809af0e2d35f2b9119df610",
    "user": "MarioHo"
}

[2020-04-25 22:14:44]--[src_cgi/myfiles_cgi.c:176]--line = 3
[2020-04-25 22:14:44]--[src_cgi/myfiles_cgi.c:496]--cmd = normal
[2020-04-25 22:14:44]--[src_cgi/myfiles_cgi.c:528]--buf = {
    "count": 3,
    "start": 0,
    "token": "a4a9df3d6809af0e2d35f2b9119df610",
    "user": "MarioHo"
}

[2020-04-25 22:14:44]--[src_cgi/myfiles_cgi.c:548]--user = MarioHo, token = a4a9df3d6809af0e2d35f2b9119df610, start = 0, count = 3
[2020-04-25 22:14:44]--[src_cgi/myfiles_cgi.c:306]--select user_file_list.*, file_info.url, file_info.size, file_info.type from file_info, user_file_list where user = 'MarioHo' and file_info.md5 = user_file_list.md5 limit 0, 3 在操作
[2020-04-25 22:14:44]--[src_cgi/myfiles_cgi.c:428]--{
	"files":	[{
			"user":	"MarioHo",
			"md5":	"fc7f3e94d9e67199560b84097e81be1f",
			"time":	"2020-04-20 20:05:49",
			"filename":	"Makefile.Debug",
			"share_status":	1,
			"pv":	1,
			"url":	"http://172.26.180.136:80/group1/M00/00/00/rBq0iF6dkB2AK8izAAWt2D1RNpc2.Debug",
			"size":	372184,
			"type":	"Debug"
		}, {
			"user":	"MarioHo",
			"md5":	"e1379314759ae19c6f106854131d28f0",
			"time":	"2020-04-20 20:16:52",
			"filename":	"login.h",
			"share_status":	0,
			"pv":	1,
			"url":	"http://172.26.180.136:80/group1/M00/00/00/rBq0iF6dkrSAMUArAAAEw63M3C014689.h",
			"size":	1219,
			"type":	"h"
		}, {
			"user":	"MarioHo",
			"md5":	"c8d76e67e10f9c9ed90d1ed5bf23cc40",
			"time":	"2020-04-25 22:03:50",
			"filename":	"账号密码2.txt",
			"share_status":	0,
			"pv":	2,
			"url":	"http://172.26.180.136:80/group1/M00/00/00/rBq0iF6kQ0aAJiZzAAADTiA6f68721.txt",
			"size":	846,
			"type":	"txt"
		}]
}
[2020-04-25 23:31:21]--[src_cgi/myfiles_cgi.c:40]--mysql:[user=root,pwd=123456,database=cloud_disk][2020-04-25 23:35:57]--[src_cgi/myfiles_cgi.c:40]--mysql:[user=root,pwd=123456,database=cloud_disk]