[2020-04-20 20:04:12]--[src_cgi/myfiles_cgi.c:496]--cmd = count
[2020-04-20 20:04:12]--[src_cgi/myfiles_cgi.c:528]--buf = {
    "token": "25e5295abf1104fba2bc117c6df584d6",
    "user": "MarioHo"
}

[2020-04-20 20:04:12]--[src_cgi/myfiles_cgi.c:164]--select count from user_file_count where user="MarioHo" 操作失败
[2020-04-20 20:04:12]--[src_cgi/myfiles_cgi.c:176]--line = 0
[2020-04-20 20:04:14]--[src_cgi/myfiles_cgi.c:496]--cmd = count
[2020-04-20 20:04:14]--[src_cgi/myfiles_cgi.c:528]--buf = {
    "token": "25e5295abf1104fba2bc117c6df584d6",
    "user": "MarioHo"
}

[2020-04-20 20:04:14]--[src_cgi/myfiles_cgi.c:164]--select count from user_file_count where user="MarioHo" 操作失败
[2020-04-20 20:04:14]--[src_cgi/myfiles_cgi.c:176]--line = 0
[2020-04-20 20:04:20]--[src_cgi/myfiles_cgi.c:496]--cmd = count
[2020-04-20 20:04:20]--[src_cgi/myfiles_cgi.c:528]--buf = {
    "token": "25e5295abf1104fba2bc117c6df584d6",
    "user": "MarioHo"
}

[2020-04-20 20:04:20]--[src_cgi/myfiles_cgi.c:164]--select count from user_file_count where user="MarioHo" 操作失败
[2020-04-20 20:04:20]--[src_cgi/myfiles_cgi.c:176]--line = 0
[2020-04-20 20:04:30]--[src_cgi/myfiles_cgi.c:496]--cmd = count
[2020-04-20 20:04:30]--[src_cgi/myfiles_cgi.c:528]--buf = {
    "token": "25e5295abf1104fba2bc117c6df584d6",
    "user": "MarioHo"
}

[2020-04-20 20:04:30]--[src_cgi/myfiles_cgi.c:164]--select count from user_file_count where user="MarioHo" 操作失败
[2020-04-20 20:04:30]--[src_cgi/myfiles_cgi.c:176]--line = 0
[2020-04-20 20:04:40]--[src_cgi/myfiles_cgi.c:496]--cmd = count
[2020-04-20 20:04:40]--[src_cgi/myfiles_cgi.c:528]--buf = {
    "token": "9d5b2ef25bf490c8a0c8e050333d8d86",
    "user": "MarioHo"
}

[2020-04-20 20:04:40]--[src_cgi/myfiles_cgi.c:164]--select count from user_file_count where user="MarioHo" 操作失败
[2020-04-20 20:04:40]--[src_cgi/myfiles_cgi.c:176]--line = 0
[2020-04-20 20:04:41]--[src_cgi/myfiles_cgi.c:496]--cmd = count
[2020-04-20 20:04:41]--[src_cgi/myfiles_cgi.c:528]--buf = {
    "token": "9d5b2ef25bf490c8a0c8e050333d8d86",
    "user": "MarioHo"
}

[2020-04-20 20:04:41]--[src_cgi/myfiles_cgi.c:164]--select count from user_file_count where user="MarioHo" 操作失败
[2020-04-20 20:04:41]--[src_cgi/myfiles_cgi.c:176]--line = 0
[2020-04-20 20:04:59]--[src_cgi/myfiles_cgi.c:496]--cmd = count
[2020-04-20 20:04:59]--[src_cgi/myfiles_cgi.c:528]--buf = {
    "token": "9d5b2ef25bf490c8a0c8e050333d8d86",
    "user": "MarioHo"
}

[2020-04-20 20:04:59]--[src_cgi/myfiles_cgi.c:164]--select count from user_file_count where user="MarioHo" 操作失败
[2020-04-20 20:04:59]--[src_cgi/myfiles_cgi.c:176]--line = 0
[2020-04-20 20:05:32]--[src_cgi/myfiles_cgi.c:496]--cmd = count
[2020-04-20 20:05:32]--[src_cgi/myfiles_cgi.c:528]--buf = {
    "token": "af211974e00f3874280c4e2af291b62f",
    "user": "MarioHo"
}

[2020-04-20 20:05:32]--[src_cgi/myfiles_cgi.c:164]--select count from user_file_count where user="MarioHo" 操作失败
[2020-04-20 20:05:32]--[src_cgi/myfiles_cgi.c:176]--line = 0
[2020-04-20 20:05:51]--[src_cgi/myfiles_cgi.c:496]--cmd = count
[2020-04-20 20:05:51]--[src_cgi/myfiles_cgi.c:528]--buf = {
    "token": "af211974e00f3874280c4e2af291b62f",
    "user": "MarioHo"
}

[2020-04-20 20:05:51]--[src_cgi/myfiles_cgi.c:176]--line = 1
[2020-04-20 20:05:51]--[src_cgi/myfiles_cgi.c:496]--cmd = normal
[2020-04-20 20:05:51]--[src_cgi/myfiles_cgi.c:528]--buf = {
    "count": 1,
    "start": 0,
    "token": "af211974e00f3874280c4e2af291b62f",
    "user": "MarioHo"
}

[2020-04-20 20:05:51]--[src_cgi/myfiles_cgi.c:548]--user = MarioHo, token = af211974e00f3874280c4e2af291b62f, start = 0, count = 1
[2020-04-20 20:05:51]--[src_cgi/myfiles_cgi.c:306]--select user_file_list.*, file_info.url, file_info.size, file_info.type from file_info, user_file_list where user = 'MarioHo' and file_info.md5 = user_file_list.md5 limit 0, 1 在操作
[2020-04-20 20:05:51]--[src_cgi/myfiles_cgi.c:428]--{
	"files":	[{
			"user":	"MarioHo",
			"md5":	"fc7f3e94d9e67199560b84097e81be1f",
			"time":	"2020-04-20 20:05:49",
			"filename":	"Makefile.Debug",
			"share_status":	0,
			"pv":	0,
			"url":	"http://172.26.180.136:80/group1/M00/00/00/rBq0iF6dkB2AK8izAAWt2D1RNpc2.Debug",
			"size":	372184,
			"type":	"Debug"
		}]
}
[2020-04-20 20:06:00]--[src_cgi/myfiles_cgi.c:496]--cmd = count
[2020-04-20 20:06:00]--[src_cgi/myfiles_cgi.c:528]--buf = {
    "token": "af211974e00f3874280c4e2af291b62f",
    "user": "MarioHo"
}

[2020-04-20 20:06:00]--[src_cgi/myfiles_cgi.c:176]--line = 1
[2020-04-20 20:06:00]--[src_cgi/myfiles_cgi.c:496]--cmd = normal
[2020-04-20 20:06:00]--[src_cgi/myfiles_cgi.c:528]--buf = {
    "count": 1,
    "start": 0,
    "token": "af211974e00f3874280c4e2af291b62f",
    "user": "MarioHo"
}

[2020-04-20 20:06:00]--[src_cgi/myfiles_cgi.c:548]--user = MarioHo, token = af211974e00f3874280c4e2af291b62f, start = 0, count = 1
[2020-04-20 20:06:00]--[src_cgi/myfiles_cgi.c:306]--select user_file_list.*, file_info.url, file_info.size, file_info.type from file_info, user_file_list where user = 'MarioHo' and file_info.md5 = user_file_list.md5 limit 0, 1 在操作
[2020-04-20 20:06:00]--[src_cgi/myfiles_cgi.c:428]--{
	"files":	[{
			"user":	"MarioHo",
			"md5":	"fc7f3e94d9e67199560b84097e81be1f",
			"time":	"2020-04-20 20:05:49",
			"filename":	"Makefile.Debug",
			"share_status":	0,
			"pv":	0,
			"url":	"http://172.26.180.136:80/group1/M00/00/00/rBq0iF6dkB2AK8izAAWt2D1RNpc2.Debug",
			"size":	372184,
			"type":	"Debug"
		}]
}
[2020-04-20 20:08:42]--[src_cgi/myfiles_cgi.c:496]--cmd = count
[2020-04-20 20:08:42]--[src_cgi/myfiles_cgi.c:528]--buf = {
    "token": "af211974e00f3874280c4e2af291b62f",
    "user": "MarioHo"
}

[2020-04-20 20:08:42]--[src_cgi/myfiles_cgi.c:176]--line = 1
[2020-04-20 20:08:43]--[src_cgi/myfiles_cgi.c:496]--cmd = normal
[2020-04-20 20:08:43]--[src_cgi/myfiles_cgi.c:528]--buf = {
    "count": 1,
    "start": 0,
    "token": "af211974e00f3874280c4e2af291b62f",
    "user": "MarioHo"
}

[2020-04-20 20:08:43]--[src_cgi/myfiles_cgi.c:548]--user = MarioHo, token = af211974e00f3874280c4e2af291b62f, start = 0, count = 1
[2020-04-20 20:08:43]--[src_cgi/myfiles_cgi.c:306]--select user_file_list.*, file_info.url, file_info.size, file_info.type from file_info, user_file_list where user = 'MarioHo' and file_info.md5 = user_file_list.md5 limit 0, 1 在操作
[2020-04-20 20:08:43]--[src_cgi/myfiles_cgi.c:428]--{
	"files":	[{
			"user":	"MarioHo",
			"md5":	"fc7f3e94d9e67199560b84097e81be1f",
			"time":	"2020-04-20 20:05:49",
			"filename":	"Makefile.Debug",
			"share_status":	1,
			"pv":	0,
			"url":	"http://172.26.180.136:80/group1/M00/00/00/rBq0iF6dkB2AK8izAAWt2D1RNpc2.Debug",
			"size":	372184,
			"type":	"Debug"
		}]
}
[2020-04-20 20:08:56]--[src_cgi/myfiles_cgi.c:496]--cmd = count
[2020-04-20 20:08:56]--[src_cgi/myfiles_cgi.c:528]--buf = {
    "token": "af211974e00f3874280c4e2af291b62f",
    "user": "MarioHo"
}

[2020-04-20 20:08:56]--[src_cgi/myfiles_cgi.c:176]--line = 1
[2020-04-20 20:08:56]--[src_cgi/myfiles_cgi.c:496]--cmd = normal
[2020-04-20 20:08:56]--[src_cgi/myfiles_cgi.c:528]--buf = {
    "count": 1,
    "start": 0,
    "token": "af211974e00f3874280c4e2af291b62f",
    "user": "MarioHo"
}

[2020-04-20 20:08:56]--[src_cgi/myfiles_cgi.c:548]--user = MarioHo, token = af211974e00f3874280c4e2af291b62f, start = 0, count = 1
[2020-04-20 20:08:56]--[src_cgi/myfiles_cgi.c:306]--select user_file_list.*, file_info.url, file_info.size, file_info.type from file_info, user_file_list where user = 'MarioHo' and file_info.md5 = user_file_list.md5 limit 0, 1 在操作
[2020-04-20 20:08:56]--[src_cgi/myfiles_cgi.c:428]--{
	"files":	[{
			"user":	"MarioHo",
			"md5":	"fc7f3e94d9e67199560b84097e81be1f",
			"time":	"2020-04-20 20:05:49",
			"filename":	"Makefile.Debug",
			"share_status":	1,
			"pv":	0,
			"url":	"http://172.26.180.136:80/group1/M00/00/00/rBq0iF6dkB2AK8izAAWt2D1RNpc2.Debug",
			"size":	372184,
			"type":	"Debug"
		}]
}
[2020-04-20 20:09:10]--[src_cgi/myfiles_cgi.c:496]--cmd = count
[2020-04-20 20:09:10]--[src_cgi/myfiles_cgi.c:528]--buf = {
    "token": "af211974e00f3874280c4e2af291b62f",
    "user": "MarioHo"
}

[2020-04-20 20:09:10]--[src_cgi/myfiles_cgi.c:176]--line = 1
[2020-04-20 20:09:10]--[src_cgi/myfiles_cgi.c:496]--cmd = normal
[2020-04-20 20:09:10]--[src_cgi/myfiles_cgi.c:528]--buf = {
    "count": 1,
    "start": 0,
    "token": "af211974e00f3874280c4e2af291b62f",
    "user": "MarioHo"
}

[2020-04-20 20:09:10]--[src_cgi/myfiles_cgi.c:548]--user = MarioHo, token = af211974e00f3874280c4e2af291b62f, start = 0, count = 1
[2020-04-20 20:09:10]--[src_cgi/myfiles_cgi.c:306]--select user_file_list.*, file_info.url, file_info.size, file_info.type from file_info, user_file_list where user = 'MarioHo' and file_info.md5 = user_file_list.md5 limit 0, 1 在操作
[2020-04-20 20:09:10]--[src_cgi/myfiles_cgi.c:428]--{
	"files":	[{
			"user":	"MarioHo",
			"md5":	"fc7f3e94d9e67199560b84097e81be1f",
			"time":	"2020-04-20 20:05:49",
			"filename":	"Makefile.Debug",
			"share_status":	1,
			"pv":	0,
			"url":	"http://172.26.180.136:80/group1/M00/00/00/rBq0iF6dkB2AK8izAAWt2D1RNpc2.Debug",
			"size":	372184,
			"type":	"Debug"
		}]
}
[2020-04-20 20:10:35]--[src_cgi/myfiles_cgi.c:496]--cmd = count
[2020-04-20 20:10:35]--[src_cgi/myfiles_cgi.c:528]--buf = {
    "token": "86ca746ab8d36c4ab75d60652d0827a8",
    "user": "MarioHo"
}

[2020-04-20 20:10:35]--[src_cgi/myfiles_cgi.c:176]--line = 1
[2020-04-20 20:10:35]--[src_cgi/myfiles_cgi.c:496]--cmd = normal
[2020-04-20 20:10:35]--[src_cgi/myfiles_cgi.c:528]--buf = {
    "count": 1,
    "start": 0,
    "token": "86ca746ab8d36c4ab75d60652d0827a8",
    "user": "MarioHo"
}

[2020-04-20 20:10:35]--[src_cgi/myfiles_cgi.c:548]--user = MarioHo, token = 86ca746ab8d36c4ab75d60652d0827a8, start = 0, count = 1
[2020-04-20 20:10:35]--[src_cgi/myfiles_cgi.c:306]--select user_file_list.*, file_info.url, file_info.size, file_info.type from file_info, user_file_list where user = 'MarioHo' and file_info.md5 = user_file_list.md5 limit 0, 1 在操作
[2020-04-20 20:10:35]--[src_cgi/myfiles_cgi.c:428]--{
	"files":	[{
			"user":	"MarioHo",
			"md5":	"fc7f3e94d9e67199560b84097e81be1f",
			"time":	"2020-04-20 20:05:49",
			"filename":	"Makefile.Debug",
			"share_status":	1,
			"pv":	0,
			"url":	"http://172.26.180.136:80/group1/M00/00/00/rBq0iF6dkB2AK8izAAWt2D1RNpc2.Debug",
			"size":	372184,
			"type":	"Debug"
		}]
}
[2020-04-20 20:10:36]--[src_cgi/myfiles_cgi.c:496]--cmd = count
[2020-04-20 20:10:36]--[src_cgi/myfiles_cgi.c:528]--buf = {
    "token": "86ca746ab8d36c4ab75d60652d0827a8",
    "user": "MarioHo"
}

[2020-04-20 20:10:36]--[src_cgi/myfiles_cgi.c:176]--line = 1
[2020-04-20 20:10:37]--[src_cgi/myfiles_cgi.c:496]--cmd = normal
[2020-04-20 20:10:37]--[src_cgi/myfiles_cgi.c:528]--buf = {
    "count": 1,
    "start": 0,
    "token": "86ca746ab8d36c4ab75d60652d0827a8",
    "user": "MarioHo"
}

[2020-04-20 20:10:37]--[src_cgi/myfiles_cgi.c:548]--user = MarioHo, token = 86ca746ab8d36c4ab75d60652d0827a8, start = 0, count = 1
[2020-04-20 20:10:37]--[src_cgi/myfiles_cgi.c:306]--select user_file_list.*, file_info.url, file_info.size, file_info.type from file_info, user_file_list where user = 'MarioHo' and file_info.md5 = user_file_list.md5 limit 0, 1 在操作
[2020-04-20 20:10:37]--[src_cgi/myfiles_cgi.c:428]--{
	"files":	[{
			"user":	"MarioHo",
			"md5":	"fc7f3e94d9e67199560b84097e81be1f",
			"time":	"2020-04-20 20:05:49",
			"filename":	"Makefile.Debug",
			"share_status":	1,
			"pv":	0,
			"url":	"http://172.26.180.136:80/group1/M00/00/00/rBq0iF6dkB2AK8izAAWt2D1RNpc2.Debug",
			"size":	372184,
			"type":	"Debug"
		}]
}
[2020-04-20 20:10:44]--[src_cgi/myfiles_cgi.c:496]--cmd = count
[2020-04-20 20:10:44]--[src_cgi/myfiles_cgi.c:528]--buf = {
    "token": "86ca746ab8d36c4ab75d60652d0827a8",
    "user": "MarioHo"
}

[2020-04-20 20:10:44]--[src_cgi/myfiles_cgi.c:176]--line = 1
[2020-04-20 20:10:44]--[src_cgi/myfiles_cgi.c:496]--cmd = normal
[2020-04-20 20:10:44]--[src_cgi/myfiles_cgi.c:528]--buf = {
    "count": 1,
    "start": 0,
    "token": "86ca746ab8d36c4ab75d60652d0827a8",
    "user": "MarioHo"
}

[2020-04-20 20:10:44]--[src_cgi/myfiles_cgi.c:548]--user = MarioHo, token = 86ca746ab8d36c4ab75d60652d0827a8, start = 0, count = 1
[2020-04-20 20:10:44]--[src_cgi/myfiles_cgi.c:306]--select user_file_list.*, file_info.url, file_info.size, file_info.type from file_info, user_file_list where user = 'MarioHo' and file_info.md5 = user_file_list.md5 limit 0, 1 在操作
[2020-04-20 20:10:44]--[src_cgi/myfiles_cgi.c:428]--{
	"files":	[{
			"user":	"MarioHo",
			"md5":	"fc7f3e94d9e67199560b84097e81be1f",
			"time":	"2020-04-20 20:05:49",
			"filename":	"Makefile.Debug",
			"share_status":	1,
			"pv":	0,
			"url":	"http://172.26.180.136:80/group1/M00/00/00/rBq0iF6dkB2AK8izAAWt2D1RNpc2.Debug",
			"size":	372184,
			"type":	"Debug"
		}]
}
[2020-04-20 20:11:49]--[src_cgi/myfiles_cgi.c:496]--cmd = count
[2020-04-20 20:11:49]--[src_cgi/myfiles_cgi.c:528]--buf = {
    "token": "b8f8ee337a02ad7da818920779b4667b",
    "user": "MarioHo"
}

[2020-04-20 20:11:49]--[src_cgi/myfiles_cgi.c:176]--line = 1
[2020-04-20 20:11:50]--[src_cgi/myfiles_cgi.c:496]--cmd = normal
[2020-04-20 20:11:50]--[src_cgi/myfiles_cgi.c:528]--buf = {
    "count": 1,
    "start": 0,
    "token": "b8f8ee337a02ad7da818920779b4667b",
    "user": "MarioHo"
}

[2020-04-20 20:11:50]--[src_cgi/myfiles_cgi.c:548]--user = MarioHo, token = b8f8ee337a02ad7da818920779b4667b, start = 0, count = 1
[2020-04-20 20:11:50]--[src_cgi/myfiles_cgi.c:306]--select user_file_list.*, file_info.url, file_info.size, file_info.type from file_info, user_file_list where user = 'MarioHo' and file_info.md5 = user_file_list.md5 limit 0, 1 在操作
[2020-04-20 20:11:50]--[src_cgi/myfiles_cgi.c:428]--{
	"files":	[{
			"user":	"MarioHo",
			"md5":	"fc7f3e94d9e67199560b84097e81be1f",
			"time":	"2020-04-20 20:05:49",
			"filename":	"Makefile.Debug",
			"share_status":	1,
			"pv":	0,
			"url":	"http://172.26.180.136:80/group1/M00/00/00/rBq0iF6dkB2AK8izAAWt2D1RNpc2.Debug",
			"size":	372184,
			"type":	"Debug"
		}]
}
[2020-04-20 20:13:46]--[src_cgi/myfiles_cgi.c:496]--cmd = count
[2020-04-20 20:13:46]--[src_cgi/myfiles_cgi.c:528]--buf = {
    "token": "ecda4b18eff2ed9574c06dec35a7edc7",
    "user": "MarioHo"
}

[2020-04-20 20:13:46]--[src_cgi/myfiles_cgi.c:176]--line = 1
[2020-04-20 20:13:46]--[src_cgi/myfiles_cgi.c:496]--cmd = count
[2020-04-20 20:13:46]--[src_cgi/myfiles_cgi.c:528]--buf = {
    "token": "ecda4b18eff2ed9574c06dec35a7edc7",
    "user": "MarioHo"
}

[2020-04-20 20:13:46]--[src_cgi/myfiles_cgi.c:176]--line = 1
[2020-04-20 20:13:46]--[src_cgi/myfiles_cgi.c:496]--cmd = normal
[2020-04-20 20:13:46]--[src_cgi/myfiles_cgi.c:528]--buf = {
    "count": 1,
    "start": 0,
    "token": "ecda4b18eff2ed9574c06dec35a7edc7",
    "user": "MarioHo"
}

[2020-04-20 20:13:46]--[src_cgi/myfiles_cgi.c:548]--user = MarioHo, token = ecda4b18eff2ed9574c06dec35a7edc7, start = 0, count = 1
[2020-04-20 20:13:46]--[src_cgi/myfiles_cgi.c:306]--select user_file_list.*, file_info.url, file_info.size, file_info.type from file_info, user_file_list where user = 'MarioHo' and file_info.md5 = user_file_list.md5 limit 0, 1 在操作
[2020-04-20 20:13:46]--[src_cgi/myfiles_cgi.c:428]--{
	"files":	[{
			"user":	"MarioHo",
			"md5":	"fc7f3e94d9e67199560b84097e81be1f",
			"time":	"2020-04-20 20:05:49",
			"filename":	"Makefile.Debug",
			"share_status":	1,
			"pv":	0,
			"url":	"http://172.26.180.136:80/group1/M00/00/00/rBq0iF6dkB2AK8izAAWt2D1RNpc2.Debug",
			"size":	372184,
			"type":	"Debug"
		}]
}
[2020-04-20 20:13:46]--[src_cgi/myfiles_cgi.c:496]--cmd = normal
[2020-04-20 20:13:46]--[src_cgi/myfiles_cgi.c:528]--buf = {
    "count": 1,
    "start": 0,
    "token": "ecda4b18eff2ed9574c06dec35a7edc7",
    "user": "MarioHo"
}

[2020-04-20 20:13:46]--[src_cgi/myfiles_cgi.c:548]--user = MarioHo, token = ecda4b18eff2ed9574c06dec35a7edc7, start = 0, count = 1
[2020-04-20 20:13:46]--[src_cgi/myfiles_cgi.c:306]--select user_file_list.*, file_info.url, file_info.size, file_info.type from file_info, user_file_list where user = 'MarioHo' and file_info.md5 = user_file_list.md5 limit 0, 1 在操作
[2020-04-20 20:13:46]--[src_cgi/myfiles_cgi.c:428]--{
	"files":	[{
			"user":	"MarioHo",
			"md5":	"fc7f3e94d9e67199560b84097e81be1f",
			"time":	"2020-04-20 20:05:49",
			"filename":	"Makefile.Debug",
			"share_status":	1,
			"pv":	0,
			"url":	"http://172.26.180.136:80/group1/M00/00/00/rBq0iF6dkB2AK8izAAWt2D1RNpc2.Debug",
			"size":	372184,
			"type":	"Debug"
		}]
}
[2020-04-20 20:15:03]--[src_cgi/myfiles_cgi.c:496]--cmd = count
[2020-04-20 20:15:03]--[src_cgi/myfiles_cgi.c:528]--buf = {
    "token": "90b86bf95c326bc5a4921ec7456f9e3d",
    "user": "kevin"
}

[2020-04-20 20:15:03]--[src_cgi/myfiles_cgi.c:176]--line = 1
[2020-04-20 20:15:04]--[src_cgi/myfiles_cgi.c:496]--cmd = normal
[2020-04-20 20:15:04]--[src_cgi/myfiles_cgi.c:528]--buf = {
    "count": 1,
    "start": 0,
    "token": "90b86bf95c326bc5a4921ec7456f9e3d",
    "user": "kevin"
}

[2020-04-20 20:15:04]--[src_cgi/myfiles_cgi.c:548]--user = kevin, token = 90b86bf95c326bc5a4921ec7456f9e3d, start = 0, count = 1
[2020-04-20 20:15:04]--[src_cgi/myfiles_cgi.c:306]--select user_file_list.*, file_info.url, file_info.size, file_info.type from file_info, user_file_list where user = 'kevin' and file_info.md5 = user_file_list.md5 limit 0, 1 在操作
[2020-04-20 20:15:04]--[src_cgi/myfiles_cgi.c:428]--{
	"files":	[{
			"user":	"kevin",
			"md5":	"bc1408802dcefcf8436725b45438e646",
			"time":	"2018-12-21 18:59:37",
			"filename":	"传智黑马c++24期链接分享.txt",
			"share_status":	0,
			"pv":	1,
			"url":	"http://192.168.230.138:80/group1/M00/00/00/wKjmilwdqJmASrpyAADEj8zByEg379.txt",
			"size":	50319,
			"type":	"txt"
		}]
}
[2020-04-20 20:15:21]--[src_cgi/myfiles_cgi.c:496]--cmd = count
[2020-04-20 20:15:21]--[src_cgi/myfiles_cgi.c:528]--buf = {
    "token": "90b86bf95c326bc5a4921ec7456f9e3d",
    "user": "kevin"
}

[2020-04-20 20:15:21]--[src_cgi/myfiles_cgi.c:176]--line = 1
[2020-04-20 20:15:21]--[src_cgi/myfiles_cgi.c:496]--cmd = normal
[2020-04-20 20:15:21]--[src_cgi/myfiles_cgi.c:528]--buf = {
    "count": 1,
    "start": 0,
    "token": "90b86bf95c326bc5a4921ec7456f9e3d",
    "user": "kevin"
}

[2020-04-20 20:15:21]--[src_cgi/myfiles_cgi.c:548]--user = kevin, token = 90b86bf95c326bc5a4921ec7456f9e3d, start = 0, count = 1
[2020-04-20 20:15:21]--[src_cgi/myfiles_cgi.c:306]--select user_file_list.*, file_info.url, file_info.size, file_info.type from file_info, user_file_list where user = 'kevin' and file_info.md5 = user_file_list.md5 limit 0, 1 在操作
[2020-04-20 20:15:21]--[src_cgi/myfiles_cgi.c:428]--{
	"files":	[{
			"user":	"kevin",
			"md5":	"bc1408802dcefcf8436725b45438e646",
			"time":	"2018-12-21 18:59:37",
			"filename":	"传智黑马c++24期链接分享.txt",
			"share_status":	0,
			"pv":	1,
			"url":	"http://192.168.230.138:80/group1/M00/00/00/wKjmilwdqJmASrpyAADEj8zByEg379.txt",
			"size":	50319,
			"type":	"txt"
		}]
}
[2020-04-20 20:15:39]--[src_cgi/myfiles_cgi.c:496]--cmd = count
[2020-04-20 20:15:39]--[src_cgi/myfiles_cgi.c:528]--buf = {
    "token": "7cc5095789ac5492625909c6d8c4a394",
    "user": "MarioHo"
}

[2020-04-20 20:15:39]--[src_cgi/myfiles_cgi.c:176]--line = 1
[2020-04-20 20:15:39]--[src_cgi/myfiles_cgi.c:496]--cmd = normal
[2020-04-20 20:15:39]--[src_cgi/myfiles_cgi.c:528]--buf = {
    "count": 1,
    "start": 0,
    "token": "7cc5095789ac5492625909c6d8c4a394",
    "user": "MarioHo"
}

[2020-04-20 20:15:39]--[src_cgi/myfiles_cgi.c:548]--user = MarioHo, token = 7cc5095789ac5492625909c6d8c4a394, start = 0, count = 1
[2020-04-20 20:15:39]--[src_cgi/myfiles_cgi.c:306]--select user_file_list.*, file_info.url, file_info.size, file_info.type from file_info, user_file_list where user = 'MarioHo' and file_info.md5 = user_file_list.md5 limit 0, 1 在操作
[2020-04-20 20:15:39]--[src_cgi/myfiles_cgi.c:428]--{
	"files":	[{
			"user":	"MarioHo",
			"md5":	"fc7f3e94d9e67199560b84097e81be1f",
			"time":	"2020-04-20 20:05:49",
			"filename":	"Makefile.Debug",
			"share_status":	1,
			"pv":	0,
			"url":	"http://172.26.180.136:80/group1/M00/00/00/rBq0iF6dkB2AK8izAAWt2D1RNpc2.Debug",
			"size":	372184,
			"type":	"Debug"
		}]
}
[2020-04-20 20:15:44]--[src_cgi/myfiles_cgi.c:496]--cmd = count
[2020-04-20 20:15:44]--[src_cgi/myfiles_cgi.c:528]--buf = {
    "token": "e81aef05bec44eecb1c187c73e7ff55a",
    "user": "MarioHo"
}

[2020-04-20 20:15:44]--[src_cgi/myfiles_cgi.c:176]--line = 1
[2020-04-20 20:15:45]--[src_cgi/myfiles_cgi.c:496]--cmd = normal
[2020-04-20 20:15:45]--[src_cgi/myfiles_cgi.c:528]--buf = {
    "count": 1,
    "start": 0,
    "token": "e81aef05bec44eecb1c187c73e7ff55a",
    "user": "MarioHo"
}

[2020-04-20 20:15:45]--[src_cgi/myfiles_cgi.c:548]--user = MarioHo, token = e81aef05bec44eecb1c187c73e7ff55a, start = 0, count = 1
[2020-04-20 20:15:45]--[src_cgi/myfiles_cgi.c:306]--select user_file_list.*, file_info.url, file_info.size, file_info.type from file_info, user_file_list where user = 'MarioHo' and file_info.md5 = user_file_list.md5 limit 0, 1 在操作
[2020-04-20 20:15:45]--[src_cgi/myfiles_cgi.c:428]--{
	"files":	[{
			"user":	"MarioHo",
			"md5":	"fc7f3e94d9e67199560b84097e81be1f",
			"time":	"2020-04-20 20:05:49",
			"filename":	"Makefile.Debug",
			"share_status":	1,
			"pv":	0,
			"url":	"http://172.26.180.136:80/group1/M00/00/00/rBq0iF6dkB2AK8izAAWt2D1RNpc2.Debug",
			"size":	372184,
			"type":	"Debug"
		}]
}
[2020-04-20 20:16:29]--[src_cgi/myfiles_cgi.c:496]--cmd = count
[2020-04-20 20:16:29]--[src_cgi/myfiles_cgi.c:528]--buf = {
    "token": "ebd3878422153d3cc01c53eb024994cf",
    "user": "MarioHo"
}

[2020-04-20 20:16:29]--[src_cgi/myfiles_cgi.c:176]--line = 1
[2020-04-20 20:16:29]--[src_cgi/myfiles_cgi.c:496]--cmd = normal
[2020-04-20 20:16:29]--[src_cgi/myfiles_cgi.c:528]--buf = {
    "count": 1,
    "start": 0,
    "token": "ebd3878422153d3cc01c53eb024994cf",
    "user": "MarioHo"
}

[2020-04-20 20:16:29]--[src_cgi/myfiles_cgi.c:548]--user = MarioHo, token = ebd3878422153d3cc01c53eb024994cf, start = 0, count = 1
[2020-04-20 20:16:29]--[src_cgi/myfiles_cgi.c:306]--select user_file_list.*, file_info.url, file_info.size, file_info.type from file_info, user_file_list where user = 'MarioHo' and file_info.md5 = user_file_list.md5 limit 0, 1 在操作
[2020-04-20 20:16:29]--[src_cgi/myfiles_cgi.c:428]--{
	"files":	[{
			"user":	"MarioHo",
			"md5":	"fc7f3e94d9e67199560b84097e81be1f",
			"time":	"2020-04-20 20:05:49",
			"filename":	"Makefile.Debug",
			"share_status":	1,
			"pv":	0,
			"url":	"http://172.26.180.136:80/group1/M00/00/00/rBq0iF6dkB2AK8izAAWt2D1RNpc2.Debug",
			"size":	372184,
			"type":	"Debug"
		}]
}
[2020-04-20 20:16:38]--[src_cgi/myfiles_cgi.c:496]--cmd = count
[2020-04-20 20:16:38]--[src_cgi/myfiles_cgi.c:528]--buf = {
    "token": "ebd3878422153d3cc01c53eb024994cf",
    "user": "MarioHo"
}

[2020-04-20 20:16:38]--[src_cgi/myfiles_cgi.c:176]--line = 1
[2020-04-20 20:16:38]--[src_cgi/myfiles_cgi.c:496]--cmd = normal
[2020-04-20 20:16:38]--[src_cgi/myfiles_cgi.c:528]--buf = {
    "count": 1,
    "start": 0,
    "token": "ebd3878422153d3cc01c53eb024994cf",
    "user": "MarioHo"
}

[2020-04-20 20:16:38]--[src_cgi/myfiles_cgi.c:548]--user = MarioHo, token = ebd3878422153d3cc01c53eb024994cf, start = 0, count = 1
[2020-04-20 20:16:38]--[src_cgi/myfiles_cgi.c:306]--select user_file_list.*, file_info.url, file_info.size, file_info.type from file_info, user_file_list where user = 'MarioHo' and file_info.md5 = user_file_list.md5 limit 0, 1 在操作
[2020-04-20 20:16:38]--[src_cgi/myfiles_cgi.c:428]--{
	"files":	[{
			"user":	"MarioHo",
			"md5":	"fc7f3e94d9e67199560b84097e81be1f",
			"time":	"2020-04-20 20:05:49",
			"filename":	"Makefile.Debug",
			"share_status":	1,
			"pv":	0,
			"url":	"http://172.26.180.136:80/group1/M00/00/00/rBq0iF6dkB2AK8izAAWt2D1RNpc2.Debug",
			"size":	372184,
			"type":	"Debug"
		}]
}
[2020-04-20 20:16:47]--[src_cgi/myfiles_cgi.c:496]--cmd = count
[2020-04-20 20:16:47]--[src_cgi/myfiles_cgi.c:528]--buf = {
    "token": "ebd3878422153d3cc01c53eb024994cf",
    "user": "MarioHo"
}

[2020-04-20 20:16:47]--[src_cgi/myfiles_cgi.c:176]--line = 1
[2020-04-20 20:16:47]--[src_cgi/myfiles_cgi.c:496]--cmd = normal
[2020-04-20 20:16:47]--[src_cgi/myfiles_cgi.c:528]--buf = {
    "count": 1,
    "start": 0,
    "token": "ebd3878422153d3cc01c53eb024994cf",
    "user": "MarioHo"
}

[2020-04-20 20:16:47]--[src_cgi/myfiles_cgi.c:548]--user = MarioHo, token = ebd3878422153d3cc01c53eb024994cf, start = 0, count = 1
[2020-04-20 20:16:47]--[src_cgi/myfiles_cgi.c:306]--select user_file_list.*, file_info.url, file_info.size, file_info.type from file_info, user_file_list where user = 'MarioHo' and file_info.md5 = user_file_list.md5 limit 0, 1 在操作
[2020-04-20 20:16:47]--[src_cgi/myfiles_cgi.c:428]--{
	"files":	[{
			"user":	"MarioHo",
			"md5":	"fc7f3e94d9e67199560b84097e81be1f",
			"time":	"2020-04-20 20:05:49",
			"filename":	"Makefile.Debug",
			"share_status":	1,
			"pv":	0,
			"url":	"http://172.26.180.136:80/group1/M00/00/00/rBq0iF6dkB2AK8izAAWt2D1RNpc2.Debug",
			"size":	372184,
			"type":	"Debug"
		}]
}
[2020-04-20 20:16:53]--[src_cgi/myfiles_cgi.c:496]--cmd = count
[2020-04-20 20:16:53]--[src_cgi/myfiles_cgi.c:528]--buf = {
    "token": "ebd3878422153d3cc01c53eb024994cf",
    "user": "MarioHo"
}

[2020-04-20 20:16:53]--[src_cgi/myfiles_cgi.c:176]--line = 2
[2020-04-20 20:16:53]--[src_cgi/myfiles_cgi.c:496]--cmd = normal
[2020-04-20 20:16:53]--[src_cgi/myfiles_cgi.c:528]--buf = {
    "count": 2,
    "start": 0,
    "token": "ebd3878422153d3cc01c53eb024994cf",
    "user": "MarioHo"
}

[2020-04-20 20:16:53]--[src_cgi/myfiles_cgi.c:548]--user = MarioHo, token = ebd3878422153d3cc01c53eb024994cf, start = 0, count = 2
[2020-04-20 20:16:53]--[src_cgi/myfiles_cgi.c:306]--select user_file_list.*, file_info.url, file_info.size, file_info.type from file_info, user_file_list where user = 'MarioHo' and file_info.md5 = user_file_list.md5 limit 0, 2 在操作
[2020-04-20 20:16:53]--[src_cgi/myfiles_cgi.c:428]--{
	"files":	[{
			"user":	"MarioHo",
			"md5":	"fc7f3e94d9e67199560b84097e81be1f",
			"time":	"2020-04-20 20:05:49",
			"filename":	"Makefile.Debug",
			"share_status":	1,
			"pv":	0,
			"url":	"http://172.26.180.136:80/group1/M00/00/00/rBq0iF6dkB2AK8izAAWt2D1RNpc2.Debug",
			"size":	372184,
			"type":	"Debug"
		}, {
			"user":	"MarioHo",
			"md5":	"e1379314759ae19c6f106854131d28f0",
			"time":	"2020-04-20 20:16:52",
			"filename":	"login.h",
			"share_status":	0,
			"pv":	0,
			"url":	"http://172.26.180.136:80/group1/M00/00/00/rBq0iF6dkrSAMUArAAAEw63M3C014689.h",
			"size":	1219,
			"type":	"h"
		}]
}
[2020-04-20 20:17:37]--[src_cgi/myfiles_cgi.c:496]--cmd = count
[2020-04-20 20:17:37]--[src_cgi/myfiles_cgi.c:528]--buf = {
    "token": "143ec1e61a294d4979e789979d935560",
    "user": "MarioHo"
}

[2020-04-20 20:17:37]--[src_cgi/myfiles_cgi.c:176]--line = 2
[2020-04-20 20:17:37]--[src_cgi/myfiles_cgi.c:496]--cmd = normal
[2020-04-20 20:17:37]--[src_cgi/myfiles_cgi.c:528]--buf = {
    "count": 2,
    "start": 0,
    "token": "143ec1e61a294d4979e789979d935560",
    "user": "MarioHo"
}

[2020-04-20 20:17:37]--[src_cgi/myfiles_cgi.c:548]--user = MarioHo, token = 143ec1e61a294d4979e789979d935560, start = 0, count = 2
[2020-04-20 20:17:37]--[src_cgi/myfiles_cgi.c:306]--select user_file_list.*, file_info.url, file_info.size, file_info.type from file_info, user_file_list where user = 'MarioHo' and file_info.md5 = user_file_list.md5 limit 0, 2 在操作
[2020-04-20 20:17:37]--[src_cgi/myfiles_cgi.c:428]--{
	"files":	[{
			"user":	"MarioHo",
			"md5":	"fc7f3e94d9e67199560b84097e81be1f",
			"time":	"2020-04-20 20:05:49",
			"filename":	"Makefile.Debug",
			"share_status":	1,
			"pv":	0,
			"url":	"http://172.26.180.136:80/group1/M00/00/00/rBq0iF6dkB2AK8izAAWt2D1RNpc2.Debug",
			"size":	372184,
			"type":	"Debug"
		}, {
			"user":	"MarioHo",
			"md5":	"e1379314759ae19c6f106854131d28f0",
			"time":	"2020-04-20 20:16:52",
			"filename":	"login.h",
			"share_status":	0,
			"pv":	0,
			"url":	"http://172.26.180.136:80/group1/M00/00/00/rBq0iF6dkrSAMUArAAAEw63M3C014689.h",
			"size":	1219,
			"type":	"h"
		}]
}
[2020-04-20 20:17:38]--[src_cgi/myfiles_cgi.c:496]--cmd = count
[2020-04-20 20:17:38]--[src_cgi/myfiles_cgi.c:528]--buf = {
    "token": "143ec1e61a294d4979e789979d935560",
    "user": "MarioHo"
}

[2020-04-20 20:17:38]--[src_cgi/myfiles_cgi.c:176]--line = 2
[2020-04-20 20:17:38]--[src_cgi/myfiles_cgi.c:496]--cmd = normal
[2020-04-20 20:17:38]--[src_cgi/myfiles_cgi.c:528]--buf = {
    "count": 2,
    "start": 0,
    "token": "143ec1e61a294d4979e789979d935560",
    "user": "MarioHo"
}

[2020-04-20 20:17:38]--[src_cgi/myfiles_cgi.c:548]--user = MarioHo, token = 143ec1e61a294d4979e789979d935560, start = 0, count = 2
[2020-04-20 20:17:38]--[src_cgi/myfiles_cgi.c:306]--select user_file_list.*, file_info.url, file_info.size, file_info.type from file_info, user_file_list where user = 'MarioHo' and file_info.md5 = user_file_list.md5 limit 0, 2 在操作
[2020-04-20 20:17:38]--[src_cgi/myfiles_cgi.c:428]--{
	"files":	[{
			"user":	"MarioHo",
			"md5":	"fc7f3e94d9e67199560b84097e81be1f",
			"time":	"2020-04-20 20:05:49",
			"filename":	"Makefile.Debug",
			"share_status":	1,
			"pv":	0,
			"url":	"http://172.26.180.136:80/group1/M00/00/00/rBq0iF6dkB2AK8izAAWt2D1RNpc2.Debug",
			"size":	372184,
			"type":	"Debug"
		}, {
			"user":	"MarioHo",
			"md5":	"e1379314759ae19c6f106854131d28f0",
			"time":	"2020-04-20 20:16:52",
			"filename":	"login.h",
			"share_status":	0,
			"pv":	0,
			"url":	"http://172.26.180.136:80/group1/M00/00/00/rBq0iF6dkrSAMUArAAAEw63M3C014689.h",
			"size":	1219,
			"type":	"h"
		}]
}
[2020-04-20 20:17:43]--[src_cgi/myfiles_cgi.c:496]--cmd = count
[2020-04-20 20:17:43]--[src_cgi/myfiles_cgi.c:528]--buf = {
    "token": "143ec1e61a294d4979e789979d935560",
    "user": "MarioHo"
}

[2020-04-20 20:17:43]--[src_cgi/myfiles_cgi.c:176]--line = 2
[2020-04-20 20:17:43]--[src_cgi/myfiles_cgi.c:496]--cmd = normal
[2020-04-20 20:17:43]--[src_cgi/myfiles_cgi.c:528]--buf = {
    "count": 2,
    "start": 0,
    "token": "143ec1e61a294d4979e789979d935560",
    "user": "MarioHo"
}

[2020-04-20 20:17:43]--[src_cgi/myfiles_cgi.c:548]--user = MarioHo, token = 143ec1e61a294d4979e789979d935560, start = 0, count = 2
[2020-04-20 20:17:43]--[src_cgi/myfiles_cgi.c:306]--select user_file_list.*, file_info.url, file_info.size, file_info.type from file_info, user_file_list where user = 'MarioHo' and file_info.md5 = user_file_list.md5 limit 0, 2 在操作
[2020-04-20 20:17:43]--[src_cgi/myfiles_cgi.c:428]--{
	"files":	[{
			"user":	"MarioHo",
			"md5":	"fc7f3e94d9e67199560b84097e81be1f",
			"time":	"2020-04-20 20:05:49",
			"filename":	"Makefile.Debug",
			"share_status":	1,
			"pv":	0,
			"url":	"http://172.26.180.136:80/group1/M00/00/00/rBq0iF6dkB2AK8izAAWt2D1RNpc2.Debug",
			"size":	372184,
			"type":	"Debug"
		}, {
			"user":	"MarioHo",
			"md5":	"e1379314759ae19c6f106854131d28f0",
			"time":	"2020-04-20 20:16:52",
			"filename":	"login.h",
			"share_status":	0,
			"pv":	0,
			"url":	"http://172.26.180.136:80/group1/M00/00/00/rBq0iF6dkrSAMUArAAAEw63M3C014689.h",
			"size":	1219,
			"type":	"h"
		}]
}
[2020-04-20 20:17:53]--[src_cgi/myfiles_cgi.c:496]--cmd = count
[2020-04-20 20:17:53]--[src_cgi/myfiles_cgi.c:528]--buf = {
    "token": "143ec1e61a294d4979e789979d935560",
    "user": "MarioHo"
}

[2020-04-20 20:17:53]--[src_cgi/myfiles_cgi.c:176]--line = 2
[2020-04-20 20:17:53]--[src_cgi/myfiles_cgi.c:496]--cmd = normal
[2020-04-20 20:17:53]--[src_cgi/myfiles_cgi.c:528]--buf = {
    "count": 2,
    "start": 0,
    "token": "143ec1e61a294d4979e789979d935560",
    "user": "MarioHo"
}

[2020-04-20 20:17:53]--[src_cgi/myfiles_cgi.c:548]--user = MarioHo, token = 143ec1e61a294d4979e789979d935560, start = 0, count = 2
[2020-04-20 20:17:53]--[src_cgi/myfiles_cgi.c:306]--select user_file_list.*, file_info.url, file_info.size, file_info.type from file_info, user_file_list where user = 'MarioHo' and file_info.md5 = user_file_list.md5 limit 0, 2 在操作
[2020-04-20 20:17:53]--[src_cgi/myfiles_cgi.c:428]--{
	"files":	[{
			"user":	"MarioHo",
			"md5":	"fc7f3e94d9e67199560b84097e81be1f",
			"time":	"2020-04-20 20:05:49",
			"filename":	"Makefile.Debug",
			"share_status":	1,
			"pv":	0,
			"url":	"http://172.26.180.136:80/group1/M00/00/00/rBq0iF6dkB2AK8izAAWt2D1RNpc2.Debug",
			"size":	372184,
			"type":	"Debug"
		}, {
			"user":	"MarioHo",
			"md5":	"e1379314759ae19c6f106854131d28f0",
			"time":	"2020-04-20 20:16:52",
			"filename":	"login.h",
			"share_status":	0,
			"pv":	0,
			"url":	"http://172.26.180.136:80/group1/M00/00/00/rBq0iF6dkrSAMUArAAAEw63M3C014689.h",
			"size":	1219,
			"type":	"h"
		}]
}
[2020-04-20 20:17:58]--[src_cgi/myfiles_cgi.c:496]--cmd = count
[2020-04-20 20:17:58]--[src_cgi/myfiles_cgi.c:528]--buf = {
    "token": "143ec1e61a294d4979e789979d935560",
    "user": "MarioHo"
}

[2020-04-20 20:17:58]--[src_cgi/myfiles_cgi.c:176]--line = 2
[2020-04-20 20:17:58]--[src_cgi/myfiles_cgi.c:496]--cmd = normal
[2020-04-20 20:17:58]--[src_cgi/myfiles_cgi.c:528]--buf = {
    "count": 2,
    "start": 0,
    "token": "143ec1e61a294d4979e789979d935560",
    "user": "MarioHo"
}

[2020-04-20 20:17:58]--[src_cgi/myfiles_cgi.c:548]--user = MarioHo, token = 143ec1e61a294d4979e789979d935560, start = 0, count = 2
[2020-04-20 20:17:58]--[src_cgi/myfiles_cgi.c:306]--select user_file_list.*, file_info.url, file_info.size, file_info.type from file_info, user_file_list where user = 'MarioHo' and file_info.md5 = user_file_list.md5 limit 0, 2 在操作
[2020-04-20 20:17:58]--[src_cgi/myfiles_cgi.c:428]--{
	"files":	[{
			"user":	"MarioHo",
			"md5":	"fc7f3e94d9e67199560b84097e81be1f",
			"time":	"2020-04-20 20:05:49",
			"filename":	"Makefile.Debug",
			"share_status":	1,
			"pv":	0,
			"url":	"http://172.26.180.136:80/group1/M00/00/00/rBq0iF6dkB2AK8izAAWt2D1RNpc2.Debug",
			"size":	372184,
			"type":	"Debug"
		}, {
			"user":	"MarioHo",
			"md5":	"e1379314759ae19c6f106854131d28f0",
			"time":	"2020-04-20 20:16:52",
			"filename":	"login.h",
			"share_status":	0,
			"pv":	0,
			"url":	"http://172.26.180.136:80/group1/M00/00/00/rBq0iF6dkrSAMUArAAAEw63M3C014689.h",
			"size":	1219,
			"type":	"h"
		}]
}
[2020-04-20 20:19:14]--[src_cgi/myfiles_cgi.c:496]--cmd = count
[2020-04-20 20:19:14]--[src_cgi/myfiles_cgi.c:528]--buf = {
    "token": "143ec1e61a294d4979e789979d935560",
    "user": "MarioHo"
}

[2020-04-20 20:19:14]--[src_cgi/myfiles_cgi.c:176]--line = 2
[2020-04-20 20:19:14]--[src_cgi/myfiles_cgi.c:496]--cmd = normal
[2020-04-20 20:19:14]--[src_cgi/myfiles_cgi.c:528]--buf = {
    "count": 2,
    "start": 0,
    "token": "143ec1e61a294d4979e789979d935560",
    "user": "MarioHo"
}

[2020-04-20 20:19:14]--[src_cgi/myfiles_cgi.c:548]--user = MarioHo, token = 143ec1e61a294d4979e789979d935560, start = 0, count = 2
[2020-04-20 20:19:14]--[src_cgi/myfiles_cgi.c:306]--select user_file_list.*, file_info.url, file_info.size, file_info.type from file_info, user_file_list where user = 'MarioHo' and file_info.md5 = user_file_list.md5 limit 0, 2 在操作
[2020-04-20 20:19:14]--[src_cgi/myfiles_cgi.c:428]--{
	"files":	[{
			"user":	"MarioHo",
			"md5":	"fc7f3e94d9e67199560b84097e81be1f",
			"time":	"2020-04-20 20:05:49",
			"filename":	"Makefile.Debug",
			"share_status":	1,
			"pv":	0,
			"url":	"http://172.26.180.136:80/group1/M00/00/00/rBq0iF6dkB2AK8izAAWt2D1RNpc2.Debug",
			"size":	372184,
			"type":	"Debug"
		}, {
			"user":	"MarioHo",
			"md5":	"e1379314759ae19c6f106854131d28f0",
			"time":	"2020-04-20 20:16:52",
			"filename":	"login.h",
			"share_status":	0,
			"pv":	0,
			"url":	"http://172.26.180.136:80/group1/M00/00/00/rBq0iF6dkrSAMUArAAAEw63M3C014689.h",
			"size":	1219,
			"type":	"h"
		}]
}
[2020-04-20 20:19:28]--[src_cgi/myfiles_cgi.c:496]--cmd = count
[2020-04-20 20:19:28]--[src_cgi/myfiles_cgi.c:528]--buf = {
    "token": "143ec1e61a294d4979e789979d935560",
    "user": "MarioHo"
}

[2020-04-20 20:19:28]--[src_cgi/myfiles_cgi.c:176]--line = 2
[2020-04-20 20:19:28]--[src_cgi/myfiles_cgi.c:496]--cmd = normal
[2020-04-20 20:19:28]--[src_cgi/myfiles_cgi.c:528]--buf = {
    "count": 2,
    "start": 0,
    "token": "143ec1e61a294d4979e789979d935560",
    "user": "MarioHo"
}

[2020-04-20 20:19:28]--[src_cgi/myfiles_cgi.c:548]--user = MarioHo, token = 143ec1e61a294d4979e789979d935560, start = 0, count = 2
[2020-04-20 20:19:28]--[src_cgi/myfiles_cgi.c:306]--select user_file_list.*, file_info.url, file_info.size, file_info.type from file_info, user_file_list where user = 'MarioHo' and file_info.md5 = user_file_list.md5 limit 0, 2 在操作
[2020-04-20 20:19:28]--[src_cgi/myfiles_cgi.c:428]--{
	"files":	[{
			"user":	"MarioHo",
			"md5":	"fc7f3e94d9e67199560b84097e81be1f",
			"time":	"2020-04-20 20:05:49",
			"filename":	"Makefile.Debug",
			"share_status":	1,
			"pv":	0,
			"url":	"http://172.26.180.136:80/group1/M00/00/00/rBq0iF6dkB2AK8izAAWt2D1RNpc2.Debug",
			"size":	372184,
			"type":	"Debug"
		}, {
			"user":	"MarioHo",
			"md5":	"e1379314759ae19c6f106854131d28f0",
			"time":	"2020-04-20 20:16:52",
			"filename":	"login.h",
			"share_status":	0,
			"pv":	0,
			"url":	"http://172.26.180.136:80/group1/M00/00/00/rBq0iF6dkrSAMUArAAAEw63M3C014689.h",
			"size":	1219,
			"type":	"h"
		}]
}
[2020-04-20 20:19:37]--[src_cgi/myfiles_cgi.c:496]--cmd = count
[2020-04-20 20:19:37]--[src_cgi/myfiles_cgi.c:528]--buf = {
    "token": "143ec1e61a294d4979e789979d935560",
    "user": "MarioHo"
}

[2020-04-20 20:19:37]--[src_cgi/myfiles_cgi.c:176]--line = 2
[2020-04-20 20:19:37]--[src_cgi/myfiles_cgi.c:496]--cmd = normal
[2020-04-20 20:19:37]--[src_cgi/myfiles_cgi.c:528]--buf = {
    "count": 2,
    "start": 0,
    "token": "143ec1e61a294d4979e789979d935560",
    "user": "MarioHo"
}

[2020-04-20 20:19:37]--[src_cgi/myfiles_cgi.c:548]--user = MarioHo, token = 143ec1e61a294d4979e789979d935560, start = 0, count = 2
[2020-04-20 20:19:37]--[src_cgi/myfiles_cgi.c:306]--select user_file_list.*, file_info.url, file_info.size, file_info.type from file_info, user_file_list where user = 'MarioHo' and file_info.md5 = user_file_list.md5 limit 0, 2 在操作
[2020-04-20 20:19:37]--[src_cgi/myfiles_cgi.c:428]--{
	"files":	[{
			"user":	"MarioHo",
			"md5":	"fc7f3e94d9e67199560b84097e81be1f",
			"time":	"2020-04-20 20:05:49",
			"filename":	"Makefile.Debug",
			"share_status":	1,
			"pv":	0,
			"url":	"http://172.26.180.136:80/group1/M00/00/00/rBq0iF6dkB2AK8izAAWt2D1RNpc2.Debug",
			"size":	372184,
			"type":	"Debug"
		}, {
			"user":	"MarioHo",
			"md5":	"e1379314759ae19c6f106854131d28f0",
			"time":	"2020-04-20 20:16:52",
			"filename":	"login.h",
			"share_status":	0,
			"pv":	0,
			"url":	"http://172.26.180.136:80/group1/M00/00/00/rBq0iF6dkrSAMUArAAAEw63M3C014689.h",
			"size":	1219,
			"type":	"h"
		}]
}
[2020-04-20 20:20:24]--[src_cgi/myfiles_cgi.c:496]--cmd = count
[2020-04-20 20:20:24]--[src_cgi/myfiles_cgi.c:528]--buf = {
    "token": "143ec1e61a294d4979e789979d935560",
    "user": "MarioHo"
}

[2020-04-20 20:20:24]--[src_cgi/myfiles_cgi.c:176]--line = 2
[2020-04-20 20:20:24]--[src_cgi/myfiles_cgi.c:496]--cmd = normal
[2020-04-20 20:20:24]--[src_cgi/myfiles_cgi.c:528]--buf = {
    "count": 2,
    "start": 0,
    "token": "143ec1e61a294d4979e789979d935560",
    "user": "MarioHo"
}

[2020-04-20 20:20:24]--[src_cgi/myfiles_cgi.c:548]--user = MarioHo, token = 143ec1e61a294d4979e789979d935560, start = 0, count = 2
[2020-04-20 20:20:24]--[src_cgi/myfiles_cgi.c:306]--select user_file_list.*, file_info.url, file_info.size, file_info.type from file_info, user_file_list where user = 'MarioHo' and file_info.md5 = user_file_list.md5 limit 0, 2 在操作
[2020-04-20 20:20:24]--[src_cgi/myfiles_cgi.c:428]--{
	"files":	[{
			"user":	"MarioHo",
			"md5":	"fc7f3e94d9e67199560b84097e81be1f",
			"time":	"2020-04-20 20:05:49",
			"filename":	"Makefile.Debug",
			"share_status":	1,
			"pv":	0,
			"url":	"http://172.26.180.136:80/group1/M00/00/00/rBq0iF6dkB2AK8izAAWt2D1RNpc2.Debug",
			"size":	372184,
			"type":	"Debug"
		}, {
			"user":	"MarioHo",
			"md5":	"e1379314759ae19c6f106854131d28f0",
			"time":	"2020-04-20 20:16:52",
			"filename":	"login.h",
			"share_status":	0,
			"pv":	0,
			"url":	"http://172.26.180.136:80/group1/M00/00/00/rBq0iF6dkrSAMUArAAAEw63M3C014689.h",
			"size":	1219,
			"type":	"h"
		}]
}
[2020-04-20 20:32:17]--[src_cgi/myfiles_cgi.c:496]--cmd = count
[2020-04-20 20:32:17]--[src_cgi/myfiles_cgi.c:528]--buf = {
    "token": "143ec1e61a294d4979e789979d935560",
    "user": "MarioHo"
}

[2020-04-20 20:32:17]--[src_cgi/myfiles_cgi.c:176]--line = 2
[2020-04-20 20:32:17]--[src_cgi/myfiles_cgi.c:496]--cmd = normal
[2020-04-20 20:32:17]--[src_cgi/myfiles_cgi.c:528]--buf = {
    "count": 2,
    "start": 0,
    "token": "143ec1e61a294d4979e789979d935560",
    "user": "MarioHo"
}

[2020-04-20 20:32:17]--[src_cgi/myfiles_cgi.c:548]--user = MarioHo, token = 143ec1e61a294d4979e789979d935560, start = 0, count = 2
[2020-04-20 20:32:17]--[src_cgi/myfiles_cgi.c:306]--select user_file_list.*, file_info.url, file_info.size, file_info.type from file_info, user_file_list where user = 'MarioHo' and file_info.md5 = user_file_list.md5 limit 0, 2 在操作
[2020-04-20 20:32:17]--[src_cgi/myfiles_cgi.c:428]--{
	"files":	[{
			"user":	"MarioHo",
			"md5":	"fc7f3e94d9e67199560b84097e81be1f",
			"time":	"2020-04-20 20:05:49",
			"filename":	"Makefile.Debug",
			"share_status":	1,
			"pv":	0,
			"url":	"http://172.26.180.136:80/group1/M00/00/00/rBq0iF6dkB2AK8izAAWt2D1RNpc2.Debug",
			"size":	372184,
			"type":	"Debug"
		}, {
			"user":	"MarioHo",
			"md5":	"e1379314759ae19c6f106854131d28f0",
			"time":	"2020-04-20 20:16:52",
			"filename":	"login.h",
			"share_status":	0,
			"pv":	0,
			"url":	"http://172.26.180.136:80/group1/M00/00/00/rBq0iF6dkrSAMUArAAAEw63M3C014689.h",
			"size":	1219,
			"type":	"h"
		}]
}
[2020-04-20 20:32:20]--[src_cgi/myfiles_cgi.c:496]--cmd = count
[2020-04-20 20:32:20]--[src_cgi/myfiles_cgi.c:528]--buf = {
    "token": "143ec1e61a294d4979e789979d935560",
    "user": "MarioHo"
}

[2020-04-20 20:32:20]--[src_cgi/myfiles_cgi.c:176]--line = 2
[2020-04-20 20:32:20]--[src_cgi/myfiles_cgi.c:496]--cmd = normal
[2020-04-20 20:32:20]--[src_cgi/myfiles_cgi.c:528]--buf = {
    "count": 2,
    "start": 0,
    "token": "143ec1e61a294d4979e789979d935560",
    "user": "MarioHo"
}

[2020-04-20 20:32:20]--[src_cgi/myfiles_cgi.c:548]--user = MarioHo, token = 143ec1e61a294d4979e789979d935560, start = 0, count = 2
[2020-04-20 20:32:20]--[src_cgi/myfiles_cgi.c:306]--select user_file_list.*, file_info.url, file_info.size, file_info.type from file_info, user_file_list where user = 'MarioHo' and file_info.md5 = user_file_list.md5 limit 0, 2 在操作
[2020-04-20 20:32:20]--[src_cgi/myfiles_cgi.c:428]--{
	"files":	[{
			"user":	"MarioHo",
			"md5":	"fc7f3e94d9e67199560b84097e81be1f",
			"time":	"2020-04-20 20:05:49",
			"filename":	"Makefile.Debug",
			"share_status":	1,
			"pv":	0,
			"url":	"http://172.26.180.136:80/group1/M00/00/00/rBq0iF6dkB2AK8izAAWt2D1RNpc2.Debug",
			"size":	372184,
			"type":	"Debug"
		}, {
			"user":	"MarioHo",
			"md5":	"e1379314759ae19c6f106854131d28f0",
			"time":	"2020-04-20 20:16:52",
			"filename":	"login.h",
			"share_status":	0,
			"pv":	0,
			"url":	"http://172.26.180.136:80/group1/M00/00/00/rBq0iF6dkrSAMUArAAAEw63M3C014689.h",
			"size":	1219,
			"type":	"h"
		}]
}
[2020-04-20 20:32:22]--[src_cgi/myfiles_cgi.c:496]--cmd = count
[2020-04-20 20:32:22]--[src_cgi/myfiles_cgi.c:528]--buf = {
    "token": "143ec1e61a294d4979e789979d935560",
    "user": "MarioHo"
}

[2020-04-20 20:32:22]--[src_cgi/myfiles_cgi.c:176]--line = 2
[2020-04-20 20:32:22]--[src_cgi/myfiles_cgi.c:496]--cmd = normal
[2020-04-20 20:32:22]--[src_cgi/myfiles_cgi.c:528]--buf = {
    "count": 2,
    "start": 0,
    "token": "143ec1e61a294d4979e789979d935560",
    "user": "MarioHo"
}

[2020-04-20 20:32:22]--[src_cgi/myfiles_cgi.c:548]--user = MarioHo, token = 143ec1e61a294d4979e789979d935560, start = 0, count = 2
[2020-04-20 20:32:22]--[src_cgi/myfiles_cgi.c:306]--select user_file_list.*, file_info.url, file_info.size, file_info.type from file_info, user_file_list where user = 'MarioHo' and file_info.md5 = user_file_list.md5 limit 0, 2 在操作
[2020-04-20 20:32:22]--[src_cgi/myfiles_cgi.c:428]--{
	"files":	[{
			"user":	"MarioHo",
			"md5":	"fc7f3e94d9e67199560b84097e81be1f",
			"time":	"2020-04-20 20:05:49",
			"filename":	"Makefile.Debug",
			"share_status":	1,
			"pv":	0,
			"url":	"http://172.26.180.136:80/group1/M00/00/00/rBq0iF6dkB2AK8izAAWt2D1RNpc2.Debug",
			"size":	372184,
			"type":	"Debug"
		}, {
			"user":	"MarioHo",
			"md5":	"e1379314759ae19c6f106854131d28f0",
			"time":	"2020-04-20 20:16:52",
			"filename":	"login.h",
			"share_status":	0,
			"pv":	0,
			"url":	"http://172.26.180.136:80/group1/M00/00/00/rBq0iF6dkrSAMUArAAAEw63M3C014689.h",
			"size":	1219,
			"type":	"h"
		}]
}
[2020-04-20 20:32:24]--[src_cgi/myfiles_cgi.c:496]--cmd = count
[2020-04-20 20:32:24]--[src_cgi/myfiles_cgi.c:528]--buf = {
    "token": "143ec1e61a294d4979e789979d935560",
    "user": "MarioHo"
}

[2020-04-20 20:32:24]--[src_cgi/myfiles_cgi.c:176]--line = 2
[2020-04-20 20:32:24]--[src_cgi/myfiles_cgi.c:496]--cmd = normal
[2020-04-20 20:32:24]--[src_cgi/myfiles_cgi.c:528]--buf = {
    "count": 2,
    "start": 0,
    "token": "143ec1e61a294d4979e789979d935560",
    "user": "MarioHo"
}

[2020-04-20 20:32:24]--[src_cgi/myfiles_cgi.c:548]--user = MarioHo, token = 143ec1e61a294d4979e789979d935560, start = 0, count = 2
[2020-04-20 20:32:24]--[src_cgi/myfiles_cgi.c:306]--select user_file_list.*, file_info.url, file_info.size, file_info.type from file_info, user_file_list where user = 'MarioHo' and file_info.md5 = user_file_list.md5 limit 0, 2 在操作
[2020-04-20 20:32:24]--[src_cgi/myfiles_cgi.c:428]--{
	"files":	[{
			"user":	"MarioHo",
			"md5":	"fc7f3e94d9e67199560b84097e81be1f",
			"time":	"2020-04-20 20:05:49",
			"filename":	"Makefile.Debug",
			"share_status":	1,
			"pv":	0,
			"url":	"http://172.26.180.136:80/group1/M00/00/00/rBq0iF6dkB2AK8izAAWt2D1RNpc2.Debug",
			"size":	372184,
			"type":	"Debug"
		}, {
			"user":	"MarioHo",
			"md5":	"e1379314759ae19c6f106854131d28f0",
			"time":	"2020-04-20 20:16:52",
			"filename":	"login.h",
			"share_status":	0,
			"pv":	0,
			"url":	"http://172.26.180.136:80/group1/M00/00/00/rBq0iF6dkrSAMUArAAAEw63M3C014689.h",
			"size":	1219,
			"type":	"h"
		}]
}
[2020-04-20 20:33:57]--[src_cgi/myfiles_cgi.c:496]--cmd = count
[2020-04-20 20:33:57]--[src_cgi/myfiles_cgi.c:528]--buf = {
    "token": "143ec1e61a294d4979e789979d935560",
    "user": "MarioHo"
}

[2020-04-20 20:33:57]--[src_cgi/myfiles_cgi.c:176]--line = 2
[2020-04-20 20:33:58]--[src_cgi/myfiles_cgi.c:496]--cmd = normal
[2020-04-20 20:33:58]--[src_cgi/myfiles_cgi.c:528]--buf = {
    "count": 2,
    "start": 0,
    "token": "143ec1e61a294d4979e789979d935560",
    "user": "MarioHo"
}

[2020-04-20 20:33:58]--[src_cgi/myfiles_cgi.c:548]--user = MarioHo, token = 143ec1e61a294d4979e789979d935560, start = 0, count = 2
[2020-04-20 20:33:58]--[src_cgi/myfiles_cgi.c:306]--select user_file_list.*, file_info.url, file_info.size, file_info.type from file_info, user_file_list where user = 'MarioHo' and file_info.md5 = user_file_list.md5 limit 0, 2 在操作
[2020-04-20 20:33:58]--[src_cgi/myfiles_cgi.c:428]--{
	"files":	[{
			"user":	"MarioHo",
			"md5":	"fc7f3e94d9e67199560b84097e81be1f",
			"time":	"2020-04-20 20:05:49",
			"filename":	"Makefile.Debug",
			"share_status":	1,
			"pv":	0,
			"url":	"http://172.26.180.136:80/group1/M00/00/00/rBq0iF6dkB2AK8izAAWt2D1RNpc2.Debug",
			"size":	372184,
			"type":	"Debug"
		}, {
			"user":	"MarioHo",
			"md5":	"e1379314759ae19c6f106854131d28f0",
			"time":	"2020-04-20 20:16:52",
			"filename":	"login.h",
			"share_status":	0,
			"pv":	0,
			"url":	"http://172.26.180.136:80/group1/M00/00/00/rBq0iF6dkrSAMUArAAAEw63M3C014689.h",
			"size":	1219,
			"type":	"h"
		}]
}
[2020-04-20 20:34:01]--[src_cgi/myfiles_cgi.c:496]--cmd = count
[2020-04-20 20:34:01]--[src_cgi/myfiles_cgi.c:528]--buf = {
    "token": "143ec1e61a294d4979e789979d935560",
    "user": "MarioHo"
}

[2020-04-20 20:34:01]--[src_cgi/myfiles_cgi.c:176]--line = 2
[2020-04-20 20:34:01]--[src_cgi/myfiles_cgi.c:496]--cmd = normal
[2020-04-20 20:34:01]--[src_cgi/myfiles_cgi.c:528]--buf = {
    "count": 2,
    "start": 0,
    "token": "143ec1e61a294d4979e789979d935560",
    "user": "MarioHo"
}

[2020-04-20 20:34:01]--[src_cgi/myfiles_cgi.c:548]--user = MarioHo, token = 143ec1e61a294d4979e789979d935560, start = 0, count = 2
[2020-04-20 20:34:01]--[src_cgi/myfiles_cgi.c:306]--select user_file_list.*, file_info.url, file_info.size, file_info.type from file_info, user_file_list where user = 'MarioHo' and file_info.md5 = user_file_list.md5 limit 0, 2 在操作
[2020-04-20 20:34:01]--[src_cgi/myfiles_cgi.c:428]--{
	"files":	[{
			"user":	"MarioHo",
			"md5":	"fc7f3e94d9e67199560b84097e81be1f",
			"time":	"2020-04-20 20:05:49",
			"filename":	"Makefile.Debug",
			"share_status":	1,
			"pv":	0,
			"url":	"http://172.26.180.136:80/group1/M00/00/00/rBq0iF6dkB2AK8izAAWt2D1RNpc2.Debug",
			"size":	372184,
			"type":	"Debug"
		}, {
			"user":	"MarioHo",
			"md5":	"e1379314759ae19c6f106854131d28f0",
			"time":	"2020-04-20 20:16:52",
			"filename":	"login.h",
			"share_status":	0,
			"pv":	0,
			"url":	"http://172.26.180.136:80/group1/M00/00/00/rBq0iF6dkrSAMUArAAAEw63M3C014689.h",
			"size":	1219,
			"type":	"h"
		}]
}
[2020-04-20 20:34:04]--[src_cgi/myfiles_cgi.c:496]--cmd = count
[2020-04-20 20:34:04]--[src_cgi/myfiles_cgi.c:528]--buf = {
    "token": "143ec1e61a294d4979e789979d935560",
    "user": "MarioHo"
}

[2020-04-20 20:34:04]--[src_cgi/myfiles_cgi.c:176]--line = 2
[2020-04-20 20:34:04]--[src_cgi/myfiles_cgi.c:496]--cmd = normal
[2020-04-20 20:34:04]--[src_cgi/myfiles_cgi.c:528]--buf = {
    "count": 2,
    "start": 0,
    "token": "143ec1e61a294d4979e789979d935560",
    "user": "MarioHo"
}

[2020-04-20 20:34:04]--[src_cgi/myfiles_cgi.c:548]--user = MarioHo, token = 143ec1e61a294d4979e789979d935560, start = 0, count = 2
[2020-04-20 20:34:04]--[src_cgi/myfiles_cgi.c:306]--select user_file_list.*, file_info.url, file_info.size, file_info.type from file_info, user_file_list where user = 'MarioHo' and file_info.md5 = user_file_list.md5 limit 0, 2 在操作
[2020-04-20 20:34:04]--[src_cgi/myfiles_cgi.c:428]--{
	"files":	[{
			"user":	"MarioHo",
			"md5":	"fc7f3e94d9e67199560b84097e81be1f",
			"time":	"2020-04-20 20:05:49",
			"filename":	"Makefile.Debug",
			"share_status":	1,
			"pv":	0,
			"url":	"http://172.26.180.136:80/group1/M00/00/00/rBq0iF6dkB2AK8izAAWt2D1RNpc2.Debug",
			"size":	372184,
			"type":	"Debug"
		}, {
			"user":	"MarioHo",
			"md5":	"e1379314759ae19c6f106854131d28f0",
			"time":	"2020-04-20 20:16:52",
			"filename":	"login.h",
			"share_status":	0,
			"pv":	0,
			"url":	"http://172.26.180.136:80/group1/M00/00/00/rBq0iF6dkrSAMUArAAAEw63M3C014689.h",
			"size":	1219,
			"type":	"h"
		}]
}
[2020-04-20 20:34:06]--[src_cgi/myfiles_cgi.c:496]--cmd = count
[2020-04-20 20:34:06]--[src_cgi/myfiles_cgi.c:528]--buf = {
    "token": "143ec1e61a294d4979e789979d935560",
    "user": "MarioHo"
}

[2020-04-20 20:34:06]--[src_cgi/myfiles_cgi.c:176]--line = 2
[2020-04-20 20:34:06]--[src_cgi/myfiles_cgi.c:496]--cmd = normal
[2020-04-20 20:34:06]--[src_cgi/myfiles_cgi.c:528]--buf = {
    "count": 2,
    "start": 0,
    "token": "143ec1e61a294d4979e789979d935560",
    "user": "MarioHo"
}

[2020-04-20 20:34:06]--[src_cgi/myfiles_cgi.c:548]--user = MarioHo, token = 143ec1e61a294d4979e789979d935560, start = 0, count = 2
[2020-04-20 20:34:06]--[src_cgi/myfiles_cgi.c:306]--select user_file_list.*, file_info.url, file_info.size, file_info.type from file_info, user_file_list where user = 'MarioHo' and file_info.md5 = user_file_list.md5 limit 0, 2 在操作
[2020-04-20 20:34:06]--[src_cgi/myfiles_cgi.c:428]--{
	"files":	[{
			"user":	"MarioHo",
			"md5":	"fc7f3e94d9e67199560b84097e81be1f",
			"time":	"2020-04-20 20:05:49",
			"filename":	"Makefile.Debug",
			"share_status":	1,
			"pv":	0,
			"url":	"http://172.26.180.136:80/group1/M00/00/00/rBq0iF6dkB2AK8izAAWt2D1RNpc2.Debug",
			"size":	372184,
			"type":	"Debug"
		}, {
			"user":	"MarioHo",
			"md5":	"e1379314759ae19c6f106854131d28f0",
			"time":	"2020-04-20 20:16:52",
			"filename":	"login.h",
			"share_status":	0,
			"pv":	0,
			"url":	"http://172.26.180.136:80/group1/M00/00/00/rBq0iF6dkrSAMUArAAAEw63M3C014689.h",
			"size":	1219,
			"type":	"h"
		}]
}
