[2020-04-25 19:04:34]--[src_cgi/sharefiles_cgi.c:598]--cmd = count
[2020-04-25 19:04:34]--[src_cgi/sharefiles_cgi.c:85]--line = 2
[2020-04-25 19:04:34]--[src_cgi/sharefiles_cgi.c:598]--cmd = normal
[2020-04-25 19:04:34]--[src_cgi/sharefiles_cgi.c:636]--buf = {
    "count": 2,
    "start": 0
}

[2020-04-25 19:04:34]--[src_cgi/sharefiles_cgi.c:645]--start = 0, count = 2
[2020-04-25 19:04:34]--[src_cgi/sharefiles_cgi.c:172]--select share_file_list.*, file_info.url, file_info.size, file_info.type from file_info, share_file_list where file_info.md5 = share_file_list.md5 limit 0, 2 在操作
[2020-04-25 19:04:34]--[src_cgi/sharefiles_cgi.c:292]--{
	"files":	[{
			"user":	"Mario",
			"md5":	"c319a9d4ce7c9f76d2a17a3d5d93c02b",
			"time":	"2018-12-21 19:29:22",
			"filename":	"Makefile",
			"share_status":	1,
			"pv":	1,
			"url":	"http://192.168.230.138:80/group1/M00/00/00/wKjmilwdqtKAcOo5AABU8Itwcro6720927",
			"size":	21744,
			"type":	"null"
		}, {
			"user":	"MarioHo",
			"md5":	"fc7f3e94d9e67199560b84097e81be1f",
			"time":	"2020-04-20 20:06:02",
			"filename":	"Makefile.Debug",
			"share_status":	1,
			"pv":	0,
			"url":	"http://172.26.180.136:80/group1/M00/00/00/rBq0iF6dkB2AK8izAAWt2D1RNpc2.Debug",
			"size":	372184,
			"type":	"Debug"
		}]
}
[2020-04-25 19:04:35]--[src_cgi/sharefiles_cgi.c:598]--cmd = count
[2020-04-25 19:04:35]--[src_cgi/sharefiles_cgi.c:85]--line = 2
[2020-04-25 19:04:35]--[src_cgi/sharefiles_cgi.c:598]--cmd = pvdesc
[2020-04-25 19:04:35]--[src_cgi/sharefiles_cgi.c:636]--buf = {
    "count": 2,
    "start": 0
}

[2020-04-25 19:04:35]--[src_cgi/sharefiles_cgi.c:645]--start = 0, count = 2
[2020-04-25 19:04:35]--[src_cgi/sharefiles_cgi.c:399]--sql_num = 2, redis_num = 2
[2020-04-25 19:04:35]--[src_cgi/sharefiles_cgi.c:529]--{
	"files":	[{
			"filename":	"Makefile",
			"pv":	1
		}, {
			"filename":	"Makefile.Debug",
			"pv":	0
		}]
}
[2020-04-25 19:04:36]--[src_cgi/sharefiles_cgi.c:598]--cmd = count
[2020-04-25 19:04:36]--[src_cgi/sharefiles_cgi.c:85]--line = 2
[2020-04-25 19:04:36]--[src_cgi/sharefiles_cgi.c:598]--cmd = normal
[2020-04-25 19:04:36]--[src_cgi/sharefiles_cgi.c:636]--buf = {
    "count": 2,
    "start": 0
}

[2020-04-25 19:04:36]--[src_cgi/sharefiles_cgi.c:645]--start = 0, count = 2
[2020-04-25 19:04:36]--[src_cgi/sharefiles_cgi.c:172]--select share_file_list.*, file_info.url, file_info.size, file_info.type from file_info, share_file_list where file_info.md5 = share_file_list.md5 limit 0, 2 在操作
[2020-04-25 19:04:36]--[src_cgi/sharefiles_cgi.c:292]--{
	"files":	[{
			"user":	"Mario",
			"md5":	"c319a9d4ce7c9f76d2a17a3d5d93c02b",
			"time":	"2018-12-21 19:29:22",
			"filename":	"Makefile",
			"share_status":	1,
			"pv":	1,
			"url":	"http://192.168.230.138:80/group1/M00/00/00/wKjmilwdqtKAcOo5AABU8Itwcro6720927",
			"size":	21744,
			"type":	"null"
		}, {
			"user":	"MarioHo",
			"md5":	"fc7f3e94d9e67199560b84097e81be1f",
			"time":	"2020-04-20 20:06:02",
			"filename":	"Makefile.Debug",
			"share_status":	1,
			"pv":	0,
			"url":	"http://172.26.180.136:80/group1/M00/00/00/rBq0iF6dkB2AK8izAAWt2D1RNpc2.Debug",
			"size":	372184,
			"type":	"Debug"
		}]
}
[2020-04-25 19:04:39]--[src_cgi/sharefiles_cgi.c:598]--cmd = count
[2020-04-25 19:04:39]--[src_cgi/sharefiles_cgi.c:85]--line = 2
[2020-04-25 19:04:39]--[src_cgi/sharefiles_cgi.c:598]--cmd = normal
[2020-04-25 19:04:39]--[src_cgi/sharefiles_cgi.c:636]--buf = {
    "count": 2,
    "start": 0
}

[2020-04-25 19:04:39]--[src_cgi/sharefiles_cgi.c:645]--start = 0, count = 2
[2020-04-25 19:04:39]--[src_cgi/sharefiles_cgi.c:172]--select share_file_list.*, file_info.url, file_info.size, file_info.type from file_info, share_file_list where file_info.md5 = share_file_list.md5 limit 0, 2 在操作
[2020-04-25 19:04:39]--[src_cgi/sharefiles_cgi.c:292]--{
	"files":	[{
			"user":	"Mario",
			"md5":	"c319a9d4ce7c9f76d2a17a3d5d93c02b",
			"time":	"2018-12-21 19:29:22",
			"filename":	"Makefile",
			"share_status":	1,
			"pv":	1,
			"url":	"http://192.168.230.138:80/group1/M00/00/00/wKjmilwdqtKAcOo5AABU8Itwcro6720927",
			"size":	21744,
			"type":	"null"
		}, {
			"user":	"MarioHo",
			"md5":	"fc7f3e94d9e67199560b84097e81be1f",
			"time":	"2020-04-20 20:06:02",
			"filename":	"Makefile.Debug",
			"share_status":	1,
			"pv":	0,
			"url":	"http://172.26.180.136:80/group1/M00/00/00/rBq0iF6dkB2AK8izAAWt2D1RNpc2.Debug",
			"size":	372184,
			"type":	"Debug"
		}]
}
[2020-04-25 19:04:40]--[src_cgi/sharefiles_cgi.c:598]--cmd = count
[2020-04-25 19:04:40]--[src_cgi/sharefiles_cgi.c:85]--line = 2
[2020-04-25 19:04:40]--[src_cgi/sharefiles_cgi.c:598]--cmd = pvdesc
[2020-04-25 19:04:40]--[src_cgi/sharefiles_cgi.c:636]--buf = {
    "count": 2,
    "start": 0
}

[2020-04-25 19:04:40]--[src_cgi/sharefiles_cgi.c:645]--start = 0, count = 2
[2020-04-25 19:04:40]--[src_cgi/sharefiles_cgi.c:399]--sql_num = 2, redis_num = 2
[2020-04-25 19:04:40]--[src_cgi/sharefiles_cgi.c:529]--{
	"files":	[{
			"filename":	"Makefile",
			"pv":	1
		}, {
			"filename":	"Makefile.Debug",
			"pv":	0
		}]
}
[2020-04-25 19:06:19]--[src_cgi/sharefiles_cgi.c:598]--cmd = count
[2020-04-25 19:06:19]--[src_cgi/sharefiles_cgi.c:85]--line = 2
[2020-04-25 19:06:19]--[src_cgi/sharefiles_cgi.c:598]--cmd = normal
[2020-04-25 19:06:19]--[src_cgi/sharefiles_cgi.c:636]--buf = {
    "count": 2,
    "start": 0
}

[2020-04-25 19:06:19]--[src_cgi/sharefiles_cgi.c:645]--start = 0, count = 2
[2020-04-25 19:06:19]--[src_cgi/sharefiles_cgi.c:172]--select share_file_list.*, file_info.url, file_info.size, file_info.type from file_info, share_file_list where file_info.md5 = share_file_list.md5 limit 0, 2 在操作
[2020-04-25 19:06:19]--[src_cgi/sharefiles_cgi.c:292]--{
	"files":	[{
			"user":	"Mario",
			"md5":	"c319a9d4ce7c9f76d2a17a3d5d93c02b",
			"time":	"2018-12-21 19:29:22",
			"filename":	"Makefile",
			"share_status":	1,
			"pv":	1,
			"url":	"http://192.168.230.138:80/group1/M00/00/00/wKjmilwdqtKAcOo5AABU8Itwcro6720927",
			"size":	21744,
			"type":	"null"
		}, {
			"user":	"MarioHo",
			"md5":	"fc7f3e94d9e67199560b84097e81be1f",
			"time":	"2020-04-20 20:06:02",
			"filename":	"Makefile.Debug",
			"share_status":	1,
			"pv":	0,
			"url":	"http://172.26.180.136:80/group1/M00/00/00/rBq0iF6dkB2AK8izAAWt2D1RNpc2.Debug",
			"size":	372184,
			"type":	"Debug"
		}]
}
[2020-04-25 19:06:20]--[src_cgi/sharefiles_cgi.c:598]--cmd = count
[2020-04-25 19:06:20]--[src_cgi/sharefiles_cgi.c:85]--line = 2
[2020-04-25 19:06:20]--[src_cgi/sharefiles_cgi.c:598]--cmd = pvdesc
[2020-04-25 19:06:20]--[src_cgi/sharefiles_cgi.c:636]--buf = {
    "count": 2,
    "start": 0
}

[2020-04-25 19:06:20]--[src_cgi/sharefiles_cgi.c:645]--start = 0, count = 2
[2020-04-25 19:06:20]--[src_cgi/sharefiles_cgi.c:399]--sql_num = 2, redis_num = 2
[2020-04-25 19:06:20]--[src_cgi/sharefiles_cgi.c:529]--{
	"files":	[{
			"filename":	"Makefile",
			"pv":	1
		}, {
			"filename":	"Makefile.Debug",
			"pv":	0
		}]
}
[2020-04-25 20:00:27]--[src_cgi/sharefiles_cgi.c:598]--cmd = count
[2020-04-25 20:00:27]--[src_cgi/sharefiles_cgi.c:85]--line = 2
[2020-04-25 20:00:27]--[src_cgi/sharefiles_cgi.c:598]--cmd = normal
[2020-04-25 20:00:27]--[src_cgi/sharefiles_cgi.c:636]--buf = {
    "count": 2,
    "start": 0
}

[2020-04-25 20:00:27]--[src_cgi/sharefiles_cgi.c:645]--start = 0, count = 2
[2020-04-25 20:00:27]--[src_cgi/sharefiles_cgi.c:172]--select share_file_list.*, file_info.url, file_info.size, file_info.type from file_info, share_file_list where file_info.md5 = share_file_list.md5 limit 0, 2 在操作
[2020-04-25 20:00:27]--[src_cgi/sharefiles_cgi.c:292]--{
	"files":	[{
			"user":	"Mario",
			"md5":	"c319a9d4ce7c9f76d2a17a3d5d93c02b",
			"time":	"2018-12-21 19:29:22",
			"filename":	"Makefile",
			"share_status":	1,
			"pv":	1,
			"url":	"http://192.168.230.138:80/group1/M00/00/00/wKjmilwdqtKAcOo5AABU8Itwcro6720927",
			"size":	21744,
			"type":	"null"
		}, {
			"user":	"MarioHo",
			"md5":	"fc7f3e94d9e67199560b84097e81be1f",
			"time":	"2020-04-20 20:06:02",
			"filename":	"Makefile.Debug",
			"share_status":	1,
			"pv":	0,
			"url":	"http://172.26.180.136:80/group1/M00/00/00/rBq0iF6dkB2AK8izAAWt2D1RNpc2.Debug",
			"size":	372184,
			"type":	"Debug"
		}]
}
[2020-04-25 20:00:28]--[src_cgi/sharefiles_cgi.c:598]--cmd = count
[2020-04-25 20:00:28]--[src_cgi/sharefiles_cgi.c:85]--line = 2
[2020-04-25 20:00:28]--[src_cgi/sharefiles_cgi.c:598]--cmd = pvdesc
[2020-04-25 20:00:28]--[src_cgi/sharefiles_cgi.c:636]--buf = {
    "count": 2,
    "start": 0
}

[2020-04-25 20:00:28]--[src_cgi/sharefiles_cgi.c:645]--start = 0, count = 2
[2020-04-25 20:00:28]--[src_cgi/sharefiles_cgi.c:399]--sql_num = 2, redis_num = 2
[2020-04-25 20:00:28]--[src_cgi/sharefiles_cgi.c:529]--{
	"files":	[{
			"filename":	"Makefile",
			"pv":	1
		}, {
			"filename":	"Makefile.Debug",
			"pv":	0
		}]
}
[2020-04-25 20:01:11]--[src_cgi/sharefiles_cgi.c:598]--cmd = count
[2020-04-25 20:01:11]--[src_cgi/sharefiles_cgi.c:85]--line = 2
[2020-04-25 20:01:11]--[src_cgi/sharefiles_cgi.c:598]--cmd = normal
[2020-04-25 20:01:11]--[src_cgi/sharefiles_cgi.c:636]--buf = {
    "count": 2,
    "start": 0
}

[2020-04-25 20:01:11]--[src_cgi/sharefiles_cgi.c:645]--start = 0, count = 2
[2020-04-25 20:01:11]--[src_cgi/sharefiles_cgi.c:172]--select share_file_list.*, file_info.url, file_info.size, file_info.type from file_info, share_file_list where file_info.md5 = share_file_list.md5 limit 0, 2 在操作
[2020-04-25 20:01:11]--[src_cgi/sharefiles_cgi.c:292]--{
	"files":	[{
			"user":	"Mario",
			"md5":	"c319a9d4ce7c9f76d2a17a3d5d93c02b",
			"time":	"2018-12-21 19:29:22",
			"filename":	"Makefile",
			"share_status":	1,
			"pv":	1,
			"url":	"http://192.168.230.138:80/group1/M00/00/00/wKjmilwdqtKAcOo5AABU8Itwcro6720927",
			"size":	21744,
			"type":	"null"
		}, {
			"user":	"MarioHo",
			"md5":	"fc7f3e94d9e67199560b84097e81be1f",
			"time":	"2020-04-20 20:06:02",
			"filename":	"Makefile.Debug",
			"share_status":	1,
			"pv":	0,
			"url":	"http://172.26.180.136:80/group1/M00/00/00/rBq0iF6dkB2AK8izAAWt2D1RNpc2.Debug",
			"size":	372184,
			"type":	"Debug"
		}]
}
[2020-04-25 20:01:18]--[src_cgi/sharefiles_cgi.c:598]--cmd = count
[2020-04-25 20:01:18]--[src_cgi/sharefiles_cgi.c:85]--line = 2
[2020-04-25 20:01:18]--[src_cgi/sharefiles_cgi.c:598]--cmd = normal
[2020-04-25 20:01:18]--[src_cgi/sharefiles_cgi.c:636]--buf = {
    "count": 2,
    "start": 0
}

[2020-04-25 20:01:18]--[src_cgi/sharefiles_cgi.c:645]--start = 0, count = 2
[2020-04-25 20:01:18]--[src_cgi/sharefiles_cgi.c:172]--select share_file_list.*, file_info.url, file_info.size, file_info.type from file_info, share_file_list where file_info.md5 = share_file_list.md5 limit 0, 2 在操作
[2020-04-25 20:01:18]--[src_cgi/sharefiles_cgi.c:292]--{
	"files":	[{
			"user":	"Mario",
			"md5":	"c319a9d4ce7c9f76d2a17a3d5d93c02b",
			"time":	"2018-12-21 19:29:22",
			"filename":	"Makefile",
			"share_status":	1,
			"pv":	1,
			"url":	"http://192.168.230.138:80/group1/M00/00/00/wKjmilwdqtKAcOo5AABU8Itwcro6720927",
			"size":	21744,
			"type":	"null"
		}, {
			"user":	"MarioHo",
			"md5":	"fc7f3e94d9e67199560b84097e81be1f",
			"time":	"2020-04-20 20:06:02",
			"filename":	"Makefile.Debug",
			"share_status":	1,
			"pv":	0,
			"url":	"http://172.26.180.136:80/group1/M00/00/00/rBq0iF6dkB2AK8izAAWt2D1RNpc2.Debug",
			"size":	372184,
			"type":	"Debug"
		}]
}
[2020-04-25 20:01:19]--[src_cgi/sharefiles_cgi.c:598]--cmd = count
[2020-04-25 20:01:19]--[src_cgi/sharefiles_cgi.c:85]--line = 2
[2020-04-25 20:01:19]--[src_cgi/sharefiles_cgi.c:598]--cmd = pvdesc
[2020-04-25 20:01:19]--[src_cgi/sharefiles_cgi.c:636]--buf = {
    "count": 2,
    "start": 0
}

[2020-04-25 20:01:19]--[src_cgi/sharefiles_cgi.c:645]--start = 0, count = 2
[2020-04-25 20:01:19]--[src_cgi/sharefiles_cgi.c:399]--sql_num = 2, redis_num = 2
[2020-04-25 20:01:19]--[src_cgi/sharefiles_cgi.c:529]--{
	"files":	[{
			"filename":	"Makefile",
			"pv":	1
		}, {
			"filename":	"Makefile.Debug",
			"pv":	0
		}]
}
[2020-04-25 20:01:34]--[src_cgi/sharefiles_cgi.c:598]--cmd = count
[2020-04-25 20:01:34]--[src_cgi/sharefiles_cgi.c:85]--line = 2
[2020-04-25 20:01:34]--[src_cgi/sharefiles_cgi.c:598]--cmd = normal
[2020-04-25 20:01:34]--[src_cgi/sharefiles_cgi.c:636]--buf = {
    "count": 2,
    "start": 0
}

[2020-04-25 20:01:34]--[src_cgi/sharefiles_cgi.c:645]--start = 0, count = 2
[2020-04-25 20:01:34]--[src_cgi/sharefiles_cgi.c:172]--select share_file_list.*, file_info.url, file_info.size, file_info.type from file_info, share_file_list where file_info.md5 = share_file_list.md5 limit 0, 2 在操作
[2020-04-25 20:01:34]--[src_cgi/sharefiles_cgi.c:292]--{
	"files":	[{
			"user":	"Mario",
			"md5":	"c319a9d4ce7c9f76d2a17a3d5d93c02b",
			"time":	"2018-12-21 19:29:22",
			"filename":	"Makefile",
			"share_status":	1,
			"pv":	1,
			"url":	"http://192.168.230.138:80/group1/M00/00/00/wKjmilwdqtKAcOo5AABU8Itwcro6720927",
			"size":	21744,
			"type":	"null"
		}, {
			"user":	"MarioHo",
			"md5":	"fc7f3e94d9e67199560b84097e81be1f",
			"time":	"2020-04-20 20:06:02",
			"filename":	"Makefile.Debug",
			"share_status":	1,
			"pv":	0,
			"url":	"http://172.26.180.136:80/group1/M00/00/00/rBq0iF6dkB2AK8izAAWt2D1RNpc2.Debug",
			"size":	372184,
			"type":	"Debug"
		}]
}
[2020-04-25 20:01:34]--[src_cgi/sharefiles_cgi.c:598]--cmd = count
[2020-04-25 20:01:34]--[src_cgi/sharefiles_cgi.c:85]--line = 2
[2020-04-25 20:01:35]--[src_cgi/sharefiles_cgi.c:598]--cmd = pvdesc
[2020-04-25 20:01:35]--[src_cgi/sharefiles_cgi.c:636]--buf = {
    "count": 2,
    "start": 0
}

[2020-04-25 20:01:35]--[src_cgi/sharefiles_cgi.c:645]--start = 0, count = 2
[2020-04-25 20:01:35]--[src_cgi/sharefiles_cgi.c:399]--sql_num = 2, redis_num = 2
[2020-04-25 20:01:35]--[src_cgi/sharefiles_cgi.c:529]--{
	"files":	[{
			"filename":	"Makefile",
			"pv":	1
		}, {
			"filename":	"Makefile.Debug",
			"pv":	0
		}]
}
[2020-04-25 20:41:14]--[src_cgi/sharefiles_cgi.c:42]--mysql:[user=root,pwd=123456,database=cloud_disk][2020-04-25 20:41:14]--[src_cgi/sharefiles_cgi.c:47]--redis:[ip=127.0.0.1,port=6379]
[2020-04-25 20:49:34]--[src_cgi/sharefiles_cgi.c:42]--mysql:[user=root,pwd=123456,database=cloud_disk][2020-04-25 20:49:34]--[src_cgi/sharefiles_cgi.c:47]--redis:[ip=127.0.0.1,port=6379]
[2020-04-25 20:51:15]--[src_cgi/sharefiles_cgi.c:42]--mysql:[user=root,pwd=123456,database=cloud_disk][2020-04-25 20:51:15]--[src_cgi/sharefiles_cgi.c:47]--redis:[ip=127.0.0.1,port=6379]
[2020-04-25 20:51:37]--[src_cgi/sharefiles_cgi.c:42]--mysql:[user=root,pwd=123456,database=cloud_disk][2020-04-25 20:51:37]--[src_cgi/sharefiles_cgi.c:47]--redis:[ip=127.0.0.1,port=6379]
[2020-04-25 21:41:30]--[src_cgi/sharefiles_cgi.c:42]--mysql:[user=root,pwd=123456,database=cloud_disk][2020-04-25 21:41:30]--[src_cgi/sharefiles_cgi.c:47]--redis:[ip=127.0.0.1,port=6379]
[2020-04-25 21:57:05]--[src_cgi/sharefiles_cgi.c:42]--mysql:[user=root,pwd=123456,database=cloud_disk][2020-04-25 21:57:05]--[src_cgi/sharefiles_cgi.c:47]--redis:[ip=127.0.0.1,port=6379]
[2020-04-25 23:31:22]--[src_cgi/sharefiles_cgi.c:42]--mysql:[user=root,pwd=123456,database=cloud_disk][2020-04-25 23:31:22]--[src_cgi/sharefiles_cgi.c:47]--redis:[ip=127.0.0.1,port=6379]
[2020-04-25 23:35:58]--[src_cgi/sharefiles_cgi.c:42]--mysql:[user=root,pwd=123456,database=cloud_disk][2020-04-25 23:35:58]--[src_cgi/sharefiles_cgi.c:47]--redis:[ip=127.0.0.1,port=6379]
