[2020-04-29 11:01:56]--[src_cgi/sharefiles_cgi.c:598]--cmd = count
[2020-04-29 11:01:56]--[src_cgi/sharefiles_cgi.c:85]--line = 1
[2020-04-29 11:01:56]--[src_cgi/sharefiles_cgi.c:598]--cmd = normal
[2020-04-29 11:01:56]--[src_cgi/sharefiles_cgi.c:636]--buf = {
    "count": 1,
    "start": 0
}

[2020-04-29 11:01:56]--[src_cgi/sharefiles_cgi.c:645]--start = 0, count = 1
[2020-04-29 11:01:56]--[src_cgi/sharefiles_cgi.c:172]--select share_file_list.*, file_info.url, file_info.size, file_info.type from file_info, share_file_list where file_info.md5 = share_file_list.md5 limit 0, 1 在操作
[2020-04-29 11:01:56]--[src_cgi/sharefiles_cgi.c:292]--{
	"files":	[{
			"user":	"Mario",
			"md5":	"c319a9d4ce7c9f76d2a17a3d5d93c02b",
			"time":	"2018-12-21 19:29:22",
			"filename":	"Makefile",
			"share_status":	1,
			"pv":	1,
			"url":	"http://192.168.230.138:80/group1/M00/00/00/wKjmilwdqtKAcOo5AABU8Itwcro6720927",
			"size":	21744,
			"type":	"null"
		}]
}
[2020-04-29 11:01:58]--[src_cgi/sharefiles_cgi.c:598]--cmd = count
[2020-04-29 11:01:58]--[src_cgi/sharefiles_cgi.c:85]--line = 1
[2020-04-29 11:01:58]--[src_cgi/sharefiles_cgi.c:598]--cmd = normal
[2020-04-29 11:01:58]--[src_cgi/sharefiles_cgi.c:636]--buf = {
    "count": 1,
    "start": 0
}

[2020-04-29 11:01:58]--[src_cgi/sharefiles_cgi.c:645]--start = 0, count = 1
[2020-04-29 11:01:58]--[src_cgi/sharefiles_cgi.c:172]--select share_file_list.*, file_info.url, file_info.size, file_info.type from file_info, share_file_list where file_info.md5 = share_file_list.md5 limit 0, 1 在操作
[2020-04-29 11:01:58]--[src_cgi/sharefiles_cgi.c:292]--{
	"files":	[{
			"user":	"Mario",
			"md5":	"c319a9d4ce7c9f76d2a17a3d5d93c02b",
			"time":	"2018-12-21 19:29:22",
			"filename":	"Makefile",
			"share_status":	1,
			"pv":	1,
			"url":	"http://192.168.230.138:80/group1/M00/00/00/wKjmilwdqtKAcOo5AABU8Itwcro6720927",
			"size":	21744,
			"type":	"null"
		}]
}
[2020-04-29 11:01:59]--[src_cgi/sharefiles_cgi.c:598]--cmd = count
[2020-04-29 11:01:59]--[src_cgi/sharefiles_cgi.c:85]--line = 1
[2020-04-29 11:01:59]--[src_cgi/sharefiles_cgi.c:598]--cmd = normal
[2020-04-29 11:01:59]--[src_cgi/sharefiles_cgi.c:636]--buf = {
    "count": 1,
    "start": 0
}

[2020-04-29 11:01:59]--[src_cgi/sharefiles_cgi.c:645]--start = 0, count = 1
[2020-04-29 11:01:59]--[src_cgi/sharefiles_cgi.c:172]--select share_file_list.*, file_info.url, file_info.size, file_info.type from file_info, share_file_list where file_info.md5 = share_file_list.md5 limit 0, 1 在操作
[2020-04-29 11:01:59]--[src_cgi/sharefiles_cgi.c:292]--{
	"files":	[{
			"user":	"Mario",
			"md5":	"c319a9d4ce7c9f76d2a17a3d5d93c02b",
			"time":	"2018-12-21 19:29:22",
			"filename":	"Makefile",
			"share_status":	1,
			"pv":	1,
			"url":	"http://192.168.230.138:80/group1/M00/00/00/wKjmilwdqtKAcOo5AABU8Itwcro6720927",
			"size":	21744,
			"type":	"null"
		}]
}
[2020-04-29 11:02:02]--[src_cgi/sharefiles_cgi.c:598]--cmd = count
[2020-04-29 11:02:02]--[src_cgi/sharefiles_cgi.c:85]--line = 1
[2020-04-29 11:02:02]--[src_cgi/sharefiles_cgi.c:598]--cmd = normal
[2020-04-29 11:02:02]--[src_cgi/sharefiles_cgi.c:636]--buf = {
    "count": 1,
    "start": 0
}

[2020-04-29 11:02:02]--[src_cgi/sharefiles_cgi.c:645]--start = 0, count = 1
[2020-04-29 11:02:02]--[src_cgi/sharefiles_cgi.c:172]--select share_file_list.*, file_info.url, file_info.size, file_info.type from file_info, share_file_list where file_info.md5 = share_file_list.md5 limit 0, 1 在操作
[2020-04-29 11:02:02]--[src_cgi/sharefiles_cgi.c:292]--{
	"files":	[{
			"user":	"Mario",
			"md5":	"c319a9d4ce7c9f76d2a17a3d5d93c02b",
			"time":	"2018-12-21 19:29:22",
			"filename":	"Makefile",
			"share_status":	1,
			"pv":	1,
			"url":	"http://192.168.230.138:80/group1/M00/00/00/wKjmilwdqtKAcOo5AABU8Itwcro6720927",
			"size":	21744,
			"type":	"null"
		}]
}
[2020-04-29 11:02:03]--[src_cgi/sharefiles_cgi.c:598]--cmd = count
[2020-04-29 11:02:03]--[src_cgi/sharefiles_cgi.c:85]--line = 1
[2020-04-29 11:02:03]--[src_cgi/sharefiles_cgi.c:598]--cmd = normal
[2020-04-29 11:02:03]--[src_cgi/sharefiles_cgi.c:636]--buf = {
    "count": 1,
    "start": 0
}

[2020-04-29 11:02:03]--[src_cgi/sharefiles_cgi.c:645]--start = 0, count = 1
[2020-04-29 11:02:03]--[src_cgi/sharefiles_cgi.c:172]--select share_file_list.*, file_info.url, file_info.size, file_info.type from file_info, share_file_list where file_info.md5 = share_file_list.md5 limit 0, 1 在操作
[2020-04-29 11:02:03]--[src_cgi/sharefiles_cgi.c:292]--{
	"files":	[{
			"user":	"Mario",
			"md5":	"c319a9d4ce7c9f76d2a17a3d5d93c02b",
			"time":	"2018-12-21 19:29:22",
			"filename":	"Makefile",
			"share_status":	1,
			"pv":	1,
			"url":	"http://192.168.230.138:80/group1/M00/00/00/wKjmilwdqtKAcOo5AABU8Itwcro6720927",
			"size":	21744,
			"type":	"null"
		}]
}
[2020-04-29 11:02:04]--[src_cgi/sharefiles_cgi.c:598]--cmd = count
[2020-04-29 11:02:04]--[src_cgi/sharefiles_cgi.c:85]--line = 1
[2020-04-29 11:02:04]--[src_cgi/sharefiles_cgi.c:598]--cmd = normal
[2020-04-29 11:02:04]--[src_cgi/sharefiles_cgi.c:636]--buf = {
    "count": 1,
    "start": 0
}

[2020-04-29 11:02:04]--[src_cgi/sharefiles_cgi.c:645]--start = 0, count = 1
[2020-04-29 11:02:04]--[src_cgi/sharefiles_cgi.c:172]--select share_file_list.*, file_info.url, file_info.size, file_info.type from file_info, share_file_list where file_info.md5 = share_file_list.md5 limit 0, 1 在操作
[2020-04-29 11:02:04]--[src_cgi/sharefiles_cgi.c:292]--{
	"files":	[{
			"user":	"Mario",
			"md5":	"c319a9d4ce7c9f76d2a17a3d5d93c02b",
			"time":	"2018-12-21 19:29:22",
			"filename":	"Makefile",
			"share_status":	1,
			"pv":	1,
			"url":	"http://192.168.230.138:80/group1/M00/00/00/wKjmilwdqtKAcOo5AABU8Itwcro6720927",
			"size":	21744,
			"type":	"null"
		}]
}
[2020-04-29 11:02:05]--[src_cgi/sharefiles_cgi.c:598]--cmd = count
[2020-04-29 11:02:05]--[src_cgi/sharefiles_cgi.c:85]--line = 1
[2020-04-29 11:02:05]--[src_cgi/sharefiles_cgi.c:598]--cmd = normal
[2020-04-29 11:02:05]--[src_cgi/sharefiles_cgi.c:636]--buf = {
    "count": 1,
    "start": 0
}

[2020-04-29 11:02:05]--[src_cgi/sharefiles_cgi.c:645]--start = 0, count = 1
[2020-04-29 11:02:05]--[src_cgi/sharefiles_cgi.c:172]--select share_file_list.*, file_info.url, file_info.size, file_info.type from file_info, share_file_list where file_info.md5 = share_file_list.md5 limit 0, 1 在操作
[2020-04-29 11:02:05]--[src_cgi/sharefiles_cgi.c:292]--{
	"files":	[{
			"user":	"Mario",
			"md5":	"c319a9d4ce7c9f76d2a17a3d5d93c02b",
			"time":	"2018-12-21 19:29:22",
			"filename":	"Makefile",
			"share_status":	1,
			"pv":	1,
			"url":	"http://192.168.230.138:80/group1/M00/00/00/wKjmilwdqtKAcOo5AABU8Itwcro6720927",
			"size":	21744,
			"type":	"null"
		}]
}
[2020-04-29 11:02:06]--[src_cgi/sharefiles_cgi.c:598]--cmd = count
[2020-04-29 11:02:06]--[src_cgi/sharefiles_cgi.c:85]--line = 1
[2020-04-29 11:02:06]--[src_cgi/sharefiles_cgi.c:598]--cmd = normal
[2020-04-29 11:02:06]--[src_cgi/sharefiles_cgi.c:636]--buf = {
    "count": 1,
    "start": 0
}

[2020-04-29 11:02:06]--[src_cgi/sharefiles_cgi.c:645]--start = 0, count = 1
[2020-04-29 11:02:06]--[src_cgi/sharefiles_cgi.c:172]--select share_file_list.*, file_info.url, file_info.size, file_info.type from file_info, share_file_list where file_info.md5 = share_file_list.md5 limit 0, 1 在操作
[2020-04-29 11:02:06]--[src_cgi/sharefiles_cgi.c:292]--{
	"files":	[{
			"user":	"Mario",
			"md5":	"c319a9d4ce7c9f76d2a17a3d5d93c02b",
			"time":	"2018-12-21 19:29:22",
			"filename":	"Makefile",
			"share_status":	1,
			"pv":	1,
			"url":	"http://192.168.230.138:80/group1/M00/00/00/wKjmilwdqtKAcOo5AABU8Itwcro6720927",
			"size":	21744,
			"type":	"null"
		}]
}
[2020-04-29 11:02:07]--[src_cgi/sharefiles_cgi.c:598]--cmd = count
[2020-04-29 11:02:07]--[src_cgi/sharefiles_cgi.c:85]--line = 1
[2020-04-29 11:02:07]--[src_cgi/sharefiles_cgi.c:598]--cmd = normal
[2020-04-29 11:02:07]--[src_cgi/sharefiles_cgi.c:636]--buf = {
    "count": 1,
    "start": 0
}

[2020-04-29 11:02:07]--[src_cgi/sharefiles_cgi.c:645]--start = 0, count = 1
[2020-04-29 11:02:07]--[src_cgi/sharefiles_cgi.c:172]--select share_file_list.*, file_info.url, file_info.size, file_info.type from file_info, share_file_list where file_info.md5 = share_file_list.md5 limit 0, 1 在操作
[2020-04-29 11:02:07]--[src_cgi/sharefiles_cgi.c:292]--{
	"files":	[{
			"user":	"Mario",
			"md5":	"c319a9d4ce7c9f76d2a17a3d5d93c02b",
			"time":	"2018-12-21 19:29:22",
			"filename":	"Makefile",
			"share_status":	1,
			"pv":	1,
			"url":	"http://192.168.230.138:80/group1/M00/00/00/wKjmilwdqtKAcOo5AABU8Itwcro6720927",
			"size":	21744,
			"type":	"null"
		}]
}
[2020-04-29 11:02:08]--[src_cgi/sharefiles_cgi.c:598]--cmd = count
[2020-04-29 11:02:08]--[src_cgi/sharefiles_cgi.c:85]--line = 1
[2020-04-29 11:02:09]--[src_cgi/sharefiles_cgi.c:598]--cmd = normal
[2020-04-29 11:02:09]--[src_cgi/sharefiles_cgi.c:636]--buf = {
    "count": 1,
    "start": 0
}

[2020-04-29 11:02:09]--[src_cgi/sharefiles_cgi.c:645]--start = 0, count = 1
[2020-04-29 11:02:09]--[src_cgi/sharefiles_cgi.c:172]--select share_file_list.*, file_info.url, file_info.size, file_info.type from file_info, share_file_list where file_info.md5 = share_file_list.md5 limit 0, 1 在操作
[2020-04-29 11:02:09]--[src_cgi/sharefiles_cgi.c:292]--{
	"files":	[{
			"user":	"Mario",
			"md5":	"c319a9d4ce7c9f76d2a17a3d5d93c02b",
			"time":	"2018-12-21 19:29:22",
			"filename":	"Makefile",
			"share_status":	1,
			"pv":	1,
			"url":	"http://192.168.230.138:80/group1/M00/00/00/wKjmilwdqtKAcOo5AABU8Itwcro6720927",
			"size":	21744,
			"type":	"null"
		}]
}
[2020-04-29 11:02:09]--[src_cgi/sharefiles_cgi.c:598]--cmd = count
[2020-04-29 11:02:09]--[src_cgi/sharefiles_cgi.c:85]--line = 1
[2020-04-29 11:02:10]--[src_cgi/sharefiles_cgi.c:598]--cmd = normal
[2020-04-29 11:02:10]--[src_cgi/sharefiles_cgi.c:636]--buf = {
    "count": 1,
    "start": 0
}

[2020-04-29 11:02:10]--[src_cgi/sharefiles_cgi.c:645]--start = 0, count = 1
[2020-04-29 11:02:10]--[src_cgi/sharefiles_cgi.c:172]--select share_file_list.*, file_info.url, file_info.size, file_info.type from file_info, share_file_list where file_info.md5 = share_file_list.md5 limit 0, 1 在操作
[2020-04-29 11:02:10]--[src_cgi/sharefiles_cgi.c:292]--{
	"files":	[{
			"user":	"Mario",
			"md5":	"c319a9d4ce7c9f76d2a17a3d5d93c02b",
			"time":	"2018-12-21 19:29:22",
			"filename":	"Makefile",
			"share_status":	1,
			"pv":	1,
			"url":	"http://192.168.230.138:80/group1/M00/00/00/wKjmilwdqtKAcOo5AABU8Itwcro6720927",
			"size":	21744,
			"type":	"null"
		}]
}
[2020-04-29 11:02:11]--[src_cgi/sharefiles_cgi.c:598]--cmd = count
[2020-04-29 11:02:11]--[src_cgi/sharefiles_cgi.c:85]--line = 1
[2020-04-29 11:02:11]--[src_cgi/sharefiles_cgi.c:598]--cmd = normal
[2020-04-29 11:02:11]--[src_cgi/sharefiles_cgi.c:636]--buf = {
    "count": 1,
    "start": 0
}

[2020-04-29 11:02:11]--[src_cgi/sharefiles_cgi.c:645]--start = 0, count = 1
[2020-04-29 11:02:11]--[src_cgi/sharefiles_cgi.c:172]--select share_file_list.*, file_info.url, file_info.size, file_info.type from file_info, share_file_list where file_info.md5 = share_file_list.md5 limit 0, 1 在操作
[2020-04-29 11:02:11]--[src_cgi/sharefiles_cgi.c:292]--{
	"files":	[{
			"user":	"Mario",
			"md5":	"c319a9d4ce7c9f76d2a17a3d5d93c02b",
			"time":	"2018-12-21 19:29:22",
			"filename":	"Makefile",
			"share_status":	1,
			"pv":	1,
			"url":	"http://192.168.230.138:80/group1/M00/00/00/wKjmilwdqtKAcOo5AABU8Itwcro6720927",
			"size":	21744,
			"type":	"null"
		}]
}
[2020-04-29 11:02:14]--[src_cgi/sharefiles_cgi.c:598]--cmd = count
[2020-04-29 11:02:14]--[src_cgi/sharefiles_cgi.c:85]--line = 1
[2020-04-29 11:02:14]--[src_cgi/sharefiles_cgi.c:598]--cmd = normal
[2020-04-29 11:02:14]--[src_cgi/sharefiles_cgi.c:636]--buf = {
    "count": 1,
    "start": 0
}

[2020-04-29 11:02:14]--[src_cgi/sharefiles_cgi.c:645]--start = 0, count = 1
[2020-04-29 11:02:14]--[src_cgi/sharefiles_cgi.c:172]--select share_file_list.*, file_info.url, file_info.size, file_info.type from file_info, share_file_list where file_info.md5 = share_file_list.md5 limit 0, 1 在操作
[2020-04-29 11:02:14]--[src_cgi/sharefiles_cgi.c:292]--{
	"files":	[{
			"user":	"Mario",
			"md5":	"c319a9d4ce7c9f76d2a17a3d5d93c02b",
			"time":	"2018-12-21 19:29:22",
			"filename":	"Makefile",
			"share_status":	1,
			"pv":	1,
			"url":	"http://192.168.230.138:80/group1/M00/00/00/wKjmilwdqtKAcOo5AABU8Itwcro6720927",
			"size":	21744,
			"type":	"null"
		}]
}
[2020-04-29 11:02:16]--[src_cgi/sharefiles_cgi.c:598]--cmd = count
[2020-04-29 11:02:16]--[src_cgi/sharefiles_cgi.c:85]--line = 1
[2020-04-29 11:02:16]--[src_cgi/sharefiles_cgi.c:598]--cmd = normal
[2020-04-29 11:02:16]--[src_cgi/sharefiles_cgi.c:636]--buf = {
    "count": 1,
    "start": 0
}

[2020-04-29 11:02:16]--[src_cgi/sharefiles_cgi.c:645]--start = 0, count = 1
[2020-04-29 11:02:16]--[src_cgi/sharefiles_cgi.c:172]--select share_file_list.*, file_info.url, file_info.size, file_info.type from file_info, share_file_list where file_info.md5 = share_file_list.md5 limit 0, 1 在操作
[2020-04-29 11:02:16]--[src_cgi/sharefiles_cgi.c:292]--{
	"files":	[{
			"user":	"Mario",
			"md5":	"c319a9d4ce7c9f76d2a17a3d5d93c02b",
			"time":	"2018-12-21 19:29:22",
			"filename":	"Makefile",
			"share_status":	1,
			"pv":	1,
			"url":	"http://192.168.230.138:80/group1/M00/00/00/wKjmilwdqtKAcOo5AABU8Itwcro6720927",
			"size":	21744,
			"type":	"null"
		}]
}
[2020-04-29 11:02:18]--[src_cgi/sharefiles_cgi.c:598]--cmd = count
[2020-04-29 11:02:18]--[src_cgi/sharefiles_cgi.c:85]--line = 1
[2020-04-29 11:02:18]--[src_cgi/sharefiles_cgi.c:598]--cmd = normal
[2020-04-29 11:02:18]--[src_cgi/sharefiles_cgi.c:636]--buf = {
    "count": 1,
    "start": 0
}

[2020-04-29 11:02:18]--[src_cgi/sharefiles_cgi.c:645]--start = 0, count = 1
[2020-04-29 11:02:18]--[src_cgi/sharefiles_cgi.c:172]--select share_file_list.*, file_info.url, file_info.size, file_info.type from file_info, share_file_list where file_info.md5 = share_file_list.md5 limit 0, 1 在操作
[2020-04-29 11:02:18]--[src_cgi/sharefiles_cgi.c:292]--{
	"files":	[{
			"user":	"Mario",
			"md5":	"c319a9d4ce7c9f76d2a17a3d5d93c02b",
			"time":	"2018-12-21 19:29:22",
			"filename":	"Makefile",
			"share_status":	1,
			"pv":	1,
			"url":	"http://192.168.230.138:80/group1/M00/00/00/wKjmilwdqtKAcOo5AABU8Itwcro6720927",
			"size":	21744,
			"type":	"null"
		}]
}
[2020-04-29 11:02:19]--[src_cgi/sharefiles_cgi.c:598]--cmd = count
[2020-04-29 11:02:19]--[src_cgi/sharefiles_cgi.c:85]--line = 1
[2020-04-29 11:02:19]--[src_cgi/sharefiles_cgi.c:598]--cmd = normal
[2020-04-29 11:02:19]--[src_cgi/sharefiles_cgi.c:636]--buf = {
    "count": 1,
    "start": 0
}

[2020-04-29 11:02:19]--[src_cgi/sharefiles_cgi.c:645]--start = 0, count = 1
[2020-04-29 11:02:19]--[src_cgi/sharefiles_cgi.c:172]--select share_file_list.*, file_info.url, file_info.size, file_info.type from file_info, share_file_list where file_info.md5 = share_file_list.md5 limit 0, 1 在操作
[2020-04-29 11:02:19]--[src_cgi/sharefiles_cgi.c:292]--{
	"files":	[{
			"user":	"Mario",
			"md5":	"c319a9d4ce7c9f76d2a17a3d5d93c02b",
			"time":	"2018-12-21 19:29:22",
			"filename":	"Makefile",
			"share_status":	1,
			"pv":	1,
			"url":	"http://192.168.230.138:80/group1/M00/00/00/wKjmilwdqtKAcOo5AABU8Itwcro6720927",
			"size":	21744,
			"type":	"null"
		}]
}
[2020-04-29 11:02:20]--[src_cgi/sharefiles_cgi.c:598]--cmd = count
[2020-04-29 11:02:20]--[src_cgi/sharefiles_cgi.c:85]--line = 1
[2020-04-29 11:02:21]--[src_cgi/sharefiles_cgi.c:598]--cmd = normal
[2020-04-29 11:02:21]--[src_cgi/sharefiles_cgi.c:636]--buf = {
    "count": 1,
    "start": 0
}

[2020-04-29 11:02:21]--[src_cgi/sharefiles_cgi.c:645]--start = 0, count = 1
[2020-04-29 11:02:21]--[src_cgi/sharefiles_cgi.c:172]--select share_file_list.*, file_info.url, file_info.size, file_info.type from file_info, share_file_list where file_info.md5 = share_file_list.md5 limit 0, 1 在操作
[2020-04-29 11:02:21]--[src_cgi/sharefiles_cgi.c:292]--{
	"files":	[{
			"user":	"Mario",
			"md5":	"c319a9d4ce7c9f76d2a17a3d5d93c02b",
			"time":	"2018-12-21 19:29:22",
			"filename":	"Makefile",
			"share_status":	1,
			"pv":	1,
			"url":	"http://192.168.230.138:80/group1/M00/00/00/wKjmilwdqtKAcOo5AABU8Itwcro6720927",
			"size":	21744,
			"type":	"null"
		}]
}
[2020-04-29 11:02:25]--[src_cgi/sharefiles_cgi.c:598]--cmd = count
[2020-04-29 11:02:25]--[src_cgi/sharefiles_cgi.c:85]--line = 1
[2020-04-29 11:02:25]--[src_cgi/sharefiles_cgi.c:598]--cmd = normal
[2020-04-29 11:02:25]--[src_cgi/sharefiles_cgi.c:636]--buf = {
    "count": 1,
    "start": 0
}

[2020-04-29 11:02:25]--[src_cgi/sharefiles_cgi.c:645]--start = 0, count = 1
[2020-04-29 11:02:25]--[src_cgi/sharefiles_cgi.c:172]--select share_file_list.*, file_info.url, file_info.size, file_info.type from file_info, share_file_list where file_info.md5 = share_file_list.md5 limit 0, 1 在操作
[2020-04-29 11:02:25]--[src_cgi/sharefiles_cgi.c:292]--{
	"files":	[{
			"user":	"Mario",
			"md5":	"c319a9d4ce7c9f76d2a17a3d5d93c02b",
			"time":	"2018-12-21 19:29:22",
			"filename":	"Makefile",
			"share_status":	1,
			"pv":	1,
			"url":	"http://192.168.230.138:80/group1/M00/00/00/wKjmilwdqtKAcOo5AABU8Itwcro6720927",
			"size":	21744,
			"type":	"null"
		}]
}
[2020-04-29 11:02:25]--[src_cgi/sharefiles_cgi.c:598]--cmd = count
[2020-04-29 11:02:25]--[src_cgi/sharefiles_cgi.c:85]--line = 1
[2020-04-29 11:02:26]--[src_cgi/sharefiles_cgi.c:598]--cmd = pvdesc
[2020-04-29 11:02:26]--[src_cgi/sharefiles_cgi.c:636]--buf = {
    "count": 1,
    "start": 0
}

[2020-04-29 11:02:26]--[src_cgi/sharefiles_cgi.c:645]--start = 0, count = 1
[2020-04-29 11:02:26]--[src_cgi/sharefiles_cgi.c:399]--sql_num = 1, redis_num = 1
[2020-04-29 11:02:26]--[src_cgi/sharefiles_cgi.c:529]--{
	"files":	[{
			"filename":	"Makefile",
			"pv":	1
		}]
}
[2020-04-29 11:02:27]--[src_cgi/sharefiles_cgi.c:598]--cmd = count
[2020-04-29 11:02:27]--[src_cgi/sharefiles_cgi.c:85]--line = 1
[2020-04-29 11:02:27]--[src_cgi/sharefiles_cgi.c:598]--cmd = normal
[2020-04-29 11:02:27]--[src_cgi/sharefiles_cgi.c:636]--buf = {
    "count": 1,
    "start": 0
}

[2020-04-29 11:02:27]--[src_cgi/sharefiles_cgi.c:645]--start = 0, count = 1
[2020-04-29 11:02:27]--[src_cgi/sharefiles_cgi.c:172]--select share_file_list.*, file_info.url, file_info.size, file_info.type from file_info, share_file_list where file_info.md5 = share_file_list.md5 limit 0, 1 在操作
[2020-04-29 11:02:27]--[src_cgi/sharefiles_cgi.c:292]--{
	"files":	[{
			"user":	"Mario",
			"md5":	"c319a9d4ce7c9f76d2a17a3d5d93c02b",
			"time":	"2018-12-21 19:29:22",
			"filename":	"Makefile",
			"share_status":	1,
			"pv":	1,
			"url":	"http://192.168.230.138:80/group1/M00/00/00/wKjmilwdqtKAcOo5AABU8Itwcro6720927",
			"size":	21744,
			"type":	"null"
		}]
}
[2020-04-29 14:36:04]--[src_cgi/sharefiles_cgi.c:598]--cmd = count
[2020-04-29 14:36:04]--[src_cgi/sharefiles_cgi.c:85]--line = 1
[2020-04-29 14:36:04]--[src_cgi/sharefiles_cgi.c:598]--cmd = normal
[2020-04-29 14:36:04]--[src_cgi/sharefiles_cgi.c:636]--buf = {
    "count": 1,
    "start": 0
}

[2020-04-29 14:36:04]--[src_cgi/sharefiles_cgi.c:645]--start = 0, count = 1
[2020-04-29 14:36:04]--[src_cgi/sharefiles_cgi.c:172]--select share_file_list.*, file_info.url, file_info.size, file_info.type from file_info, share_file_list where file_info.md5 = share_file_list.md5 limit 0, 1 在操作
[2020-04-29 14:36:04]--[src_cgi/sharefiles_cgi.c:292]--{
	"files":	[{
			"user":	"Mario",
			"md5":	"c319a9d4ce7c9f76d2a17a3d5d93c02b",
			"time":	"2018-12-21 19:29:22",
			"filename":	"Makefile",
			"share_status":	1,
			"pv":	1,
			"url":	"http://192.168.230.138:80/group1/M00/00/00/wKjmilwdqtKAcOo5AABU8Itwcro6720927",
			"size":	21744,
			"type":	"null"
		}]
}
[2020-04-29 14:36:05]--[src_cgi/sharefiles_cgi.c:598]--cmd = count
[2020-04-29 14:36:05]--[src_cgi/sharefiles_cgi.c:85]--line = 1
[2020-04-29 14:36:05]--[src_cgi/sharefiles_cgi.c:598]--cmd = pvdesc
[2020-04-29 14:36:05]--[src_cgi/sharefiles_cgi.c:636]--buf = {
    "count": 1,
    "start": 0
}

[2020-04-29 14:36:05]--[src_cgi/sharefiles_cgi.c:645]--start = 0, count = 1
[2020-04-29 14:36:05]--[src_cgi/sharefiles_cgi.c:399]--sql_num = 1, redis_num = 1
[2020-04-29 14:36:05]--[src_cgi/sharefiles_cgi.c:529]--{
	"files":	[{
			"filename":	"Makefile",
			"pv":	1
		}]
}
[2020-04-29 15:48:08]--[src_cgi/sharefiles_cgi.c:598]--cmd = count
[2020-04-29 15:48:08]--[src_cgi/sharefiles_cgi.c:85]--line = 1
[2020-04-29 15:48:08]--[src_cgi/sharefiles_cgi.c:598]--cmd = normal
[2020-04-29 15:48:08]--[src_cgi/sharefiles_cgi.c:636]--buf = {
    "count": 1,
    "start": 0
}

[2020-04-29 15:48:08]--[src_cgi/sharefiles_cgi.c:645]--start = 0, count = 1
[2020-04-29 15:48:08]--[src_cgi/sharefiles_cgi.c:172]--select share_file_list.*, file_info.url, file_info.size, file_info.type from file_info, share_file_list where file_info.md5 = share_file_list.md5 limit 0, 1 在操作
[2020-04-29 15:48:08]--[src_cgi/sharefiles_cgi.c:292]--{
	"files":	[{
			"user":	"Mario",
			"md5":	"c319a9d4ce7c9f76d2a17a3d5d93c02b",
			"time":	"2018-12-21 19:29:22",
			"filename":	"Makefile",
			"share_status":	1,
			"pv":	1,
			"url":	"http://192.168.230.138:80/group1/M00/00/00/wKjmilwdqtKAcOo5AABU8Itwcro6720927",
			"size":	21744,
			"type":	"null"
		}]
}
[2020-04-29 15:48:09]--[src_cgi/sharefiles_cgi.c:598]--cmd = count
[2020-04-29 15:48:09]--[src_cgi/sharefiles_cgi.c:85]--line = 1
[2020-04-29 15:48:09]--[src_cgi/sharefiles_cgi.c:598]--cmd = pvdesc
[2020-04-29 15:48:09]--[src_cgi/sharefiles_cgi.c:636]--buf = {
    "count": 1,
    "start": 0
}

[2020-04-29 15:48:09]--[src_cgi/sharefiles_cgi.c:645]--start = 0, count = 1
[2020-04-29 15:48:09]--[src_cgi/sharefiles_cgi.c:399]--sql_num = 1, redis_num = 1
[2020-04-29 15:48:09]--[src_cgi/sharefiles_cgi.c:529]--{
	"files":	[{
			"filename":	"Makefile",
			"pv":	1
		}]
}
[2020-04-29 15:55:14]--[src_cgi/sharefiles_cgi.c:598]--cmd = count
[2020-04-29 15:55:14]--[src_cgi/sharefiles_cgi.c:85]--line = 1
[2020-04-29 15:55:14]--[src_cgi/sharefiles_cgi.c:598]--cmd = normal
[2020-04-29 15:55:14]--[src_cgi/sharefiles_cgi.c:636]--buf = {
    "count": 1,
    "start": 0
}

[2020-04-29 15:55:14]--[src_cgi/sharefiles_cgi.c:645]--start = 0, count = 1
[2020-04-29 15:55:14]--[src_cgi/sharefiles_cgi.c:172]--select share_file_list.*, file_info.url, file_info.size, file_info.type from file_info, share_file_list where file_info.md5 = share_file_list.md5 limit 0, 1 在操作
[2020-04-29 15:55:14]--[src_cgi/sharefiles_cgi.c:292]--{
	"files":	[{
			"user":	"Mario",
			"md5":	"c319a9d4ce7c9f76d2a17a3d5d93c02b",
			"time":	"2018-12-21 19:29:22",
			"filename":	"Makefile",
			"share_status":	1,
			"pv":	1,
			"url":	"http://192.168.230.138:80/group1/M00/00/00/wKjmilwdqtKAcOo5AABU8Itwcro6720927",
			"size":	21744,
			"type":	"null"
		}]
}
[2020-04-29 15:55:15]--[src_cgi/sharefiles_cgi.c:598]--cmd = count
[2020-04-29 15:55:15]--[src_cgi/sharefiles_cgi.c:85]--line = 1
[2020-04-29 15:55:15]--[src_cgi/sharefiles_cgi.c:598]--cmd = pvdesc
[2020-04-29 15:55:15]--[src_cgi/sharefiles_cgi.c:636]--buf = {
    "count": 1,
    "start": 0
}

[2020-04-29 15:55:15]--[src_cgi/sharefiles_cgi.c:645]--start = 0, count = 1
[2020-04-29 15:55:15]--[src_cgi/sharefiles_cgi.c:399]--sql_num = 1, redis_num = 1
[2020-04-29 15:55:15]--[src_cgi/sharefiles_cgi.c:529]--{
	"files":	[{
			"filename":	"Makefile",
			"pv":	1
		}]
}
[2020-04-29 15:55:16]--[src_cgi/sharefiles_cgi.c:598]--cmd = count
[2020-04-29 15:55:16]--[src_cgi/sharefiles_cgi.c:85]--line = 1
[2020-04-29 15:55:17]--[src_cgi/sharefiles_cgi.c:598]--cmd = normal
[2020-04-29 15:55:17]--[src_cgi/sharefiles_cgi.c:636]--buf = {
    "count": 1,
    "start": 0
}

[2020-04-29 15:55:17]--[src_cgi/sharefiles_cgi.c:645]--start = 0, count = 1
[2020-04-29 15:55:17]--[src_cgi/sharefiles_cgi.c:172]--select share_file_list.*, file_info.url, file_info.size, file_info.type from file_info, share_file_list where file_info.md5 = share_file_list.md5 limit 0, 1 在操作
[2020-04-29 15:55:17]--[src_cgi/sharefiles_cgi.c:292]--{
	"files":	[{
			"user":	"Mario",
			"md5":	"c319a9d4ce7c9f76d2a17a3d5d93c02b",
			"time":	"2018-12-21 19:29:22",
			"filename":	"Makefile",
			"share_status":	1,
			"pv":	1,
			"url":	"http://192.168.230.138:80/group1/M00/00/00/wKjmilwdqtKAcOo5AABU8Itwcro6720927",
			"size":	21744,
			"type":	"null"
		}]
}
[2020-04-29 16:01:10]--[src_cgi/sharefiles_cgi.c:598]--cmd = count
[2020-04-29 16:01:10]--[src_cgi/sharefiles_cgi.c:85]--line = 1
[2020-04-29 16:01:10]--[src_cgi/sharefiles_cgi.c:598]--cmd = normal
[2020-04-29 16:01:10]--[src_cgi/sharefiles_cgi.c:636]--buf = {
    "count": 1,
    "start": 0
}

[2020-04-29 16:01:10]--[src_cgi/sharefiles_cgi.c:645]--start = 0, count = 1
[2020-04-29 16:01:10]--[src_cgi/sharefiles_cgi.c:172]--select share_file_list.*, file_info.url, file_info.size, file_info.type from file_info, share_file_list where file_info.md5 = share_file_list.md5 limit 0, 1 在操作
[2020-04-29 16:01:10]--[src_cgi/sharefiles_cgi.c:292]--{
	"files":	[{
			"user":	"Mario",
			"md5":	"c319a9d4ce7c9f76d2a17a3d5d93c02b",
			"time":	"2018-12-21 19:29:22",
			"filename":	"Makefile",
			"share_status":	1,
			"pv":	1,
			"url":	"http://192.168.230.138:80/group1/M00/00/00/wKjmilwdqtKAcOo5AABU8Itwcro6720927",
			"size":	21744,
			"type":	"null"
		}]
}
[2020-04-29 16:01:12]--[src_cgi/sharefiles_cgi.c:598]--cmd = count
[2020-04-29 16:01:12]--[src_cgi/sharefiles_cgi.c:85]--line = 1
[2020-04-29 16:01:12]--[src_cgi/sharefiles_cgi.c:598]--cmd = normal
[2020-04-29 16:01:12]--[src_cgi/sharefiles_cgi.c:636]--buf = {
    "count": 1,
    "start": 0
}

[2020-04-29 16:01:12]--[src_cgi/sharefiles_cgi.c:645]--start = 0, count = 1
[2020-04-29 16:01:12]--[src_cgi/sharefiles_cgi.c:172]--select share_file_list.*, file_info.url, file_info.size, file_info.type from file_info, share_file_list where file_info.md5 = share_file_list.md5 limit 0, 1 在操作
[2020-04-29 16:01:12]--[src_cgi/sharefiles_cgi.c:292]--{
	"files":	[{
			"user":	"Mario",
			"md5":	"c319a9d4ce7c9f76d2a17a3d5d93c02b",
			"time":	"2018-12-21 19:29:22",
			"filename":	"Makefile",
			"share_status":	1,
			"pv":	1,
			"url":	"http://192.168.230.138:80/group1/M00/00/00/wKjmilwdqtKAcOo5AABU8Itwcro6720927",
			"size":	21744,
			"type":	"null"
		}]
}
[2020-04-29 16:01:12]--[src_cgi/sharefiles_cgi.c:598]--cmd = count
[2020-04-29 16:01:12]--[src_cgi/sharefiles_cgi.c:85]--line = 1
[2020-04-29 16:01:13]--[src_cgi/sharefiles_cgi.c:598]--cmd = pvdesc
[2020-04-29 16:01:13]--[src_cgi/sharefiles_cgi.c:636]--buf = {
    "count": 1,
    "start": 0
}

[2020-04-29 16:01:13]--[src_cgi/sharefiles_cgi.c:645]--start = 0, count = 1
[2020-04-29 16:01:13]--[src_cgi/sharefiles_cgi.c:399]--sql_num = 1, redis_num = 1
[2020-04-29 16:01:13]--[src_cgi/sharefiles_cgi.c:529]--{
	"files":	[{
			"filename":	"Makefile",
			"pv":	1
		}]
}
