[2020-04-20 20:04:14]--[src_cgi/sharefiles_cgi.c:598]--cmd = count
[2020-04-20 20:04:14]--[src_cgi/sharefiles_cgi.c:85]--line = 1
[2020-04-20 20:04:14]--[src_cgi/sharefiles_cgi.c:598]--cmd = normal
[2020-04-20 20:04:14]--[src_cgi/sharefiles_cgi.c:636]--buf = {
    "count": 1,
    "start": 0
}

[2020-04-20 20:04:14]--[src_cgi/sharefiles_cgi.c:645]--start = 0, count = 1
[2020-04-20 20:04:14]--[src_cgi/sharefiles_cgi.c:172]--select share_file_list.*, file_info.url, file_info.size, file_info.type from file_info, share_file_list where file_info.md5 = share_file_list.md5 limit 0, 1 在操作
[2020-04-20 20:04:14]--[src_cgi/sharefiles_cgi.c:292]--{
	"files":	[{
			"user":	"Mario",
			"md5":	"c319a9d4ce7c9f76d2a17a3d5d93c02b",
			"time":	"2018-12-21 19:29:22",
			"filename":	"Makefile",
			"share_status":	1,
			"pv":	1,
			"url":	"http://192.168.230.138:80/group1/M00/00/00/wKjmilwdqtKAcOo5AABU8Itwcro6720927",
			"size":	21744,
			"type":	"null"
		}]
}
[2020-04-20 20:04:15]--[src_cgi/sharefiles_cgi.c:598]--cmd = count
[2020-04-20 20:04:15]--[src_cgi/sharefiles_cgi.c:85]--line = 1
[2020-04-20 20:04:15]--[src_cgi/sharefiles_cgi.c:598]--cmd = pvdesc
[2020-04-20 20:04:15]--[src_cgi/sharefiles_cgi.c:636]--buf = {
    "count": 1,
    "start": 0
}

[2020-04-20 20:04:15]--[src_cgi/sharefiles_cgi.c:645]--start = 0, count = 1
[2020-04-20 20:04:15]--[src_cgi/sharefiles_cgi.c:399]--sql_num = 1, redis_num = 1
[2020-04-20 20:04:15]--[src_cgi/sharefiles_cgi.c:529]--{
	"files":	[{
			"filename":	"Makefile",
			"pv":	1
		}]
}
[2020-04-20 20:04:16]--[src_cgi/sharefiles_cgi.c:598]--cmd = count
[2020-04-20 20:04:16]--[src_cgi/sharefiles_cgi.c:85]--line = 1
[2020-04-20 20:04:16]--[src_cgi/sharefiles_cgi.c:598]--cmd = normal
[2020-04-20 20:04:16]--[src_cgi/sharefiles_cgi.c:636]--buf = {
    "count": 1,
    "start": 0
}

[2020-04-20 20:04:16]--[src_cgi/sharefiles_cgi.c:645]--start = 0, count = 1
[2020-04-20 20:04:16]--[src_cgi/sharefiles_cgi.c:172]--select share_file_list.*, file_info.url, file_info.size, file_info.type from file_info, share_file_list where file_info.md5 = share_file_list.md5 limit 0, 1 在操作
[2020-04-20 20:04:16]--[src_cgi/sharefiles_cgi.c:292]--{
	"files":	[{
			"user":	"Mario",
			"md5":	"c319a9d4ce7c9f76d2a17a3d5d93c02b",
			"time":	"2018-12-21 19:29:22",
			"filename":	"Makefile",
			"share_status":	1,
			"pv":	1,
			"url":	"http://192.168.230.138:80/group1/M00/00/00/wKjmilwdqtKAcOo5AABU8Itwcro6720927",
			"size":	21744,
			"type":	"null"
		}]
}
[2020-04-20 20:04:16]--[src_cgi/sharefiles_cgi.c:598]--cmd = count
[2020-04-20 20:04:16]--[src_cgi/sharefiles_cgi.c:85]--line = 1
[2020-04-20 20:04:17]--[src_cgi/sharefiles_cgi.c:598]--cmd = pvdesc
[2020-04-20 20:04:17]--[src_cgi/sharefiles_cgi.c:636]--buf = {
    "count": 1,
    "start": 0
}

[2020-04-20 20:04:17]--[src_cgi/sharefiles_cgi.c:645]--start = 0, count = 1
[2020-04-20 20:04:17]--[src_cgi/sharefiles_cgi.c:399]--sql_num = 1, redis_num = 1
[2020-04-20 20:04:17]--[src_cgi/sharefiles_cgi.c:529]--{
	"files":	[{
			"filename":	"Makefile",
			"pv":	1
		}]
}
[2020-04-20 20:04:23]--[src_cgi/sharefiles_cgi.c:598]--cmd = count
[2020-04-20 20:04:23]--[src_cgi/sharefiles_cgi.c:85]--line = 1
[2020-04-20 20:04:23]--[src_cgi/sharefiles_cgi.c:598]--cmd = normal
[2020-04-20 20:04:23]--[src_cgi/sharefiles_cgi.c:636]--buf = {
    "count": 1,
    "start": 0
}

[2020-04-20 20:04:23]--[src_cgi/sharefiles_cgi.c:645]--start = 0, count = 1
[2020-04-20 20:04:23]--[src_cgi/sharefiles_cgi.c:172]--select share_file_list.*, file_info.url, file_info.size, file_info.type from file_info, share_file_list where file_info.md5 = share_file_list.md5 limit 0, 1 在操作
[2020-04-20 20:04:23]--[src_cgi/sharefiles_cgi.c:292]--{
	"files":	[{
			"user":	"Mario",
			"md5":	"c319a9d4ce7c9f76d2a17a3d5d93c02b",
			"time":	"2018-12-21 19:29:22",
			"filename":	"Makefile",
			"share_status":	1,
			"pv":	1,
			"url":	"http://192.168.230.138:80/group1/M00/00/00/wKjmilwdqtKAcOo5AABU8Itwcro6720927",
			"size":	21744,
			"type":	"null"
		}]
}
[2020-04-20 20:04:24]--[src_cgi/sharefiles_cgi.c:598]--cmd = count
[2020-04-20 20:04:24]--[src_cgi/sharefiles_cgi.c:85]--line = 1
[2020-04-20 20:04:24]--[src_cgi/sharefiles_cgi.c:598]--cmd = pvdesc
[2020-04-20 20:04:24]--[src_cgi/sharefiles_cgi.c:636]--buf = {
    "count": 1,
    "start": 0
}

[2020-04-20 20:04:24]--[src_cgi/sharefiles_cgi.c:645]--start = 0, count = 1
[2020-04-20 20:04:24]--[src_cgi/sharefiles_cgi.c:399]--sql_num = 1, redis_num = 1
[2020-04-20 20:04:24]--[src_cgi/sharefiles_cgi.c:529]--{
	"files":	[{
			"filename":	"Makefile",
			"pv":	1
		}]
}
[2020-04-20 20:04:29]--[src_cgi/sharefiles_cgi.c:598]--cmd = count
[2020-04-20 20:04:29]--[src_cgi/sharefiles_cgi.c:85]--line = 1
[2020-04-20 20:04:29]--[src_cgi/sharefiles_cgi.c:598]--cmd = normal
[2020-04-20 20:04:29]--[src_cgi/sharefiles_cgi.c:636]--buf = {
    "count": 1,
    "start": 0
}

[2020-04-20 20:04:29]--[src_cgi/sharefiles_cgi.c:645]--start = 0, count = 1
[2020-04-20 20:04:29]--[src_cgi/sharefiles_cgi.c:172]--select share_file_list.*, file_info.url, file_info.size, file_info.type from file_info, share_file_list where file_info.md5 = share_file_list.md5 limit 0, 1 在操作
[2020-04-20 20:04:29]--[src_cgi/sharefiles_cgi.c:292]--{
	"files":	[{
			"user":	"Mario",
			"md5":	"c319a9d4ce7c9f76d2a17a3d5d93c02b",
			"time":	"2018-12-21 19:29:22",
			"filename":	"Makefile",
			"share_status":	1,
			"pv":	1,
			"url":	"http://192.168.230.138:80/group1/M00/00/00/wKjmilwdqtKAcOo5AABU8Itwcro6720927",
			"size":	21744,
			"type":	"null"
		}]
}
[2020-04-20 20:04:30]--[src_cgi/sharefiles_cgi.c:598]--cmd = count
[2020-04-20 20:04:30]--[src_cgi/sharefiles_cgi.c:85]--line = 1
[2020-04-20 20:04:30]--[src_cgi/sharefiles_cgi.c:598]--cmd = normal
[2020-04-20 20:04:30]--[src_cgi/sharefiles_cgi.c:636]--buf = {
    "count": 1,
    "start": 0
}

[2020-04-20 20:04:30]--[src_cgi/sharefiles_cgi.c:645]--start = 0, count = 1
[2020-04-20 20:04:30]--[src_cgi/sharefiles_cgi.c:172]--select share_file_list.*, file_info.url, file_info.size, file_info.type from file_info, share_file_list where file_info.md5 = share_file_list.md5 limit 0, 1 在操作
[2020-04-20 20:04:30]--[src_cgi/sharefiles_cgi.c:292]--{
	"files":	[{
			"user":	"Mario",
			"md5":	"c319a9d4ce7c9f76d2a17a3d5d93c02b",
			"time":	"2018-12-21 19:29:22",
			"filename":	"Makefile",
			"share_status":	1,
			"pv":	1,
			"url":	"http://192.168.230.138:80/group1/M00/00/00/wKjmilwdqtKAcOo5AABU8Itwcro6720927",
			"size":	21744,
			"type":	"null"
		}]
}
[2020-04-20 20:04:54]--[src_cgi/sharefiles_cgi.c:598]--cmd = count
[2020-04-20 20:04:54]--[src_cgi/sharefiles_cgi.c:85]--line = 1
[2020-04-20 20:04:55]--[src_cgi/sharefiles_cgi.c:598]--cmd = normal
[2020-04-20 20:04:55]--[src_cgi/sharefiles_cgi.c:636]--buf = {
    "count": 1,
    "start": 0
}

[2020-04-20 20:04:55]--[src_cgi/sharefiles_cgi.c:645]--start = 0, count = 1
[2020-04-20 20:04:55]--[src_cgi/sharefiles_cgi.c:172]--select share_file_list.*, file_info.url, file_info.size, file_info.type from file_info, share_file_list where file_info.md5 = share_file_list.md5 limit 0, 1 在操作
[2020-04-20 20:04:55]--[src_cgi/sharefiles_cgi.c:292]--{
	"files":	[{
			"user":	"Mario",
			"md5":	"c319a9d4ce7c9f76d2a17a3d5d93c02b",
			"time":	"2018-12-21 19:29:22",
			"filename":	"Makefile",
			"share_status":	1,
			"pv":	1,
			"url":	"http://192.168.230.138:80/group1/M00/00/00/wKjmilwdqtKAcOo5AABU8Itwcro6720927",
			"size":	21744,
			"type":	"null"
		}]
}
[2020-04-20 20:04:56]--[src_cgi/sharefiles_cgi.c:598]--cmd = count
[2020-04-20 20:04:56]--[src_cgi/sharefiles_cgi.c:85]--line = 1
[2020-04-20 20:04:56]--[src_cgi/sharefiles_cgi.c:598]--cmd = pvdesc
[2020-04-20 20:04:56]--[src_cgi/sharefiles_cgi.c:636]--buf = {
    "count": 1,
    "start": 0
}

[2020-04-20 20:04:56]--[src_cgi/sharefiles_cgi.c:645]--start = 0, count = 1
[2020-04-20 20:04:56]--[src_cgi/sharefiles_cgi.c:399]--sql_num = 1, redis_num = 1
[2020-04-20 20:04:56]--[src_cgi/sharefiles_cgi.c:529]--{
	"files":	[{
			"filename":	"Makefile",
			"pv":	1
		}]
}
[2020-04-20 20:04:58]--[src_cgi/sharefiles_cgi.c:598]--cmd = count
[2020-04-20 20:04:58]--[src_cgi/sharefiles_cgi.c:85]--line = 1
[2020-04-20 20:04:58]--[src_cgi/sharefiles_cgi.c:598]--cmd = normal
[2020-04-20 20:04:58]--[src_cgi/sharefiles_cgi.c:636]--buf = {
    "count": 1,
    "start": 0
}

[2020-04-20 20:04:58]--[src_cgi/sharefiles_cgi.c:645]--start = 0, count = 1
[2020-04-20 20:04:58]--[src_cgi/sharefiles_cgi.c:172]--select share_file_list.*, file_info.url, file_info.size, file_info.type from file_info, share_file_list where file_info.md5 = share_file_list.md5 limit 0, 1 在操作
[2020-04-20 20:04:58]--[src_cgi/sharefiles_cgi.c:292]--{
	"files":	[{
			"user":	"Mario",
			"md5":	"c319a9d4ce7c9f76d2a17a3d5d93c02b",
			"time":	"2018-12-21 19:29:22",
			"filename":	"Makefile",
			"share_status":	1,
			"pv":	1,
			"url":	"http://192.168.230.138:80/group1/M00/00/00/wKjmilwdqtKAcOo5AABU8Itwcro6720927",
			"size":	21744,
			"type":	"null"
		}]
}
[2020-04-20 20:05:55]--[src_cgi/sharefiles_cgi.c:598]--cmd = count
[2020-04-20 20:05:55]--[src_cgi/sharefiles_cgi.c:85]--line = 1
[2020-04-20 20:05:55]--[src_cgi/sharefiles_cgi.c:598]--cmd = normal
[2020-04-20 20:05:55]--[src_cgi/sharefiles_cgi.c:636]--buf = {
    "count": 1,
    "start": 0
}

[2020-04-20 20:05:55]--[src_cgi/sharefiles_cgi.c:645]--start = 0, count = 1
[2020-04-20 20:05:55]--[src_cgi/sharefiles_cgi.c:172]--select share_file_list.*, file_info.url, file_info.size, file_info.type from file_info, share_file_list where file_info.md5 = share_file_list.md5 limit 0, 1 在操作
[2020-04-20 20:05:55]--[src_cgi/sharefiles_cgi.c:292]--{
	"files":	[{
			"user":	"Mario",
			"md5":	"c319a9d4ce7c9f76d2a17a3d5d93c02b",
			"time":	"2018-12-21 19:29:22",
			"filename":	"Makefile",
			"share_status":	1,
			"pv":	1,
			"url":	"http://192.168.230.138:80/group1/M00/00/00/wKjmilwdqtKAcOo5AABU8Itwcro6720927",
			"size":	21744,
			"type":	"null"
		}]
}
[2020-04-20 20:05:56]--[src_cgi/sharefiles_cgi.c:598]--cmd = count
[2020-04-20 20:05:56]--[src_cgi/sharefiles_cgi.c:85]--line = 1
[2020-04-20 20:05:56]--[src_cgi/sharefiles_cgi.c:598]--cmd = pvdesc
[2020-04-20 20:05:56]--[src_cgi/sharefiles_cgi.c:636]--buf = {
    "count": 1,
    "start": 0
}

[2020-04-20 20:05:56]--[src_cgi/sharefiles_cgi.c:645]--start = 0, count = 1
[2020-04-20 20:05:56]--[src_cgi/sharefiles_cgi.c:399]--sql_num = 1, redis_num = 1
[2020-04-20 20:05:56]--[src_cgi/sharefiles_cgi.c:529]--{
	"files":	[{
			"filename":	"Makefile",
			"pv":	1
		}]
}
[2020-04-20 20:05:59]--[src_cgi/sharefiles_cgi.c:598]--cmd = count
[2020-04-20 20:05:59]--[src_cgi/sharefiles_cgi.c:85]--line = 1
[2020-04-20 20:05:59]--[src_cgi/sharefiles_cgi.c:598]--cmd = pvdesc
[2020-04-20 20:05:59]--[src_cgi/sharefiles_cgi.c:636]--buf = {
    "count": 1,
    "start": 0
}

[2020-04-20 20:05:59]--[src_cgi/sharefiles_cgi.c:645]--start = 0, count = 1
[2020-04-20 20:05:59]--[src_cgi/sharefiles_cgi.c:399]--sql_num = 1, redis_num = 1
[2020-04-20 20:05:59]--[src_cgi/sharefiles_cgi.c:529]--{
	"files":	[{
			"filename":	"Makefile",
			"pv":	1
		}]
}
[2020-04-20 20:05:59]--[src_cgi/sharefiles_cgi.c:598]--cmd = count
[2020-04-20 20:05:59]--[src_cgi/sharefiles_cgi.c:85]--line = 1
[2020-04-20 20:05:59]--[src_cgi/sharefiles_cgi.c:598]--cmd = normal
[2020-04-20 20:05:59]--[src_cgi/sharefiles_cgi.c:636]--buf = {
    "count": 1,
    "start": 0
}

[2020-04-20 20:05:59]--[src_cgi/sharefiles_cgi.c:645]--start = 0, count = 1
[2020-04-20 20:05:59]--[src_cgi/sharefiles_cgi.c:172]--select share_file_list.*, file_info.url, file_info.size, file_info.type from file_info, share_file_list where file_info.md5 = share_file_list.md5 limit 0, 1 在操作
[2020-04-20 20:05:59]--[src_cgi/sharefiles_cgi.c:292]--{
	"files":	[{
			"user":	"Mario",
			"md5":	"c319a9d4ce7c9f76d2a17a3d5d93c02b",
			"time":	"2018-12-21 19:29:22",
			"filename":	"Makefile",
			"share_status":	1,
			"pv":	1,
			"url":	"http://192.168.230.138:80/group1/M00/00/00/wKjmilwdqtKAcOo5AABU8Itwcro6720927",
			"size":	21744,
			"type":	"null"
		}]
}
[2020-04-20 20:06:04]--[src_cgi/sharefiles_cgi.c:598]--cmd = count
[2020-04-20 20:06:04]--[src_cgi/sharefiles_cgi.c:85]--line = 2
[2020-04-20 20:06:04]--[src_cgi/sharefiles_cgi.c:598]--cmd = normal
[2020-04-20 20:06:04]--[src_cgi/sharefiles_cgi.c:636]--buf = {
    "count": 2,
    "start": 0
}

[2020-04-20 20:06:04]--[src_cgi/sharefiles_cgi.c:645]--start = 0, count = 2
[2020-04-20 20:06:04]--[src_cgi/sharefiles_cgi.c:172]--select share_file_list.*, file_info.url, file_info.size, file_info.type from file_info, share_file_list where file_info.md5 = share_file_list.md5 limit 0, 2 在操作
[2020-04-20 20:06:04]--[src_cgi/sharefiles_cgi.c:292]--{
	"files":	[{
			"user":	"Mario",
			"md5":	"c319a9d4ce7c9f76d2a17a3d5d93c02b",
			"time":	"2018-12-21 19:29:22",
			"filename":	"Makefile",
			"share_status":	1,
			"pv":	1,
			"url":	"http://192.168.230.138:80/group1/M00/00/00/wKjmilwdqtKAcOo5AABU8Itwcro6720927",
			"size":	21744,
			"type":	"null"
		}, {
			"user":	"MarioHo",
			"md5":	"fc7f3e94d9e67199560b84097e81be1f",
			"time":	"2020-04-20 20:06:02",
			"filename":	"Makefile.Debug",
			"share_status":	1,
			"pv":	0,
			"url":	"http://172.26.180.136:80/group1/M00/00/00/rBq0iF6dkB2AK8izAAWt2D1RNpc2.Debug",
			"size":	372184,
			"type":	"Debug"
		}]
}
[2020-04-20 20:08:39]--[src_cgi/sharefiles_cgi.c:598]--cmd = count
[2020-04-20 20:08:39]--[src_cgi/sharefiles_cgi.c:85]--line = 2
[2020-04-20 20:08:39]--[src_cgi/sharefiles_cgi.c:598]--cmd = pvdesc
[2020-04-20 20:08:39]--[src_cgi/sharefiles_cgi.c:636]--buf = {
    "count": 2,
    "start": 0
}

[2020-04-20 20:08:39]--[src_cgi/sharefiles_cgi.c:645]--start = 0, count = 2
[2020-04-20 20:08:39]--[src_cgi/sharefiles_cgi.c:399]--sql_num = 2, redis_num = 2
[2020-04-20 20:08:39]--[src_cgi/sharefiles_cgi.c:529]--{
	"files":	[{
			"filename":	"Makefile",
			"pv":	1
		}, {
			"filename":	"Makefile.Debug",
			"pv":	0
		}]
}
[2020-04-20 20:08:42]--[src_cgi/sharefiles_cgi.c:598]--cmd = count
[2020-04-20 20:08:42]--[src_cgi/sharefiles_cgi.c:85]--line = 2
[2020-04-20 20:08:42]--[src_cgi/sharefiles_cgi.c:598]--cmd = normal
[2020-04-20 20:08:42]--[src_cgi/sharefiles_cgi.c:636]--buf = {
    "count": 2,
    "start": 0
}

[2020-04-20 20:08:42]--[src_cgi/sharefiles_cgi.c:645]--start = 0, count = 2
[2020-04-20 20:08:42]--[src_cgi/sharefiles_cgi.c:172]--select share_file_list.*, file_info.url, file_info.size, file_info.type from file_info, share_file_list where file_info.md5 = share_file_list.md5 limit 0, 2 在操作
[2020-04-20 20:08:42]--[src_cgi/sharefiles_cgi.c:292]--{
	"files":	[{
			"user":	"Mario",
			"md5":	"c319a9d4ce7c9f76d2a17a3d5d93c02b",
			"time":	"2018-12-21 19:29:22",
			"filename":	"Makefile",
			"share_status":	1,
			"pv":	1,
			"url":	"http://192.168.230.138:80/group1/M00/00/00/wKjmilwdqtKAcOo5AABU8Itwcro6720927",
			"size":	21744,
			"type":	"null"
		}, {
			"user":	"MarioHo",
			"md5":	"fc7f3e94d9e67199560b84097e81be1f",
			"time":	"2020-04-20 20:06:02",
			"filename":	"Makefile.Debug",
			"share_status":	1,
			"pv":	0,
			"url":	"http://172.26.180.136:80/group1/M00/00/00/rBq0iF6dkB2AK8izAAWt2D1RNpc2.Debug",
			"size":	372184,
			"type":	"Debug"
		}]
}
[2020-04-20 20:08:51]--[src_cgi/sharefiles_cgi.c:598]--cmd = count
[2020-04-20 20:08:51]--[src_cgi/sharefiles_cgi.c:85]--line = 2
[2020-04-20 20:08:51]--[src_cgi/sharefiles_cgi.c:598]--cmd = normal
[2020-04-20 20:08:51]--[src_cgi/sharefiles_cgi.c:636]--buf = {
    "count": 2,
    "start": 0
}

[2020-04-20 20:08:51]--[src_cgi/sharefiles_cgi.c:645]--start = 0, count = 2
[2020-04-20 20:08:51]--[src_cgi/sharefiles_cgi.c:172]--select share_file_list.*, file_info.url, file_info.size, file_info.type from file_info, share_file_list where file_info.md5 = share_file_list.md5 limit 0, 2 在操作
[2020-04-20 20:08:51]--[src_cgi/sharefiles_cgi.c:292]--{
	"files":	[{
			"user":	"Mario",
			"md5":	"c319a9d4ce7c9f76d2a17a3d5d93c02b",
			"time":	"2018-12-21 19:29:22",
			"filename":	"Makefile",
			"share_status":	1,
			"pv":	1,
			"url":	"http://192.168.230.138:80/group1/M00/00/00/wKjmilwdqtKAcOo5AABU8Itwcro6720927",
			"size":	21744,
			"type":	"null"
		}, {
			"user":	"MarioHo",
			"md5":	"fc7f3e94d9e67199560b84097e81be1f",
			"time":	"2020-04-20 20:06:02",
			"filename":	"Makefile.Debug",
			"share_status":	1,
			"pv":	0,
			"url":	"http://172.26.180.136:80/group1/M00/00/00/rBq0iF6dkB2AK8izAAWt2D1RNpc2.Debug",
			"size":	372184,
			"type":	"Debug"
		}]
}
[2020-04-20 20:08:52]--[src_cgi/sharefiles_cgi.c:598]--cmd = count
[2020-04-20 20:08:52]--[src_cgi/sharefiles_cgi.c:85]--line = 2
[2020-04-20 20:08:53]--[src_cgi/sharefiles_cgi.c:598]--cmd = pvdesc
[2020-04-20 20:08:53]--[src_cgi/sharefiles_cgi.c:636]--buf = {
    "count": 2,
    "start": 0
}

[2020-04-20 20:08:53]--[src_cgi/sharefiles_cgi.c:645]--start = 0, count = 2
[2020-04-20 20:08:53]--[src_cgi/sharefiles_cgi.c:399]--sql_num = 2, redis_num = 2
[2020-04-20 20:08:53]--[src_cgi/sharefiles_cgi.c:529]--{
	"files":	[{
			"filename":	"Makefile",
			"pv":	1
		}, {
			"filename":	"Makefile.Debug",
			"pv":	0
		}]
}
[2020-04-20 20:08:54]--[src_cgi/sharefiles_cgi.c:598]--cmd = count
[2020-04-20 20:08:54]--[src_cgi/sharefiles_cgi.c:85]--line = 2
[2020-04-20 20:08:55]--[src_cgi/sharefiles_cgi.c:598]--cmd = pvdesc
[2020-04-20 20:08:55]--[src_cgi/sharefiles_cgi.c:636]--buf = {
    "count": 2,
    "start": 0
}

[2020-04-20 20:08:55]--[src_cgi/sharefiles_cgi.c:645]--start = 0, count = 2
[2020-04-20 20:08:55]--[src_cgi/sharefiles_cgi.c:399]--sql_num = 2, redis_num = 2
[2020-04-20 20:08:55]--[src_cgi/sharefiles_cgi.c:529]--{
	"files":	[{
			"filename":	"Makefile",
			"pv":	1
		}, {
			"filename":	"Makefile.Debug",
			"pv":	0
		}]
}
[2020-04-20 20:08:55]--[src_cgi/sharefiles_cgi.c:598]--cmd = count
[2020-04-20 20:08:55]--[src_cgi/sharefiles_cgi.c:85]--line = 2
[2020-04-20 20:08:55]--[src_cgi/sharefiles_cgi.c:598]--cmd = normal
[2020-04-20 20:08:55]--[src_cgi/sharefiles_cgi.c:636]--buf = {
    "count": 2,
    "start": 0
}

[2020-04-20 20:08:55]--[src_cgi/sharefiles_cgi.c:645]--start = 0, count = 2
[2020-04-20 20:08:55]--[src_cgi/sharefiles_cgi.c:172]--select share_file_list.*, file_info.url, file_info.size, file_info.type from file_info, share_file_list where file_info.md5 = share_file_list.md5 limit 0, 2 在操作
[2020-04-20 20:08:55]--[src_cgi/sharefiles_cgi.c:292]--{
	"files":	[{
			"user":	"Mario",
			"md5":	"c319a9d4ce7c9f76d2a17a3d5d93c02b",
			"time":	"2018-12-21 19:29:22",
			"filename":	"Makefile",
			"share_status":	1,
			"pv":	1,
			"url":	"http://192.168.230.138:80/group1/M00/00/00/wKjmilwdqtKAcOo5AABU8Itwcro6720927",
			"size":	21744,
			"type":	"null"
		}, {
			"user":	"MarioHo",
			"md5":	"fc7f3e94d9e67199560b84097e81be1f",
			"time":	"2020-04-20 20:06:02",
			"filename":	"Makefile.Debug",
			"share_status":	1,
			"pv":	0,
			"url":	"http://172.26.180.136:80/group1/M00/00/00/rBq0iF6dkB2AK8izAAWt2D1RNpc2.Debug",
			"size":	372184,
			"type":	"Debug"
		}]
}
[2020-04-20 20:08:56]--[src_cgi/sharefiles_cgi.c:598]--cmd = count
[2020-04-20 20:08:56]--[src_cgi/sharefiles_cgi.c:85]--line = 2
[2020-04-20 20:08:57]--[src_cgi/sharefiles_cgi.c:598]--cmd = normal
[2020-04-20 20:08:57]--[src_cgi/sharefiles_cgi.c:636]--buf = {
    "count": 2,
    "start": 0
}

[2020-04-20 20:08:57]--[src_cgi/sharefiles_cgi.c:645]--start = 0, count = 2
[2020-04-20 20:08:57]--[src_cgi/sharefiles_cgi.c:172]--select share_file_list.*, file_info.url, file_info.size, file_info.type from file_info, share_file_list where file_info.md5 = share_file_list.md5 limit 0, 2 在操作
[2020-04-20 20:08:57]--[src_cgi/sharefiles_cgi.c:292]--{
	"files":	[{
			"user":	"Mario",
			"md5":	"c319a9d4ce7c9f76d2a17a3d5d93c02b",
			"time":	"2018-12-21 19:29:22",
			"filename":	"Makefile",
			"share_status":	1,
			"pv":	1,
			"url":	"http://192.168.230.138:80/group1/M00/00/00/wKjmilwdqtKAcOo5AABU8Itwcro6720927",
			"size":	21744,
			"type":	"null"
		}, {
			"user":	"MarioHo",
			"md5":	"fc7f3e94d9e67199560b84097e81be1f",
			"time":	"2020-04-20 20:06:02",
			"filename":	"Makefile.Debug",
			"share_status":	1,
			"pv":	0,
			"url":	"http://172.26.180.136:80/group1/M00/00/00/rBq0iF6dkB2AK8izAAWt2D1RNpc2.Debug",
			"size":	372184,
			"type":	"Debug"
		}]
}
[2020-04-20 20:08:57]--[src_cgi/sharefiles_cgi.c:598]--cmd = count
[2020-04-20 20:08:57]--[src_cgi/sharefiles_cgi.c:85]--line = 2
[2020-04-20 20:08:57]--[src_cgi/sharefiles_cgi.c:598]--cmd = pvdesc
[2020-04-20 20:08:57]--[src_cgi/sharefiles_cgi.c:636]--buf = {
    "count": 2,
    "start": 0
}

[2020-04-20 20:08:57]--[src_cgi/sharefiles_cgi.c:645]--start = 0, count = 2
[2020-04-20 20:08:57]--[src_cgi/sharefiles_cgi.c:399]--sql_num = 2, redis_num = 2
[2020-04-20 20:08:57]--[src_cgi/sharefiles_cgi.c:529]--{
	"files":	[{
			"filename":	"Makefile",
			"pv":	1
		}, {
			"filename":	"Makefile.Debug",
			"pv":	0
		}]
}
[2020-04-20 20:10:20]--[src_cgi/sharefiles_cgi.c:598]--cmd = count
[2020-04-20 20:10:20]--[src_cgi/sharefiles_cgi.c:85]--line = 2
[2020-04-20 20:10:21]--[src_cgi/sharefiles_cgi.c:598]--cmd = normal
[2020-04-20 20:10:21]--[src_cgi/sharefiles_cgi.c:636]--buf = {
    "count": 2,
    "start": 0
}

[2020-04-20 20:10:21]--[src_cgi/sharefiles_cgi.c:645]--start = 0, count = 2
[2020-04-20 20:10:21]--[src_cgi/sharefiles_cgi.c:172]--select share_file_list.*, file_info.url, file_info.size, file_info.type from file_info, share_file_list where file_info.md5 = share_file_list.md5 limit 0, 2 在操作
[2020-04-20 20:10:21]--[src_cgi/sharefiles_cgi.c:292]--{
	"files":	[{
			"user":	"Mario",
			"md5":	"c319a9d4ce7c9f76d2a17a3d5d93c02b",
			"time":	"2018-12-21 19:29:22",
			"filename":	"Makefile",
			"share_status":	1,
			"pv":	1,
			"url":	"http://192.168.230.138:80/group1/M00/00/00/wKjmilwdqtKAcOo5AABU8Itwcro6720927",
			"size":	21744,
			"type":	"null"
		}, {
			"user":	"MarioHo",
			"md5":	"fc7f3e94d9e67199560b84097e81be1f",
			"time":	"2020-04-20 20:06:02",
			"filename":	"Makefile.Debug",
			"share_status":	1,
			"pv":	0,
			"url":	"http://172.26.180.136:80/group1/M00/00/00/rBq0iF6dkB2AK8izAAWt2D1RNpc2.Debug",
			"size":	372184,
			"type":	"Debug"
		}]
}
[2020-04-20 20:10:21]--[src_cgi/sharefiles_cgi.c:598]--cmd = count
[2020-04-20 20:10:21]--[src_cgi/sharefiles_cgi.c:85]--line = 2
[2020-04-20 20:10:21]--[src_cgi/sharefiles_cgi.c:598]--cmd = pvdesc
[2020-04-20 20:10:21]--[src_cgi/sharefiles_cgi.c:636]--buf = {
    "count": 2,
    "start": 0
}

[2020-04-20 20:10:21]--[src_cgi/sharefiles_cgi.c:645]--start = 0, count = 2
[2020-04-20 20:10:21]--[src_cgi/sharefiles_cgi.c:399]--sql_num = 2, redis_num = 2
[2020-04-20 20:10:21]--[src_cgi/sharefiles_cgi.c:529]--{
	"files":	[{
			"filename":	"Makefile",
			"pv":	1
		}, {
			"filename":	"Makefile.Debug",
			"pv":	0
		}]
}
[2020-04-20 20:10:38]--[src_cgi/sharefiles_cgi.c:598]--cmd = count
[2020-04-20 20:10:38]--[src_cgi/sharefiles_cgi.c:85]--line = 2
[2020-04-20 20:10:38]--[src_cgi/sharefiles_cgi.c:598]--cmd = normal
[2020-04-20 20:10:38]--[src_cgi/sharefiles_cgi.c:636]--buf = {
    "count": 2,
    "start": 0
}

[2020-04-20 20:10:38]--[src_cgi/sharefiles_cgi.c:645]--start = 0, count = 2
[2020-04-20 20:10:38]--[src_cgi/sharefiles_cgi.c:172]--select share_file_list.*, file_info.url, file_info.size, file_info.type from file_info, share_file_list where file_info.md5 = share_file_list.md5 limit 0, 2 在操作
[2020-04-20 20:10:38]--[src_cgi/sharefiles_cgi.c:292]--{
	"files":	[{
			"user":	"Mario",
			"md5":	"c319a9d4ce7c9f76d2a17a3d5d93c02b",
			"time":	"2018-12-21 19:29:22",
			"filename":	"Makefile",
			"share_status":	1,
			"pv":	1,
			"url":	"http://192.168.230.138:80/group1/M00/00/00/wKjmilwdqtKAcOo5AABU8Itwcro6720927",
			"size":	21744,
			"type":	"null"
		}, {
			"user":	"MarioHo",
			"md5":	"fc7f3e94d9e67199560b84097e81be1f",
			"time":	"2020-04-20 20:06:02",
			"filename":	"Makefile.Debug",
			"share_status":	1,
			"pv":	0,
			"url":	"http://172.26.180.136:80/group1/M00/00/00/rBq0iF6dkB2AK8izAAWt2D1RNpc2.Debug",
			"size":	372184,
			"type":	"Debug"
		}]
}
[2020-04-20 20:10:39]--[src_cgi/sharefiles_cgi.c:598]--cmd = count
[2020-04-20 20:10:39]--[src_cgi/sharefiles_cgi.c:85]--line = 2
[2020-04-20 20:10:40]--[src_cgi/sharefiles_cgi.c:598]--cmd = pvdesc
[2020-04-20 20:10:40]--[src_cgi/sharefiles_cgi.c:636]--buf = {
    "count": 2,
    "start": 0
}

[2020-04-20 20:10:40]--[src_cgi/sharefiles_cgi.c:645]--start = 0, count = 2
[2020-04-20 20:10:40]--[src_cgi/sharefiles_cgi.c:399]--sql_num = 2, redis_num = 2
[2020-04-20 20:10:40]--[src_cgi/sharefiles_cgi.c:529]--{
	"files":	[{
			"filename":	"Makefile",
			"pv":	1
		}, {
			"filename":	"Makefile.Debug",
			"pv":	0
		}]
}
[2020-04-20 20:15:13]--[src_cgi/sharefiles_cgi.c:598]--cmd = count
[2020-04-20 20:15:13]--[src_cgi/sharefiles_cgi.c:85]--line = 2
[2020-04-20 20:15:13]--[src_cgi/sharefiles_cgi.c:598]--cmd = normal
[2020-04-20 20:15:13]--[src_cgi/sharefiles_cgi.c:636]--buf = {
    "count": 2,
    "start": 0
}

[2020-04-20 20:15:13]--[src_cgi/sharefiles_cgi.c:645]--start = 0, count = 2
[2020-04-20 20:15:13]--[src_cgi/sharefiles_cgi.c:172]--select share_file_list.*, file_info.url, file_info.size, file_info.type from file_info, share_file_list where file_info.md5 = share_file_list.md5 limit 0, 2 在操作
[2020-04-20 20:15:13]--[src_cgi/sharefiles_cgi.c:292]--{
	"files":	[{
			"user":	"Mario",
			"md5":	"c319a9d4ce7c9f76d2a17a3d5d93c02b",
			"time":	"2018-12-21 19:29:22",
			"filename":	"Makefile",
			"share_status":	1,
			"pv":	1,
			"url":	"http://192.168.230.138:80/group1/M00/00/00/wKjmilwdqtKAcOo5AABU8Itwcro6720927",
			"size":	21744,
			"type":	"null"
		}, {
			"user":	"MarioHo",
			"md5":	"fc7f3e94d9e67199560b84097e81be1f",
			"time":	"2020-04-20 20:06:02",
			"filename":	"Makefile.Debug",
			"share_status":	1,
			"pv":	0,
			"url":	"http://172.26.180.136:80/group1/M00/00/00/rBq0iF6dkB2AK8izAAWt2D1RNpc2.Debug",
			"size":	372184,
			"type":	"Debug"
		}]
}
[2020-04-20 20:15:13]--[src_cgi/sharefiles_cgi.c:598]--cmd = count
[2020-04-20 20:15:13]--[src_cgi/sharefiles_cgi.c:85]--line = 2
[2020-04-20 20:15:13]--[src_cgi/sharefiles_cgi.c:598]--cmd = pvdesc
[2020-04-20 20:15:13]--[src_cgi/sharefiles_cgi.c:636]--buf = {
    "count": 2,
    "start": 0
}

[2020-04-20 20:15:13]--[src_cgi/sharefiles_cgi.c:645]--start = 0, count = 2
[2020-04-20 20:15:13]--[src_cgi/sharefiles_cgi.c:399]--sql_num = 2, redis_num = 2
[2020-04-20 20:15:13]--[src_cgi/sharefiles_cgi.c:529]--{
	"files":	[{
			"filename":	"Makefile",
			"pv":	1
		}, {
			"filename":	"Makefile.Debug",
			"pv":	0
		}]
}
[2020-04-20 20:15:14]--[src_cgi/sharefiles_cgi.c:598]--cmd = count
[2020-04-20 20:15:14]--[src_cgi/sharefiles_cgi.c:85]--line = 2
[2020-04-20 20:15:14]--[src_cgi/sharefiles_cgi.c:598]--cmd = normal
[2020-04-20 20:15:14]--[src_cgi/sharefiles_cgi.c:636]--buf = {
    "count": 2,
    "start": 0
}

[2020-04-20 20:15:14]--[src_cgi/sharefiles_cgi.c:645]--start = 0, count = 2
[2020-04-20 20:15:14]--[src_cgi/sharefiles_cgi.c:172]--select share_file_list.*, file_info.url, file_info.size, file_info.type from file_info, share_file_list where file_info.md5 = share_file_list.md5 limit 0, 2 在操作
[2020-04-20 20:15:14]--[src_cgi/sharefiles_cgi.c:292]--{
	"files":	[{
			"user":	"Mario",
			"md5":	"c319a9d4ce7c9f76d2a17a3d5d93c02b",
			"time":	"2018-12-21 19:29:22",
			"filename":	"Makefile",
			"share_status":	1,
			"pv":	1,
			"url":	"http://192.168.230.138:80/group1/M00/00/00/wKjmilwdqtKAcOo5AABU8Itwcro6720927",
			"size":	21744,
			"type":	"null"
		}, {
			"user":	"MarioHo",
			"md5":	"fc7f3e94d9e67199560b84097e81be1f",
			"time":	"2020-04-20 20:06:02",
			"filename":	"Makefile.Debug",
			"share_status":	1,
			"pv":	0,
			"url":	"http://172.26.180.136:80/group1/M00/00/00/rBq0iF6dkB2AK8izAAWt2D1RNpc2.Debug",
			"size":	372184,
			"type":	"Debug"
		}]
}
[2020-04-20 20:15:23]--[src_cgi/sharefiles_cgi.c:598]--cmd = count
[2020-04-20 20:15:23]--[src_cgi/sharefiles_cgi.c:85]--line = 2
[2020-04-20 20:15:23]--[src_cgi/sharefiles_cgi.c:598]--cmd = normal
[2020-04-20 20:15:23]--[src_cgi/sharefiles_cgi.c:636]--buf = {
    "count": 2,
    "start": 0
}

[2020-04-20 20:15:23]--[src_cgi/sharefiles_cgi.c:645]--start = 0, count = 2
[2020-04-20 20:15:23]--[src_cgi/sharefiles_cgi.c:172]--select share_file_list.*, file_info.url, file_info.size, file_info.type from file_info, share_file_list where file_info.md5 = share_file_list.md5 limit 0, 2 在操作
[2020-04-20 20:15:23]--[src_cgi/sharefiles_cgi.c:292]--{
	"files":	[{
			"user":	"Mario",
			"md5":	"c319a9d4ce7c9f76d2a17a3d5d93c02b",
			"time":	"2018-12-21 19:29:22",
			"filename":	"Makefile",
			"share_status":	1,
			"pv":	1,
			"url":	"http://192.168.230.138:80/group1/M00/00/00/wKjmilwdqtKAcOo5AABU8Itwcro6720927",
			"size":	21744,
			"type":	"null"
		}, {
			"user":	"MarioHo",
			"md5":	"fc7f3e94d9e67199560b84097e81be1f",
			"time":	"2020-04-20 20:06:02",
			"filename":	"Makefile.Debug",
			"share_status":	1,
			"pv":	0,
			"url":	"http://172.26.180.136:80/group1/M00/00/00/rBq0iF6dkB2AK8izAAWt2D1RNpc2.Debug",
			"size":	372184,
			"type":	"Debug"
		}]
}
[2020-04-20 20:15:23]--[src_cgi/sharefiles_cgi.c:598]--cmd = count
[2020-04-20 20:15:23]--[src_cgi/sharefiles_cgi.c:85]--line = 2
[2020-04-20 20:15:24]--[src_cgi/sharefiles_cgi.c:598]--cmd = pvdesc
[2020-04-20 20:15:24]--[src_cgi/sharefiles_cgi.c:636]--buf = {
    "count": 2,
    "start": 0
}

[2020-04-20 20:15:24]--[src_cgi/sharefiles_cgi.c:645]--start = 0, count = 2
[2020-04-20 20:15:24]--[src_cgi/sharefiles_cgi.c:399]--sql_num = 2, redis_num = 2
[2020-04-20 20:15:24]--[src_cgi/sharefiles_cgi.c:529]--{
	"files":	[{
			"filename":	"Makefile",
			"pv":	1
		}, {
			"filename":	"Makefile.Debug",
			"pv":	0
		}]
}
[2020-04-20 20:16:33]--[src_cgi/sharefiles_cgi.c:598]--cmd = count
[2020-04-20 20:16:33]--[src_cgi/sharefiles_cgi.c:85]--line = 2
[2020-04-20 20:16:33]--[src_cgi/sharefiles_cgi.c:598]--cmd = normal
[2020-04-20 20:16:33]--[src_cgi/sharefiles_cgi.c:636]--buf = {
    "count": 2,
    "start": 0
}

[2020-04-20 20:16:33]--[src_cgi/sharefiles_cgi.c:645]--start = 0, count = 2
[2020-04-20 20:16:33]--[src_cgi/sharefiles_cgi.c:172]--select share_file_list.*, file_info.url, file_info.size, file_info.type from file_info, share_file_list where file_info.md5 = share_file_list.md5 limit 0, 2 在操作
[2020-04-20 20:16:33]--[src_cgi/sharefiles_cgi.c:292]--{
	"files":	[{
			"user":	"Mario",
			"md5":	"c319a9d4ce7c9f76d2a17a3d5d93c02b",
			"time":	"2018-12-21 19:29:22",
			"filename":	"Makefile",
			"share_status":	1,
			"pv":	1,
			"url":	"http://192.168.230.138:80/group1/M00/00/00/wKjmilwdqtKAcOo5AABU8Itwcro6720927",
			"size":	21744,
			"type":	"null"
		}, {
			"user":	"MarioHo",
			"md5":	"fc7f3e94d9e67199560b84097e81be1f",
			"time":	"2020-04-20 20:06:02",
			"filename":	"Makefile.Debug",
			"share_status":	1,
			"pv":	0,
			"url":	"http://172.26.180.136:80/group1/M00/00/00/rBq0iF6dkB2AK8izAAWt2D1RNpc2.Debug",
			"size":	372184,
			"type":	"Debug"
		}]
}
[2020-04-20 20:16:35]--[src_cgi/sharefiles_cgi.c:598]--cmd = count
[2020-04-20 20:16:35]--[src_cgi/sharefiles_cgi.c:85]--line = 2
[2020-04-20 20:16:35]--[src_cgi/sharefiles_cgi.c:598]--cmd = pvdesc
[2020-04-20 20:16:35]--[src_cgi/sharefiles_cgi.c:636]--buf = {
    "count": 2,
    "start": 0
}

[2020-04-20 20:16:35]--[src_cgi/sharefiles_cgi.c:645]--start = 0, count = 2
[2020-04-20 20:16:35]--[src_cgi/sharefiles_cgi.c:399]--sql_num = 2, redis_num = 2
[2020-04-20 20:16:35]--[src_cgi/sharefiles_cgi.c:529]--{
	"files":	[{
			"filename":	"Makefile",
			"pv":	1
		}, {
			"filename":	"Makefile.Debug",
			"pv":	0
		}]
}
[2020-04-20 20:16:40]--[src_cgi/sharefiles_cgi.c:598]--cmd = count
[2020-04-20 20:16:40]--[src_cgi/sharefiles_cgi.c:85]--line = 2
[2020-04-20 20:16:40]--[src_cgi/sharefiles_cgi.c:598]--cmd = normal
[2020-04-20 20:16:40]--[src_cgi/sharefiles_cgi.c:636]--buf = {
    "count": 2,
    "start": 0
}

[2020-04-20 20:16:40]--[src_cgi/sharefiles_cgi.c:645]--start = 0, count = 2
[2020-04-20 20:16:40]--[src_cgi/sharefiles_cgi.c:172]--select share_file_list.*, file_info.url, file_info.size, file_info.type from file_info, share_file_list where file_info.md5 = share_file_list.md5 limit 0, 2 在操作
[2020-04-20 20:16:40]--[src_cgi/sharefiles_cgi.c:292]--{
	"files":	[{
			"user":	"Mario",
			"md5":	"c319a9d4ce7c9f76d2a17a3d5d93c02b",
			"time":	"2018-12-21 19:29:22",
			"filename":	"Makefile",
			"share_status":	1,
			"pv":	1,
			"url":	"http://192.168.230.138:80/group1/M00/00/00/wKjmilwdqtKAcOo5AABU8Itwcro6720927",
			"size":	21744,
			"type":	"null"
		}, {
			"user":	"MarioHo",
			"md5":	"fc7f3e94d9e67199560b84097e81be1f",
			"time":	"2020-04-20 20:06:02",
			"filename":	"Makefile.Debug",
			"share_status":	1,
			"pv":	0,
			"url":	"http://172.26.180.136:80/group1/M00/00/00/rBq0iF6dkB2AK8izAAWt2D1RNpc2.Debug",
			"size":	372184,
			"type":	"Debug"
		}]
}
[2020-04-20 20:16:45]--[src_cgi/sharefiles_cgi.c:598]--cmd = count
[2020-04-20 20:16:45]--[src_cgi/sharefiles_cgi.c:85]--line = 2
[2020-04-20 20:16:45]--[src_cgi/sharefiles_cgi.c:598]--cmd = pvdesc
[2020-04-20 20:16:45]--[src_cgi/sharefiles_cgi.c:636]--buf = {
    "count": 2,
    "start": 0
}

[2020-04-20 20:16:45]--[src_cgi/sharefiles_cgi.c:645]--start = 0, count = 2
[2020-04-20 20:16:45]--[src_cgi/sharefiles_cgi.c:399]--sql_num = 2, redis_num = 2
[2020-04-20 20:16:45]--[src_cgi/sharefiles_cgi.c:529]--{
	"files":	[{
			"filename":	"Makefile",
			"pv":	1
		}, {
			"filename":	"Makefile.Debug",
			"pv":	0
		}]
}
[2020-04-20 20:17:39]--[src_cgi/sharefiles_cgi.c:598]--cmd = count
[2020-04-20 20:17:39]--[src_cgi/sharefiles_cgi.c:85]--line = 2
[2020-04-20 20:17:39]--[src_cgi/sharefiles_cgi.c:598]--cmd = normal
[2020-04-20 20:17:39]--[src_cgi/sharefiles_cgi.c:636]--buf = {
    "count": 2,
    "start": 0
}

[2020-04-20 20:17:39]--[src_cgi/sharefiles_cgi.c:645]--start = 0, count = 2
[2020-04-20 20:17:39]--[src_cgi/sharefiles_cgi.c:172]--select share_file_list.*, file_info.url, file_info.size, file_info.type from file_info, share_file_list where file_info.md5 = share_file_list.md5 limit 0, 2 在操作
[2020-04-20 20:17:39]--[src_cgi/sharefiles_cgi.c:292]--{
	"files":	[{
			"user":	"Mario",
			"md5":	"c319a9d4ce7c9f76d2a17a3d5d93c02b",
			"time":	"2018-12-21 19:29:22",
			"filename":	"Makefile",
			"share_status":	1,
			"pv":	1,
			"url":	"http://192.168.230.138:80/group1/M00/00/00/wKjmilwdqtKAcOo5AABU8Itwcro6720927",
			"size":	21744,
			"type":	"null"
		}, {
			"user":	"MarioHo",
			"md5":	"fc7f3e94d9e67199560b84097e81be1f",
			"time":	"2020-04-20 20:06:02",
			"filename":	"Makefile.Debug",
			"share_status":	1,
			"pv":	0,
			"url":	"http://172.26.180.136:80/group1/M00/00/00/rBq0iF6dkB2AK8izAAWt2D1RNpc2.Debug",
			"size":	372184,
			"type":	"Debug"
		}]
}
[2020-04-20 20:17:40]--[src_cgi/sharefiles_cgi.c:598]--cmd = count
[2020-04-20 20:17:40]--[src_cgi/sharefiles_cgi.c:85]--line = 2
[2020-04-20 20:17:40]--[src_cgi/sharefiles_cgi.c:598]--cmd = pvdesc
[2020-04-20 20:17:40]--[src_cgi/sharefiles_cgi.c:636]--buf = {
    "count": 2,
    "start": 0
}

[2020-04-20 20:17:40]--[src_cgi/sharefiles_cgi.c:645]--start = 0, count = 2
[2020-04-20 20:17:40]--[src_cgi/sharefiles_cgi.c:399]--sql_num = 2, redis_num = 2
[2020-04-20 20:17:40]--[src_cgi/sharefiles_cgi.c:529]--{
	"files":	[{
			"filename":	"Makefile",
			"pv":	1
		}, {
			"filename":	"Makefile.Debug",
			"pv":	0
		}]
}
[2020-04-20 20:17:41]--[src_cgi/sharefiles_cgi.c:598]--cmd = count
[2020-04-20 20:17:41]--[src_cgi/sharefiles_cgi.c:85]--line = 2
[2020-04-20 20:17:41]--[src_cgi/sharefiles_cgi.c:598]--cmd = pvdesc
[2020-04-20 20:17:41]--[src_cgi/sharefiles_cgi.c:636]--buf = {
    "count": 2,
    "start": 0
}

[2020-04-20 20:17:41]--[src_cgi/sharefiles_cgi.c:645]--start = 0, count = 2
[2020-04-20 20:17:41]--[src_cgi/sharefiles_cgi.c:399]--sql_num = 2, redis_num = 2
[2020-04-20 20:17:41]--[src_cgi/sharefiles_cgi.c:529]--{
	"files":	[{
			"filename":	"Makefile",
			"pv":	1
		}, {
			"filename":	"Makefile.Debug",
			"pv":	0
		}]
}
[2020-04-20 20:17:42]--[src_cgi/sharefiles_cgi.c:598]--cmd = count
[2020-04-20 20:17:42]--[src_cgi/sharefiles_cgi.c:85]--line = 2
[2020-04-20 20:17:42]--[src_cgi/sharefiles_cgi.c:598]--cmd = normal
[2020-04-20 20:17:42]--[src_cgi/sharefiles_cgi.c:636]--buf = {
    "count": 2,
    "start": 0
}

[2020-04-20 20:17:42]--[src_cgi/sharefiles_cgi.c:645]--start = 0, count = 2
[2020-04-20 20:17:42]--[src_cgi/sharefiles_cgi.c:172]--select share_file_list.*, file_info.url, file_info.size, file_info.type from file_info, share_file_list where file_info.md5 = share_file_list.md5 limit 0, 2 在操作
[2020-04-20 20:17:42]--[src_cgi/sharefiles_cgi.c:292]--{
	"files":	[{
			"user":	"Mario",
			"md5":	"c319a9d4ce7c9f76d2a17a3d5d93c02b",
			"time":	"2018-12-21 19:29:22",
			"filename":	"Makefile",
			"share_status":	1,
			"pv":	1,
			"url":	"http://192.168.230.138:80/group1/M00/00/00/wKjmilwdqtKAcOo5AABU8Itwcro6720927",
			"size":	21744,
			"type":	"null"
		}, {
			"user":	"MarioHo",
			"md5":	"fc7f3e94d9e67199560b84097e81be1f",
			"time":	"2020-04-20 20:06:02",
			"filename":	"Makefile.Debug",
			"share_status":	1,
			"pv":	0,
			"url":	"http://172.26.180.136:80/group1/M00/00/00/rBq0iF6dkB2AK8izAAWt2D1RNpc2.Debug",
			"size":	372184,
			"type":	"Debug"
		}]
}
[2020-04-20 20:17:43]--[src_cgi/sharefiles_cgi.c:598]--cmd = count
[2020-04-20 20:17:43]--[src_cgi/sharefiles_cgi.c:85]--line = 2
[2020-04-20 20:17:43]--[src_cgi/sharefiles_cgi.c:598]--cmd = normal
[2020-04-20 20:17:43]--[src_cgi/sharefiles_cgi.c:636]--buf = {
    "count": 2,
    "start": 0
}

[2020-04-20 20:17:43]--[src_cgi/sharefiles_cgi.c:645]--start = 0, count = 2
[2020-04-20 20:17:43]--[src_cgi/sharefiles_cgi.c:172]--select share_file_list.*, file_info.url, file_info.size, file_info.type from file_info, share_file_list where file_info.md5 = share_file_list.md5 limit 0, 2 在操作
[2020-04-20 20:17:43]--[src_cgi/sharefiles_cgi.c:292]--{
	"files":	[{
			"user":	"Mario",
			"md5":	"c319a9d4ce7c9f76d2a17a3d5d93c02b",
			"time":	"2018-12-21 19:29:22",
			"filename":	"Makefile",
			"share_status":	1,
			"pv":	1,
			"url":	"http://192.168.230.138:80/group1/M00/00/00/wKjmilwdqtKAcOo5AABU8Itwcro6720927",
			"size":	21744,
			"type":	"null"
		}, {
			"user":	"MarioHo",
			"md5":	"fc7f3e94d9e67199560b84097e81be1f",
			"time":	"2020-04-20 20:06:02",
			"filename":	"Makefile.Debug",
			"share_status":	1,
			"pv":	0,
			"url":	"http://172.26.180.136:80/group1/M00/00/00/rBq0iF6dkB2AK8izAAWt2D1RNpc2.Debug",
			"size":	372184,
			"type":	"Debug"
		}]
}
[2020-04-20 20:17:44]--[src_cgi/sharefiles_cgi.c:598]--cmd = count
[2020-04-20 20:17:44]--[src_cgi/sharefiles_cgi.c:85]--line = 2
[2020-04-20 20:17:44]--[src_cgi/sharefiles_cgi.c:598]--cmd = pvdesc
[2020-04-20 20:17:44]--[src_cgi/sharefiles_cgi.c:636]--buf = {
    "count": 2,
    "start": 0
}

[2020-04-20 20:17:44]--[src_cgi/sharefiles_cgi.c:645]--start = 0, count = 2
[2020-04-20 20:17:44]--[src_cgi/sharefiles_cgi.c:399]--sql_num = 2, redis_num = 2
[2020-04-20 20:17:44]--[src_cgi/sharefiles_cgi.c:529]--{
	"files":	[{
			"filename":	"Makefile",
			"pv":	1
		}, {
			"filename":	"Makefile.Debug",
			"pv":	0
		}]
}
[2020-04-20 20:17:51]--[src_cgi/sharefiles_cgi.c:598]--cmd = count
[2020-04-20 20:17:51]--[src_cgi/sharefiles_cgi.c:85]--line = 2
[2020-04-20 20:17:51]--[src_cgi/sharefiles_cgi.c:598]--cmd = pvdesc
[2020-04-20 20:17:51]--[src_cgi/sharefiles_cgi.c:636]--buf = {
    "count": 2,
    "start": 0
}

[2020-04-20 20:17:51]--[src_cgi/sharefiles_cgi.c:645]--start = 0, count = 2
[2020-04-20 20:17:51]--[src_cgi/sharefiles_cgi.c:399]--sql_num = 2, redis_num = 2
[2020-04-20 20:17:51]--[src_cgi/sharefiles_cgi.c:529]--{
	"files":	[{
			"filename":	"Makefile",
			"pv":	1
		}, {
			"filename":	"Makefile.Debug",
			"pv":	0
		}]
}
[2020-04-20 20:17:52]--[src_cgi/sharefiles_cgi.c:598]--cmd = count
[2020-04-20 20:17:52]--[src_cgi/sharefiles_cgi.c:85]--line = 2
[2020-04-20 20:17:52]--[src_cgi/sharefiles_cgi.c:598]--cmd = normal
[2020-04-20 20:17:52]--[src_cgi/sharefiles_cgi.c:636]--buf = {
    "count": 2,
    "start": 0
}

[2020-04-20 20:17:52]--[src_cgi/sharefiles_cgi.c:645]--start = 0, count = 2
[2020-04-20 20:17:52]--[src_cgi/sharefiles_cgi.c:172]--select share_file_list.*, file_info.url, file_info.size, file_info.type from file_info, share_file_list where file_info.md5 = share_file_list.md5 limit 0, 2 在操作
[2020-04-20 20:17:52]--[src_cgi/sharefiles_cgi.c:292]--{
	"files":	[{
			"user":	"Mario",
			"md5":	"c319a9d4ce7c9f76d2a17a3d5d93c02b",
			"time":	"2018-12-21 19:29:22",
			"filename":	"Makefile",
			"share_status":	1,
			"pv":	1,
			"url":	"http://192.168.230.138:80/group1/M00/00/00/wKjmilwdqtKAcOo5AABU8Itwcro6720927",
			"size":	21744,
			"type":	"null"
		}, {
			"user":	"MarioHo",
			"md5":	"fc7f3e94d9e67199560b84097e81be1f",
			"time":	"2020-04-20 20:06:02",
			"filename":	"Makefile.Debug",
			"share_status":	1,
			"pv":	0,
			"url":	"http://172.26.180.136:80/group1/M00/00/00/rBq0iF6dkB2AK8izAAWt2D1RNpc2.Debug",
			"size":	372184,
			"type":	"Debug"
		}]
}
[2020-04-20 20:17:53]--[src_cgi/sharefiles_cgi.c:598]--cmd = count
[2020-04-20 20:17:53]--[src_cgi/sharefiles_cgi.c:85]--line = 2
[2020-04-20 20:17:54]--[src_cgi/sharefiles_cgi.c:598]--cmd = normal
[2020-04-20 20:17:54]--[src_cgi/sharefiles_cgi.c:636]--buf = {
    "count": 2,
    "start": 0
}

[2020-04-20 20:17:54]--[src_cgi/sharefiles_cgi.c:645]--start = 0, count = 2
[2020-04-20 20:17:54]--[src_cgi/sharefiles_cgi.c:172]--select share_file_list.*, file_info.url, file_info.size, file_info.type from file_info, share_file_list where file_info.md5 = share_file_list.md5 limit 0, 2 在操作
[2020-04-20 20:17:54]--[src_cgi/sharefiles_cgi.c:292]--{
	"files":	[{
			"user":	"Mario",
			"md5":	"c319a9d4ce7c9f76d2a17a3d5d93c02b",
			"time":	"2018-12-21 19:29:22",
			"filename":	"Makefile",
			"share_status":	1,
			"pv":	1,
			"url":	"http://192.168.230.138:80/group1/M00/00/00/wKjmilwdqtKAcOo5AABU8Itwcro6720927",
			"size":	21744,
			"type":	"null"
		}, {
			"user":	"MarioHo",
			"md5":	"fc7f3e94d9e67199560b84097e81be1f",
			"time":	"2020-04-20 20:06:02",
			"filename":	"Makefile.Debug",
			"share_status":	1,
			"pv":	0,
			"url":	"http://172.26.180.136:80/group1/M00/00/00/rBq0iF6dkB2AK8izAAWt2D1RNpc2.Debug",
			"size":	372184,
			"type":	"Debug"
		}]
}
[2020-04-20 20:17:54]--[src_cgi/sharefiles_cgi.c:598]--cmd = count
[2020-04-20 20:17:54]--[src_cgi/sharefiles_cgi.c:85]--line = 2
[2020-04-20 20:17:54]--[src_cgi/sharefiles_cgi.c:598]--cmd = pvdesc
[2020-04-20 20:17:54]--[src_cgi/sharefiles_cgi.c:636]--buf = {
    "count": 2,
    "start": 0
}

[2020-04-20 20:17:54]--[src_cgi/sharefiles_cgi.c:645]--start = 0, count = 2
[2020-04-20 20:17:54]--[src_cgi/sharefiles_cgi.c:399]--sql_num = 2, redis_num = 2
[2020-04-20 20:17:54]--[src_cgi/sharefiles_cgi.c:529]--{
	"files":	[{
			"filename":	"Makefile",
			"pv":	1
		}, {
			"filename":	"Makefile.Debug",
			"pv":	0
		}]
}
[2020-04-20 20:19:06]--[src_cgi/sharefiles_cgi.c:598]--cmd = count
[2020-04-20 20:19:06]--[src_cgi/sharefiles_cgi.c:85]--line = 2
[2020-04-20 20:19:06]--[src_cgi/sharefiles_cgi.c:598]--cmd = normal
[2020-04-20 20:19:06]--[src_cgi/sharefiles_cgi.c:636]--buf = {
    "count": 2,
    "start": 0
}

[2020-04-20 20:19:06]--[src_cgi/sharefiles_cgi.c:645]--start = 0, count = 2
[2020-04-20 20:19:06]--[src_cgi/sharefiles_cgi.c:172]--select share_file_list.*, file_info.url, file_info.size, file_info.type from file_info, share_file_list where file_info.md5 = share_file_list.md5 limit 0, 2 在操作
[2020-04-20 20:19:06]--[src_cgi/sharefiles_cgi.c:292]--{
	"files":	[{
			"user":	"Mario",
			"md5":	"c319a9d4ce7c9f76d2a17a3d5d93c02b",
			"time":	"2018-12-21 19:29:22",
			"filename":	"Makefile",
			"share_status":	1,
			"pv":	1,
			"url":	"http://192.168.230.138:80/group1/M00/00/00/wKjmilwdqtKAcOo5AABU8Itwcro6720927",
			"size":	21744,
			"type":	"null"
		}, {
			"user":	"MarioHo",
			"md5":	"fc7f3e94d9e67199560b84097e81be1f",
			"time":	"2020-04-20 20:06:02",
			"filename":	"Makefile.Debug",
			"share_status":	1,
			"pv":	0,
			"url":	"http://172.26.180.136:80/group1/M00/00/00/rBq0iF6dkB2AK8izAAWt2D1RNpc2.Debug",
			"size":	372184,
			"type":	"Debug"
		}]
}
[2020-04-20 20:19:07]--[src_cgi/sharefiles_cgi.c:598]--cmd = count
[2020-04-20 20:19:07]--[src_cgi/sharefiles_cgi.c:85]--line = 2
[2020-04-20 20:19:07]--[src_cgi/sharefiles_cgi.c:598]--cmd = pvdesc
[2020-04-20 20:19:07]--[src_cgi/sharefiles_cgi.c:636]--buf = {
    "count": 2,
    "start": 0
}

[2020-04-20 20:19:07]--[src_cgi/sharefiles_cgi.c:645]--start = 0, count = 2
[2020-04-20 20:19:07]--[src_cgi/sharefiles_cgi.c:399]--sql_num = 2, redis_num = 2
[2020-04-20 20:19:07]--[src_cgi/sharefiles_cgi.c:529]--{
	"files":	[{
			"filename":	"Makefile",
			"pv":	1
		}, {
			"filename":	"Makefile.Debug",
			"pv":	0
		}]
}
[2020-04-20 20:19:13]--[src_cgi/sharefiles_cgi.c:598]--cmd = count
[2020-04-20 20:19:13]--[src_cgi/sharefiles_cgi.c:85]--line = 2
[2020-04-20 20:19:13]--[src_cgi/sharefiles_cgi.c:598]--cmd = pvdesc
[2020-04-20 20:19:13]--[src_cgi/sharefiles_cgi.c:636]--buf = {
    "count": 2,
    "start": 0
}

[2020-04-20 20:19:13]--[src_cgi/sharefiles_cgi.c:645]--start = 0, count = 2
[2020-04-20 20:19:13]--[src_cgi/sharefiles_cgi.c:399]--sql_num = 2, redis_num = 2
[2020-04-20 20:19:13]--[src_cgi/sharefiles_cgi.c:529]--{
	"files":	[{
			"filename":	"Makefile",
			"pv":	1
		}, {
			"filename":	"Makefile.Debug",
			"pv":	0
		}]
}
[2020-04-20 20:19:14]--[src_cgi/sharefiles_cgi.c:598]--cmd = count
[2020-04-20 20:19:14]--[src_cgi/sharefiles_cgi.c:85]--line = 2
[2020-04-20 20:19:14]--[src_cgi/sharefiles_cgi.c:598]--cmd = normal
[2020-04-20 20:19:14]--[src_cgi/sharefiles_cgi.c:636]--buf = {
    "count": 2,
    "start": 0
}

[2020-04-20 20:19:14]--[src_cgi/sharefiles_cgi.c:645]--start = 0, count = 2
[2020-04-20 20:19:14]--[src_cgi/sharefiles_cgi.c:172]--select share_file_list.*, file_info.url, file_info.size, file_info.type from file_info, share_file_list where file_info.md5 = share_file_list.md5 limit 0, 2 在操作
[2020-04-20 20:19:14]--[src_cgi/sharefiles_cgi.c:292]--{
	"files":	[{
			"user":	"Mario",
			"md5":	"c319a9d4ce7c9f76d2a17a3d5d93c02b",
			"time":	"2018-12-21 19:29:22",
			"filename":	"Makefile",
			"share_status":	1,
			"pv":	1,
			"url":	"http://192.168.230.138:80/group1/M00/00/00/wKjmilwdqtKAcOo5AABU8Itwcro6720927",
			"size":	21744,
			"type":	"null"
		}, {
			"user":	"MarioHo",
			"md5":	"fc7f3e94d9e67199560b84097e81be1f",
			"time":	"2020-04-20 20:06:02",
			"filename":	"Makefile.Debug",
			"share_status":	1,
			"pv":	0,
			"url":	"http://172.26.180.136:80/group1/M00/00/00/rBq0iF6dkB2AK8izAAWt2D1RNpc2.Debug",
			"size":	372184,
			"type":	"Debug"
		}]
}
[2020-04-20 20:19:15]--[src_cgi/sharefiles_cgi.c:598]--cmd = count
[2020-04-20 20:19:15]--[src_cgi/sharefiles_cgi.c:85]--line = 2
[2020-04-20 20:19:15]--[src_cgi/sharefiles_cgi.c:598]--cmd = normal
[2020-04-20 20:19:15]--[src_cgi/sharefiles_cgi.c:636]--buf = {
    "count": 2,
    "start": 0
}

[2020-04-20 20:19:15]--[src_cgi/sharefiles_cgi.c:645]--start = 0, count = 2
[2020-04-20 20:19:15]--[src_cgi/sharefiles_cgi.c:172]--select share_file_list.*, file_info.url, file_info.size, file_info.type from file_info, share_file_list where file_info.md5 = share_file_list.md5 limit 0, 2 在操作
[2020-04-20 20:19:15]--[src_cgi/sharefiles_cgi.c:292]--{
	"files":	[{
			"user":	"Mario",
			"md5":	"c319a9d4ce7c9f76d2a17a3d5d93c02b",
			"time":	"2018-12-21 19:29:22",
			"filename":	"Makefile",
			"share_status":	1,
			"pv":	1,
			"url":	"http://192.168.230.138:80/group1/M00/00/00/wKjmilwdqtKAcOo5AABU8Itwcro6720927",
			"size":	21744,
			"type":	"null"
		}, {
			"user":	"MarioHo",
			"md5":	"fc7f3e94d9e67199560b84097e81be1f",
			"time":	"2020-04-20 20:06:02",
			"filename":	"Makefile.Debug",
			"share_status":	1,
			"pv":	0,
			"url":	"http://172.26.180.136:80/group1/M00/00/00/rBq0iF6dkB2AK8izAAWt2D1RNpc2.Debug",
			"size":	372184,
			"type":	"Debug"
		}]
}
[2020-04-20 20:19:16]--[src_cgi/sharefiles_cgi.c:598]--cmd = count
[2020-04-20 20:19:16]--[src_cgi/sharefiles_cgi.c:85]--line = 2
[2020-04-20 20:19:16]--[src_cgi/sharefiles_cgi.c:598]--cmd = pvdesc
[2020-04-20 20:19:16]--[src_cgi/sharefiles_cgi.c:636]--buf = {
    "count": 2,
    "start": 0
}

[2020-04-20 20:19:16]--[src_cgi/sharefiles_cgi.c:645]--start = 0, count = 2
[2020-04-20 20:19:16]--[src_cgi/sharefiles_cgi.c:399]--sql_num = 2, redis_num = 2
[2020-04-20 20:19:16]--[src_cgi/sharefiles_cgi.c:529]--{
	"files":	[{
			"filename":	"Makefile",
			"pv":	1
		}, {
			"filename":	"Makefile.Debug",
			"pv":	0
		}]
}
[2020-04-20 20:19:28]--[src_cgi/sharefiles_cgi.c:598]--cmd = count
[2020-04-20 20:19:28]--[src_cgi/sharefiles_cgi.c:85]--line = 2
[2020-04-20 20:19:29]--[src_cgi/sharefiles_cgi.c:598]--cmd = normal
[2020-04-20 20:19:29]--[src_cgi/sharefiles_cgi.c:636]--buf = {
    "count": 2,
    "start": 0
}

[2020-04-20 20:19:29]--[src_cgi/sharefiles_cgi.c:645]--start = 0, count = 2
[2020-04-20 20:19:29]--[src_cgi/sharefiles_cgi.c:172]--select share_file_list.*, file_info.url, file_info.size, file_info.type from file_info, share_file_list where file_info.md5 = share_file_list.md5 limit 0, 2 在操作
[2020-04-20 20:19:29]--[src_cgi/sharefiles_cgi.c:292]--{
	"files":	[{
			"user":	"Mario",
			"md5":	"c319a9d4ce7c9f76d2a17a3d5d93c02b",
			"time":	"2018-12-21 19:29:22",
			"filename":	"Makefile",
			"share_status":	1,
			"pv":	1,
			"url":	"http://192.168.230.138:80/group1/M00/00/00/wKjmilwdqtKAcOo5AABU8Itwcro6720927",
			"size":	21744,
			"type":	"null"
		}, {
			"user":	"MarioHo",
			"md5":	"fc7f3e94d9e67199560b84097e81be1f",
			"time":	"2020-04-20 20:06:02",
			"filename":	"Makefile.Debug",
			"share_status":	1,
			"pv":	0,
			"url":	"http://172.26.180.136:80/group1/M00/00/00/rBq0iF6dkB2AK8izAAWt2D1RNpc2.Debug",
			"size":	372184,
			"type":	"Debug"
		}]
}
[2020-04-20 20:19:29]--[src_cgi/sharefiles_cgi.c:598]--cmd = count
[2020-04-20 20:19:29]--[src_cgi/sharefiles_cgi.c:85]--line = 2
[2020-04-20 20:19:29]--[src_cgi/sharefiles_cgi.c:598]--cmd = pvdesc
[2020-04-20 20:19:29]--[src_cgi/sharefiles_cgi.c:636]--buf = {
    "count": 2,
    "start": 0
}

[2020-04-20 20:19:29]--[src_cgi/sharefiles_cgi.c:645]--start = 0, count = 2
[2020-04-20 20:19:29]--[src_cgi/sharefiles_cgi.c:399]--sql_num = 2, redis_num = 2
[2020-04-20 20:19:29]--[src_cgi/sharefiles_cgi.c:529]--{
	"files":	[{
			"filename":	"Makefile",
			"pv":	1
		}, {
			"filename":	"Makefile.Debug",
			"pv":	0
		}]
}
[2020-04-20 20:20:17]--[src_cgi/sharefiles_cgi.c:598]--cmd = count
[2020-04-20 20:20:17]--[src_cgi/sharefiles_cgi.c:85]--line = 2
[2020-04-20 20:20:17]--[src_cgi/sharefiles_cgi.c:598]--cmd = normal
[2020-04-20 20:20:17]--[src_cgi/sharefiles_cgi.c:636]--buf = {
    "count": 2,
    "start": 0
}

[2020-04-20 20:20:17]--[src_cgi/sharefiles_cgi.c:645]--start = 0, count = 2
[2020-04-20 20:20:17]--[src_cgi/sharefiles_cgi.c:172]--select share_file_list.*, file_info.url, file_info.size, file_info.type from file_info, share_file_list where file_info.md5 = share_file_list.md5 limit 0, 2 在操作
[2020-04-20 20:20:17]--[src_cgi/sharefiles_cgi.c:292]--{
	"files":	[{
			"user":	"Mario",
			"md5":	"c319a9d4ce7c9f76d2a17a3d5d93c02b",
			"time":	"2018-12-21 19:29:22",
			"filename":	"Makefile",
			"share_status":	1,
			"pv":	1,
			"url":	"http://192.168.230.138:80/group1/M00/00/00/wKjmilwdqtKAcOo5AABU8Itwcro6720927",
			"size":	21744,
			"type":	"null"
		}, {
			"user":	"MarioHo",
			"md5":	"fc7f3e94d9e67199560b84097e81be1f",
			"time":	"2020-04-20 20:06:02",
			"filename":	"Makefile.Debug",
			"share_status":	1,
			"pv":	0,
			"url":	"http://172.26.180.136:80/group1/M00/00/00/rBq0iF6dkB2AK8izAAWt2D1RNpc2.Debug",
			"size":	372184,
			"type":	"Debug"
		}]
}
[2020-04-20 20:20:18]--[src_cgi/sharefiles_cgi.c:598]--cmd = count
[2020-04-20 20:20:18]--[src_cgi/sharefiles_cgi.c:85]--line = 2
[2020-04-20 20:20:18]--[src_cgi/sharefiles_cgi.c:598]--cmd = pvdesc
[2020-04-20 20:20:18]--[src_cgi/sharefiles_cgi.c:636]--buf = {
    "count": 2,
    "start": 0
}

[2020-04-20 20:20:18]--[src_cgi/sharefiles_cgi.c:645]--start = 0, count = 2
[2020-04-20 20:20:18]--[src_cgi/sharefiles_cgi.c:399]--sql_num = 2, redis_num = 2
[2020-04-20 20:20:18]--[src_cgi/sharefiles_cgi.c:529]--{
	"files":	[{
			"filename":	"Makefile",
			"pv":	1
		}, {
			"filename":	"Makefile.Debug",
			"pv":	0
		}]
}
[2020-04-20 20:32:13]--[src_cgi/sharefiles_cgi.c:598]--cmd = count
[2020-04-20 20:32:13]--[src_cgi/sharefiles_cgi.c:85]--line = 2
[2020-04-20 20:32:13]--[src_cgi/sharefiles_cgi.c:598]--cmd = normal
[2020-04-20 20:32:13]--[src_cgi/sharefiles_cgi.c:636]--buf = {
    "count": 2,
    "start": 0
}

[2020-04-20 20:32:13]--[src_cgi/sharefiles_cgi.c:645]--start = 0, count = 2
[2020-04-20 20:32:13]--[src_cgi/sharefiles_cgi.c:172]--select share_file_list.*, file_info.url, file_info.size, file_info.type from file_info, share_file_list where file_info.md5 = share_file_list.md5 limit 0, 2 在操作
[2020-04-20 20:32:13]--[src_cgi/sharefiles_cgi.c:292]--{
	"files":	[{
			"user":	"Mario",
			"md5":	"c319a9d4ce7c9f76d2a17a3d5d93c02b",
			"time":	"2018-12-21 19:29:22",
			"filename":	"Makefile",
			"share_status":	1,
			"pv":	1,
			"url":	"http://192.168.230.138:80/group1/M00/00/00/wKjmilwdqtKAcOo5AABU8Itwcro6720927",
			"size":	21744,
			"type":	"null"
		}, {
			"user":	"MarioHo",
			"md5":	"fc7f3e94d9e67199560b84097e81be1f",
			"time":	"2020-04-20 20:06:02",
			"filename":	"Makefile.Debug",
			"share_status":	1,
			"pv":	0,
			"url":	"http://172.26.180.136:80/group1/M00/00/00/rBq0iF6dkB2AK8izAAWt2D1RNpc2.Debug",
			"size":	372184,
			"type":	"Debug"
		}]
}
[2020-04-20 20:32:15]--[src_cgi/sharefiles_cgi.c:598]--cmd = count
[2020-04-20 20:32:15]--[src_cgi/sharefiles_cgi.c:85]--line = 2
[2020-04-20 20:32:15]--[src_cgi/sharefiles_cgi.c:598]--cmd = pvdesc
[2020-04-20 20:32:15]--[src_cgi/sharefiles_cgi.c:636]--buf = {
    "count": 2,
    "start": 0
}

[2020-04-20 20:32:15]--[src_cgi/sharefiles_cgi.c:645]--start = 0, count = 2
[2020-04-20 20:32:15]--[src_cgi/sharefiles_cgi.c:399]--sql_num = 2, redis_num = 2
[2020-04-20 20:32:15]--[src_cgi/sharefiles_cgi.c:529]--{
	"files":	[{
			"filename":	"Makefile",
			"pv":	1
		}, {
			"filename":	"Makefile.Debug",
			"pv":	0
		}]
}
[2020-04-20 20:32:16]--[src_cgi/sharefiles_cgi.c:598]--cmd = count
[2020-04-20 20:32:16]--[src_cgi/sharefiles_cgi.c:85]--line = 2
[2020-04-20 20:32:17]--[src_cgi/sharefiles_cgi.c:598]--cmd = normal
[2020-04-20 20:32:17]--[src_cgi/sharefiles_cgi.c:636]--buf = {
    "count": 2,
    "start": 0
}

[2020-04-20 20:32:17]--[src_cgi/sharefiles_cgi.c:645]--start = 0, count = 2
[2020-04-20 20:32:17]--[src_cgi/sharefiles_cgi.c:172]--select share_file_list.*, file_info.url, file_info.size, file_info.type from file_info, share_file_list where file_info.md5 = share_file_list.md5 limit 0, 2 在操作
[2020-04-20 20:32:17]--[src_cgi/sharefiles_cgi.c:292]--{
	"files":	[{
			"user":	"Mario",
			"md5":	"c319a9d4ce7c9f76d2a17a3d5d93c02b",
			"time":	"2018-12-21 19:29:22",
			"filename":	"Makefile",
			"share_status":	1,
			"pv":	1,
			"url":	"http://192.168.230.138:80/group1/M00/00/00/wKjmilwdqtKAcOo5AABU8Itwcro6720927",
			"size":	21744,
			"type":	"null"
		}, {
			"user":	"MarioHo",
			"md5":	"fc7f3e94d9e67199560b84097e81be1f",
			"time":	"2020-04-20 20:06:02",
			"filename":	"Makefile.Debug",
			"share_status":	1,
			"pv":	0,
			"url":	"http://172.26.180.136:80/group1/M00/00/00/rBq0iF6dkB2AK8izAAWt2D1RNpc2.Debug",
			"size":	372184,
			"type":	"Debug"
		}]
}
[2020-04-20 20:32:17]--[src_cgi/sharefiles_cgi.c:598]--cmd = count
[2020-04-20 20:32:17]--[src_cgi/sharefiles_cgi.c:85]--line = 2
[2020-04-20 20:32:18]--[src_cgi/sharefiles_cgi.c:598]--cmd = normal
[2020-04-20 20:32:18]--[src_cgi/sharefiles_cgi.c:636]--buf = {
    "count": 2,
    "start": 0
}

[2020-04-20 20:32:18]--[src_cgi/sharefiles_cgi.c:645]--start = 0, count = 2
[2020-04-20 20:32:18]--[src_cgi/sharefiles_cgi.c:172]--select share_file_list.*, file_info.url, file_info.size, file_info.type from file_info, share_file_list where file_info.md5 = share_file_list.md5 limit 0, 2 在操作
[2020-04-20 20:32:18]--[src_cgi/sharefiles_cgi.c:292]--{
	"files":	[{
			"user":	"Mario",
			"md5":	"c319a9d4ce7c9f76d2a17a3d5d93c02b",
			"time":	"2018-12-21 19:29:22",
			"filename":	"Makefile",
			"share_status":	1,
			"pv":	1,
			"url":	"http://192.168.230.138:80/group1/M00/00/00/wKjmilwdqtKAcOo5AABU8Itwcro6720927",
			"size":	21744,
			"type":	"null"
		}, {
			"user":	"MarioHo",
			"md5":	"fc7f3e94d9e67199560b84097e81be1f",
			"time":	"2020-04-20 20:06:02",
			"filename":	"Makefile.Debug",
			"share_status":	1,
			"pv":	0,
			"url":	"http://172.26.180.136:80/group1/M00/00/00/rBq0iF6dkB2AK8izAAWt2D1RNpc2.Debug",
			"size":	372184,
			"type":	"Debug"
		}]
}
[2020-04-20 20:32:18]--[src_cgi/sharefiles_cgi.c:598]--cmd = count
[2020-04-20 20:32:18]--[src_cgi/sharefiles_cgi.c:85]--line = 2
[2020-04-20 20:32:18]--[src_cgi/sharefiles_cgi.c:598]--cmd = pvdesc
[2020-04-20 20:32:18]--[src_cgi/sharefiles_cgi.c:636]--buf = {
    "count": 2,
    "start": 0
}

[2020-04-20 20:32:18]--[src_cgi/sharefiles_cgi.c:645]--start = 0, count = 2
[2020-04-20 20:32:18]--[src_cgi/sharefiles_cgi.c:399]--sql_num = 2, redis_num = 2
[2020-04-20 20:32:18]--[src_cgi/sharefiles_cgi.c:529]--{
	"files":	[{
			"filename":	"Makefile",
			"pv":	1
		}, {
			"filename":	"Makefile.Debug",
			"pv":	0
		}]
}
[2020-04-20 20:32:19]--[src_cgi/sharefiles_cgi.c:598]--cmd = count
[2020-04-20 20:32:19]--[src_cgi/sharefiles_cgi.c:85]--line = 2
[2020-04-20 20:32:19]--[src_cgi/sharefiles_cgi.c:598]--cmd = pvdesc
[2020-04-20 20:32:19]--[src_cgi/sharefiles_cgi.c:636]--buf = {
    "count": 2,
    "start": 0
}

[2020-04-20 20:32:19]--[src_cgi/sharefiles_cgi.c:645]--start = 0, count = 2
[2020-04-20 20:32:19]--[src_cgi/sharefiles_cgi.c:399]--sql_num = 2, redis_num = 2
[2020-04-20 20:32:19]--[src_cgi/sharefiles_cgi.c:529]--{
	"files":	[{
			"filename":	"Makefile",
			"pv":	1
		}, {
			"filename":	"Makefile.Debug",
			"pv":	0
		}]
}
[2020-04-20 20:32:19]--[src_cgi/sharefiles_cgi.c:598]--cmd = count
[2020-04-20 20:32:19]--[src_cgi/sharefiles_cgi.c:85]--line = 2
[2020-04-20 20:32:19]--[src_cgi/sharefiles_cgi.c:598]--cmd = normal
[2020-04-20 20:32:19]--[src_cgi/sharefiles_cgi.c:636]--buf = {
    "count": 2,
    "start": 0
}

[2020-04-20 20:32:19]--[src_cgi/sharefiles_cgi.c:645]--start = 0, count = 2
[2020-04-20 20:32:19]--[src_cgi/sharefiles_cgi.c:172]--select share_file_list.*, file_info.url, file_info.size, file_info.type from file_info, share_file_list where file_info.md5 = share_file_list.md5 limit 0, 2 在操作
[2020-04-20 20:32:19]--[src_cgi/sharefiles_cgi.c:292]--{
	"files":	[{
			"user":	"Mario",
			"md5":	"c319a9d4ce7c9f76d2a17a3d5d93c02b",
			"time":	"2018-12-21 19:29:22",
			"filename":	"Makefile",
			"share_status":	1,
			"pv":	1,
			"url":	"http://192.168.230.138:80/group1/M00/00/00/wKjmilwdqtKAcOo5AABU8Itwcro6720927",
			"size":	21744,
			"type":	"null"
		}, {
			"user":	"MarioHo",
			"md5":	"fc7f3e94d9e67199560b84097e81be1f",
			"time":	"2020-04-20 20:06:02",
			"filename":	"Makefile.Debug",
			"share_status":	1,
			"pv":	0,
			"url":	"http://172.26.180.136:80/group1/M00/00/00/rBq0iF6dkB2AK8izAAWt2D1RNpc2.Debug",
			"size":	372184,
			"type":	"Debug"
		}]
}
[2020-04-20 20:32:20]--[src_cgi/sharefiles_cgi.c:598]--cmd = count
[2020-04-20 20:32:20]--[src_cgi/sharefiles_cgi.c:85]--line = 2
[2020-04-20 20:32:20]--[src_cgi/sharefiles_cgi.c:598]--cmd = pvdesc
[2020-04-20 20:32:20]--[src_cgi/sharefiles_cgi.c:636]--buf = {
    "count": 2,
    "start": 0
}

[2020-04-20 20:32:20]--[src_cgi/sharefiles_cgi.c:645]--start = 0, count = 2
[2020-04-20 20:32:20]--[src_cgi/sharefiles_cgi.c:399]--sql_num = 2, redis_num = 2
[2020-04-20 20:32:20]--[src_cgi/sharefiles_cgi.c:529]--{
	"files":	[{
			"filename":	"Makefile",
			"pv":	1
		}, {
			"filename":	"Makefile.Debug",
			"pv":	0
		}]
}
[2020-04-20 20:32:21]--[src_cgi/sharefiles_cgi.c:598]--cmd = count
[2020-04-20 20:32:21]--[src_cgi/sharefiles_cgi.c:85]--line = 2
[2020-04-20 20:32:21]--[src_cgi/sharefiles_cgi.c:598]--cmd = normal
[2020-04-20 20:32:21]--[src_cgi/sharefiles_cgi.c:636]--buf = {
    "count": 2,
    "start": 0
}

[2020-04-20 20:32:21]--[src_cgi/sharefiles_cgi.c:645]--start = 0, count = 2
[2020-04-20 20:32:21]--[src_cgi/sharefiles_cgi.c:172]--select share_file_list.*, file_info.url, file_info.size, file_info.type from file_info, share_file_list where file_info.md5 = share_file_list.md5 limit 0, 2 在操作
[2020-04-20 20:32:21]--[src_cgi/sharefiles_cgi.c:292]--{
	"files":	[{
			"user":	"Mario",
			"md5":	"c319a9d4ce7c9f76d2a17a3d5d93c02b",
			"time":	"2018-12-21 19:29:22",
			"filename":	"Makefile",
			"share_status":	1,
			"pv":	1,
			"url":	"http://192.168.230.138:80/group1/M00/00/00/wKjmilwdqtKAcOo5AABU8Itwcro6720927",
			"size":	21744,
			"type":	"null"
		}, {
			"user":	"MarioHo",
			"md5":	"fc7f3e94d9e67199560b84097e81be1f",
			"time":	"2020-04-20 20:06:02",
			"filename":	"Makefile.Debug",
			"share_status":	1,
			"pv":	0,
			"url":	"http://172.26.180.136:80/group1/M00/00/00/rBq0iF6dkB2AK8izAAWt2D1RNpc2.Debug",
			"size":	372184,
			"type":	"Debug"
		}]
}
[2020-04-20 20:32:23]--[src_cgi/sharefiles_cgi.c:598]--cmd = count
[2020-04-20 20:32:23]--[src_cgi/sharefiles_cgi.c:85]--line = 2
[2020-04-20 20:32:24]--[src_cgi/sharefiles_cgi.c:598]--cmd = pvdesc
[2020-04-20 20:32:24]--[src_cgi/sharefiles_cgi.c:636]--buf = {
    "count": 2,
    "start": 0
}

[2020-04-20 20:32:24]--[src_cgi/sharefiles_cgi.c:645]--start = 0, count = 2
[2020-04-20 20:32:24]--[src_cgi/sharefiles_cgi.c:399]--sql_num = 2, redis_num = 2
[2020-04-20 20:32:24]--[src_cgi/sharefiles_cgi.c:529]--{
	"files":	[{
			"filename":	"Makefile",
			"pv":	1
		}, {
			"filename":	"Makefile.Debug",
			"pv":	0
		}]
}
[2020-04-20 20:32:24]--[src_cgi/sharefiles_cgi.c:598]--cmd = count
[2020-04-20 20:32:24]--[src_cgi/sharefiles_cgi.c:85]--line = 2
[2020-04-20 20:32:24]--[src_cgi/sharefiles_cgi.c:598]--cmd = normal
[2020-04-20 20:32:24]--[src_cgi/sharefiles_cgi.c:636]--buf = {
    "count": 2,
    "start": 0
}

[2020-04-20 20:32:24]--[src_cgi/sharefiles_cgi.c:645]--start = 0, count = 2
[2020-04-20 20:32:24]--[src_cgi/sharefiles_cgi.c:172]--select share_file_list.*, file_info.url, file_info.size, file_info.type from file_info, share_file_list where file_info.md5 = share_file_list.md5 limit 0, 2 在操作
[2020-04-20 20:32:24]--[src_cgi/sharefiles_cgi.c:292]--{
	"files":	[{
			"user":	"Mario",
			"md5":	"c319a9d4ce7c9f76d2a17a3d5d93c02b",
			"time":	"2018-12-21 19:29:22",
			"filename":	"Makefile",
			"share_status":	1,
			"pv":	1,
			"url":	"http://192.168.230.138:80/group1/M00/00/00/wKjmilwdqtKAcOo5AABU8Itwcro6720927",
			"size":	21744,
			"type":	"null"
		}, {
			"user":	"MarioHo",
			"md5":	"fc7f3e94d9e67199560b84097e81be1f",
			"time":	"2020-04-20 20:06:02",
			"filename":	"Makefile.Debug",
			"share_status":	1,
			"pv":	0,
			"url":	"http://172.26.180.136:80/group1/M00/00/00/rBq0iF6dkB2AK8izAAWt2D1RNpc2.Debug",
			"size":	372184,
			"type":	"Debug"
		}]
}
[2020-04-20 20:33:53]--[src_cgi/sharefiles_cgi.c:598]--cmd = count
[2020-04-20 20:33:53]--[src_cgi/sharefiles_cgi.c:85]--line = 2
[2020-04-20 20:33:54]--[src_cgi/sharefiles_cgi.c:598]--cmd = normal
[2020-04-20 20:33:54]--[src_cgi/sharefiles_cgi.c:636]--buf = {
    "count": 2,
    "start": 0
}

[2020-04-20 20:33:54]--[src_cgi/sharefiles_cgi.c:645]--start = 0, count = 2
[2020-04-20 20:33:54]--[src_cgi/sharefiles_cgi.c:172]--select share_file_list.*, file_info.url, file_info.size, file_info.type from file_info, share_file_list where file_info.md5 = share_file_list.md5 limit 0, 2 在操作
[2020-04-20 20:33:54]--[src_cgi/sharefiles_cgi.c:292]--{
	"files":	[{
			"user":	"Mario",
			"md5":	"c319a9d4ce7c9f76d2a17a3d5d93c02b",
			"time":	"2018-12-21 19:29:22",
			"filename":	"Makefile",
			"share_status":	1,
			"pv":	1,
			"url":	"http://192.168.230.138:80/group1/M00/00/00/wKjmilwdqtKAcOo5AABU8Itwcro6720927",
			"size":	21744,
			"type":	"null"
		}, {
			"user":	"MarioHo",
			"md5":	"fc7f3e94d9e67199560b84097e81be1f",
			"time":	"2020-04-20 20:06:02",
			"filename":	"Makefile.Debug",
			"share_status":	1,
			"pv":	0,
			"url":	"http://172.26.180.136:80/group1/M00/00/00/rBq0iF6dkB2AK8izAAWt2D1RNpc2.Debug",
			"size":	372184,
			"type":	"Debug"
		}]
}
[2020-04-20 20:33:54]--[src_cgi/sharefiles_cgi.c:598]--cmd = count
[2020-04-20 20:33:54]--[src_cgi/sharefiles_cgi.c:85]--line = 2
[2020-04-20 20:33:54]--[src_cgi/sharefiles_cgi.c:598]--cmd = pvdesc
[2020-04-20 20:33:54]--[src_cgi/sharefiles_cgi.c:636]--buf = {
    "count": 2,
    "start": 0
}

[2020-04-20 20:33:54]--[src_cgi/sharefiles_cgi.c:645]--start = 0, count = 2
[2020-04-20 20:33:54]--[src_cgi/sharefiles_cgi.c:399]--sql_num = 2, redis_num = 2
[2020-04-20 20:33:54]--[src_cgi/sharefiles_cgi.c:529]--{
	"files":	[{
			"filename":	"Makefile",
			"pv":	1
		}, {
			"filename":	"Makefile.Debug",
			"pv":	0
		}]
}
[2020-04-20 20:33:56]--[src_cgi/sharefiles_cgi.c:598]--cmd = count
[2020-04-20 20:33:56]--[src_cgi/sharefiles_cgi.c:85]--line = 2
[2020-04-20 20:33:56]--[src_cgi/sharefiles_cgi.c:598]--cmd = pvdesc
[2020-04-20 20:33:56]--[src_cgi/sharefiles_cgi.c:636]--buf = {
    "count": 2,
    "start": 0
}

[2020-04-20 20:33:56]--[src_cgi/sharefiles_cgi.c:645]--start = 0, count = 2
[2020-04-20 20:33:56]--[src_cgi/sharefiles_cgi.c:399]--sql_num = 2, redis_num = 2
[2020-04-20 20:33:56]--[src_cgi/sharefiles_cgi.c:529]--{
	"files":	[{
			"filename":	"Makefile",
			"pv":	1
		}, {
			"filename":	"Makefile.Debug",
			"pv":	0
		}]
}
[2020-04-20 20:33:57]--[src_cgi/sharefiles_cgi.c:598]--cmd = count
[2020-04-20 20:33:57]--[src_cgi/sharefiles_cgi.c:85]--line = 2
[2020-04-20 20:33:57]--[src_cgi/sharefiles_cgi.c:598]--cmd = normal
[2020-04-20 20:33:57]--[src_cgi/sharefiles_cgi.c:636]--buf = {
    "count": 2,
    "start": 0
}

[2020-04-20 20:33:57]--[src_cgi/sharefiles_cgi.c:645]--start = 0, count = 2
[2020-04-20 20:33:57]--[src_cgi/sharefiles_cgi.c:172]--select share_file_list.*, file_info.url, file_info.size, file_info.type from file_info, share_file_list where file_info.md5 = share_file_list.md5 limit 0, 2 在操作
[2020-04-20 20:33:57]--[src_cgi/sharefiles_cgi.c:292]--{
	"files":	[{
			"user":	"Mario",
			"md5":	"c319a9d4ce7c9f76d2a17a3d5d93c02b",
			"time":	"2018-12-21 19:29:22",
			"filename":	"Makefile",
			"share_status":	1,
			"pv":	1,
			"url":	"http://192.168.230.138:80/group1/M00/00/00/wKjmilwdqtKAcOo5AABU8Itwcro6720927",
			"size":	21744,
			"type":	"null"
		}, {
			"user":	"MarioHo",
			"md5":	"fc7f3e94d9e67199560b84097e81be1f",
			"time":	"2020-04-20 20:06:02",
			"filename":	"Makefile.Debug",
			"share_status":	1,
			"pv":	0,
			"url":	"http://172.26.180.136:80/group1/M00/00/00/rBq0iF6dkB2AK8izAAWt2D1RNpc2.Debug",
			"size":	372184,
			"type":	"Debug"
		}]
}
[2020-04-20 20:33:58]--[src_cgi/sharefiles_cgi.c:598]--cmd = count
[2020-04-20 20:33:58]--[src_cgi/sharefiles_cgi.c:85]--line = 2
[2020-04-20 20:33:58]--[src_cgi/sharefiles_cgi.c:598]--cmd = normal
[2020-04-20 20:33:58]--[src_cgi/sharefiles_cgi.c:636]--buf = {
    "count": 2,
    "start": 0
}

[2020-04-20 20:33:58]--[src_cgi/sharefiles_cgi.c:645]--start = 0, count = 2
[2020-04-20 20:33:58]--[src_cgi/sharefiles_cgi.c:172]--select share_file_list.*, file_info.url, file_info.size, file_info.type from file_info, share_file_list where file_info.md5 = share_file_list.md5 limit 0, 2 在操作
[2020-04-20 20:33:58]--[src_cgi/sharefiles_cgi.c:292]--{
	"files":	[{
			"user":	"Mario",
			"md5":	"c319a9d4ce7c9f76d2a17a3d5d93c02b",
			"time":	"2018-12-21 19:29:22",
			"filename":	"Makefile",
			"share_status":	1,
			"pv":	1,
			"url":	"http://192.168.230.138:80/group1/M00/00/00/wKjmilwdqtKAcOo5AABU8Itwcro6720927",
			"size":	21744,
			"type":	"null"
		}, {
			"user":	"MarioHo",
			"md5":	"fc7f3e94d9e67199560b84097e81be1f",
			"time":	"2020-04-20 20:06:02",
			"filename":	"Makefile.Debug",
			"share_status":	1,
			"pv":	0,
			"url":	"http://172.26.180.136:80/group1/M00/00/00/rBq0iF6dkB2AK8izAAWt2D1RNpc2.Debug",
			"size":	372184,
			"type":	"Debug"
		}]
}
[2020-04-20 20:33:58]--[src_cgi/sharefiles_cgi.c:598]--cmd = count
[2020-04-20 20:33:58]--[src_cgi/sharefiles_cgi.c:85]--line = 2
[2020-04-20 20:33:59]--[src_cgi/sharefiles_cgi.c:598]--cmd = pvdesc
[2020-04-20 20:33:59]--[src_cgi/sharefiles_cgi.c:636]--buf = {
    "count": 2,
    "start": 0
}

[2020-04-20 20:33:59]--[src_cgi/sharefiles_cgi.c:645]--start = 0, count = 2
[2020-04-20 20:33:59]--[src_cgi/sharefiles_cgi.c:399]--sql_num = 2, redis_num = 2
[2020-04-20 20:33:59]--[src_cgi/sharefiles_cgi.c:529]--{
	"files":	[{
			"filename":	"Makefile",
			"pv":	1
		}, {
			"filename":	"Makefile.Debug",
			"pv":	0
		}]
}
[2020-04-20 20:34:00]--[src_cgi/sharefiles_cgi.c:598]--cmd = count
[2020-04-20 20:34:00]--[src_cgi/sharefiles_cgi.c:85]--line = 2
[2020-04-20 20:34:00]--[src_cgi/sharefiles_cgi.c:598]--cmd = pvdesc
[2020-04-20 20:34:00]--[src_cgi/sharefiles_cgi.c:636]--buf = {
    "count": 2,
    "start": 0
}

[2020-04-20 20:34:00]--[src_cgi/sharefiles_cgi.c:645]--start = 0, count = 2
[2020-04-20 20:34:00]--[src_cgi/sharefiles_cgi.c:399]--sql_num = 2, redis_num = 2
[2020-04-20 20:34:00]--[src_cgi/sharefiles_cgi.c:529]--{
	"files":	[{
			"filename":	"Makefile",
			"pv":	1
		}, {
			"filename":	"Makefile.Debug",
			"pv":	0
		}]
}
[2020-04-20 20:34:00]--[src_cgi/sharefiles_cgi.c:598]--cmd = count
[2020-04-20 20:34:00]--[src_cgi/sharefiles_cgi.c:85]--line = 2
[2020-04-20 20:34:00]--[src_cgi/sharefiles_cgi.c:598]--cmd = normal
[2020-04-20 20:34:00]--[src_cgi/sharefiles_cgi.c:636]--buf = {
    "count": 2,
    "start": 0
}

[2020-04-20 20:34:00]--[src_cgi/sharefiles_cgi.c:645]--start = 0, count = 2
[2020-04-20 20:34:00]--[src_cgi/sharefiles_cgi.c:172]--select share_file_list.*, file_info.url, file_info.size, file_info.type from file_info, share_file_list where file_info.md5 = share_file_list.md5 limit 0, 2 在操作
[2020-04-20 20:34:00]--[src_cgi/sharefiles_cgi.c:292]--{
	"files":	[{
			"user":	"Mario",
			"md5":	"c319a9d4ce7c9f76d2a17a3d5d93c02b",
			"time":	"2018-12-21 19:29:22",
			"filename":	"Makefile",
			"share_status":	1,
			"pv":	1,
			"url":	"http://192.168.230.138:80/group1/M00/00/00/wKjmilwdqtKAcOo5AABU8Itwcro6720927",
			"size":	21744,
			"type":	"null"
		}, {
			"user":	"MarioHo",
			"md5":	"fc7f3e94d9e67199560b84097e81be1f",
			"time":	"2020-04-20 20:06:02",
			"filename":	"Makefile.Debug",
			"share_status":	1,
			"pv":	0,
			"url":	"http://172.26.180.136:80/group1/M00/00/00/rBq0iF6dkB2AK8izAAWt2D1RNpc2.Debug",
			"size":	372184,
			"type":	"Debug"
		}]
}
[2020-04-20 20:34:01]--[src_cgi/sharefiles_cgi.c:598]--cmd = count
[2020-04-20 20:34:01]--[src_cgi/sharefiles_cgi.c:85]--line = 2
[2020-04-20 20:34:01]--[src_cgi/sharefiles_cgi.c:598]--cmd = normal
[2020-04-20 20:34:01]--[src_cgi/sharefiles_cgi.c:636]--buf = {
    "count": 2,
    "start": 0
}

[2020-04-20 20:34:01]--[src_cgi/sharefiles_cgi.c:645]--start = 0, count = 2
[2020-04-20 20:34:01]--[src_cgi/sharefiles_cgi.c:172]--select share_file_list.*, file_info.url, file_info.size, file_info.type from file_info, share_file_list where file_info.md5 = share_file_list.md5 limit 0, 2 在操作
[2020-04-20 20:34:01]--[src_cgi/sharefiles_cgi.c:292]--{
	"files":	[{
			"user":	"Mario",
			"md5":	"c319a9d4ce7c9f76d2a17a3d5d93c02b",
			"time":	"2018-12-21 19:29:22",
			"filename":	"Makefile",
			"share_status":	1,
			"pv":	1,
			"url":	"http://192.168.230.138:80/group1/M00/00/00/wKjmilwdqtKAcOo5AABU8Itwcro6720927",
			"size":	21744,
			"type":	"null"
		}, {
			"user":	"MarioHo",
			"md5":	"fc7f3e94d9e67199560b84097e81be1f",
			"time":	"2020-04-20 20:06:02",
			"filename":	"Makefile.Debug",
			"share_status":	1,
			"pv":	0,
			"url":	"http://172.26.180.136:80/group1/M00/00/00/rBq0iF6dkB2AK8izAAWt2D1RNpc2.Debug",
			"size":	372184,
			"type":	"Debug"
		}]
}
[2020-04-20 20:34:03]--[src_cgi/sharefiles_cgi.c:598]--cmd = count
[2020-04-20 20:34:03]--[src_cgi/sharefiles_cgi.c:85]--line = 2
[2020-04-20 20:34:03]--[src_cgi/sharefiles_cgi.c:598]--cmd = pvdesc
[2020-04-20 20:34:03]--[src_cgi/sharefiles_cgi.c:636]--buf = {
    "count": 2,
    "start": 0
}

[2020-04-20 20:34:03]--[src_cgi/sharefiles_cgi.c:645]--start = 0, count = 2
[2020-04-20 20:34:03]--[src_cgi/sharefiles_cgi.c:399]--sql_num = 2, redis_num = 2
[2020-04-20 20:34:03]--[src_cgi/sharefiles_cgi.c:529]--{
	"files":	[{
			"filename":	"Makefile",
			"pv":	1
		}, {
			"filename":	"Makefile.Debug",
			"pv":	0
		}]
}
[2020-04-20 20:34:03]--[src_cgi/sharefiles_cgi.c:598]--cmd = count
[2020-04-20 20:34:03]--[src_cgi/sharefiles_cgi.c:85]--line = 2
[2020-04-20 20:34:03]--[src_cgi/sharefiles_cgi.c:598]--cmd = normal
[2020-04-20 20:34:03]--[src_cgi/sharefiles_cgi.c:636]--buf = {
    "count": 2,
    "start": 0
}

[2020-04-20 20:34:03]--[src_cgi/sharefiles_cgi.c:645]--start = 0, count = 2
[2020-04-20 20:34:03]--[src_cgi/sharefiles_cgi.c:172]--select share_file_list.*, file_info.url, file_info.size, file_info.type from file_info, share_file_list where file_info.md5 = share_file_list.md5 limit 0, 2 在操作
[2020-04-20 20:34:03]--[src_cgi/sharefiles_cgi.c:292]--{
	"files":	[{
			"user":	"Mario",
			"md5":	"c319a9d4ce7c9f76d2a17a3d5d93c02b",
			"time":	"2018-12-21 19:29:22",
			"filename":	"Makefile",
			"share_status":	1,
			"pv":	1,
			"url":	"http://192.168.230.138:80/group1/M00/00/00/wKjmilwdqtKAcOo5AABU8Itwcro6720927",
			"size":	21744,
			"type":	"null"
		}, {
			"user":	"MarioHo",
			"md5":	"fc7f3e94d9e67199560b84097e81be1f",
			"time":	"2020-04-20 20:06:02",
			"filename":	"Makefile.Debug",
			"share_status":	1,
			"pv":	0,
			"url":	"http://172.26.180.136:80/group1/M00/00/00/rBq0iF6dkB2AK8izAAWt2D1RNpc2.Debug",
			"size":	372184,
			"type":	"Debug"
		}]
}
[2020-04-20 20:34:04]--[src_cgi/sharefiles_cgi.c:598]--cmd = count
[2020-04-20 20:34:04]--[src_cgi/sharefiles_cgi.c:85]--line = 2
[2020-04-20 20:34:04]--[src_cgi/sharefiles_cgi.c:598]--cmd = normal
[2020-04-20 20:34:04]--[src_cgi/sharefiles_cgi.c:636]--buf = {
    "count": 2,
    "start": 0
}

[2020-04-20 20:34:04]--[src_cgi/sharefiles_cgi.c:645]--start = 0, count = 2
[2020-04-20 20:34:04]--[src_cgi/sharefiles_cgi.c:172]--select share_file_list.*, file_info.url, file_info.size, file_info.type from file_info, share_file_list where file_info.md5 = share_file_list.md5 limit 0, 2 在操作
[2020-04-20 20:34:04]--[src_cgi/sharefiles_cgi.c:292]--{
	"files":	[{
			"user":	"Mario",
			"md5":	"c319a9d4ce7c9f76d2a17a3d5d93c02b",
			"time":	"2018-12-21 19:29:22",
			"filename":	"Makefile",
			"share_status":	1,
			"pv":	1,
			"url":	"http://192.168.230.138:80/group1/M00/00/00/wKjmilwdqtKAcOo5AABU8Itwcro6720927",
			"size":	21744,
			"type":	"null"
		}, {
			"user":	"MarioHo",
			"md5":	"fc7f3e94d9e67199560b84097e81be1f",
			"time":	"2020-04-20 20:06:02",
			"filename":	"Makefile.Debug",
			"share_status":	1,
			"pv":	0,
			"url":	"http://172.26.180.136:80/group1/M00/00/00/rBq0iF6dkB2AK8izAAWt2D1RNpc2.Debug",
			"size":	372184,
			"type":	"Debug"
		}]
}
[2020-04-20 20:34:05]--[src_cgi/sharefiles_cgi.c:598]--cmd = count
[2020-04-20 20:34:05]--[src_cgi/sharefiles_cgi.c:85]--line = 2
[2020-04-20 20:34:05]--[src_cgi/sharefiles_cgi.c:598]--cmd = pvdesc
[2020-04-20 20:34:05]--[src_cgi/sharefiles_cgi.c:636]--buf = {
    "count": 2,
    "start": 0
}

[2020-04-20 20:34:05]--[src_cgi/sharefiles_cgi.c:645]--start = 0, count = 2
[2020-04-20 20:34:05]--[src_cgi/sharefiles_cgi.c:399]--sql_num = 2, redis_num = 2
[2020-04-20 20:34:05]--[src_cgi/sharefiles_cgi.c:529]--{
	"files":	[{
			"filename":	"Makefile",
			"pv":	1
		}, {
			"filename":	"Makefile.Debug",
			"pv":	0
		}]
}
[2020-04-20 20:34:05]--[src_cgi/sharefiles_cgi.c:598]--cmd = count
[2020-04-20 20:34:05]--[src_cgi/sharefiles_cgi.c:85]--line = 2
[2020-04-20 20:34:05]--[src_cgi/sharefiles_cgi.c:598]--cmd = pvdesc
[2020-04-20 20:34:05]--[src_cgi/sharefiles_cgi.c:636]--buf = {
    "count": 2,
    "start": 0
}

[2020-04-20 20:34:05]--[src_cgi/sharefiles_cgi.c:645]--start = 0, count = 2
[2020-04-20 20:34:05]--[src_cgi/sharefiles_cgi.c:399]--sql_num = 2, redis_num = 2
[2020-04-20 20:34:05]--[src_cgi/sharefiles_cgi.c:529]--{
	"files":	[{
			"filename":	"Makefile",
			"pv":	1
		}, {
			"filename":	"Makefile.Debug",
			"pv":	0
		}]
}
[2020-04-20 20:34:06]--[src_cgi/sharefiles_cgi.c:598]--cmd = count
[2020-04-20 20:34:06]--[src_cgi/sharefiles_cgi.c:85]--line = 2
[2020-04-20 20:34:06]--[src_cgi/sharefiles_cgi.c:598]--cmd = normal
[2020-04-20 20:34:06]--[src_cgi/sharefiles_cgi.c:636]--buf = {
    "count": 2,
    "start": 0
}

[2020-04-20 20:34:06]--[src_cgi/sharefiles_cgi.c:645]--start = 0, count = 2
[2020-04-20 20:34:06]--[src_cgi/sharefiles_cgi.c:172]--select share_file_list.*, file_info.url, file_info.size, file_info.type from file_info, share_file_list where file_info.md5 = share_file_list.md5 limit 0, 2 在操作
[2020-04-20 20:34:06]--[src_cgi/sharefiles_cgi.c:292]--{
	"files":	[{
			"user":	"Mario",
			"md5":	"c319a9d4ce7c9f76d2a17a3d5d93c02b",
			"time":	"2018-12-21 19:29:22",
			"filename":	"Makefile",
			"share_status":	1,
			"pv":	1,
			"url":	"http://192.168.230.138:80/group1/M00/00/00/wKjmilwdqtKAcOo5AABU8Itwcro6720927",
			"size":	21744,
			"type":	"null"
		}, {
			"user":	"MarioHo",
			"md5":	"fc7f3e94d9e67199560b84097e81be1f",
			"time":	"2020-04-20 20:06:02",
			"filename":	"Makefile.Debug",
			"share_status":	1,
			"pv":	0,
			"url":	"http://172.26.180.136:80/group1/M00/00/00/rBq0iF6dkB2AK8izAAWt2D1RNpc2.Debug",
			"size":	372184,
			"type":	"Debug"
		}]
}
